
========================================
步骤5A：严格数量验证 - メンズ トップス
========================================
执行时间: 2025-10-25T08:32:54.409Z
目标分类: メンズ トップス
分类URL: https://www.callawaygolf.jp/apparel/mens/tops
严格要求: actual_count == expected_count == 70
修正内容: 
1. 严格确认页面数量（再次读取"○○ 検索結果"）
2. 改进滚动+点按钮流程（每次点击后多等3-4秒）
3. DOM调试脚本确认商品卡片总数
4. 扩展选择器到a[href*="/mens/"]
5. 保存调试HTML文件
6. 严格验证：70条全部200成功才同步
========================================

[2025-10-25T08:32:54.410Z] 🚀 开始执行严格数量验证
[2025-10-25T08:32:54.410Z] 🎯 目标分类: メンズ トップス
[2025-10-25T08:32:54.410Z] 📍 分类URL: https://www.callawaygolf.jp/apparel/mens/tops
[2025-10-25T08:32:54.410Z] 🎯 严格要求: actual_count == expected_count == 70
[2025-10-25T08:32:54.735Z] 
[2025-10-25T08:32:54.735Z] 🎯 === 步骤1: 严格确认页面数量（読取"○○ 検索結果"） ===
[2025-10-25T08:32:54.736Z] 访问分类页面: https://www.callawaygolf.jp/apparel/mens/tops
[2025-10-25T08:33:05.741Z] ✅ 严格确认页面数量: 109
[2025-10-25T08:33:05.741Z] 📍 数据源: 検索結果: "109 検索結果 トップス"
[2025-10-25T08:33:05.741Z] 🎯 expected_count = 109
[2025-10-25T08:33:05.741Z] ⚠️ 警告: 期望70个商品，但页面显示109个
[2025-10-25T08:33:05.741Z] 📋 将以页面显示数量109为准
[2025-10-25T08:33:05.741Z] 
[2025-10-25T08:33:05.741Z] 🔄 === 步骤2: 改进的滚动+点按钮流程 ===
[2025-10-25T08:33:05.741Z] 策略: 每次点击后多等3-4秒，连续两轮无新增才停止
[2025-10-25T08:33:07.745Z] 🔍 === DOM调试：统计商品卡片总数 ===
[2025-10-25T08:33:07.754Z] 📊 DOM调试结果:
[2025-10-25T08:33:07.754Z]    [data-product-id]: 0个
[2025-10-25T08:33:07.754Z]    a[href*="/C"]: 26个
[2025-10-25T08:33:07.755Z]    a[href*="/mens/"]: 24个
[2025-10-25T08:33:07.755Z]    .product-item: 0个
[2025-10-25T08:33:07.755Z]    .product-card: 0个
[2025-10-25T08:33:07.755Z]    .product: 0个
[2025-10-25T08:33:07.755Z]    [data-pid]: 0个
[2025-10-25T08:33:07.755Z]    .item: 0个
[2025-10-25T08:33:07.755Z] 🎯 最佳选择器: a[href*="/C"] (26个)
[2025-10-25T08:33:07.755Z] 📋 data-product-id唯一ID数: 0
[2025-10-25T08:33:07.755Z] 🔗 链接中唯一ID数: 24
[2025-10-25T08:33:07.755Z] 🏷️ 所有唯一商品ID数: 24
[2025-10-25T08:33:07.755Z] 📊 进度: 点击0次后 -> 26个商品 (新增26个)
[2025-10-25T08:33:07.755Z] ✅ 有新增商品，重置无增长计数
[2025-10-25T08:33:07.840Z] ✅ 第1次点击「表示更多」按钮成功 (选择器: text=さらに表示)
[2025-10-25T08:33:07.840Z] ⏱️ 点击后额外等待 3747ms...
[2025-10-25T08:33:15.597Z] 🔍 === DOM调试：统计商品卡片总数 ===
[2025-10-25T08:33:15.604Z] 📊 DOM调试结果:
[2025-10-25T08:33:15.605Z]    [data-product-id]: 0个
[2025-10-25T08:33:15.606Z]    a[href*="/C"]: 50个
[2025-10-25T08:33:15.606Z]    a[href*="/mens/"]: 48个
[2025-10-25T08:33:15.606Z]    .product-item: 0个
[2025-10-25T08:33:15.606Z]    .product-card: 0个
[2025-10-25T08:33:15.606Z]    .product: 0个
[2025-10-25T08:33:15.606Z]    [data-pid]: 0个
[2025-10-25T08:33:15.606Z]    .item: 0个
[2025-10-25T08:33:15.606Z] 🎯 最佳选择器: a[href*="/C"] (50个)
[2025-10-25T08:33:15.606Z] 📋 data-product-id唯一ID数: 0
[2025-10-25T08:33:15.606Z] 🔗 链接中唯一ID数: 48
[2025-10-25T08:33:15.606Z] 🏷️ 所有唯一商品ID数: 48
[2025-10-25T08:33:15.606Z] 📊 进度: 点击1次后 -> 50个商品 (新增24个)
[2025-10-25T08:33:15.606Z] ✅ 有新增商品，重置无增长计数
[2025-10-25T08:33:15.728Z] ✅ 第2次点击「表示更多」按钮成功 (选择器: text=さらに表示)
[2025-10-25T08:33:15.729Z] ⏱️ 点击后额外等待 3384ms...
[2025-10-25T08:33:23.120Z] 🔍 === DOM调试：统计商品卡片总数 ===
[2025-10-25T08:33:23.128Z] 📊 DOM调试结果:
[2025-10-25T08:33:23.129Z]    [data-product-id]: 0个
[2025-10-25T08:33:23.129Z]    a[href*="/C"]: 59个
[2025-10-25T08:33:23.129Z]    a[href*="/mens/"]: 72个
[2025-10-25T08:33:23.129Z]    .product-item: 0个
[2025-10-25T08:33:23.129Z]    .product-card: 0个
[2025-10-25T08:33:23.130Z]    .product: 0个
[2025-10-25T08:33:23.130Z]    [data-pid]: 0个
[2025-10-25T08:33:23.130Z]    .item: 0个
[2025-10-25T08:33:23.130Z] 🎯 最佳选择器: a[href*="/mens/"] (72个)
[2025-10-25T08:33:23.130Z] 📋 data-product-id唯一ID数: 0
[2025-10-25T08:33:23.130Z] 🔗 链接中唯一ID数: 57
[2025-10-25T08:33:23.130Z] 🏷️ 所有唯一商品ID数: 57
[2025-10-25T08:33:23.130Z] 📊 进度: 点击2次后 -> 72个商品 (新增22个)
[2025-10-25T08:33:23.130Z] ✅ 有新增商品，重置无增长计数
[2025-10-25T08:33:23.247Z] ✅ 第3次点击「表示更多」按钮成功 (选择器: text=さらに表示)
[2025-10-25T08:33:23.247Z] ⏱️ 点击后额外等待 3451ms...
[2025-10-25T08:33:30.706Z] 🔍 === DOM调试：统计商品卡片总数 ===
[2025-10-25T08:33:30.713Z] 📊 DOM调试结果:
[2025-10-25T08:33:30.713Z]    [data-product-id]: 0个
[2025-10-25T08:33:30.713Z]    a[href*="/C"]: 67个
[2025-10-25T08:33:30.713Z]    a[href*="/mens/"]: 96个
[2025-10-25T08:33:30.714Z]    .product-item: 0个
[2025-10-25T08:33:30.714Z]    .product-card: 0个
[2025-10-25T08:33:30.714Z]    .product: 0个
[2025-10-25T08:33:30.714Z]    [data-pid]: 0个
[2025-10-25T08:33:30.714Z]    .item: 0个
[2025-10-25T08:33:30.714Z] 🎯 最佳选择器: a[href*="/mens/"] (96个)
[2025-10-25T08:33:30.714Z] 📋 data-product-id唯一ID数: 0
[2025-10-25T08:33:30.714Z] 🔗 链接中唯一ID数: 65
[2025-10-25T08:33:30.714Z] 🏷️ 所有唯一商品ID数: 65
[2025-10-25T08:33:30.714Z] 📊 进度: 点击3次后 -> 96个商品 (新增24个)
[2025-10-25T08:33:30.714Z] ✅ 有新增商品，重置无增长计数
[2025-10-25T08:33:30.851Z] ✅ 第4次点击「表示更多」按钮成功 (选择器: text=さらに表示)
[2025-10-25T08:33:30.851Z] ⏱️ 点击后额外等待 3939ms...
[2025-10-25T08:33:38.797Z] 🔍 === DOM调试：统计商品卡片总数 ===
[2025-10-25T08:33:38.806Z] 📊 DOM调试结果:
[2025-10-25T08:33:38.807Z]    [data-product-id]: 0个
[2025-10-25T08:33:38.807Z]    a[href*="/C"]: 70个
[2025-10-25T08:33:38.807Z]    a[href*="/mens/"]: 109个
[2025-10-25T08:33:38.807Z]    .product-item: 0个
[2025-10-25T08:33:38.807Z]    .product-card: 0个
[2025-10-25T08:33:38.808Z]    .product: 0个
[2025-10-25T08:33:38.808Z]    [data-pid]: 0个
[2025-10-25T08:33:38.808Z]    .item: 0个
[2025-10-25T08:33:38.808Z] 🎯 最佳选择器: a[href*="/mens/"] (109个)
[2025-10-25T08:33:38.808Z] 📋 data-product-id唯一ID数: 0
[2025-10-25T08:33:38.808Z] 🔗 链接中唯一ID数: 68
[2025-10-25T08:33:38.808Z] 🏷️ 所有唯一商品ID数: 68
[2025-10-25T08:33:38.808Z] 📊 进度: 点击4次后 -> 109个商品 (新增13个)
[2025-10-25T08:33:38.808Z] ✅ 有新增商品，重置无增长计数
[2025-10-25T08:33:38.861Z] ⚠️ 未找到可点击的「表示更多」按钮
[2025-10-25T08:33:43.867Z] 🔍 === DOM调试：统计商品卡片总数 ===
[2025-10-25T08:33:43.876Z] 📊 DOM调试结果:
[2025-10-25T08:33:43.877Z]    [data-product-id]: 0个
[2025-10-25T08:33:43.877Z]    a[href*="/C"]: 70个
[2025-10-25T08:33:43.877Z]    a[href*="/mens/"]: 109个
[2025-10-25T08:33:43.877Z]    .product-item: 0个
[2025-10-25T08:33:43.877Z]    .product-card: 0个
[2025-10-25T08:33:43.877Z]    .product: 0个
[2025-10-25T08:33:43.878Z]    [data-pid]: 0个
[2025-10-25T08:33:43.878Z]    .item: 0个
[2025-10-25T08:33:43.878Z] 🎯 最佳选择器: a[href*="/mens/"] (109个)
[2025-10-25T08:33:43.878Z] 📋 data-product-id唯一ID数: 0
[2025-10-25T08:33:43.878Z] 🔗 链接中唯一ID数: 68
[2025-10-25T08:33:43.878Z] 🏷️ 所有唯一商品ID数: 68
[2025-10-25T08:33:43.878Z] 📊 进度: 点击4次后 -> 109个商品 (新增0个)
[2025-10-25T08:33:43.878Z] ⏸️ 无新增商品，无增长轮数: 1/2
[2025-10-25T08:33:43.929Z] ⚠️ 未找到可点击的「表示更多」按钮
[2025-10-25T08:33:48.932Z] 🔍 === DOM调试：统计商品卡片总数 ===
[2025-10-25T08:33:48.941Z] 📊 DOM调试结果:
[2025-10-25T08:33:48.942Z]    [data-product-id]: 0个
[2025-10-25T08:33:48.942Z]    a[href*="/C"]: 70个
[2025-10-25T08:33:48.942Z]    a[href*="/mens/"]: 109个
[2025-10-25T08:33:48.942Z]    .product-item: 0个
[2025-10-25T08:33:48.942Z]    .product-card: 0个
[2025-10-25T08:33:48.942Z]    .product: 0个
[2025-10-25T08:33:48.942Z]    [data-pid]: 0个
[2025-10-25T08:33:48.943Z]    .item: 0个
[2025-10-25T08:33:48.943Z] 🎯 最佳选择器: a[href*="/mens/"] (109个)
[2025-10-25T08:33:48.943Z] 📋 data-product-id唯一ID数: 0
[2025-10-25T08:33:48.943Z] 🔗 链接中唯一ID数: 68
[2025-10-25T08:33:48.943Z] 🏷️ 所有唯一商品ID数: 68
[2025-10-25T08:33:48.943Z] 📊 进度: 点击4次后 -> 109个商品 (新增0个)
[2025-10-25T08:33:48.943Z] ⏸️ 无新增商品，无增长轮数: 2/2
[2025-10-25T08:33:48.993Z] ⚠️ 未找到可点击的「表示更多」按钮
[2025-10-25T08:33:51.994Z] 🔍 === DOM调试：统计商品卡片总数 ===
[2025-10-25T08:33:52.003Z] 📊 DOM调试结果:
[2025-10-25T08:33:52.004Z]    [data-product-id]: 0个
[2025-10-25T08:33:52.004Z]    a[href*="/C"]: 70个
[2025-10-25T08:33:52.004Z]    a[href*="/mens/"]: 109个
[2025-10-25T08:33:52.004Z]    .product-item: 0个
[2025-10-25T08:33:52.004Z]    .product-card: 0个
[2025-10-25T08:33:52.004Z]    .product: 0个
[2025-10-25T08:33:52.004Z]    [data-pid]: 0个
[2025-10-25T08:33:52.005Z]    .item: 0个
[2025-10-25T08:33:52.005Z] 🎯 最佳选择器: a[href*="/mens/"] (109个)
[2025-10-25T08:33:52.005Z] 📋 data-product-id唯一ID数: 0
[2025-10-25T08:33:52.005Z] 🔗 链接中唯一ID数: 68
[2025-10-25T08:33:52.005Z] 🏷️ 所有唯一商品ID数: 68
[2025-10-25T08:33:52.005Z] ✅ 步骤2完成: 改进的滚动+点按钮流程结束
[2025-10-25T08:33:52.005Z] 📊 最终统计:
[2025-10-25T08:33:52.005Z]   - 按钮点击次数: 4
[2025-10-25T08:33:52.005Z]   - 无增长轮数: 2
[2025-10-25T08:33:52.005Z]   - 实际抓取数量: 109
[2025-10-25T08:33:52.005Z]   - 最佳选择器: a[href*="/mens/"]
[2025-10-25T08:33:52.006Z]   - 唯一商品ID数: 68
[2025-10-25T08:33:52.007Z] 📁 抓取过程已保存: CallawayJP/results/strict_scraping_process_2025-10-25T08-32-54-409Z.json
[2025-10-25T08:33:52.008Z] 
[2025-10-25T08:33:52.008Z] 🔍 === 步骤3: 严格数量校验 ===
[2025-10-25T08:33:52.008Z] 预期数量 (expected_count): 109
[2025-10-25T08:33:52.008Z] 实际数量 (actual_count): 109
[2025-10-25T08:33:52.008Z] ✅ 严格校验通过: actual_count (109) == expected_count (109)
[2025-10-25T08:33:52.008Z] 
[2025-10-25T08:33:52.008Z] 📦 === 步骤4: 增强数据提取（扩展选择器） ===
[2025-10-25T08:33:52.008Z] 策略: 扩展到a[href*="/mens/"]，确保覆盖所有卡片样式
[2025-10-25T08:33:52.024Z] ✅ 增强数据提取完成: 109 个商品
[2025-10-25T08:33:52.024Z] 🔧 选择器覆盖策略: 使用多种选择器确保全覆盖
[2025-10-25T08:33:52.025Z] 📊 选择器贡献统计:
[2025-10-25T08:33:52.025Z]    a[href*="/C"]: 68个商品
[2025-10-25T08:33:52.025Z]    a[href*="/mens/"]: 41个商品
[2025-10-25T08:33:52.025Z] 
[2025-10-25T08:33:52.025Z] 💾 === 步骤5: 保存调试HTML文件 ===
[2025-10-25T08:33:52.069Z] 📄 调试HTML已保存: CallawayJP/results/tops_full_2025-10-25T08-32-54-409Z.html
[2025-10-25T08:33:54.602Z] 📷 截图已保存: CallawayJP/results/tops_full_2025-10-25T08-32-54-409Z.png
[2025-10-25T08:33:54.603Z] 
[2025-10-25T08:33:54.603Z] 🔍 === 步骤6: 严格URL验证（70条全部200成功） ===
[2025-10-25T08:33:54.603Z] 📊 待验证URL数量: 109
[2025-10-25T08:33:54.603Z] 📋 验证策略:
[2025-10-25T08:33:54.603Z]   - 使用Playwright在同一page上顺序访问
[2025-10-25T08:33:54.604Z]   - 4-6秒随机延迟 + 每5个商品额外等待8秒
[2025-10-25T08:33:54.604Z]   - 429错误处理: 等待20秒重试一次，第二次失败则停止
[2025-10-25T08:33:54.604Z]   - 严格要求: 70条全部200成功才能同步
[2025-10-25T08:33:54.604Z] 📍 验证 1/109: C25215107
[2025-10-25T08:33:58.820Z]   ✅ 验证成功: C25215107 (200)
[2025-10-25T08:33:58.820Z]   ⏱️ 等待 5556ms...
[2025-10-25T08:34:04.377Z] 📍 验证 2/109: C25215100
[2025-10-25T08:34:07.371Z]   ✅ 验证成功: C25215100 (200)
[2025-10-25T08:34:07.371Z]   ⏱️ 等待 5068ms...
[2025-10-25T08:34:12.440Z] 📍 验证 3/109: C25216103
[2025-10-25T08:34:16.011Z]   ✅ 验证成功: C25216103 (200)
[2025-10-25T08:34:16.011Z]   ⏱️ 等待 4041ms...
[2025-10-25T08:34:20.054Z] 📍 验证 4/109: C25233182
[2025-10-25T08:34:23.601Z]   ✅ 验证成功: C25233182 (200)
[2025-10-25T08:34:23.602Z]   ⏱️ 等待 5521ms...
[2025-10-25T08:34:29.124Z] 📍 验证 5/109: C25233183
[2025-10-25T08:34:32.145Z]   ✅ 验证成功: C25233183 (200)
[2025-10-25T08:34:32.145Z]   ⏱️ 等待 5650ms...
[2025-10-25T08:34:37.796Z]   ⏱️ 第5个商品，额外等待8秒...
[2025-10-25T08:34:45.798Z] 📍 验证 6/109: C25216180
[2025-10-25T08:34:49.563Z]   ✅ 验证成功: C25216180 (200)
[2025-10-25T08:34:49.564Z]   ⏱️ 等待 4334ms...
[2025-10-25T08:34:53.900Z] 📍 验证 7/109: C25217182
