🔍 正在进行环境校验...
✅ 智谱API网络连接正常
✅ 环境校验通过
🔧 正在初始化客户端...
🚀 开始执行流式更新流程...
[progress_update] 已加载 1 个产品，准备流式处理
🔍 获取飞书现有记录...
🚀 开始流式处理 1 个产品...

📦 处理产品 1/1: C25292102
  🏷️ 生成标题...
[GLM Debug] reasoning_content: 用户需要将“25秋冬卡拉威Callaway高尔夫男士舒适弹力腰带”组合成完整的中文标题。首先，我需要确认各个部分的顺序和是否需要调整。通常产品标题会包含品牌、季节、适用人群、产品类型、核心特性等要素。...
[GLM Debug] content: 25秋冬卡拉威Callaway高尔夫男士舒适弹力腰带...
🔍 标题质量验证调试:
   标题: 25秋冬卡拉威Callaway高尔夫男士舒适弹力腰带
   品牌: 卡拉威Callaway
   大分类: 配件
   是否配件: True
   长度要求: 25-30, 实际长度: 26
   品牌检查: 期待'卡拉威' 在标题中
   高尔夫次数: 1 (期待1次)
   允许的结尾词: ['袜子', '中筒袜', '短袜', '长筒袜', '运动袜', '高筒袜', '帽子', '鸭舌帽', '遮阳帽', '球帽', '毛线帽', '针织帽', '腰带', '皮带', '手套', '半指手套', '全指手套', '护腕', '腕带', '头带', '发带', '围脖', '脖套']
   ✅ 结尾词检查通过: 腰带
   ✅ 标题质量验证通过

📋 产品 C25292102 生成的字段:
============================================================
  商品标题: 25秋冬卡拉威Callaway高尔夫男士舒适弹力腰带
  商品ID: C25292102
  价格: 
  商品链接: https://www.callawaygolf.jp/mens/accessories/others/C25292102_.html?pid=C25292102_1010_FR
  性别: 男
  衣服分类: 腰带
  品牌名: 卡拉威
  颜色: 4行 (总长度:12字符)
  尺码: 4行 (总长度:8字符)
  图片URL: 5行 (总长度:829字符)
  图片数量: 5
  尺码表: 5行 (总长度:92字符)
  详情页文字: 26行 (总长度:372字符)
============================================================
共生成 13 个字段

  ⬆️ 同步到飞书...
批次 1/1: ✓ 成功更新 1 条
  ✅ 成功 (耗时: 8.4s)
[progress_update] 流式处理进度: 1/1

🎉 流式处理完成！成功: 1, 失败: 0
✅ 飞书更新流程执行完成
============================================================
📈 更新处理汇总
============================================================
✓ 成功更新: 1 条
📊 候选产品: 1 个
📦 批次数量: 1
📄 日志文件: streaming_progress_single_test_20251111_105456.json
============================================================
