[2025-10-25 10:53:08] ✅ 飞书配置加载成功
[2025-10-25 10:53:08] 🚀 Callaway终极版抓取和同步脚本启动
[2025-10-25 10:53:08] 目标URL: https://www.callawaygolf.jp/apparel/mens
[2025-10-25 10:53:08] 目标商品数量: 222
[2025-10-25 10:53:08] ================================================================================
[2025-10-25 10:53:08] 🚀 开始Callaway终极版抓取和同步流程
[2025-10-25 10:53:08] ================================================================================
[2025-10-25 10:53:08] 🔍 开始查询飞书「淘宝商品库」现有商品数据...
[2025-10-25 10:53:08] ✅ 查询完成，现有商品数量: 24
[2025-10-25 10:53:08] 现有商品ID示例: ['C25215180', 'C25218180', 'C25215106', 'C25217107', 'C25216180', 'C25215105', 'C25291181', 'C25217182', 'C25216104', 'C25291180']
[2025-10-25 10:53:08] 🎯 开始终极版全量抓取 (尝试 1/3)...
[2025-10-25 10:53:09] 🌐 访问页面: https://www.callawaygolf.jp/apparel/mens
[2025-10-25 10:53:18] 🖱️ 开始增强版滚动和懒加载处理...
[2025-10-25 10:53:18] 初始商品数量: 24
[2025-10-25 10:53:18] 🖱️ 第1次鼠标滚动
[2025-10-25 10:53:20] 📈 发现新商品! 0 -> 24 (+24)
[2025-10-25 10:53:20] 🖱️ 第2次鼠标滚动
[2025-10-25 10:53:22] 📊 商品数量稳定在 24 个 (稳定次数: 1/5)
[2025-10-25 10:53:22] 🖱️ 第3次鼠标滚动
[2025-10-25 10:53:24] 📊 商品数量稳定在 24 个 (稳定次数: 2/5)
[2025-10-25 10:53:24] 🖱️ 第4次鼠标滚动
[2025-10-25 10:53:25] 📊 商品数量稳定在 24 个 (稳定次数: 3/5)
[2025-10-25 10:53:25] 🖱️ 第5次鼠标滚动
[2025-10-25 10:53:27] 📊 商品数量稳定在 24 个 (稳定次数: 4/5)
[2025-10-25 10:53:27] 🖱️ 第6次鼠标滚动
[2025-10-25 10:53:28] 📊 商品数量稳定在 24 个 (稳定次数: 5/5)
[2025-10-25 10:53:28] 📍 最终滚动到页面底部...
[2025-10-25 10:53:31] ✅ 滚动处理完成，总滚动次数: 6，最终商品数量: 24
[2025-10-25 10:53:31] 📊 提取商品信息...
[2025-10-25 10:53:31] ❌ 抓取过程出错: Page.evaluate: SyntaxError: Invalid or unexpected token
    at eval (<anonymous>)
    at UtilityScript.evaluate (<anonymous>:291:30)
    at UtilityScript.<anonymous> (<anonymous>:1:44)
[2025-10-25 10:53:31] 🔄 将进行第2次重试...
[2025-10-25 10:53:36] 🎯 开始终极版全量抓取 (尝试 2/3)...
[2025-10-25 10:53:36] 🌐 访问页面: https://www.callawaygolf.jp/apparel/mens
[2025-10-25 10:53:45] 🖱️ 开始增强版滚动和懒加载处理...
[2025-10-25 10:53:45] 初始商品数量: 24
[2025-10-25 10:53:45] 🖱️ 第1次鼠标滚动
[2025-10-25 10:53:47] 📈 发现新商品! 0 -> 24 (+24)
[2025-10-25 10:53:47] 🖱️ 第2次鼠标滚动
[2025-10-25 10:53:48] 📊 商品数量稳定在 24 个 (稳定次数: 1/5)
[2025-10-25 10:53:49] 🖱️ 第3次鼠标滚动
[2025-10-25 10:53:50] 📊 商品数量稳定在 24 个 (稳定次数: 2/5)
[2025-10-25 10:53:50] 🖱️ 第4次鼠标滚动
[2025-10-25 10:53:52] 📊 商品数量稳定在 24 个 (稳定次数: 3/5)
[2025-10-25 10:53:52] 🖱️ 第5次鼠标滚动
[2025-10-25 10:53:53] 📊 商品数量稳定在 24 个 (稳定次数: 4/5)
[2025-10-25 10:53:53] 🖱️ 第6次鼠标滚动
[2025-10-25 10:53:55] 📊 商品数量稳定在 24 个 (稳定次数: 5/5)
[2025-10-25 10:53:55] 📍 最终滚动到页面底部...
[2025-10-25 10:53:58] ✅ 滚动处理完成，总滚动次数: 6，最终商品数量: 24
[2025-10-25 10:53:58] 📊 提取商品信息...
[2025-10-25 10:53:58] ❌ 抓取过程出错: Page.evaluate: SyntaxError: Invalid or unexpected token
    at eval (<anonymous>)
    at UtilityScript.evaluate (<anonymous>:291:30)
    at UtilityScript.<anonymous> (<anonymous>:1:44)
[2025-10-25 10:53:58] 🔄 将进行第3次重试...
[2025-10-25 10:54:03] 🎯 开始终极版全量抓取 (尝试 3/3)...
[2025-10-25 10:54:03] 🌐 访问页面: https://www.callawaygolf.jp/apparel/mens
[2025-10-25 10:54:11] 🖱️ 开始增强版滚动和懒加载处理...
[2025-10-25 10:54:11] 初始商品数量: 24
[2025-10-25 10:54:11] 🖱️ 第1次鼠标滚动
[2025-10-25 10:54:13] 📈 发现新商品! 0 -> 24 (+24)
[2025-10-25 10:54:13] 🖱️ 第2次鼠标滚动
[2025-10-25 10:54:14] 📊 商品数量稳定在 24 个 (稳定次数: 1/5)
[2025-10-25 10:54:14] 🖱️ 第3次鼠标滚动
[2025-10-25 10:54:16] 📊 商品数量稳定在 24 个 (稳定次数: 2/5)
[2025-10-25 10:54:16] 🖱️ 第4次鼠标滚动
[2025-10-25 10:54:17] 📊 商品数量稳定在 24 个 (稳定次数: 3/5)
[2025-10-25 10:54:17] 🖱️ 第5次鼠标滚动
[2025-10-25 10:54:19] 📊 商品数量稳定在 24 个 (稳定次数: 4/5)
[2025-10-25 10:54:19] 🖱️ 第6次鼠标滚动
[2025-10-25 10:54:20] 📊 商品数量稳定在 24 个 (稳定次数: 5/5)
[2025-10-25 10:54:20] 📍 最终滚动到页面底部...
[2025-10-25 10:54:23] ✅ 滚动处理完成，总滚动次数: 6，最终商品数量: 24
[2025-10-25 10:54:23] 📊 提取商品信息...
[2025-10-25 10:54:23] ❌ 抓取过程出错: Page.evaluate: SyntaxError: Invalid or unexpected token
    at eval (<anonymous>)
    at UtilityScript.evaluate (<anonymous>:291:30)
    at UtilityScript.<anonymous> (<anonymous>:1:44)
[2025-10-25 10:54:24] ❌ 未能抓取到任何商品
