[2025-10-25 10:09:35] 开始同步 5 个商品到飞书「淘宝商品库」
[2025-10-25 10:09:35] ============================================================
[2025-10-25 10:09:35] [1/5] 处理商品: C25215107
[2025-10-25 10:09:35] ✓ 获取飞书token成功
[2025-10-25 10:09:35] 正在同步商品: C25215107
[2025-10-25 10:09:37] ✓ 商品 C25215107 同步成功
[2025-10-25 10:09:38] [2/5] 处理商品: C25215106
[2025-10-25 10:09:38] ✓ 获取飞书token成功
[2025-10-25 10:09:38] 正在同步商品: C25215106
[2025-10-25 10:09:40] ✓ 商品 C25215106 同步成功
[2025-10-25 10:09:41] [3/5] 处理商品: C25215100
[2025-10-25 10:09:41] ✓ 获取飞书token成功
[2025-10-25 10:09:41] 正在同步商品: C25215100
[2025-10-25 10:09:42] ✓ 商品 C25215100 同步成功
[2025-10-25 10:09:43] [4/5] 处理商品: C25216103
[2025-10-25 10:09:43] ✓ 获取飞书token成功
[2025-10-25 10:09:43] 正在同步商品: C25216103
[2025-10-25 10:09:45] ✓ 商品 C25216103 同步成功
[2025-10-25 10:09:46] [5/5] 处理商品: C25215103
[2025-10-25 10:09:46] ✓ 获取飞书token成功
[2025-10-25 10:09:46] 正在同步商品: C25215103
[2025-10-25 10:09:48] ✓ 商品 C25215103 同步成功
[2025-10-25 10:09:48] ============================================================
[2025-10-25 10:09:48] 同步完成！成功: 5, 失败: 0
[2025-10-25 10:09:48] 同步结果已保存: CallawayJP/sync_logs/sync_result_20251025_100948.json
[2025-10-25 12:03:54] 开始同步 5 个商品到飞书「淘宝商品库」
[2025-10-25 12:03:54] ============================================================
[2025-10-25 12:03:54] [1/5] 处理商品: C25215107
[2025-10-25 12:03:54] ✓ 获取飞书token成功
[2025-10-25 12:03:54] 正在同步商品: C25215107
[2025-10-25 12:03:56] ✓ 商品 C25215107 同步成功
[2025-10-25 12:03:57] [2/5] 处理商品: C25215106
[2025-10-25 12:03:57] ✓ 获取飞书token成功
[2025-10-25 12:03:57] 正在同步商品: C25215106
[2025-10-25 12:03:58] ✓ 商品 C25215106 同步成功
[2025-10-25 12:03:59] [3/5] 处理商品: C25215100
[2025-10-25 12:03:59] ✓ 获取飞书token成功
[2025-10-25 12:03:59] 正在同步商品: C25215100
[2025-10-25 12:04:01] ✓ 商品 C25215100 同步成功
[2025-10-25 12:04:02] [4/5] 处理商品: C25216103
[2025-10-25 12:04:02] ✓ 获取飞书token成功
[2025-10-25 12:04:02] 正在同步商品: C25216103
[2025-10-25 12:04:04] ✓ 商品 C25216103 同步成功
[2025-10-25 12:04:05] [5/5] 处理商品: C25215103
[2025-10-25 12:04:05] ✓ 获取飞书token成功
[2025-10-25 12:04:05] 正在同步商品: C25215103
[2025-10-25 12:04:06] ✓ 商品 C25215103 同步成功
[2025-10-25 12:04:06] ============================================================
[2025-10-25 12:04:06] 同步完成！成功: 5, 失败: 0
[2025-10-25 12:04:06] 同步结果已保存: CallawayJP/sync_logs/sync_result_20251025_120406.json
