[2025-10-25 10:56:11] ✅ 飞书配置加载成功
[2025-10-25 10:56:11] 🚀 Callaway增强滚动版抓取脚本启动
[2025-10-25 10:56:11] 目标URL: https://www.callawaygolf.jp/apparel/mens
[2025-10-25 10:56:11] 目标商品数量: 222
[2025-10-25 10:56:11] ================================================================================
[2025-10-25 10:56:11] 🚀 开始Callaway增强滚动版抓取和同步流程
[2025-10-25 10:56:11] ================================================================================
[2025-10-25 10:56:11] 🔍 开始查询飞书现有商品数据...
[2025-10-25 10:56:12] ✅ 查询完成，现有商品数量: 24
[2025-10-25 10:56:12] 现有商品ID示例: ['C25215106', 'C25215104', 'C25216103', 'C25215180', 'C25216104']
[2025-10-25 10:56:12] 🎯 开始增强滚动版全量抓取 (尝试 1/3)...
[2025-10-25 10:56:13] 🌐 访问页面: https://www.callawaygolf.jp/apparel/mens
[2025-10-25 10:56:22] 🖱️ 开始增强版滚动策略...
[2025-10-25 10:56:22] 🖱️ 第1次真实鼠标滚动
[2025-10-25 10:56:24] 📈 发现新商品! 0 -> 24 (+24)
[2025-10-25 10:56:24] 🖱️ 第2次真实鼠标滚动
[2025-10-25 10:56:26] 📊 商品数量稳定在 24 个 (稳定次数: 1/8)
[2025-10-25 10:56:26] 🖱️ 第3次真实鼠标滚动
[2025-10-25 10:56:28] 📊 商品数量稳定在 24 个 (稳定次数: 2/8)
[2025-10-25 10:56:28] 🖱️ 第4次真实鼠标滚动
[2025-10-25 10:56:30] 📊 商品数量稳定在 24 个 (稳定次数: 3/8)
[2025-10-25 10:56:30] 🖱️ 第5次真实鼠标滚动
[2025-10-25 10:56:32] 📊 商品数量稳定在 24 个 (稳定次数: 4/8)
[2025-10-25 10:56:32] 🖱️ 第6次真实鼠标滚动
[2025-10-25 10:56:34] 📊 商品数量稳定在 24 个 (稳定次数: 5/8)
[2025-10-25 10:56:34] 🖱️ 第7次真实鼠标滚动
[2025-10-25 10:56:36] 📊 商品数量稳定在 24 个 (稳定次数: 6/8)
[2025-10-25 10:56:36] 🖱️ 第8次真实鼠标滚动
[2025-10-25 10:56:38] 📊 商品数量稳定在 24 个 (稳定次数: 7/8)
[2025-10-25 10:56:38] 🖱️ 第9次真实鼠标滚动
[2025-10-25 10:56:40] 📊 商品数量稳定在 24 个 (稳定次数: 8/8)
[2025-10-25 10:56:43] ✅ 增强滚动完成，总滚动次数: 9，最终商品数量: 24
[2025-10-25 10:56:43] 📊 提取商品信息...
[2025-10-25 10:56:43] 📊 提取完成，共找到 24 个唯一商品
[2025-10-25 10:56:43] 🎯 目标达成率: 10.8% (24/222)
[2025-10-25 10:56:43] ⚠️ 商品数量不足目标的40% (24/222)
[2025-10-25 10:56:43] 🔄 将进行第2次重试...
[2025-10-25 10:56:48] 🎯 开始增强滚动版全量抓取 (尝试 2/3)...
[2025-10-25 10:56:48] 🌐 访问页面: https://www.callawaygolf.jp/apparel/mens
[2025-10-25 10:57:04] 🖱️ 开始增强版滚动策略...
[2025-10-25 10:57:04] 🖱️ 第1次真实鼠标滚动
[2025-10-25 10:57:06] 📈 发现新商品! 0 -> 24 (+24)
[2025-10-25 10:57:06] 🖱️ 第2次真实鼠标滚动
[2025-10-25 10:57:08] 📊 商品数量稳定在 24 个 (稳定次数: 1/8)
[2025-10-25 10:57:08] 🖱️ 第3次真实鼠标滚动
[2025-10-25 10:57:10] 📊 商品数量稳定在 24 个 (稳定次数: 2/8)
[2025-10-25 10:57:10] 🖱️ 第4次真实鼠标滚动
[2025-10-25 10:57:12] 📊 商品数量稳定在 24 个 (稳定次数: 3/8)
[2025-10-25 10:57:12] 🖱️ 第5次真实鼠标滚动
[2025-10-25 10:57:14] 📊 商品数量稳定在 24 个 (稳定次数: 4/8)
[2025-10-25 10:57:14] 🖱️ 第6次真实鼠标滚动
[2025-10-25 10:57:16] 📊 商品数量稳定在 24 个 (稳定次数: 5/8)
[2025-10-25 10:57:16] 🖱️ 第7次真实鼠标滚动
[2025-10-25 10:57:18] 📊 商品数量稳定在 24 个 (稳定次数: 6/8)
[2025-10-25 10:57:18] 🖱️ 第8次真实鼠标滚动
[2025-10-25 10:57:20] 📊 商品数量稳定在 24 个 (稳定次数: 7/8)
[2025-10-25 10:57:20] 🖱️ 第9次真实鼠标滚动
[2025-10-25 10:57:22] 📊 商品数量稳定在 24 个 (稳定次数: 8/8)
[2025-10-25 10:57:25] ✅ 增强滚动完成，总滚动次数: 9，最终商品数量: 24
[2025-10-25 10:57:25] 📊 提取商品信息...
[2025-10-25 10:57:25] 📊 提取完成，共找到 24 个唯一商品
[2025-10-25 10:57:25] 🎯 目标达成率: 10.8% (24/222)
[2025-10-25 10:57:25] ⚠️ 商品数量不足目标的40% (24/222)
[2025-10-25 10:57:25] 🔄 将进行第3次重试...
[2025-10-25 10:57:30] 🎯 开始增强滚动版全量抓取 (尝试 3/3)...
[2025-10-25 10:57:30] 🌐 访问页面: https://www.callawaygolf.jp/apparel/mens
[2025-10-25 10:57:39] 🖱️ 开始增强版滚动策略...
[2025-10-25 10:57:39] 🖱️ 第1次真实鼠标滚动
[2025-10-25 10:57:41] 📈 发现新商品! 0 -> 24 (+24)
[2025-10-25 10:57:41] 🖱️ 第2次真实鼠标滚动
[2025-10-25 10:57:43] 📊 商品数量稳定在 24 个 (稳定次数: 1/8)
[2025-10-25 10:57:43] 🖱️ 第3次真实鼠标滚动
[2025-10-25 10:57:45] 📊 商品数量稳定在 24 个 (稳定次数: 2/8)
[2025-10-25 10:57:45] 🖱️ 第4次真实鼠标滚动
[2025-10-25 10:57:47] 📊 商品数量稳定在 24 个 (稳定次数: 3/8)
[2025-10-25 10:57:47] 🖱️ 第5次真实鼠标滚动
[2025-10-25 10:57:49] 📊 商品数量稳定在 24 个 (稳定次数: 4/8)
[2025-10-25 10:57:50] 🖱️ 第6次真实鼠标滚动
[2025-10-25 10:57:52] 📊 商品数量稳定在 24 个 (稳定次数: 5/8)
[2025-10-25 10:57:52] 🖱️ 第7次真实鼠标滚动
[2025-10-25 10:57:54] 📊 商品数量稳定在 24 个 (稳定次数: 6/8)
[2025-10-25 10:57:54] 🖱️ 第8次真实鼠标滚动
[2025-10-25 10:57:56] 📊 商品数量稳定在 24 个 (稳定次数: 7/8)
[2025-10-25 10:57:56] 🖱️ 第9次真实鼠标滚动
[2025-10-25 10:57:58] 📊 商品数量稳定在 24 个 (稳定次数: 8/8)
[2025-10-25 10:58:01] ✅ 增强滚动完成，总滚动次数: 9，最终商品数量: 24
[2025-10-25 10:58:01] 📊 提取商品信息...
[2025-10-25 10:58:01] 📊 提取完成，共找到 24 个唯一商品
[2025-10-25 10:58:01] 🎯 目标达成率: 10.8% (24/222)
[2025-10-25 10:58:01] ⚠️ 商品数量不足目标的40% (24/222)
[2025-10-25 10:58:01] 📤 开始同步 24 个商品到飞书 (带去重)...
[2025-10-25 10:58:01] ⏭️ 跳过重复商品: C25215107
[2025-10-25 10:58:01] ⏭️ 跳过重复商品: C25215106
[2025-10-25 10:58:01] ⏭️ 跳过重复商品: C25215100
[2025-10-25 10:58:01] ⏭️ 跳过重复商品: C25216103
[2025-10-25 10:58:01] ⏭️ 跳过重复商品: C25215103
[2025-10-25 10:58:01] ⏭️ 跳过重复商品: C25215104
[2025-10-25 10:58:01] ⏭️ 跳过重复商品: C25215105
[2025-10-25 10:58:01] ⏭️ 跳过重复商品: C25217104
[2025-10-25 10:58:01] ⏭️ 跳过重复商品: C25216104
[2025-10-25 10:58:01] ⏭️ 跳过重复商品: C25217107
[2025-10-25 10:58:01] ⏭️ 跳过重复商品: C25217106
[2025-10-25 10:58:01] ⏭️ 跳过重复商品: C25216180
[2025-10-25 10:58:01] ⏭️ 跳过重复商品: C25233182
[2025-10-25 10:58:01] ⏭️ 跳过重复商品: C25233183
[2025-10-25 10:58:01] ⏭️ 跳过重复商品: C25226181
[2025-10-25 10:58:01] ⏭️ 跳过重复商品: C25217182
[2025-10-25 10:58:01] ⏭️ 跳过重复商品: C25233180
[2025-10-25 10:58:01] ⏭️ 跳过重复商品: C25215180
[2025-10-25 10:58:01] ⏭️ 跳过重复商品: C25217181
[2025-10-25 10:58:01] ⏭️ 跳过重复商品: C25218180
[2025-10-25 10:58:01] ⏭️ 跳过重复商品: C25291180
[2025-10-25 10:58:01] ⏭️ 跳过重复商品: C25233181
[2025-10-25 10:58:01] ⏭️ 跳过重复商品: C25217180
[2025-10-25 10:58:01] ⏭️ 跳过重复商品: C25291181
[2025-10-25 10:58:01] 📊 去重结果: 0 个新商品, 24 个重复跳过
[2025-10-25 10:58:01] ℹ️ 没有新商品需要同步
[2025-10-25 10:58:01] 💾 全量商品数据已保存: CallawayJP/results/callaway_enhanced_scrolling_20251025_105611.json
[2025-10-25 10:58:01] 💾 同步结果已保存: CallawayJP/sync_logs/sync_enhanced_scrolling_20251025_105611.json
[2025-10-25 10:58:01] ================================================================================
[2025-10-25 10:58:01] 🎉 处理完成！
[2025-10-25 10:58:01] 抓取到的总商品数: 24 (目标: 222)
[2025-10-25 10:58:01] 新写入飞书: 0
[2025-10-25 10:58:01] 跳过重复: 24
[2025-10-25 10:58:01] 🎯 目标达成率: 10.8%
[2025-10-25 10:58:01] 📝 成功写入数据示例:
[2025-10-25 10:58:01]   商品ID: C25215107
[2025-10-25 10:58:01]   商品链接: https://www.callawaygolf.jp/mens/tops/outer/C25215107_.html?pid=C25215107_1030_M
[2025-10-25 10:58:01]   品牌名: callawaygolf
[2025-10-25 10:58:01] 📁 产物文件:
[2025-10-25 10:58:01]   json_file: CallawayJP/results/callaway_enhanced_scrolling_20251025_105611.json
[2025-10-25 10:58:01]   sync_file: CallawayJP/sync_logs/sync_enhanced_scrolling_20251025_105611.json
[2025-10-25 10:58:01]   log_file: CallawayJP/sync_logs/callaway_enhanced_scrolling_20251025_105611.log
[2025-10-25 10:58:01] ================================================================================
