[2025-10-25 10:35:27] ✓ 飞书配置加载成功
[2025-10-25 10:35:27] Callaway增强版抓取和同步脚本启动
[2025-10-25 10:35:27] 目标URL: https://www.callawaygolf.jp/apparel/mens
[2025-10-25 10:35:27] 目标商品数量: 222
[2025-10-25 10:35:27] ================================================================================
[2025-10-25 10:35:27] 开始Callaway增强版抓取和同步流程
[2025-10-25 10:35:27] ================================================================================
[2025-10-25 10:35:27] 开始查询飞书现有商品数据...
[2025-10-25 10:35:32] ✗ 获取飞书token失败: ('Connection aborted.', ConnectionResetError(54, 'Connection reset by peer'))
[2025-10-25 10:35:32] ✗ 查询现有商品失败: ('Connection aborted.', ConnectionResetError(54, 'Connection reset by peer'))
[2025-10-25 10:35:32] 将继续执行，但无法进行去重
[2025-10-25 10:35:32] 开始增强版全量抓取 (尝试 1/3)...
[2025-10-25 10:35:32] 访问页面: https://www.callawaygolf.jp/apparel/mens
[2025-10-25 10:35:44] 未找到Load More按钮 (尝试 1/10)
[2025-10-25 10:35:44] 开始强化懒加载处理...
[2025-10-25 10:35:46] 发现新商品，总数: 0 -> 24 (滚动 1 次)
[2025-10-25 10:35:48] 商品数量稳定在 24 个 (稳定次数: 1/5)
[2025-10-25 10:35:50] 商品数量稳定在 24 个 (稳定次数: 2/5)
[2025-10-25 10:35:52] 商品数量稳定在 24 个 (稳定次数: 3/5)
[2025-10-25 10:35:54] 商品数量稳定在 24 个 (稳定次数: 4/5)
[2025-10-25 10:35:56] 商品数量稳定在 24 个 (稳定次数: 5/5)
[2025-10-25 10:35:59] 提取商品信息...
[2025-10-25 10:35:59] 提取完成，共找到 24 个唯一商品
[2025-10-25 10:35:59] ⚠️ 商品数量不足目标的80% (24/222)
[2025-10-25 10:35:59] 将进行第2次重试...
[2025-10-25 10:36:04] 开始增强版全量抓取 (尝试 2/3)...
[2025-10-25 10:36:05] 访问页面: https://www.callawaygolf.jp/apparel/mens
[2025-10-25 10:36:16] 未找到Load More按钮 (尝试 1/10)
[2025-10-25 10:36:16] 开始强化懒加载处理...
[2025-10-25 10:36:18] 发现新商品，总数: 0 -> 24 (滚动 1 次)
[2025-10-25 10:36:20] 商品数量稳定在 24 个 (稳定次数: 1/5)
[2025-10-25 10:36:22] 商品数量稳定在 24 个 (稳定次数: 2/5)
[2025-10-25 10:36:24] 商品数量稳定在 24 个 (稳定次数: 3/5)
[2025-10-25 10:36:26] 商品数量稳定在 24 个 (稳定次数: 4/5)
[2025-10-25 10:36:28] 商品数量稳定在 24 个 (稳定次数: 5/5)
[2025-10-25 10:36:31] 提取商品信息...
[2025-10-25 10:36:31] 提取完成，共找到 24 个唯一商品
[2025-10-25 10:36:31] ⚠️ 商品数量不足目标的80% (24/222)
[2025-10-25 10:36:31] 将进行第3次重试...
[2025-10-25 10:36:36] 开始增强版全量抓取 (尝试 3/3)...
[2025-10-25 10:36:36] 访问页面: https://www.callawaygolf.jp/apparel/mens
[2025-10-25 10:36:47] 未找到Load More按钮 (尝试 1/10)
[2025-10-25 10:36:47] 开始强化懒加载处理...
[2025-10-25 10:36:49] 发现新商品，总数: 0 -> 24 (滚动 1 次)
[2025-10-25 10:36:51] 商品数量稳定在 24 个 (稳定次数: 1/5)
[2025-10-25 10:36:53] 商品数量稳定在 24 个 (稳定次数: 2/5)
[2025-10-25 10:36:55] 商品数量稳定在 24 个 (稳定次数: 3/5)
[2025-10-25 10:36:57] 商品数量稳定在 24 个 (稳定次数: 4/5)
[2025-10-25 10:36:59] 商品数量稳定在 24 个 (稳定次数: 5/5)
[2025-10-25 10:37:02] 提取商品信息...
[2025-10-25 10:37:02] 提取完成，共找到 24 个唯一商品
[2025-10-25 10:37:02] ⚠️ 商品数量不足目标的80% (24/222)
[2025-10-25 10:37:02] 开始验证 24 个商品URL...
[2025-10-25 10:37:02] 验证商品 [1/24]: C25215107
[2025-10-25 10:37:06]   ✅ 验证成功: C25215107
[2025-10-25 10:37:07] 验证商品 [2/24]: C25215106
[2025-10-25 10:37:12]   ✅ 验证成功: C25215106
[2025-10-25 10:37:13] 验证商品 [3/24]: C25215100
[2025-10-25 10:37:18]   ✅ 验证成功: C25215100
[2025-10-25 10:37:19] 验证商品 [4/24]: C25216103
[2025-10-25 10:37:23]   ✅ 验证成功: C25216103
[2025-10-25 10:37:24] 验证商品 [5/24]: C25215103
[2025-10-25 10:37:34]   ✅ 验证成功: C25215103
[2025-10-25 10:37:37] 验证商品 [6/24]: C25215104
[2025-10-25 10:37:42]   ✅ 验证成功: C25215104
[2025-10-25 10:37:43] 验证商品 [7/24]: C25215105
[2025-10-25 10:37:47]   ✅ 验证成功: C25215105
[2025-10-25 10:37:48] 验证商品 [8/24]: C25217104
[2025-10-25 10:37:52]   ✅ 验证成功: C25217104
[2025-10-25 10:37:53] 验证商品 [9/24]: C25216104
[2025-10-25 10:37:57]   ✅ 验证成功: C25216104
[2025-10-25 10:37:58] 验证商品 [10/24]: C25217107
[2025-10-25 10:38:02]   ✅ 验证成功: C25217107
[2025-10-25 10:38:05] 验证商品 [11/24]: C25217106
[2025-10-25 10:38:10]   ✅ 验证成功: C25217106
[2025-10-25 10:38:11] 验证商品 [12/24]: C25216180
[2025-10-25 10:38:14]   ✅ 验证成功: C25216180
[2025-10-25 10:38:15] 验证商品 [13/24]: C25233182
[2025-10-25 10:38:20]   ✅ 验证成功: C25233182
[2025-10-25 10:38:21] 验证商品 [14/24]: C25233183
[2025-10-25 10:38:25]   ✅ 验证成功: C25233183
[2025-10-25 10:38:26] 验证商品 [15/24]: C25226181
[2025-10-25 10:38:30]   ✅ 验证成功: C25226181
[2025-10-25 10:38:33] 验证商品 [16/24]: C25217182
[2025-10-25 10:38:39]   ✅ 验证成功: C25217182
[2025-10-25 10:38:40] 验证商品 [17/24]: C25233180
[2025-10-25 10:38:44]   ✅ 验证成功: C25233180
[2025-10-25 10:38:45] 验证商品 [18/24]: C25215180
[2025-10-25 10:38:48]   ✅ 验证成功: C25215180
[2025-10-25 10:38:49] 验证商品 [19/24]: C25217181
[2025-10-25 10:38:58]   ✅ 验证成功: C25217181
[2025-10-25 10:38:59] 验证商品 [20/24]: C25218180
[2025-10-25 10:39:02]   ✅ 验证成功: C25218180
[2025-10-25 10:39:06] 验证商品 [21/24]: C25291180
[2025-10-25 10:39:11]   ✅ 验证成功: C25291180
[2025-10-25 10:39:12] 验证商品 [22/24]: C25233181
[2025-10-25 10:39:20]   ✅ 验证成功: C25233181
[2025-10-25 10:39:21] 验证商品 [23/24]: C25217180
[2025-10-25 10:39:25]   ✅ 验证成功: C25217180
[2025-10-25 10:39:26] 验证商品 [24/24]: C25291181
[2025-10-25 10:39:30]   ✅ 验证成功: C25291181
[2025-10-25 10:39:31] 验证完成: 24 个成功, 0 个失败
[2025-10-25 10:39:31] 开始同步 24 个商品到飞书 (带去重)...
[2025-10-25 10:39:31] 去重结果: 24 个新商品, 0 个重复跳过
[2025-10-25 10:39:31] 同步新商品 [1/24]: C25215107
[2025-10-25 10:39:33]   ✓ 同步成功
[2025-10-25 10:39:34] 同步新商品 [2/24]: C25215106
[2025-10-25 10:39:36]   ✓ 同步成功
[2025-10-25 10:39:37] 同步新商品 [3/24]: C25215100
[2025-10-25 10:39:39]   ✓ 同步成功
[2025-10-25 10:39:40] 同步新商品 [4/24]: C25216103
[2025-10-25 10:39:41]   ✓ 同步成功
[2025-10-25 10:39:42] 同步新商品 [5/24]: C25215103
[2025-10-25 10:39:44]   ✓ 同步成功
[2025-10-25 10:39:45] 同步新商品 [6/24]: C25215104
[2025-10-25 10:39:48]   ✓ 同步成功
[2025-10-25 10:39:49] 同步新商品 [7/24]: C25215105
[2025-10-25 10:39:50]   ✓ 同步成功
[2025-10-25 10:39:51] 同步新商品 [8/24]: C25217104
[2025-10-25 10:39:53]   ✓ 同步成功
[2025-10-25 10:39:54] 同步新商品 [9/24]: C25216104
[2025-10-25 10:39:56]   ✓ 同步成功
[2025-10-25 10:39:57] 同步新商品 [10/24]: C25217107
[2025-10-25 10:39:59]   ✓ 同步成功
[2025-10-25 10:40:00] 同步新商品 [11/24]: C25217106
[2025-10-25 10:40:02]   ✓ 同步成功
[2025-10-25 10:40:03] 同步新商品 [12/24]: C25216180
[2025-10-25 10:40:05]   ✓ 同步成功
[2025-10-25 10:40:06] 同步新商品 [13/24]: C25233182
[2025-10-25 10:40:07]   ✓ 同步成功
[2025-10-25 10:40:08] 同步新商品 [14/24]: C25233183
[2025-10-25 10:40:10]   ✓ 同步成功
[2025-10-25 10:40:11] 同步新商品 [15/24]: C25226181
[2025-10-25 10:40:13]   ✓ 同步成功
[2025-10-25 10:40:14] 同步新商品 [16/24]: C25217182
[2025-10-25 10:40:16]   ✓ 同步成功
[2025-10-25 10:40:17] 同步新商品 [17/24]: C25233180
[2025-10-25 10:40:19]   ✓ 同步成功
[2025-10-25 10:40:20] 同步新商品 [18/24]: C25215180
[2025-10-25 10:40:22]   ✓ 同步成功
[2025-10-25 10:40:23] 同步新商品 [19/24]: C25217181
[2025-10-25 10:40:25]   ✓ 同步成功
[2025-10-25 10:40:26] 同步新商品 [20/24]: C25218180
[2025-10-25 10:40:28]   ✓ 同步成功
[2025-10-25 10:40:29] 同步新商品 [21/24]: C25291180
[2025-10-25 10:40:32]   ✓ 同步成功
[2025-10-25 10:40:33] 同步新商品 [22/24]: C25233181
[2025-10-25 10:40:34]   ✓ 同步成功
[2025-10-25 10:40:35] 同步新商品 [23/24]: C25217180
[2025-10-25 10:40:37]   ✓ 同步成功
[2025-10-25 10:40:38] 同步新商品 [24/24]: C25291181
[2025-10-25 10:40:40]   ✓ 同步成功
[2025-10-25 10:40:41] 同步完成: 24 个新增成功, 0 个失败, 0 个重复跳过
[2025-10-25 10:40:41] 全量商品数据已保存: CallawayJP/results/callaway_full_products_enhanced.json
[2025-10-25 10:40:41] 验证通过的URL列表已保存: CallawayJP/results/callaway_verified_urls_enhanced.txt
[2025-10-25 10:40:41] 同步结果已保存: CallawayJP/sync_logs/sync_result_enhanced.json
[2025-10-25 10:40:41] ================================================================================
[2025-10-25 10:40:41] 处理完成！
[2025-10-25 10:40:41] 抓取到的总商品数: 24 (目标: 222)
[2025-10-25 10:40:41] 验证成功: 24
[2025-10-25 10:40:41] 新写入飞书: 24
[2025-10-25 10:40:41] 跳过重复: 0
[2025-10-25 10:40:41] 目标达成率: 10.8%
[2025-10-25 10:40:41] 成功写入数据示例:
[2025-10-25 10:40:41]   商品ID: C25215107
[2025-10-25 10:40:41]   商品链接: https://www.callawaygolf.jp/mens/tops/outer/C25215107_.html?pid=C25215107_1030_M
[2025-10-25 10:40:41]   品牌名: callawaygolf
[2025-10-25 10:40:41] 产物文件:
[2025-10-25 10:40:41]   json_file: CallawayJP/results/callaway_full_products_enhanced.json
[2025-10-25 10:40:41]   urls_file: CallawayJP/results/callaway_verified_urls_enhanced.txt
[2025-10-25 10:40:41]   sync_file: CallawayJP/sync_logs/sync_result_enhanced.json
[2025-10-25 10:40:41]   log_file: CallawayJP/sync_logs/callaway_enhanced_scrape_20251025_103527.log
[2025-10-25 10:40:41] ================================================================================
