[2025-10-25 10:50:58] ✅ 飞书配置加载成功
[2025-10-25 10:50:58] 🚀 Callaway终极版抓取和同步脚本启动
[2025-10-25 10:50:58] 目标URL: https://www.callawaygolf.jp/apparel/mens
[2025-10-25 10:50:58] 目标商品数量: 222
[2025-10-25 10:50:58] ================================================================================
[2025-10-25 10:50:58] 🚀 开始Callaway终极版抓取和同步流程
[2025-10-25 10:50:58] ================================================================================
[2025-10-25 10:50:58] 🔍 开始查询飞书「淘宝商品库」现有商品数据...
[2025-10-25 10:50:59] ✅ 查询完成，现有商品数量: 24
[2025-10-25 10:50:59] 现有商品ID示例: ['C25216103', 'C25217107', 'C25226181', 'C25218180', 'C25216180', 'C25217106', 'C25216104', 'C25215103', 'C25215180', 'C25215105']
[2025-10-25 10:50:59] 🎯 开始终极版全量抓取 (尝试 1/3)...
[2025-10-25 10:51:00] 🌐 访问页面: https://www.callawaygolf.jp/apparel/mens
[2025-10-25 10:51:08] 🖱️ 开始增强版滚动和懒加载处理...
[2025-10-25 10:51:08] 初始商品数量: 24
[2025-10-25 10:51:08] 🖱️ 第1次鼠标滚动
[2025-10-25 10:51:10] 📈 发现新商品! 0 -> 24 (+24)
[2025-10-25 10:51:10] 🖱️ 第2次鼠标滚动
[2025-10-25 10:51:12] 📊 商品数量稳定在 24 个 (稳定次数: 1/5)
[2025-10-25 10:51:12] 🖱️ 第3次鼠标滚动
[2025-10-25 10:51:13] 📊 商品数量稳定在 24 个 (稳定次数: 2/5)
[2025-10-25 10:51:13] 🖱️ 第4次鼠标滚动
[2025-10-25 10:51:15] 📊 商品数量稳定在 24 个 (稳定次数: 3/5)
[2025-10-25 10:51:15] 🖱️ 第5次鼠标滚动
[2025-10-25 10:51:17] 📊 商品数量稳定在 24 个 (稳定次数: 4/5)
[2025-10-25 10:51:17] 🖱️ 第6次鼠标滚动
[2025-10-25 10:51:18] 📊 商品数量稳定在 24 个 (稳定次数: 5/5)
[2025-10-25 10:51:18] 📍 最终滚动到页面底部...
[2025-10-25 10:51:21] ✅ 滚动处理完成，总滚动次数: 6，最终商品数量: 24
[2025-10-25 10:51:21] 📊 提取商品信息...
[2025-10-25 10:51:21] ❌ 抓取过程出错: Page.evaluate: SyntaxError: Unexpected token '{'
    at eval (<anonymous>)
    at UtilityScript.evaluate (<anonymous>:291:30)
    at UtilityScript.<anonymous> (<anonymous>:1:44)
[2025-10-25 10:51:21] 🔄 将进行第2次重试...
[2025-10-25 10:51:26] 🎯 开始终极版全量抓取 (尝试 2/3)...
[2025-10-25 10:51:26] 🌐 访问页面: https://www.callawaygolf.jp/apparel/mens
[2025-10-25 10:51:35] 🖱️ 开始增强版滚动和懒加载处理...
[2025-10-25 10:51:35] 初始商品数量: 24
[2025-10-25 10:51:35] 🖱️ 第1次鼠标滚动
[2025-10-25 10:51:36] 📈 发现新商品! 0 -> 24 (+24)
[2025-10-25 10:51:36] 🖱️ 第2次鼠标滚动
[2025-10-25 10:51:38] 📊 商品数量稳定在 24 个 (稳定次数: 1/5)
[2025-10-25 10:51:38] 🖱️ 第3次鼠标滚动
[2025-10-25 10:51:39] 📊 商品数量稳定在 24 个 (稳定次数: 2/5)
[2025-10-25 10:51:39] 🖱️ 第4次鼠标滚动
[2025-10-25 10:51:41] 📊 商品数量稳定在 24 个 (稳定次数: 3/5)
[2025-10-25 10:51:41] 🖱️ 第5次鼠标滚动
[2025-10-25 10:51:42] 📊 商品数量稳定在 24 个 (稳定次数: 4/5)
[2025-10-25 10:51:42] 🖱️ 第6次鼠标滚动
[2025-10-25 10:51:44] 📊 商品数量稳定在 24 个 (稳定次数: 5/5)
[2025-10-25 10:51:44] 📍 最终滚动到页面底部...
[2025-10-25 10:51:47] ✅ 滚动处理完成，总滚动次数: 6，最终商品数量: 24
[2025-10-25 10:51:47] 📊 提取商品信息...
[2025-10-25 10:51:47] ❌ 抓取过程出错: Page.evaluate: SyntaxError: Unexpected token '{'
    at eval (<anonymous>)
    at UtilityScript.evaluate (<anonymous>:291:30)
    at UtilityScript.<anonymous> (<anonymous>:1:44)
[2025-10-25 10:51:47] 🔄 将进行第3次重试...
[2025-10-25 10:51:52] 🎯 开始终极版全量抓取 (尝试 3/3)...
[2025-10-25 10:51:52] 🌐 访问页面: https://www.callawaygolf.jp/apparel/mens
[2025-10-25 10:52:01] 🖱️ 开始增强版滚动和懒加载处理...
[2025-10-25 10:52:01] 初始商品数量: 24
[2025-10-25 10:52:01] 🖱️ 第1次鼠标滚动
[2025-10-25 10:52:03] 📈 发现新商品! 0 -> 24 (+24)
[2025-10-25 10:52:03] 🖱️ 第2次鼠标滚动
[2025-10-25 10:52:04] 📊 商品数量稳定在 24 个 (稳定次数: 1/5)
[2025-10-25 10:52:04] 🖱️ 第3次鼠标滚动
[2025-10-25 10:52:06] 📊 商品数量稳定在 24 个 (稳定次数: 2/5)
[2025-10-25 10:52:06] 🖱️ 第4次鼠标滚动
[2025-10-25 10:52:07] 📊 商品数量稳定在 24 个 (稳定次数: 3/5)
[2025-10-25 10:52:07] 🖱️ 第5次鼠标滚动
[2025-10-25 10:52:09] 📊 商品数量稳定在 24 个 (稳定次数: 4/5)
[2025-10-25 10:52:09] 🖱️ 第6次鼠标滚动
[2025-10-25 10:52:10] 📊 商品数量稳定在 24 个 (稳定次数: 5/5)
[2025-10-25 10:52:10] 📍 最终滚动到页面底部...
[2025-10-25 10:52:13] ✅ 滚动处理完成，总滚动次数: 6，最终商品数量: 24
[2025-10-25 10:52:13] 📊 提取商品信息...
[2025-10-25 10:52:13] ❌ 抓取过程出错: Page.evaluate: SyntaxError: Unexpected token '{'
    at eval (<anonymous>)
    at UtilityScript.evaluate (<anonymous>:291:30)
    at UtilityScript.<anonymous> (<anonymous>:1:44)
[2025-10-25 10:52:13] ❌ 未能抓取到任何商品
