[2025-10-25T04:02:48.438Z] [INFO] 启动浏览器...
[2025-10-25T04:02:49.298Z] [INFO] 浏览器初始化完成
[2025-10-25T04:02:49.298Z] [INFO] 读取搜索结果总数...
[2025-10-25T04:03:19.302Z] [ERROR] 读取搜索结果总数失败: page.goto: Timeout 30000ms exceeded.
Call log:
  - navigating to "https://www.callawaygolf.jp/apparel/mens", waiting until "networkidle"

[2025-10-25T04:03:19.303Z] [INFO] 开始整页抓取策略...
[2025-10-25T04:03:19.304Z] [INFO] 开始执行滚动+显示更多策略...
[2025-10-25T04:03:21.663Z] [INFO] 点击了"显示更多"按钮 (选择器: button:has-text("さらに表示"))
[2025-10-25T04:03:24.676Z] [INFO] 当前页面商品数: 48, 累计唯一商品数: 48
[2025-10-25T04:03:27.940Z] [INFO] 点击了"显示更多"按钮 (选择器: button:has-text("さらに表示"))
[2025-10-25T04:03:30.957Z] [INFO] 当前页面商品数: 48, 累计唯一商品数: 48
[2025-10-25T04:03:34.354Z] [INFO] 点击了"显示更多"按钮 (选择器: button:has-text("さらに表示"))
[2025-10-25T04:03:37.369Z] [INFO] 当前页面商品数: 66, 累计唯一商品数: 66
[2025-10-25T04:03:40.790Z] [INFO] 点击了"显示更多"按钮 (选择器: button:has-text("さらに表示"))
[2025-10-25T04:03:43.815Z] [INFO] 当前页面商品数: 76, 累计唯一商品数: 76
[2025-10-25T04:03:47.236Z] [INFO] 点击了"显示更多"按钮 (选择器: button:has-text("さらに表示"))
[2025-10-25T04:03:50.255Z] [INFO] 当前页面商品数: 90, 累计唯一商品数: 90
[2025-10-25T04:03:53.308Z] [INFO] 当前页面商品数: 90, 累计唯一商品数: 90
[2025-10-25T04:03:53.309Z] [INFO] 没有找到"显示更多"按钮且商品数量不变，停止滚动
[2025-10-25T04:03:53.309Z] [INFO] 滚动策略完成，共提取到 90 个商品
[2025-10-25T04:03:53.309Z] [INFO] 开始同步 90 个商品到飞书...
[2025-10-25T04:03:53.309Z] [INFO] 查询飞书现有商品ID...
[2025-10-25T04:03:53.309Z] [INFO] 发现 90 个新商品需要同步
[2025-10-25T04:03:53.310Z] [INFO] 商品数据已保存到: CallawayJP/results/callaway_mens_products_2025-10-25_04-02-48.json
[2025-10-25T04:04:06.937Z] [INFO] 飞书同步完成
[2025-10-25T04:04:06.939Z] [INFO] 结果文件已生成:
[2025-10-25T04:04:06.939Z] [INFO] - 总表: CallawayJP/results/callaway_ultimate_summary_2025-10-25_04-02-48.json
[2025-10-25T04:04:06.939Z] [INFO] - URL列表: CallawayJP/results/callaway_mens_urls_2025-10-25_04-02-48.txt
[2025-10-25T04:04:07.093Z] [INFO] 浏览器已关闭
