[2025-10-25 10:19:41] ✓ 飞书配置加载成功
[2025-10-25 10:19:41] Callaway全量抓取和同步脚本启动
[2025-10-25 10:19:41] 目标URL: https://www.callawaygolf.jp/apparel/mens
[2025-10-25 10:19:41] 品牌名: callawaygolf
[2025-10-25 10:19:41] ================================================================================
[2025-10-25 10:19:41] 开始Callaway全量抓取和同步流程
[2025-10-25 10:19:41] ================================================================================
[2025-10-25 10:19:41] 开始全量抓取商品...
[2025-10-25 10:19:42] 访问页面: https://www.callawaygolf.jp/apparel/mens
[2025-10-25 10:19:51] 开始处理懒加载...
[2025-10-25 10:19:53] 发现新商品，总数: 0 -> 24
[2025-10-25 10:19:55] 商品数量稳定在 24 个 (稳定次数: 1)
[2025-10-25 10:19:57] 商品数量稳定在 24 个 (稳定次数: 2)
[2025-10-25 10:19:59] 商品数量稳定在 24 个 (稳定次数: 3)
[2025-10-25 10:20:01] 商品数量稳定在 24 个 (稳定次数: 4)
[2025-10-25 10:20:03] 商品数量稳定在 24 个 (稳定次数: 5)
[2025-10-25 10:20:06] 提取商品信息...
[2025-10-25 10:20:06] 提取完成，共找到 24 个商品
[2025-10-25 10:20:06] 去重后剩余 24 个唯一商品
[2025-10-25 10:20:06] 开始验证 24 个商品URL...
[2025-10-25 10:20:06] 验证商品 [1/24]: C25215107
[2025-10-25 10:20:11]   ✅ 验证成功: C25215107
[2025-10-25 10:20:11] 验证商品 [2/24]: C25215106
[2025-10-25 10:20:15]   ✅ 验证成功: C25215106
[2025-10-25 10:20:15] 验证商品 [3/24]: C25215100
[2025-10-25 10:20:20]   ✅ 验证成功: C25215100
[2025-10-25 10:20:20] 验证商品 [4/24]: C25216103
[2025-10-25 10:20:24]   ✅ 验证成功: C25216103
[2025-10-25 10:20:24] 验证商品 [5/24]: C25215103
[2025-10-25 10:20:28]   ✅ 验证成功: C25215103
[2025-10-25 10:20:30] 验证商品 [6/24]: C25215104
[2025-10-25 10:20:35]   ✅ 验证成功: C25215104
[2025-10-25 10:20:35] 验证商品 [7/24]: C25215105
[2025-10-25 10:20:40]   ✅ 验证成功: C25215105
[2025-10-25 10:20:40] 验证商品 [8/24]: C25217104
[2025-10-25 10:20:45]   ✅ 验证成功: C25217104
[2025-10-25 10:20:46] 验证商品 [9/24]: C25216104
[2025-10-25 10:20:50]   ✅ 验证成功: C25216104
[2025-10-25 10:20:50] 验证商品 [10/24]: C25217107
[2025-10-25 10:20:56]   ✅ 验证成功: C25217107
[2025-10-25 10:20:58] 验证商品 [11/24]: C25217106
[2025-10-25 10:21:03]   ✅ 验证成功: C25217106
[2025-10-25 10:21:03] 验证商品 [12/24]: C25216180
[2025-10-25 10:21:09]   ✅ 验证成功: C25216180
[2025-10-25 10:21:09] 验证商品 [13/24]: C25233182
[2025-10-25 10:21:13]   ✅ 验证成功: C25233182
[2025-10-25 10:21:14] 验证商品 [14/24]: C25233183
[2025-10-25 10:21:17]   ✅ 验证成功: C25233183
[2025-10-25 10:21:18] 验证商品 [15/24]: C25226181
[2025-10-25 10:21:24]   ✅ 验证成功: C25226181
[2025-10-25 10:21:26] 验证商品 [16/24]: C25217182
[2025-10-25 10:21:32]   ✅ 验证成功: C25217182
[2025-10-25 10:21:32] 验证商品 [17/24]: C25233180
[2025-10-25 10:21:37]   ✅ 验证成功: C25233180
[2025-10-25 10:21:38] 验证商品 [18/24]: C25215180
[2025-10-25 10:21:41]   ✅ 验证成功: C25215180
[2025-10-25 10:21:42] 验证商品 [19/24]: C25217181
[2025-10-25 10:21:46]   ✅ 验证成功: C25217181
[2025-10-25 10:21:47] 验证商品 [20/24]: C25218180
[2025-10-25 10:21:51]   ✅ 验证成功: C25218180
[2025-10-25 10:21:53] 验证商品 [21/24]: C25291180
[2025-10-25 10:21:57]   ✅ 验证成功: C25291180
[2025-10-25 10:21:57] 验证商品 [22/24]: C25233181
[2025-10-25 10:22:02]   ✅ 验证成功: C25233181
[2025-10-25 10:22:03] 验证商品 [23/24]: C25217180
[2025-10-25 10:22:07]   ✅ 验证成功: C25217180
[2025-10-25 10:22:08] 验证商品 [24/24]: C25291181
[2025-10-25 10:22:14]   ✅ 验证成功: C25291181
[2025-10-25 10:22:15] 验证完成: 24 个成功, 0 个失败
[2025-10-25 10:22:15] 开始同步 24 个商品到飞书...
[2025-10-25 10:22:15] 同步商品 [1/24]: C25215107
[2025-10-25 10:22:17]   ✓ 同步成功
[2025-10-25 10:22:18] 同步商品 [2/24]: C25215106
[2025-10-25 10:22:19]   ✓ 同步成功
[2025-10-25 10:22:20] 同步商品 [3/24]: C25215100
[2025-10-25 10:22:23]   ✓ 同步成功
[2025-10-25 10:22:24] 同步商品 [4/24]: C25216103
[2025-10-25 10:22:26]   ✓ 同步成功
[2025-10-25 10:22:27] 同步商品 [5/24]: C25215103
[2025-10-25 10:22:29]   ✓ 同步成功
[2025-10-25 10:22:30] 同步商品 [6/24]: C25215104
[2025-10-25 10:22:32]   ✓ 同步成功
[2025-10-25 10:22:33] 同步商品 [7/24]: C25215105
[2025-10-25 10:22:34]   ✓ 同步成功
[2025-10-25 10:22:35] 同步商品 [8/24]: C25217104
[2025-10-25 10:22:37]   ✓ 同步成功
[2025-10-25 10:22:38] 同步商品 [9/24]: C25216104
[2025-10-25 10:22:40]   ✓ 同步成功
[2025-10-25 10:22:41] 同步商品 [10/24]: C25217107
[2025-10-25 10:22:43]   ✓ 同步成功
[2025-10-25 10:22:44] 同步商品 [11/24]: C25217106
[2025-10-25 10:22:46]   ✓ 同步成功
[2025-10-25 10:22:47] 同步商品 [12/24]: C25216180
[2025-10-25 10:22:48]   ✓ 同步成功
[2025-10-25 10:22:49] 同步商品 [13/24]: C25233182
[2025-10-25 10:22:51]   ✓ 同步成功
[2025-10-25 10:22:52] 同步商品 [14/24]: C25233183
[2025-10-25 10:22:54]   ✓ 同步成功
[2025-10-25 10:22:55] 同步商品 [15/24]: C25226181
[2025-10-25 10:22:56]   ✓ 同步成功
[2025-10-25 10:22:58] 同步商品 [16/24]: C25217182
[2025-10-25 10:22:59]   ✓ 同步成功
[2025-10-25 10:23:00] 同步商品 [17/24]: C25233180
[2025-10-25 10:23:02]   ✓ 同步成功
[2025-10-25 10:23:03] 同步商品 [18/24]: C25215180
[2025-10-25 10:23:04]   ✓ 同步成功
[2025-10-25 10:23:05] 同步商品 [19/24]: C25217181
[2025-10-25 10:23:07]   ✓ 同步成功
[2025-10-25 10:23:08] 同步商品 [20/24]: C25218180
[2025-10-25 10:23:10]   ✓ 同步成功
[2025-10-25 10:23:11] 同步商品 [21/24]: C25291180
[2025-10-25 10:23:13]   ✓ 同步成功
[2025-10-25 10:23:14] 同步商品 [22/24]: C25233181
[2025-10-25 10:23:15]   ✓ 同步成功
[2025-10-25 10:23:16] 同步商品 [23/24]: C25217180
[2025-10-25 10:23:18]   ✓ 同步成功
[2025-10-25 10:23:19] 同步商品 [24/24]: C25291181
[2025-10-25 10:23:21]   ✓ 同步成功
[2025-10-25 10:23:22] 同步完成: 24 个成功, 0 个失败
[2025-10-25 10:23:22] 全量商品数据已保存: CallawayJP/results/callaway_full_products_20251025_101941.json
[2025-10-25 10:23:22] 验证通过的URL列表已保存: CallawayJP/results/callaway_verified_urls_20251025_101941.txt
[2025-10-25 10:23:22] 同步结果已保存: CallawayJP/sync_logs/sync_result_full_20251025_101941.json
[2025-10-25 10:23:22] ================================================================================
[2025-10-25 10:23:22] 处理完成！
[2025-10-25 10:23:22] 总商品数: 24
[2025-10-25 10:23:22] 验证成功: 24
[2025-10-25 10:23:22] 同步成功: 24
[2025-10-25 10:23:22] 同步失败: 0
[2025-10-25 10:23:22] 示例商品:
[2025-10-25 10:23:22]   商品ID: C25215107
[2025-10-25 10:23:22]   商品链接: https://www.callawaygolf.jp/mens/tops/outer/C25215107_.html?pid=C25215107_1030_M
[2025-10-25 10:23:22]   品牌名: callawaygolf
[2025-10-25 10:23:22] 产物文件:
[2025-10-25 10:23:22]   json_file: CallawayJP/results/callaway_full_products_20251025_101941.json
[2025-10-25 10:23:22]   urls_file: CallawayJP/results/callaway_verified_urls_20251025_101941.txt
[2025-10-25 10:23:22]   sync_file: CallawayJP/sync_logs/sync_result_full_20251025_101941.json
[2025-10-25 10:23:22]   log_file: CallawayJP/sync_logs/callaway_full_scrape_20251025_101941.log
[2025-10-25 10:23:22] ================================================================================
