[2025/10/25 18:55:02] [INFO] 开始读取 raw_links_mens_tops_large.json...
[2025/10/25 18:55:02] [INFO] 成功读取 24 条链接数据
[2025/10/25 18:55:02] [INFO] 启动浏览器...
[2025/10/25 18:55:02] [INFO] 
[1/24] 正在验证: C25215107_1030_M
[2025/10/25 18:55:02] [INFO] URL: https://www.callawaygolf.jp/mens/tops/outer/C25215107_.html?pid=C25215107_1030_M
[2025/10/25 18:55:05] [SUCCESS] ✓ 成功访问 (HTTP 200)
[2025/10/25 18:55:05] [INFO] 等待 8501ms...
[2025/10/25 18:55:14] [INFO] 
[2/24] 正在验证: C25215100_1010_M
[2025/10/25 18:55:14] [INFO] URL: https://www.callawaygolf.jp/mens/tops/outer/C25215100_.html?pid=C25215100_1010_M
[2025/10/25 18:55:16] [SUCCESS] ✓ 成功访问 (HTTP 200)
[2025/10/25 18:55:16] [INFO] 等待 11021ms...
[2025/10/25 18:55:27] [INFO] 
[3/24] 正在验证: C25216103_1030_M
[2025/10/25 18:55:27] [INFO] URL: https://www.callawaygolf.jp/mens/tops/outer/C25216103_.html?pid=C25216103_1030_M
[2025/10/25 18:55:30] [SUCCESS] ✓ 成功访问 (HTTP 200)
[2025/10/25 18:55:30] [INFO] 等待 8970ms...
[2025/10/25 18:55:39] [INFO] 
[4/24] 正在验证: C25233182_1010_M
[2025/10/25 18:55:39] [INFO] URL: https://www.callawaygolf.jp/mens/tops/shirt/C25233182_.html?pid=C25233182_1010_M
[2025/10/25 18:55:42] [SUCCESS] ✓ 成功访问 (HTTP 200)
[2025/10/25 18:55:42] [INFO] 等待 9564ms...
[2025/10/25 18:55:51] [INFO] 
[5/24] 正在验证: C25233183_1030_M
[2025/10/25 18:55:51] [INFO] URL: https://www.callawaygolf.jp/mens/tops/shirt/C25233183_.html?pid=C25233183_1030_M
[2025/10/25 18:55:54] [SUCCESS] ✓ 成功访问 (HTTP 200)
[2025/10/25 18:55:54] [INFO] 等待 11622ms...
[2025/10/25 18:56:06] [INFO] 已处理 5 个URL，额外等待 20 秒...
[2025/10/25 18:56:26] [INFO] 
[6/24] 正在验证: C25216180_1181_M
[2025/10/25 18:56:26] [INFO] URL: https://www.callawaygolf.jp/mens/tops/outer/C25216180_.html?pid=C25216180_1181_M
[2025/10/25 18:56:28] [SUCCESS] ✓ 成功访问 (HTTP 200)
[2025/10/25 18:56:28] [INFO] 等待 10968ms...
[2025/10/25 18:56:39] [INFO] 
[7/24] 正在验证: C25217182_1010_M
[2025/10/25 18:56:39] [INFO] URL: https://www.callawaygolf.jp/mens/tops/outer/C25217182_.html?pid=C25217182_1010_M
[2025/10/25 18:56:41] [SUCCESS] ✓ 成功访问 (HTTP 200)
[2025/10/25 18:56:41] [INFO] 等待 8179ms...
[2025/10/25 18:56:50] [INFO] 
[8/24] 正在验证: C25233180_1030_M
[2025/10/25 18:56:50] [INFO] URL: https://www.callawaygolf.jp/mens/tops/shirt/C25233180_.html?pid=C25233180_1030_M
[2025/10/25 18:56:52] [SUCCESS] ✓ 成功访问 (HTTP 200)
[2025/10/25 18:56:52] [INFO] 等待 8275ms...
[2025/10/25 18:57:00] [INFO] 
[9/24] 正在验证: C25215180_1020_M
[2025/10/25 18:57:00] [INFO] URL: https://www.callawaygolf.jp/mens/tops/outer/C25215180_.html?pid=C25215180_1020_M
[2025/10/25 18:57:03] [SUCCESS] ✓ 成功访问 (HTTP 200)
[2025/10/25 18:57:03] [INFO] 等待 8542ms...
[2025/10/25 18:57:11] [INFO] 
[10/24] 正在验证: C25217181_1010_M
[2025/10/25 18:57:11] [INFO] URL: https://www.callawaygolf.jp/mens/tops/outer/C25217181_.html?pid=C25217181_1010_M
[2025/10/25 18:57:13] [SUCCESS] ✓ 成功访问 (HTTP 200)
[2025/10/25 18:57:13] [INFO] 等待 10724ms...
[2025/10/25 18:57:24] [INFO] 已处理 10 个URL，额外等待 20 秒...
[2025/10/25 18:57:44] [INFO] 
[11/24] 正在验证: C25218180_1010_M
[2025/10/25 18:57:44] [INFO] URL: https://www.callawaygolf.jp/mens/tops/knit/C25218180_.html?pid=C25218180_1010_M
[2025/10/25 18:57:48] [SUCCESS] ✓ 成功访问 (HTTP 200)
[2025/10/25 18:57:48] [INFO] 等待 11393ms...
[2025/10/25 18:57:59] [INFO] 
[12/24] 正在验证: C25233181_1030_M
[2025/10/25 18:57:59] [INFO] URL: https://www.callawaygolf.jp/mens/tops/shirt/C25233181_.html?pid=C25233181_1030_M
[2025/10/25 18:58:03] [SUCCESS] ✓ 成功访问 (HTTP 200)
[2025/10/25 18:58:03] [INFO] 等待 8399ms...
[2025/10/25 18:58:11] [INFO] 
[13/24] 正在验证: C25217180_1111_M
[2025/10/25 18:58:11] [INFO] URL: https://www.callawaygolf.jp/mens/tops/outer/C25217180_.html?pid=C25217180_1111_M
[2025/10/25 18:58:14] [SUCCESS] ✓ 成功访问 (HTTP 200)
[2025/10/25 18:58:14] [INFO] 等待 9063ms...
[2025/10/25 18:58:23] [INFO] 
[14/24] 正在验证: C25217104_1021_M
[2025/10/25 18:58:23] [INFO] URL: https://www.callawaygolf.jp/mens/tops/outer/C25217104_.html?pid=C25217104_1021_M
[2025/10/25 18:58:28] [SUCCESS] ✓ 成功访问 (HTTP 200)
[2025/10/25 18:58:28] [INFO] 等待 8023ms...
[2025/10/25 18:58:36] [INFO] 
[15/24] 正在验证: C25216104_1010_M
[2025/10/25 18:58:36] [INFO] URL: https://www.callawaygolf.jp/mens/tops/outer/C25216104_.html?pid=C25216104_1010_M
[2025/10/25 18:58:39] [SUCCESS] ✓ 成功访问 (HTTP 200)
[2025/10/25 18:58:39] [INFO] 等待 8263ms...
[2025/10/25 18:58:48] [INFO] 已处理 15 个URL，额外等待 20 秒...
[2025/10/25 18:59:08] [INFO] 
[16/24] 正在验证: C25215106_1030_M
[2025/10/25 18:59:08] [INFO] URL: https://www.callawaygolf.jp/mens/tops/outer/C25215106_.html?pid=C25215106_1030_M
[2025/10/25 18:59:11] [SUCCESS] ✓ 成功访问 (HTTP 200)
[2025/10/25 18:59:11] [INFO] 等待 9187ms...
[2025/10/25 18:59:21] [INFO] 
[17/24] 正在验证: C25215103_1040_M
[2025/10/25 18:59:21] [INFO] URL: https://www.callawaygolf.jp/mens/tops/outer/C25215103_.html?pid=C25215103_1040_M
[2025/10/25 18:59:25] [SUCCESS] ✓ 成功访问 (HTTP 200)
[2025/10/25 18:59:25] [INFO] 等待 10350ms...
[2025/10/25 18:59:35] [INFO] 
[18/24] 正在验证: C25215104_1010_M
[2025/10/25 18:59:35] [INFO] URL: https://www.callawaygolf.jp/mens/tops/outer/C25215104_.html?pid=C25215104_1010_M
[2025/10/25 18:59:38] [SUCCESS] ✓ 成功访问 (HTTP 200)
[2025/10/25 18:59:38] [INFO] 等待 10082ms...
[2025/10/25 18:59:48] [INFO] 
[19/24] 正在验证: C25217107_1010_M
[2025/10/25 18:59:48] [INFO] URL: https://www.callawaygolf.jp/mens/tops/outer/C25217107_.html?pid=C25217107_1010_M
[2025/10/25 18:59:51] [SUCCESS] ✓ 成功访问 (HTTP 200)
[2025/10/25 18:59:51] [INFO] 等待 8085ms...
[2025/10/25 18:59:59] [INFO] 
[20/24] 正在验证: C25217103_1110_M
[2025/10/25 18:59:59] [INFO] URL: https://www.callawaygolf.jp/mens/tops/outer/C25217103_.html?pid=C25217103_1110_M
[2025/10/25 19:00:03] [SUCCESS] ✓ 成功访问 (HTTP 200)
[2025/10/25 19:00:03] [INFO] 等待 10711ms...
[2025/10/25 19:00:13] [INFO] 已处理 20 个URL，额外等待 20 秒...
[2025/10/25 19:00:33] [INFO] 
[21/24] 正在验证: C25217102_1031_M
[2025/10/25 19:00:33] [INFO] URL: https://www.callawaygolf.jp/mens/tops/outer/C25217102_.html?pid=C25217102_1031_M
[2025/10/25 19:00:37] [SUCCESS] ✓ 成功访问 (HTTP 200)
[2025/10/25 19:00:37] [INFO] 等待 10213ms...
[2025/10/25 19:00:47] [INFO] 
[22/24] 正在验证: C25215101_1120_M
[2025/10/25 19:00:47] [INFO] URL: https://www.callawaygolf.jp/mens/tops/outer/C25215101_.html?pid=C25215101_1120_M
[2025/10/25 19:00:50] [SUCCESS] ✓ 成功访问 (HTTP 200)
[2025/10/25 19:00:50] [INFO] 等待 9253ms...
[2025/10/25 19:01:00] [INFO] 
[23/24] 正在验证: C25215102_1180_M
[2025/10/25 19:01:00] [INFO] URL: https://www.callawaygolf.jp/mens/tops/outer/C25215102_.html?pid=C25215102_1180_M
[2025/10/25 19:01:03] [SUCCESS] ✓ 成功访问 (HTTP 200)
[2025/10/25 19:01:03] [INFO] 等待 8354ms...
[2025/10/25 19:01:11] [INFO] 
[24/24] 正在验证: C25217100_1030_M
[2025/10/25 19:01:11] [INFO] URL: https://www.callawaygolf.jp/mens/tops/outer/C25217100_.html?pid=C25217100_1030_M
[2025/10/25 19:01:13] [SUCCESS] ✓ 成功访问 (HTTP 200)
[2025/10/25 19:01:13] [INFO] 等待 11508ms...
[2025/10/25 19:01:25] [INFO] 
========== 验证完成 ==========
[2025/10/25 19:01:25] [INFO] 总URL数: 24
[2025/10/25 19:01:25] [INFO] 成功数: 24
[2025/10/25 19:01:25] [INFO] 失败数: 0
[2025/10/25 19:01:25] [INFO] 429重试成功数: 0
[2025/10/25 19:01:25] [INFO] 成功率: 100.00%
[2025/10/25 19:01:25] [INFO] 
结果已保存到: /Users/sanshui/Desktop/cursor/CallawayJP/results/mens_tops_large_url_verification.json