[2025-10-25T16:43:36.876Z] 开始抓取分类: mens_tops
[2025-10-25T16:43:36.878Z] 访问URL: https://www.callawaygolf.jp/apparel/mens/tops/
[2025-10-25T16:43:44.119Z] 页面加载完成，开始收集商品信息
[2025-10-25T16:43:44.125Z] 执行滚动操作 #1
[2025-10-25T16:43:46.145Z] 当前收集到商品数: 24
[2025-10-25T16:43:46.165Z] 未找到"さらに表示"按钮
[2025-10-25T16:43:46.168Z] 执行滚动操作 #1
[2025-10-25T16:43:48.205Z] 当前收集到商品数: 24
[2025-10-25T16:43:48.205Z] 没有新商品加载 (1次)
[2025-10-25T16:43:48.215Z] 未找到"さらに表示"按钮
[2025-10-25T16:43:48.230Z] 执行滚动操作 #1
[2025-10-25T16:43:50.244Z] 当前收集到商品数: 24
[2025-10-25T16:43:50.245Z] 没有新商品加载 (2次)
[2025-10-25T16:43:50.247Z] 未找到"さらに表示"按钮
[2025-10-25T16:43:50.249Z] 执行滚动操作 #1
[2025-10-25T16:43:53.019Z] 当前收集到商品数: 24
[2025-10-25T16:43:53.021Z] 没有新商品加载 (3次)
[2025-10-25T16:43:53.181Z] 未找到"さらに表示"按钮
[2025-10-25T16:43:53.184Z] 商品加载完成
[2025-10-25T16:43:53.191Z] 
抓取完成统计:
[2025-10-25T16:43:53.192Z] - 总计点击"さらに表示": 0次
[2025-10-25T16:43:53.192Z] - 页面显示商品数: 1
[2025-10-25T16:43:53.192Z] - 实际抓取商品数: 24
[2025-10-25T16:43:53.193Z] 
数据已保存到: /Users/sanshui/Desktop/cursor/CallawayJP/results/raw_links_mens_tops_2025-10-25T16-43-36.json
