[2025-10-25T16:40:20.966Z] 开始抓取分类: mens_tops
[2025-10-25T16:40:20.967Z] 访问URL: https://www.callawaygolf.jp/apparel/mens/tops/
[2025-10-25T16:40:30.062Z] 页面加载完成，开始探测页面结构
[2025-10-25T16:40:33.217Z] 页面结构探测结果:
[2025-10-25T16:40:33.218Z] - 标题: メンズトップス【キャロウェイ公式サイト】| アパレル オンラインストア Callaway
[2025-10-25T16:40:33.218Z] - 找到商品选择器: [class*="product"]
[2025-10-25T16:40:33.219Z] - 当前页面商品数: 24
[2025-10-25T16:40:33.219Z] - 页面显示总数: 1
[2025-10-25T16:40:33.219Z] - "さらに表示"按钮: 未找到
[2025-10-25T16:40:33.220Z] 执行滚动操作 #1
[2025-10-25T16:40:35.226Z] 当前收集到商品数: 0
[2025-10-25T16:40:35.226Z] 没有新商品加载 (1次)
[2025-10-25T16:40:35.228Z] 发现"さらに表示"按钮，准备点击
[2025-10-25T16:40:35.882Z] 点击"さらに表示"按钮成功 (第1次)
[2025-10-25T16:40:38.882Z] 执行滚动操作 #2
[2025-10-25T16:40:40.890Z] 当前收集到商品数: 0
[2025-10-25T16:40:40.890Z] 没有新商品加载 (1次)
[2025-10-25T16:40:40.892Z] 未找到可点击的"さらに表示"按钮
[2025-10-25T16:40:40.892Z] 执行滚动操作 #2
[2025-10-25T16:40:42.901Z] 当前收集到商品数: 0
[2025-10-25T16:40:42.902Z] 没有新商品加载 (2次)
[2025-10-25T16:40:42.909Z] 发现"さらに表示"按钮，准备点击
[2025-10-25T16:40:43.548Z] 点击"さらに表示"按钮成功 (第2次)
[2025-10-25T16:40:46.550Z] 执行滚动操作 #3
[2025-10-25T16:40:48.558Z] 当前收集到商品数: 0
[2025-10-25T16:40:48.558Z] 没有新商品加载 (1次)
[2025-10-25T16:40:48.561Z] 未找到可点击的"さらに表示"按钮
[2025-10-25T16:40:48.561Z] 执行滚动操作 #3
[2025-10-25T16:40:50.703Z] 当前收集到商品数: 0
[2025-10-25T16:40:50.704Z] 没有新商品加载 (2次)
[2025-10-25T16:40:50.752Z] 发现"さらに表示"按钮，准备点击
[2025-10-25T16:40:51.437Z] 点击"さらに表示"按钮成功 (第3次)
[2025-10-25T16:40:54.439Z] 执行滚动操作 #4
[2025-10-25T16:40:56.445Z] 当前收集到商品数: 0
[2025-10-25T16:40:56.445Z] 没有新商品加载 (1次)
[2025-10-25T16:40:56.446Z] 未找到可点击的"さらに表示"按钮
[2025-10-25T16:40:56.447Z] 执行滚动操作 #4
[2025-10-25T16:40:58.510Z] 当前收集到商品数: 0
[2025-10-25T16:40:58.511Z] 没有新商品加载 (2次)
[2025-10-25T16:40:58.524Z] 发现"さらに表示"按钮，准备点击
[2025-10-25T16:40:59.263Z] 点击"さらに表示"按钮成功 (第4次)
[2025-10-25T16:41:02.265Z] 执行滚动操作 #5
[2025-10-25T16:41:04.273Z] 当前收集到商品数: 0
[2025-10-25T16:41:04.276Z] 没有新商品加载 (1次)
[2025-10-25T16:41:04.287Z] 未找到可点击的"さらに表示"按钮
[2025-10-25T16:41:04.294Z] 执行滚动操作 #5
[2025-10-25T16:41:06.318Z] 当前收集到商品数: 0
[2025-10-25T16:41:06.319Z] 没有新商品加载 (2次)
[2025-10-25T16:41:06.321Z] 未找到可点击的"さらに表示"按钮
[2025-10-25T16:41:06.321Z] 执行滚动操作 #5
[2025-10-25T16:41:08.326Z] 当前收集到商品数: 0
[2025-10-25T16:41:08.327Z] 没有新商品加载 (3次)
[2025-10-25T16:41:08.328Z] 未找到可点击的"さらに表示"按钮
[2025-10-25T16:41:08.328Z] 商品加载完成
[2025-10-25T16:41:08.329Z] 
抓取完成统计:
[2025-10-25T16:41:08.330Z] - 总计点击"さらに表示": 4次
[2025-10-25T16:41:08.330Z] - 页面最终商品数: 0
[2025-10-25T16:41:08.330Z] - 实际抓取商品数: 0
[2025-10-25T16:41:08.330Z] - 去重后商品数: 0
[2025-10-25T16:41:08.330Z] 
数据已保存到: /Users/sanshui/Desktop/cursor/CallawayJP/results/raw_links_mens_tops_2025-10-25T16-40-20.json
