[2025-10-25 14:21:22] 开始步骤3：清理飞书表中的所有重复记录
[2025-10-25 14:21:22] 步骤1: 加载最新快照数据
[2025-10-25 14:21:22] ✓ 加载快照文件: feishu_snapshot_after_cleanup_20251025_1303.json
[2025-10-25 14:21:22] ✓ 快照记录总数: 198
[2025-10-25 14:21:22] ✓ 发现重复商品ID: 42 个
[2025-10-25 14:21:22] 
步骤2: 开始处理重复记录清理
[2025-10-25 14:21:22] 保留策略: 保留创建时间最早的记录
[2025-10-25 14:21:22] ==================================================
[2025-10-25 14:21:22] 
[1/42] 处理商品ID: C25215100
[2025-10-25 14:21:24]   📊 发现 2 条重复记录
[2025-10-25 14:21:24]   保留记录: recv0BkCG1I34z (创建时间: 1761358943000)
[2025-10-25 14:21:24]   删除记录: recv0BKd4IOC6b (创建时间: 1761365041000)
[2025-10-25 14:21:25]   ✅ 批量删除成功: 1 条记录
[2025-10-25 14:21:25]   ✅ 商品 C25215100 去重完成
[2025-10-25 14:21:25] 
[2/42] 处理商品ID: C25216103
[2025-10-25 14:21:26]   📊 发现 2 条重复记录
[2025-10-25 14:21:26]   保留记录: recv0BkDv5Lh0f (创建时间: 1761358946000)
[2025-10-25 14:21:26]   删除记录: recv0BKdNgd9Bj (创建时间: 1761365043000)
[2025-10-25 14:21:28]   ✅ 批量删除成功: 1 条记录
[2025-10-25 14:21:28]   ✅ 商品 C25216103 去重完成
[2025-10-25 14:21:28] 
[3/42] 处理商品ID: C25215103
[2025-10-25 14:21:29]   📊 发现 2 条重复记录
[2025-10-25 14:21:29]   保留记录: recv0BkEckboo0 (创建时间: 1761358948000)
[2025-10-25 14:21:29]   删除记录: recv0BKeu9gYPN (创建时间: 1761365046000)
[2025-10-25 14:21:32]   ✅ 批量删除成功: 1 条记录
[2025-10-25 14:21:32]   ✅ 商品 C25215103 去重完成
[2025-10-25 14:21:32] 
[4/42] 处理商品ID: C25298104
[2025-10-25 14:21:33]   📊 发现 2 条重复记录
[2025-10-25 14:21:33]   保留记录: recv0BNsYJhG7q (创建时间: 1761365817000)
[2025-10-25 14:21:33]   删除记录: recv0BO58iZaVy (创建时间: 1761365963000)
[2025-10-25 14:21:34]   ✅ 批量删除成功: 1 条记录
[2025-10-25 14:21:34]   ✅ 商品 C25298104 去重完成
[2025-10-25 14:21:34] 
[5/42] 处理商品ID: C25226108
[2025-10-25 14:21:35]   📊 发现 2 条重复记录
[2025-10-25 14:21:35]   保留记录: recv0BNtMqlneD (创建时间: 1761365820000)
[2025-10-25 14:21:35]   删除记录: recv0BO5PanhNP (创建时间: 1761365966000)
[2025-10-25 14:21:37]   ✅ 批量删除成功: 1 条记录
[2025-10-25 14:21:37]   ✅ 商品 C25226108 去重完成
[2025-10-25 14:21:37]   ⏱️ 限速休息 1 秒...
[2025-10-25 14:21:38] 
[6/42] 处理商品ID: C25217103
[2025-10-25 14:21:39]   📊 发现 2 条重复记录
[2025-10-25 14:21:39]   保留记录: recv0BNutLYVZI (创建时间: 1761365822000)
[2025-10-25 14:21:39]   删除记录: recv0BO6wAFxh4 (创建时间: 1761365969000)
[2025-10-25 14:21:40]   ✅ 批量删除成功: 1 条记录
[2025-10-25 14:21:40]   ✅ 商品 C25217103 去重完成
[2025-10-25 14:21:40] 
[7/42] 处理商品ID: C25291120
[2025-10-25 14:21:42]   📊 发现 2 条重复记录
[2025-10-25 14:21:42]   保留记录: recv0BNvaQfWGi (创建时间: 1761365825000)
[2025-10-25 14:21:42]   删除记录: recv0BO7c5zL8a (创建时间: 1761365971000)
[2025-10-25 14:21:43]   ✅ 批量删除成功: 1 条记录
[2025-10-25 14:21:43]   ✅ 商品 C25291120 去重完成
[2025-10-25 14:21:43] 
[8/42] 处理商品ID: C25291108
[2025-10-25 14:21:44]   📊 发现 2 条重复记录
[2025-10-25 14:21:44]   保留记录: recv0BNvRPIVb8 (创建时间: 1761365828000)
[2025-10-25 14:21:44]   删除记录: recv0BO7Tseemi (创建时间: 1761365974000)
[2025-10-25 14:21:45]   ✅ 批量删除成功: 1 条记录
[2025-10-25 14:21:45]   ✅ 商品 C25291108 去重完成
[2025-10-25 14:21:45] 
[9/42] 处理商品ID: C25292104
[2025-10-25 14:21:46]   📊 发现 2 条重复记录
[2025-10-25 14:21:46]   保留记录: recv0BNwHqq7E7 (创建时间: 1761365831000)
[2025-10-25 14:21:46]   删除记录: recv0BO8znVX6V (创建时间: 1761365977000)
[2025-10-25 14:21:48]   ✅ 批量删除成功: 1 条记录
[2025-10-25 14:21:48]   ✅ 商品 C25292104 去重完成
[2025-10-25 14:21:48] 
[10/42] 处理商品ID: C25986120
[2025-10-25 14:21:48]   📊 发现 2 条重复记录
[2025-10-25 14:21:48]   保留记录: recv0BNxnKhOAx (创建时间: 1761365834000)
[2025-10-25 14:21:48]   删除记录: recv0BO9grW5VZ (创建时间: 1761365979000)
[2025-10-25 14:21:50]   ✅ 批量删除成功: 1 条记录
[2025-10-25 14:21:50]   ✅ 商品 C25986120 去重完成
[2025-10-25 14:21:50]   ⏱️ 限速休息 1 秒...
[2025-10-25 14:21:51] 
[11/42] 处理商品ID: C25233100
[2025-10-25 14:21:52]   📊 发现 2 条重复记录
[2025-10-25 14:21:52]   保留记录: recv0BNy5tncOz (创建时间: 1761365836000)
[2025-10-25 14:21:52]   删除记录: recv0BO9Xn3r3A (创建时间: 1761365982000)
[2025-10-25 14:21:53]   ✅ 批量删除成功: 1 条记录
[2025-10-25 14:21:53]   ✅ 商品 C25233100 去重完成
[2025-10-25 14:21:53] 
[12/42] 处理商品ID: C25233103
[2025-10-25 14:21:54]   📊 发现 2 条重复记录
[2025-10-25 14:21:54]   保留记录: recv0BNyQQjSji (创建时间: 1761365839000)
[2025-10-25 14:21:54]   删除记录: recv0BOaE8qZaz (创建时间: 1761365985000)
[2025-10-25 14:21:55]   ✅ 批量删除成功: 1 条记录
[2025-10-25 14:21:55]   ✅ 商品 C25233103 去重完成
[2025-10-25 14:21:55] 
[13/42] 处理商品ID: C24932100
[2025-10-25 14:21:56]   📊 发现 2 条重复记录
[2025-10-25 14:21:56]   保留记录: recv0BNzyBPa96 (创建时间: 1761365842000)
[2025-10-25 14:21:56]   删除记录: recv0BObkNLl1i (创建时间: 1761365987000)
[2025-10-25 14:21:57]   ✅ 批量删除成功: 1 条记录
[2025-10-25 14:21:57]   ✅ 商品 C24932100 去重完成
[2025-10-25 14:21:57] 
[14/42] 处理商品ID: C25226110
[2025-10-25 14:21:58]   📊 发现 2 条重复记录
[2025-10-25 14:21:58]   保留记录: recv0BNAp8S0tZ (创建时间: 1761365845000)
[2025-10-25 14:21:58]   删除记录: recv0BOc31ELrA (创建时间: 1761365990000)
[2025-10-25 14:21:59]   ✅ 批量删除成功: 1 条记录
[2025-10-25 14:21:59]   ✅ 商品 C25226110 去重完成
[2025-10-25 14:21:59] 
[15/42] 处理商品ID: C25298103
[2025-10-25 14:22:00]   📊 发现 2 条重复记录
[2025-10-25 14:22:00]   保留记录: recv0BNB5Y3xE9 (创建时间: 1761365848000)
[2025-10-25 14:22:00]   删除记录: recv0BOcJIaP9M (创建时间: 1761365993000)
[2025-10-25 14:22:01]   ✅ 批量删除成功: 1 条记录
[2025-10-25 14:22:01]   ✅ 商品 C25298103 去重完成
[2025-10-25 14:22:01]   ⏱️ 限速休息 1 秒...
[2025-10-25 14:22:02] 
[16/42] 处理商品ID: C25990109
[2025-10-25 14:22:03]   📊 发现 2 条重复记录
[2025-10-25 14:22:03]   保留记录: recv0BNBMPthdh (创建时间: 1761365851000)
[2025-10-25 14:22:03]   删除记录: recv0BOdqs20Yx (创建时间: 1761365995000)
[2025-10-25 14:22:05]   ✅ 批量删除成功: 1 条记录
[2025-10-25 14:22:05]   ✅ 商品 C25990109 去重完成
[2025-10-25 14:22:05] 
[17/42] 处理商品ID: C25218107
[2025-10-25 14:22:05]   📊 发现 2 条重复记录
[2025-10-25 14:22:05]   保留记录: recv0BNCvwISH7 (创建时间: 1761365853000)
[2025-10-25 14:22:05]   删除记录: recv0BOe7BiMZh (创建时间: 1761365998000)
[2025-10-25 14:22:07]   ✅ 批量删除成功: 1 条记录
[2025-10-25 14:22:07]   ✅ 商品 C25218107 去重完成
[2025-10-25 14:22:07] 
[18/42] 处理商品ID: C25291152
[2025-10-25 14:22:08]   📊 发现 2 条重复记录
[2025-10-25 14:22:08]   保留记录: recv0BNDdfOP38 (创建时间: 1761365856000)
[2025-10-25 14:22:08]   删除记录: recv0BOeONPO1F (创建时间: 1761366001000)
[2025-10-25 14:22:09]   ✅ 批量删除成功: 1 条记录
[2025-10-25 14:22:09]   ✅ 商品 C25291152 去重完成
[2025-10-25 14:22:09] 
[19/42] 处理商品ID: C25219101
[2025-10-25 14:22:10]   📊 发现 2 条重复记录
[2025-10-25 14:22:10]   保留记录: recv0BNEC4jsZV (创建时间: 1761365861000)
[2025-10-25 14:22:10]   删除记录: recv0BOh40pCOT (创建时间: 1761366009000)
[2025-10-25 14:22:12]   ✅ 批量删除成功: 1 条记录
[2025-10-25 14:22:12]   ✅ 商品 C25219101 去重完成
[2025-10-25 14:22:12] 
[20/42] 处理商品ID: C25134183
[2025-10-25 14:22:13]   📊 发现 2 条重复记录
[2025-10-25 14:22:13]   保留记录: recv0BNFht049R (创建时间: 1761365864000)
[2025-10-25 14:22:13]   删除记录: recv0BOhLb6Rml (创建时间: 1761366012000)
[2025-10-25 14:22:14]   ✅ 批量删除成功: 1 条记录
[2025-10-25 14:22:14]   ✅ 商品 C25134183 去重完成
[2025-10-25 14:22:14]   ⏱️ 限速休息 1 秒...
[2025-10-25 14:22:15] 
[21/42] 处理商品ID: C25216100
[2025-10-25 14:22:16]   📊 发现 2 条重复记录
[2025-10-25 14:22:16]   保留记录: recv0BNFXFl0wh (创建时间: 1761365867000)
[2025-10-25 14:22:16]   删除记录: recv0BOiqZOGh1 (创建时间: 1761366014000)
[2025-10-25 14:22:17]   ✅ 批量删除成功: 1 条记录
[2025-10-25 14:22:17]   ✅ 商品 C25216100 去重完成
[2025-10-25 14:22:17] 
[22/42] 处理商品ID: C25226180
[2025-10-25 14:22:19]   📊 发现 2 条重复记录
[2025-10-25 14:22:19]   保留记录: recv0BNGEBsCSv (创建时间: 1761365869000)
[2025-10-25 14:22:19]   删除记录: recv0BOj8iv7a1 (创建时间: 1761366017000)
[2025-10-25 14:22:20]   ✅ 批量删除成功: 1 条记录
[2025-10-25 14:22:20]   ✅ 商品 C25226180 去重完成
[2025-10-25 14:22:20] 
[23/42] 处理商品ID: C25233110
[2025-10-25 14:22:21]   📊 发现 2 条重复记录
[2025-10-25 14:22:21]   保留记录: recv0BNHkYsx8G (创建时间: 1761365872000)
[2025-10-25 14:22:21]   删除记录: recv0BOjOeSdUv (创建时间: 1761366020000)
[2025-10-25 14:22:22]   ✅ 批量删除成功: 1 条记录
[2025-10-25 14:22:22]   ✅ 商品 C25233110 去重完成
[2025-10-25 14:22:22] 
[24/42] 处理商品ID: C25291114
[2025-10-25 14:22:24]   📊 发现 2 条重复记录
[2025-10-25 14:22:24]   保留记录: recv0BNI10ZnQm (创建时间: 1761365875000)
[2025-10-25 14:22:24]   删除记录: recv0BOkvMD1ot (创建时间: 1761366022000)
[2025-10-25 14:22:25]   ✅ 批量删除成功: 1 条记录
[2025-10-25 14:22:25]   ✅ 商品 C25291114 去重完成
[2025-10-25 14:22:25] 
[25/42] 处理商品ID: C25291104
[2025-10-25 14:22:26]   📊 发现 2 条重复记录
[2025-10-25 14:22:26]   保留记录: recv0BNILunxFV (创建时间: 1761365877000)
[2025-10-25 14:22:26]   删除记录: recv0BOlbHnk1t (创建时间: 1761366025000)
[2025-10-25 14:22:27]   ✅ 批量删除成功: 1 条记录
[2025-10-25 14:22:27]   ✅ 商品 C25291104 去重完成
[2025-10-25 14:22:27]   ⏱️ 限速休息 1 秒...
[2025-10-25 14:22:28] 
[26/42] 处理商品ID: C25233113
[2025-10-25 14:22:29]   📊 发现 2 条重复记录
[2025-10-25 14:22:29]   保留记录: recv0BNJrOMyat (创建时间: 1761365880000)
[2025-10-25 14:22:29]   删除记录: recv0BOlVN4pAy (创建时间: 1761366028000)
[2025-10-25 14:22:30]   ✅ 批量删除成功: 1 条记录
[2025-10-25 14:22:30]   ✅ 商品 C25233113 去重完成
[2025-10-25 14:22:30] 
[27/42] 处理商品ID: C25291109
[2025-10-25 14:22:31]   📊 发现 2 条重复记录
[2025-10-25 14:22:31]   保留记录: recv0BNK7kpx4l (创建时间: 1761365883000)
[2025-10-25 14:22:31]   删除记录: recv0BOmDstAkP (创建时间: 1761366031000)
[2025-10-25 14:22:33]   ✅ 批量删除成功: 1 条记录
[2025-10-25 14:22:33]   ✅ 商品 C25291109 去重完成
[2025-10-25 14:22:33] 
[28/42] 处理商品ID: C24986120
[2025-10-25 14:22:33]   📊 发现 2 条重复记录
[2025-10-25 14:22:33]   保留记录: recv0BNKPf5gak (创建时间: 1761365885000)
[2025-10-25 14:22:33]   删除记录: recv0BOnk8qYaa (创建时间: 1761366033000)
[2025-10-25 14:22:35]   ✅ 批量删除成功: 1 条记录
[2025-10-25 14:22:35]   ✅ 商品 C24986120 去重完成
[2025-10-25 14:22:35] 
[29/42] 处理商品ID: C25218103
[2025-10-25 14:22:36]   📊 发现 2 条重复记录
[2025-10-25 14:22:36]   保留记录: recv0BNLvn5eNu (创建时间: 1761365888000)
[2025-10-25 14:22:36]   删除记录: recv0BOo09Wxj6 (创建时间: 1761366036000)
[2025-10-25 14:22:37]   ✅ 批量删除成功: 1 条记录
[2025-10-25 14:22:37]   ✅ 商品 C25218103 去重完成
[2025-10-25 14:22:37] 
[30/42] 处理商品ID: C25226103
[2025-10-25 14:22:38]   📊 发现 2 条重复记录
[2025-10-25 14:22:38]   保留记录: recv0BNMbAxcwS (创建时间: 1761365891000)
[2025-10-25 14:22:38]   删除记录: recv0BOoFI4VxG (创建时间: 1761366038000)
[2025-10-25 14:22:39]   ✅ 批量删除成功: 1 条记录
[2025-10-25 14:22:39]   ✅ 商品 C25226103 去重完成
[2025-10-25 14:22:39]   ⏱️ 限速休息 1 秒...
[2025-10-25 14:22:40] 
[31/42] 处理商品ID: C25298100
[2025-10-25 14:22:41]   📊 发现 2 条重复记录
[2025-10-25 14:22:41]   保留记录: recv0BNMSM0ih5 (创建时间: 1761365893000)
[2025-10-25 14:22:41]   删除记录: recv0BOpp8qHZ5 (创建时间: 1761366041000)
[2025-10-25 14:22:42]   ✅ 批量删除成功: 1 条记录
[2025-10-25 14:22:42]   ✅ 商品 C25298100 去重完成
[2025-10-25 14:22:42] 
[32/42] 处理商品ID: C25233107
[2025-10-25 14:22:43]   📊 发现 2 条重复记录
[2025-10-25 14:22:43]   保留记录: recv0BNNzPQnyB (创建时间: 1761365896000)
[2025-10-25 14:22:43]   删除记录: recv0BOq52Pbu8 (创建时间: 1761366044000)
[2025-10-25 14:22:44]   ✅ 批量删除成功: 1 条记录
[2025-10-25 14:22:44]   ✅ 商品 C25233107 去重完成
[2025-10-25 14:22:44] 
[33/42] 处理商品ID: C25993100
[2025-10-25 14:22:45]   📊 发现 2 条重复记录
[2025-10-25 14:22:45]   保留记录: recv0BNOgBz02n (创建时间: 1761365899000)
[2025-10-25 14:22:45]   删除记录: recv0BOqLddlCP (创建时间: 1761366046000)
[2025-10-25 14:22:47]   ✅ 批量删除成功: 1 条记录
[2025-10-25 14:22:47]   ✅ 商品 C25993100 去重完成
[2025-10-25 14:22:47] 
[34/42] 处理商品ID: C25293101
[2025-10-25 14:22:47]   📊 发现 2 条重复记录
[2025-10-25 14:22:47]   保留记录: recv0BNOWe2P8G (创建时间: 1761365901000)
[2025-10-25 14:22:47]   删除记录: recv0BOrsmscWR (创建时间: 1761366049000)
[2025-10-25 14:22:49]   ✅ 批量删除成功: 1 条记录
[2025-10-25 14:22:49]   ✅ 商品 C25293101 去重完成
[2025-10-25 14:22:49] 
[35/42] 处理商品ID: C25134182
[2025-10-25 14:22:50]   📊 发现 2 条重复记录
[2025-10-25 14:22:50]   保留记录: recv0BNPCwS1Y5 (创建时间: 1761365904000)
[2025-10-25 14:22:50]   删除记录: recv0BOs99zXzZ (创建时间: 1761366052000)
[2025-10-25 14:22:51]   ✅ 批量删除成功: 1 条记录
[2025-10-25 14:22:51]   ✅ 商品 C25134182 去重完成
[2025-10-25 14:22:51]   ⏱️ 限速休息 1 秒...
[2025-10-25 14:22:52] 
[36/42] 处理商品ID: C25291106
[2025-10-25 14:22:53]   📊 发现 2 条重复记录
[2025-10-25 14:22:53]   保留记录: recv0BNRTSmKYV (创建时间: 1761365912000)
[2025-10-25 14:22:53]   删除记录: recv0BOtwDfqyG (创建时间: 1761366057000)
[2025-10-25 14:22:55]   ✅ 批量删除成功: 1 条记录
[2025-10-25 14:22:55]   ✅ 商品 C25291106 去重完成
[2025-10-25 14:22:55] 
[37/42] 处理商品ID: C25298102
[2025-10-25 14:22:56]   📊 发现 2 条重复记录
[2025-10-25 14:22:56]   保留记录: recv0BNSzYuUId (创建时间: 1761365915000)
[2025-10-25 14:22:56]   删除记录: recv0BOubOCbn3 (创建时间: 1761366060000)
[2025-10-25 14:22:57]   ✅ 批量删除成功: 1 条记录
[2025-10-25 14:22:57]   ✅ 商品 C25298102 去重完成
[2025-10-25 14:22:57] 
[38/42] 处理商品ID: C25234109
[2025-10-25 14:22:58]   📊 发现 2 条重复记录
[2025-10-25 14:22:58]   保留记录: recv0BNTg4ksFS (创建时间: 1761365918000)
[2025-10-25 14:22:58]   删除记录: recv0BOuSOhyGX (创建时间: 1761366062000)
[2025-10-25 14:23:00]   ✅ 批量删除成功: 1 条记录
[2025-10-25 14:23:00]   ✅ 商品 C25234109 去重完成
[2025-10-25 14:23:00] 
[39/42] 处理商品ID: C25226117
[2025-10-25 14:23:01]   📊 发现 2 条重复记录
[2025-10-25 14:23:01]   保留记录: recv0BNTXDJMHO (创建时间: 1761365920000)
[2025-10-25 14:23:01]   删除记录: recv0BOvAxKRK6 (创建时间: 1761366065000)
[2025-10-25 14:23:03]   ✅ 批量删除成功: 1 条记录
[2025-10-25 14:23:03]   ✅ 商品 C25226117 去重完成
[2025-10-25 14:23:03] 
[40/42] 处理商品ID: C25291110
[2025-10-25 14:23:03]   📊 发现 2 条重复记录
[2025-10-25 14:23:03]   保留记录: recv0BNWdXqjZn (创建时间: 1761365929000)
[2025-10-25 14:23:03]   删除记录: recv0BOwWQ9fyN (创建时间: 1761366070000)
[2025-10-25 14:23:05]   ✅ 批量删除成功: 1 条记录
[2025-10-25 14:23:05]   ✅ 商品 C25291110 去重完成
[2025-10-25 14:23:05]   ⏱️ 限速休息 1 秒...
[2025-10-25 14:23:06] 
[41/42] 处理商品ID: C24932101
[2025-10-25 14:23:07]   📊 发现 2 条重复记录
[2025-10-25 14:23:07]   保留记录: recv0BNWUe4SgK (创建时间: 1761365932000)
[2025-10-25 14:23:07]   删除记录: recv0BOxEyRQS9 (创建时间: 1761366073000)
[2025-10-25 14:23:08]   ✅ 批量删除成功: 1 条记录
[2025-10-25 14:23:08]   ✅ 商品 C24932101 去重完成
[2025-10-25 14:23:08] 
[42/42] 处理商品ID: C25293104
[2025-10-25 14:23:09]   📊 发现 2 条重复记录
[2025-10-25 14:23:09]   保留记录: recv0BNXAdY5HQ (创建时间: 1761365934000)
[2025-10-25 14:23:09]   删除记录: recv0BOyl0Z6Jg (创建时间: 1761366076000)
[2025-10-25 14:23:11]   ✅ 批量删除成功: 1 条记录
[2025-10-25 14:23:11]   ✅ 商品 C25293104 去重完成
[2025-10-25 14:23:11] 
==================================================
[2025-10-25 14:23:11] ✅ 清理处理完成
[2025-10-25 14:23:11] 📊 成功处理: 42 个商品ID
[2025-10-25 14:23:11] ❌ 失败处理: 0 个商品ID
[2025-10-25 14:23:11] 🗑️ 总删除记录: 42 条
[2025-10-25 14:23:11] 
步骤3: 生成清理后全量快照
[2025-10-25 14:23:12]   拉取第1页: 156 条记录
[2025-10-25 14:23:12] ✓ 最终快照已保存: CallawayJP/feishu_snapshot_after_full_cleanup_20251025_1421.json
[2025-10-25 14:23:12] 
步骤4: 生成清理报告
[2025-10-25 14:23:12] ✓ 清理报告已保存: CallawayJP/results/feishu_cleanup_step3_report_20251025_1421.md
[2025-10-25 14:23:12] 
============================================================
[2025-10-25 14:23:12] 步骤3清理结果摘要
[2025-10-25 14:23:12] ============================================================
[2025-10-25 14:23:12] 清理前总记录数: 198
[2025-10-25 14:23:12] 清理后总记录数: 156
[2025-10-25 14:23:12] 删除记录数: 42
[2025-10-25 14:23:12] 清理前重复商品ID: 42
[2025-10-25 14:23:12] 清理后重复商品ID: 0
[2025-10-25 14:23:12] 成功处理商品ID: 42
[2025-10-25 14:23:12] 失败处理商品ID: 0
[2025-10-25 14:23:12] 
🎯 步骤3结果: ✅ 完全成功
[2025-10-25 14:23:12] 📄 详细日志: CallawayJP/sync_logs/step3_cleanup_20251025_1421.log
[2025-10-25 14:23:12] 📊 清理报告: CallawayJP/results/feishu_cleanup_step3_report_20251025_1421.md
[2025-10-25 14:23:12] 📄 最终快照: CallawayJP/feishu_snapshot_after_full_cleanup_20251025_1421.json
[2025-10-25 14:23:12] ============================================================
