[2025-10-25T04:13:06.105Z] [INFO] 启动浏览器...
[2025-10-25T04:13:06.933Z] [INFO] 浏览器初始化完成
[2025-10-25T04:13:06.952Z] [INFO] 步骤1: 读取页面显示的搜索结果总数...
[2025-10-25T04:13:16.429Z] [INFO] 未找到明确的搜索结果数字，尝试从页面文本中提取...
[2025-10-25T04:13:16.458Z] [INFO] 从页面文本中提取到可能的总数: 222 (上下文: "222 検索結果")
[2025-10-25T04:13:16.458Z] [INFO] ✓ 页面显示总数已记录: 222
[2025-10-25T04:13:16.458Z] [INFO] 步骤2: 执行滚动+"表示更多"循环...
[2025-10-25T04:13:19.489Z] [INFO] 当前页面商品数量: 24
[2025-10-25T04:13:20.646Z] [INFO] ✓ 点击"表示更多"按钮 1 次 (选择器: button:has-text("さらに表示"))
[2025-10-25T04:13:26.655Z] [INFO] 当前页面商品数量: 48
[2025-10-25T04:13:26.777Z] [INFO] ✓ 点击"表示更多"按钮 2 次 (选择器: button:has-text("さらに表示"))
[2025-10-25T04:13:32.787Z] [INFO] 当前页面商品数量: 66
[2025-10-25T04:13:32.929Z] [INFO] ✓ 点击"表示更多"按钮 3 次 (选择器: button:has-text("さらに表示"))
[2025-10-25T04:13:38.939Z] [INFO] 当前页面商品数量: 76
[2025-10-25T04:13:39.093Z] [INFO] ✓ 点击"表示更多"按钮 4 次 (选择器: button:has-text("さらに表示"))
[2025-10-25T04:13:45.104Z] [INFO] 当前页面商品数量: 90
[2025-10-25T04:13:45.276Z] [INFO] ✓ 点击"表示更多"按钮 5 次 (选择器: button:has-text("さらに表示"))
[2025-10-25T04:13:51.283Z] [INFO] 当前页面商品数量: 107
[2025-10-25T04:13:51.503Z] [INFO] ✓ 点击"表示更多"按钮 6 次 (选择器: button:has-text("さらに表示"))
[2025-10-25T04:13:57.517Z] [INFO] 当前页面商品数量: 120
[2025-10-25T04:13:57.815Z] [INFO] ✓ 点击"表示更多"按钮 7 次 (选择器: button:has-text("さらに表示"))
[2025-10-25T04:14:03.832Z] [INFO] 当前页面商品数量: 137
[2025-10-25T04:14:04.171Z] [INFO] ✓ 点击"表示更多"按钮 8 次 (选择器: button:has-text("さらに表示"))
[2025-10-25T04:14:10.184Z] [INFO] 当前页面商品数量: 148
[2025-10-25T04:14:10.572Z] [INFO] ✓ 点击"表示更多"按钮 9 次 (选择器: button:has-text("さらに表示"))
[2025-10-25T04:14:16.588Z] [INFO] 当前页面商品数量: 154
[2025-10-25T04:14:19.643Z] [INFO] 当前页面商品数量: 154
[2025-10-25T04:14:19.669Z] [INFO] 商品数量连续 1 轮未变化 (154)
[2025-10-25T04:14:19.670Z] [INFO] 未找到"表示更多"按钮且商品数量不变，停止循环
[2025-10-25T04:14:19.671Z] [INFO] 滚动循环完成，最终商品数量: 154
[2025-10-25T04:14:19.671Z] [INFO] 总点击"表示更多"次数: 9
[2025-10-25T04:14:19.671Z] [INFO] 步骤3: 提取所有商品数据...
[2025-10-25T04:14:19.680Z] [INFO] ✓ 提取到 154 个商品
[2025-10-25T04:14:19.680Z] [INFO] 步骤4: 验证数量匹配...
[2025-10-25T04:14:19.680Z] [ERROR] ✗ 数量验证失败：抓取数量(154) < 页面显示数量(222)
[2025-10-25T04:14:19.680Z] [ERROR] 数量缺口: 68 个商品
[2025-10-25T04:14:23.192Z] [INFO] 页面截图已保存: CallawayJP/results/page_screenshot_2025-10-25_04-13-06.png
[2025-10-25T04:14:23.239Z] [INFO] 页面HTML已保存: CallawayJP/results/page_content_2025-10-25_04-13-06.html
[2025-10-25T04:14:23.240Z] [INFO] 结果已保存:
[2025-10-25T04:14:23.240Z] [INFO] - 详细结果: CallawayJP/results/strict_verification_results_2025-10-25_04-13-06.json
[2025-10-25T04:14:23.240Z] [INFO] - 商品数据: CallawayJP/results/callaway_verified_products_2025-10-25_04-13-06.json
[2025-10-25T04:14:23.398Z] [INFO] 浏览器已关闭
