[2025-10-25 12:55:24] ============================================================
[2025-10-25 12:55:24] 开始同步测试商品
[2025-10-25 12:55:24] ============================================================
[2025-10-25 12:55:24] ✓ 获取并缓存飞书token成功
[2025-10-25 12:55:25] 📊 同步前表格记录数: 205
[2025-10-25 12:55:25] 
[1/3] 处理商品: C25215107
[2025-10-25 12:55:25] 
==================================================
[2025-10-25 12:55:25] 🚀 开始智能同步商品: C25215107
[2025-10-25 12:55:25] 🔍 搜索商品ID: C25215107
[2025-10-25 12:55:25]   ✅ 搜索成功，找到 3 条记录
[2025-10-25 12:55:25]     - Record ID: recv0BkB4taVCc
[2025-10-25 12:55:25]       商品链接: https://www.callawaygolf.jp/mens/tops/outer/C25215...
[2025-10-25 12:55:25]     - Record ID: recv0BKbEEYxWX
[2025-10-25 12:55:25]       商品链接: https://www.callawaygolf.jp/mens/tops/outer/C25215...
[2025-10-25 12:55:25]     - Record ID: recv0BVkvmAKEO
[2025-10-25 12:55:25]       商品链接: https://www.callawaygolf.jp/clubs/drivers/test1.ht...
[2025-10-25 12:55:25] ⚠️ 商品 C25215107 存在 3 条重复记录
[2025-10-25 12:55:25] 🔄 尝试批量更新记录: recv0BkB4taVCc
[2025-10-25 12:55:26]   - HTTP状态码: 200
[2025-10-25 12:55:26]   ✅ 批量更新成功 C25215107
[2025-10-25 12:55:26] 🗑️ 删除 2 条重复记录
[2025-10-25 12:55:28]   ✅ 删除成功 2 条重复记录
[2025-10-25 12:55:29] 
[2/3] 处理商品: C25215106
[2025-10-25 12:55:29] 
==================================================
[2025-10-25 12:55:29] 🚀 开始智能同步商品: C25215106
[2025-10-25 12:55:29] 🔍 搜索商品ID: C25215106
[2025-10-25 12:55:29]   ✅ 搜索成功，找到 3 条记录
[2025-10-25 12:55:29]     - Record ID: recv0BkBLSFoP3
[2025-10-25 12:55:29]       商品链接: https://www.callawaygolf.jp/mens/tops/outer/C25215...
[2025-10-25 12:55:29]     - Record ID: recv0BKclo3VUp
[2025-10-25 12:55:29]       商品链接: https://www.callawaygolf.jp/mens/tops/outer/C25215...
[2025-10-25 12:55:29]     - Record ID: recv0BVkW784FK
[2025-10-25 12:55:29]       商品链接: https://www.callawaygolf.jp/clubs/drivers/test2.ht...
[2025-10-25 12:55:29] ⚠️ 商品 C25215106 存在 3 条重复记录
[2025-10-25 12:55:29] 🔄 尝试批量更新记录: recv0BkBLSFoP3
[2025-10-25 12:55:31]   - HTTP状态码: 200
[2025-10-25 12:55:31]   ✅ 批量更新成功 C25215106
[2025-10-25 12:55:31] 🗑️ 删除 2 条重复记录
[2025-10-25 12:55:32]   ✅ 删除成功 2 条重复记录
[2025-10-25 12:55:33] 
[3/3] 处理商品: C99999999
[2025-10-25 12:55:33] 
==================================================
[2025-10-25 12:55:33] 🚀 开始智能同步商品: C99999999
[2025-10-25 12:55:33] 🔍 搜索商品ID: C99999999
[2025-10-25 12:55:33]   ✅ 搜索成功，找到 4 条记录
[2025-10-25 12:55:33]     - Record ID: recv0BUO0Ea5Qe
[2025-10-25 12:55:33]       商品链接: https://www.callawaygolf.jp/clubs/drivers/test_new...
[2025-10-25 12:55:33]     - Record ID: recv0BUZHkojZr
[2025-10-25 12:55:33]       商品链接: https://www.callawaygolf.jp/clubs/drivers/test_new...
[2025-10-25 12:55:33]     - Record ID: recv0BVaoEOgbM
[2025-10-25 12:55:33]       商品链接: https://www.callawaygolf.jp/clubs/drivers/test_new...
[2025-10-25 12:55:33]     - Record ID: recv0BVlmxXTBK
[2025-10-25 12:55:33]       商品链接: https://www.callawaygolf.jp/clubs/drivers/test_new...
[2025-10-25 12:55:33] ⚠️ 商品 C99999999 存在 4 条重复记录
[2025-10-25 12:55:33] 🔄 尝试批量更新记录: recv0BUO0Ea5Qe
[2025-10-25 12:55:35]   - HTTP状态码: 200
[2025-10-25 12:55:35]   ✅ 批量更新成功 C99999999
[2025-10-25 12:55:35] 🗑️ 删除 3 条重复记录
[2025-10-25 12:55:36]   ✅ 删除成功 3 条重复记录
[2025-10-25 12:55:37] 📊 同步后表格记录数: 198
[2025-10-25 12:55:37] 
============================================================
[2025-10-25 12:55:37] 同步统计结果:
[2025-10-25 12:55:37] ============================================================
[2025-10-25 12:55:37] ✅ 更新记录: 3
[2025-10-25 12:55:37] ➕ 创建记录: 0
[2025-10-25 12:55:37] 🗑️ 删除重复: 7
[2025-10-25 12:55:37] ❌ 失败操作: 0
[2025-10-25 12:55:37] 📊 总处理数: 3
[2025-10-25 12:55:37] 📈 记录数变化: -7
[2025-10-25 12:55:37] 📄 同步结果已保存: CallawayJP/sync_logs/sync_v3_result_20251025_125537.json
