[2025-10-25 20:34:26] 📦 加载分类数据: mens_footwear
[2025-10-25 20:34:26] ✓ 从 mens_footwear 分类加载了 4 个商品
[2025-10-25 20:34:26] 🎯 开始分类同步模式 (mens_footwear)，共 4 个商品
[2025-10-25 20:34:26] 
================================================================================
[2025-10-25 20:34:26] 🚀 开始批量优化同步 4 个商品
[2025-10-25 20:34:26] ================================================================================
[2025-10-25 20:34:26] 📋 第一阶段：搜索现有记录状态
[2025-10-25 20:34:26] [1/4] 检查商品: C24996110
[2025-10-25 20:34:26] 🔍 搜索商品ID: C24996110
[2025-10-25 20:34:26] ✓ 获取并缓存飞书token成功 (0.146s)
[2025-10-25 20:34:26]   ✅ 搜索成功，找到 1 条记录 (0.676s)
[2025-10-25 20:34:26]     - Record ID: recv0BPwDu0f1y
[2025-10-25 20:34:26]       商品链接: https://www.callawaygolf.jp/mens/footwear/C2499611...
[2025-10-25 20:34:26] [2/4] 检查商品: R24986140
[2025-10-25 20:34:26] 🔍 搜索商品ID: R24986140
[2025-10-25 20:34:27]   ✅ 搜索成功，找到 0 条记录 (0.413s)
[2025-10-25 20:34:27] [3/4] 检查商品: C24986120
[2025-10-25 20:34:27] 🔍 搜索商品ID: C24986120
[2025-10-25 20:34:27]   ✅ 搜索成功，找到 1 条记录 (0.360s)
[2025-10-25 20:34:27]     - Record ID: recv0BNKPf5gak
[2025-10-25 20:34:27]       商品链接: https://www.callawaygolf.jp/mens/footwear/C2498612...
[2025-10-25 20:34:28] [4/4] 检查商品: C25986120
[2025-10-25 20:34:28] 🔍 搜索商品ID: C25986120
[2025-10-25 20:34:28]   ✅ 搜索成功，找到 1 条记录 (0.503s)
[2025-10-25 20:34:28]     - Record ID: recv0BNxnKhOAx
[2025-10-25 20:34:28]       商品链接: https://www.callawaygolf.jp/mens/footwear/C2598612...
[2025-10-25 20:34:28] 📊 搜索阶段完成:
[2025-10-25 20:34:28]   - 需要创建: 1 条
[2025-10-25 20:34:28]   - 需要更新: 3 条
[2025-10-25 20:34:28]   - 需要删除重复: 0 条
[2025-10-25 20:34:28] 
🔄 第二阶段：批量执行操作
[2025-10-25 20:34:28] 🔄 批量更新 3 条记录
[2025-10-25 20:34:29]   - HTTP状态码: 200
[2025-10-25 20:34:29]   ✅ 批量更新成功 3 条记录 (1.241s)
[2025-10-25 20:34:29] ➕ 批量创建 1 条记录
[2025-10-25 20:34:31]   ✅ 批量创建成功 1 条记录 (1.381s)
[2025-10-25 20:34:31] ✅ 批量创建完成: 批量创建成功1条
[2025-10-25 20:34:31] 
================================================================================
[2025-10-25 20:34:31] 🎯 批量同步完成 - 总耗时: 5.19秒
[2025-10-25 20:34:31] 📊 最终统计:
[2025-10-25 20:34:31]   - 总处理数: 4
[2025-10-25 20:34:31]   - 更新记录: 3
[2025-10-25 20:34:31]   - 创建记录: 1
[2025-10-25 20:34:31]   - 删除重复: 0
[2025-10-25 20:34:31]   - 失败操作: 0
[2025-10-25 20:34:31]   - 搜索操作: 4
[2025-10-25 20:34:31]   - 批量操作: 2
[2025-10-25 20:34:31] ================================================================================
[2025-10-25 20:34:31] 📊 性能报告已保存: CallawayJP/sync_logs/performance_report_v4_20251025_203431.txt
[2025-10-25 20:34:31] 📄 详细结果已保存: CallawayJP/sync_logs/sync_v4_result_20251025_203431.json
[2025-10-25 20:34:31] 📝 详细日志: CallawayJP/sync_logs/sync_v4_performance_20251025_203426.log
[2025-10-25 20:34:31] 
🎯 V4分类同步模式 (mens_footwear)完成!
[2025-10-25 20:34:31]   - 总处理数: 4
[2025-10-25 20:34:31]   - 总耗时: 5.19秒
[2025-10-25 20:34:31]   - 批量操作: 2次
[2025-10-25 20:34:31]   - 限流处理: 0次
