[2025-10-25 19:02:33] 📦 准备加载 25 个测试商品
[2025-10-25 19:02:33] ✓ 加载了 25 个商品 (包含 3 个测试商品)
[2025-10-25 19:02:33] 🎯 开始性能测试，共 25 个商品
[2025-10-25 19:02:33] 
================================================================================
[2025-10-25 19:02:33] 🚀 开始批量优化同步 25 个商品
[2025-10-25 19:02:33] ================================================================================
[2025-10-25 19:02:33] 📋 第一阶段：搜索现有记录状态
[2025-10-25 19:02:33] [1/25] 检查商品: C25215107
[2025-10-25 19:02:33] 🔍 搜索商品ID: C25215107
[2025-10-25 19:02:33] ✓ 获取并缓存飞书token成功 (0.171s)
[2025-10-25 19:02:34]   ✅ 搜索成功，找到 1 条记录 (1.012s)
[2025-10-25 19:02:34]     - Record ID: recv0BkB4taVCc
[2025-10-25 19:02:34]       商品链接: https://www.callawaygolf.jp/test_v4_updated_link_1...
[2025-10-25 19:02:34] [2/25] 检查商品: C25215106
[2025-10-25 19:02:34] 🔍 搜索商品ID: C25215106
[2025-10-25 19:02:34]   ✅ 搜索成功，找到 1 条记录 (0.422s)
[2025-10-25 19:02:34]     - Record ID: recv0BkBLSFoP3
[2025-10-25 19:02:34]       商品链接: https://www.callawaygolf.jp/test_v4_updated_link_2...
[2025-10-25 19:02:34] [3/25] 检查商品: C25215100
[2025-10-25 19:02:34] 🔍 搜索商品ID: C25215100
[2025-10-25 19:02:35]   ✅ 搜索成功，找到 1 条记录 (0.395s)
[2025-10-25 19:02:35]     - Record ID: recv0BkCG1I34z
[2025-10-25 19:02:35]       商品链接: https://www.callawaygolf.jp/mens/tops/outer/C25215...
[2025-10-25 19:02:35] [4/25] 检查商品: C25216103
[2025-10-25 19:02:35] 🔍 搜索商品ID: C25216103
[2025-10-25 19:02:36]   ✅ 搜索成功，找到 1 条记录 (0.439s)
[2025-10-25 19:02:36]     - Record ID: recv0BkDv5Lh0f
[2025-10-25 19:02:36]       商品链接: https://www.callawaygolf.jp/mens/tops/outer/C25216...
[2025-10-25 19:02:36] [5/25] 检查商品: C25215103
[2025-10-25 19:02:36] 🔍 搜索商品ID: C25215103
[2025-10-25 19:02:36]   ✅ 搜索成功，找到 1 条记录 (0.504s)
[2025-10-25 19:02:36]     - Record ID: recv0BkEckboo0
[2025-10-25 19:02:36]       商品链接: https://www.callawaygolf.jp/mens/tops/outer/C25215...
[2025-10-25 19:02:36] [6/25] 检查商品: C25215104
[2025-10-25 19:02:36] 🔍 搜索商品ID: C25215104
[2025-10-25 19:02:37]   ✅ 搜索成功，找到 1 条记录 (0.442s)
[2025-10-25 19:02:37]     - Record ID: recv0BkEVSOHZY
[2025-10-25 19:02:37]       商品链接: https://www.callawaygolf.jp/mens/tops/outer/C25215...
[2025-10-25 19:02:37] [7/25] 检查商品: C25215105
[2025-10-25 19:02:37] 🔍 搜索商品ID: C25215105
[2025-10-25 19:02:38]   ✅ 搜索成功，找到 1 条记录 (0.592s)
[2025-10-25 19:02:38]     - Record ID: recv0BkFG3Uzxt
[2025-10-25 19:02:38]       商品链接: https://www.callawaygolf.jp/mens/tops/outer/C25215...
[2025-10-25 19:02:38] [8/25] 检查商品: C25217104
[2025-10-25 19:02:38] 🔍 搜索商品ID: C25217104
[2025-10-25 19:02:38]   ✅ 搜索成功，找到 1 条记录 (0.433s)
[2025-10-25 19:02:38]     - Record ID: recv0BkGnxb2IQ
[2025-10-25 19:02:38]       商品链接: https://www.callawaygolf.jp/mens/tops/outer/C25217...
[2025-10-25 19:02:39] [9/25] 检查商品: C25216104
[2025-10-25 19:02:39] 🔍 搜索商品ID: C25216104
[2025-10-25 19:02:39]   ✅ 搜索成功，找到 1 条记录 (0.455s)
[2025-10-25 19:02:39]     - Record ID: recv0BkH60N8aI
[2025-10-25 19:02:39]       商品链接: https://www.callawaygolf.jp/mens/tops/outer/C25216...
[2025-10-25 19:02:39] [10/25] 检查商品: C25217107
[2025-10-25 19:02:39] 🔍 搜索商品ID: C25217107
[2025-10-25 19:02:40]   ✅ 搜索成功，找到 1 条记录 (0.607s)
[2025-10-25 19:02:40]     - Record ID: recv0BkHQ34V11
[2025-10-25 19:02:40]       商品链接: https://www.callawaygolf.jp/mens/tops/outer/C25217...
[2025-10-25 19:02:40] [11/25] 检查商品: C25217106
[2025-10-25 19:02:40] 🔍 搜索商品ID: C25217106
[2025-10-25 19:02:41]   ✅ 搜索成功，找到 1 条记录 (0.512s)
[2025-10-25 19:02:41]     - Record ID: recv0BkIASlWZB
[2025-10-25 19:02:41]       商品链接: https://www.callawaygolf.jp/mens/tops/outer/C25217...
[2025-10-25 19:02:41] [12/25] 检查商品: C25216180
[2025-10-25 19:02:41] 🔍 搜索商品ID: C25216180
[2025-10-25 19:02:41]   ✅ 搜索成功，找到 1 条记录 (0.509s)
[2025-10-25 19:02:41]     - Record ID: recv0BkJiQPTrS
[2025-10-25 19:02:41]       商品链接: https://www.callawaygolf.jp/mens/tops/outer/C25216...
[2025-10-25 19:02:41] [13/25] 检查商品: C25233182
[2025-10-25 19:02:41] 🔍 搜索商品ID: C25233182
[2025-10-25 19:02:42]   ✅ 搜索成功，找到 1 条记录 (0.539s)
[2025-10-25 19:02:42]     - Record ID: recv0BkJYSuKJ9
[2025-10-25 19:02:42]       商品链接: https://www.callawaygolf.jp/mens/tops/shirt/C25233...
[2025-10-25 19:02:42] [14/25] 检查商品: C25233183
[2025-10-25 19:02:42] 🔍 搜索商品ID: C25233183
[2025-10-25 19:02:43]   ✅ 搜索成功，找到 1 条记录 (0.480s)
[2025-10-25 19:02:43]     - Record ID: recv0BkKL1SibZ
[2025-10-25 19:02:43]       商品链接: https://www.callawaygolf.jp/mens/tops/shirt/C25233...
[2025-10-25 19:02:43] [15/25] 检查商品: C25226181
[2025-10-25 19:02:43] 🔍 搜索商品ID: C25226181
[2025-10-25 19:02:43]   ✅ 搜索成功，找到 1 条记录 (0.613s)
[2025-10-25 19:02:43]     - Record ID: recv0BkLqcKaO8
[2025-10-25 19:02:43]       商品链接: https://www.callawaygolf.jp/mens/bottoms/pants/C25...
[2025-10-25 19:02:44] [16/25] 检查商品: C25217182
[2025-10-25 19:02:44] 🔍 搜索商品ID: C25217182
[2025-10-25 19:02:44]   ✅ 搜索成功，找到 1 条记录 (0.457s)
[2025-10-25 19:02:44]     - Record ID: recv0BkM827ER8
[2025-10-25 19:02:44]       商品链接: https://www.callawaygolf.jp/mens/tops/outer/C25217...
[2025-10-25 19:02:44] [17/25] 检查商品: C25233180
[2025-10-25 19:02:44] 🔍 搜索商品ID: C25233180
[2025-10-25 19:02:45]   ✅ 搜索成功，找到 1 条记录 (0.463s)
[2025-10-25 19:02:45]     - Record ID: recv0BkMPm3vj5
[2025-10-25 19:02:45]       商品链接: https://www.callawaygolf.jp/mens/tops/shirt/C25233...
[2025-10-25 19:02:45] [18/25] 检查商品: C25215180
[2025-10-25 19:02:45] 🔍 搜索商品ID: C25215180
[2025-10-25 19:02:45]   ✅ 搜索成功，找到 1 条记录 (0.408s)
[2025-10-25 19:02:45]     - Record ID: recv0BkNuCf9Fn
[2025-10-25 19:02:45]       商品链接: https://www.callawaygolf.jp/mens/tops/outer/C25215...
[2025-10-25 19:02:46] [19/25] 检查商品: C25217181
[2025-10-25 19:02:46] 🔍 搜索商品ID: C25217181
[2025-10-25 19:02:46]   ✅ 搜索成功，找到 1 条记录 (0.620s)
[2025-10-25 19:02:46]     - Record ID: recv0BkOcmN9RN
[2025-10-25 19:02:46]       商品链接: https://www.callawaygolf.jp/mens/tops/outer/C25217...
[2025-10-25 19:02:46] [20/25] 检查商品: C25218180
[2025-10-25 19:02:46] 🔍 搜索商品ID: C25218180
[2025-10-25 19:02:47]   ✅ 搜索成功，找到 1 条记录 (0.507s)
[2025-10-25 19:02:47]     - Record ID: recv0BkOSLAPLA
[2025-10-25 19:02:47]       商品链接: https://www.callawaygolf.jp/mens/tops/knit/C252181...
[2025-10-25 19:02:47] [21/25] 检查商品: C25291180
[2025-10-25 19:02:47] 🔍 搜索商品ID: C25291180
[2025-10-25 19:02:48]   ✅ 搜索成功，找到 1 条记录 (0.514s)
[2025-10-25 19:02:48]     - Record ID: recv0BkPAk56zY
[2025-10-25 19:02:48]       商品链接: https://www.callawaygolf.jp/mens/accessories/cap/C...
[2025-10-25 19:02:48] [22/25] 检查商品: C25233181
[2025-10-25 19:02:48] 🔍 搜索商品ID: C25233181
[2025-10-25 19:02:48]   ✅ 搜索成功，找到 1 条记录 (0.450s)
[2025-10-25 19:02:48]     - Record ID: recv0BkQhMYqTD
[2025-10-25 19:02:48]       商品链接: https://www.callawaygolf.jp/mens/tops/shirt/C25233...
[2025-10-25 19:02:49] [23/25] 检查商品: C25215107
[2025-10-25 19:02:49] 🔍 搜索商品ID: C25215107
[2025-10-25 19:02:49]   ✅ 搜索成功，找到 1 条记录 (0.451s)
[2025-10-25 19:02:49]     - Record ID: recv0BkB4taVCc
[2025-10-25 19:02:49]       商品链接: https://www.callawaygolf.jp/test_v4_updated_link_1...
[2025-10-25 19:02:49] [24/25] 检查商品: C25215106
[2025-10-25 19:02:49] 🔍 搜索商品ID: C25215106
[2025-10-25 19:02:50]   ✅ 搜索成功，找到 1 条记录 (0.423s)
[2025-10-25 19:02:50]     - Record ID: recv0BkBLSFoP3
[2025-10-25 19:02:50]       商品链接: https://www.callawaygolf.jp/test_v4_updated_link_2...
[2025-10-25 19:02:50] [25/25] 检查商品: V4TEST190233
[2025-10-25 19:02:50] 🔍 搜索商品ID: V4TEST190233
[2025-10-25 19:02:50]   ✅ 搜索成功，找到 0 条记录 (0.613s)
[2025-10-25 19:02:50] 📊 搜索阶段完成:
[2025-10-25 19:02:50]   - 需要创建: 1 条
[2025-10-25 19:02:50]   - 需要更新: 24 条
[2025-10-25 19:02:50]   - 需要删除重复: 0 条
[2025-10-25 19:02:50] 
🔄 第二阶段：批量执行操作
[2025-10-25 19:02:50] 🔄 批量更新 24 条记录
[2025-10-25 19:02:51]   - HTTP状态码: 200
[2025-10-25 19:02:51]   ✅ 批量更新成功 24 条记录 (0.715s)
[2025-10-25 19:02:51] ➕ 批量创建 1 条记录
[2025-10-25 19:02:53]   ✅ 批量创建成功 1 条记录 (1.534s)
[2025-10-25 19:02:53] ✅ 批量创建完成: 批量创建成功1条
[2025-10-25 19:02:53] 
================================================================================
[2025-10-25 19:02:53] 🎯 批量同步完成 - 总耗时: 20.06秒
[2025-10-25 19:02:53] 📊 最终统计:
[2025-10-25 19:02:53]   - 总处理数: 25
[2025-10-25 19:02:53]   - 更新记录: 24
[2025-10-25 19:02:53]   - 创建记录: 1
[2025-10-25 19:02:53]   - 删除重复: 0
[2025-10-25 19:02:53]   - 失败操作: 0
[2025-10-25 19:02:53]   - 搜索操作: 25
[2025-10-25 19:02:53]   - 批量操作: 2
[2025-10-25 19:02:53] ================================================================================
[2025-10-25 19:02:53] 📊 性能报告已保存: CallawayJP/sync_logs/performance_report_v4_20251025_190253.txt
[2025-10-25 19:02:53] 📄 详细结果已保存: CallawayJP/sync_logs/sync_v4_result_20251025_190253.json
[2025-10-25 19:02:53] 📝 详细日志: CallawayJP/sync_logs/sync_v4_performance_20251025_190233.log
[2025-10-25 19:02:53] 
🎯 V4性能测试完成!
[2025-10-25 19:02:53]   - 总处理数: 25
[2025-10-25 19:02:53]   - 总耗时: 20.06秒
[2025-10-25 19:02:53]   - 批量操作: 2次
[2025-10-25 19:02:53]   - 限流处理: 0次
