[2025-10-25 20:33:14] 📦 加载分类数据: mens_bottoms
[2025-10-25 20:33:14] ✓ 从 mens_bottoms 分类加载了 24 个商品
[2025-10-25 20:33:14] 🎯 开始分类同步模式 (mens_bottoms)，共 24 个商品
[2025-10-25 20:33:14] 
================================================================================
[2025-10-25 20:33:14] 🚀 开始批量优化同步 24 个商品
[2025-10-25 20:33:14] ================================================================================
[2025-10-25 20:33:14] 📋 第一阶段：搜索现有记录状态
[2025-10-25 20:33:14] [1/24] 检查商品: C25226181
[2025-10-25 20:33:14] 🔍 搜索商品ID: C25226181
[2025-10-25 20:33:15] ✓ 获取并缓存飞书token成功 (0.119s)
[2025-10-25 20:33:15]   ✅ 搜索成功，找到 1 条记录 (0.725s)
[2025-10-25 20:33:15]     - Record ID: recv0BkLqcKaO8
[2025-10-25 20:33:15]       商品链接: https://www.callawaygolf.jp/mens/bottoms/pants/C25...
[2025-10-25 20:33:15] [2/24] 检查商品: C25226180
[2025-10-25 20:33:15] 🔍 搜索商品ID: C25226180
[2025-10-25 20:33:16]   ✅ 搜索成功，找到 1 条记录 (0.510s)
[2025-10-25 20:33:16]     - Record ID: recv0BNGEBsCSv
[2025-10-25 20:33:16]       商品链接: https://www.callawaygolf.jp/mens/bottoms/pants/C25...
[2025-10-25 20:33:16] [3/24] 检查商品: C25226109
[2025-10-25 20:33:16] 🔍 搜索商品ID: C25226109
[2025-10-25 20:33:17]   ✅ 搜索成功，找到 1 条记录 (0.508s)
[2025-10-25 20:33:17]     - Record ID: recv0BPgqmLCB9
[2025-10-25 20:33:17]       商品链接: https://www.callawaygolf.jp/mens/bottoms/pants/C25...
[2025-10-25 20:33:17] [4/24] 检查商品: C25226102
[2025-10-25 20:33:17] 🔍 搜索商品ID: C25226102
[2025-10-25 20:33:17]   ✅ 搜索成功，找到 1 条记录 (0.431s)
[2025-10-25 20:33:17]     - Record ID: recv0BPh7zpVJ9
[2025-10-25 20:33:17]       商品链接: https://www.callawaygolf.jp/mens/bottoms/pants/C25...
[2025-10-25 20:33:17] [5/24] 检查商品: C25226110
[2025-10-25 20:33:17] 🔍 搜索商品ID: C25226110
[2025-10-25 20:33:18]   ✅ 搜索成功，找到 1 条记录 (0.471s)
[2025-10-25 20:33:18]     - Record ID: recv0BNAp8S0tZ
[2025-10-25 20:33:18]       商品链接: https://www.callawaygolf.jp/mens/bottoms/pants/C25...
[2025-10-25 20:33:18] [6/24] 检查商品: C25226107
[2025-10-25 20:33:18] 🔍 搜索商品ID: C25226107
[2025-10-25 20:33:18]   ✅ 搜索成功，找到 1 条记录 (0.394s)
[2025-10-25 20:33:18]     - Record ID: recv0BP65TvxyH
[2025-10-25 20:33:18]       商品链接: https://www.callawaygolf.jp/mens/bottoms/pants/C25...
[2025-10-25 20:33:19] [7/24] 检查商品: C25226105
[2025-10-25 20:33:19] 🔍 搜索商品ID: C25226105
[2025-10-25 20:33:19]   ✅ 搜索成功，找到 1 条记录 (0.541s)
[2025-10-25 20:33:19]     - Record ID: recv0BPvg92r0b
[2025-10-25 20:33:19]       商品链接: https://www.callawaygolf.jp/mens/bottoms/pants/C25...
[2025-10-25 20:33:19] [8/24] 检查商品: C25226108
[2025-10-25 20:33:19] 🔍 搜索商品ID: C25226108
[2025-10-25 20:33:20]   ✅ 搜索成功，找到 1 条记录 (0.414s)
[2025-10-25 20:33:20]     - Record ID: recv0BNtMqlneD
[2025-10-25 20:33:20]       商品链接: https://www.callawaygolf.jp/mens/bottoms/pants/C25...
[2025-10-25 20:33:20] [9/24] 检查商品: C25226106
[2025-10-25 20:33:20] 🔍 搜索商品ID: C25226106
[2025-10-25 20:33:20]   ✅ 搜索成功，找到 1 条记录 (0.418s)
[2025-10-25 20:33:20]     - Record ID: recv0BOG5MIxD2
[2025-10-25 20:33:20]       商品链接: https://www.callawaygolf.jp/mens/bottoms/pants/C25...
[2025-10-25 20:33:21] [10/24] 检查商品: C25226104
[2025-10-25 20:33:21] 🔍 搜索商品ID: C25226104
[2025-10-25 20:33:21]   ✅ 搜索成功，找到 1 条记录 (0.498s)
[2025-10-25 20:33:21]     - Record ID: recv0BOTP4ra89
[2025-10-25 20:33:21]       商品链接: https://www.callawaygolf.jp/mens/bottoms/pants/C25...
[2025-10-25 20:33:21] [11/24] 检查商品: C25226101
[2025-10-25 20:33:21] 🔍 搜索商品ID: C25226101
[2025-10-25 20:33:22]   ✅ 搜索成功，找到 1 条记录 (0.511s)
[2025-10-25 20:33:22]     - Record ID: recv0BPk53JCrr
[2025-10-25 20:33:22]       商品链接: https://www.callawaygolf.jp/mens/bottoms/pants/C25...
[2025-10-25 20:33:22] [12/24] 检查商品: C25226112
[2025-10-25 20:33:22] 🔍 搜索商品ID: C25226112
[2025-10-25 20:33:22]   ✅ 搜索成功，找到 1 条记录 (0.380s)
[2025-10-25 20:33:22]     - Record ID: recv0BPxlj55vG
[2025-10-25 20:33:22]       商品链接: https://www.callawaygolf.jp/mens/bottoms/pants/C25...
[2025-10-25 20:33:23] [13/24] 检查商品: C25226111
[2025-10-25 20:33:23] 🔍 搜索商品ID: C25226111
[2025-10-25 20:33:23]   ✅ 搜索成功，找到 1 条记录 (0.443s)
[2025-10-25 20:33:23]     - Record ID: recv0BPo95Nopi
[2025-10-25 20:33:23]       商品链接: https://www.callawaygolf.jp/mens/bottoms/pants/C25...
[2025-10-25 20:33:23] [14/24] 检查商品: C25226103
[2025-10-25 20:33:23] 🔍 搜索商品ID: C25226103
[2025-10-25 20:33:24]   ✅ 搜索成功，找到 1 条记录 (0.531s)
[2025-10-25 20:33:24]     - Record ID: recv0BNMbAxcwS
[2025-10-25 20:33:24]       商品链接: https://www.callawaygolf.jp/mens/bottoms/pants/C25...
[2025-10-25 20:33:24] [15/24] 检查商品: C25226100
[2025-10-25 20:33:24] 🔍 搜索商品ID: C25226100
[2025-10-25 20:33:24]   ✅ 搜索成功，找到 1 条记录 (0.384s)
[2025-10-25 20:33:24]     - Record ID: recv0BP5q74kF5
[2025-10-25 20:33:24]       商品链接: https://www.callawaygolf.jp/mens/bottoms/pants/C25...
[2025-10-25 20:33:25] [16/24] 检查商品: H25226101
[2025-10-25 20:33:25] 🔍 搜索商品ID: H25226101
[2025-10-25 20:33:25]   ✅ 搜索成功，找到 0 条记录 (0.410s)
[2025-10-25 20:33:25] [17/24] 检查商品: H25226100
[2025-10-25 20:33:25] 🔍 搜索商品ID: H25226100
[2025-10-25 20:33:26]   ✅ 搜索成功，找到 0 条记录 (0.412s)
[2025-10-25 20:33:26] [18/24] 检查商品: H25226102
[2025-10-25 20:33:26] 🔍 搜索商品ID: H25226102
[2025-10-25 20:33:26]   ✅ 搜索成功，找到 0 条记录 (0.510s)
[2025-10-25 20:33:27] [19/24] 检查商品: R25226100
[2025-10-25 20:33:27] 🔍 搜索商品ID: R25226100
[2025-10-25 20:33:27]   ✅ 搜索成功，找到 0 条记录 (0.564s)
[2025-10-25 20:33:27] [20/24] 检查商品: R25226101
[2025-10-25 20:33:27] 🔍 搜索商品ID: R25226101
[2025-10-25 20:33:28]   ✅ 搜索成功，找到 0 条记录 (0.391s)
[2025-10-25 20:33:28] [21/24] 检查商品: H25226103
[2025-10-25 20:33:28] 🔍 搜索商品ID: H25226103
[2025-10-25 20:33:28]   ✅ 搜索成功，找到 0 条记录 (0.482s)
[2025-10-25 20:33:29] [22/24] 检查商品: C25226113
[2025-10-25 20:33:29] 🔍 搜索商品ID: C25226113
[2025-10-25 20:33:29]   ✅ 搜索成功，找到 1 条记录 (0.394s)
[2025-10-25 20:33:29]     - Record ID: recv0BPelEqHp7
[2025-10-25 20:33:29]       商品链接: https://www.callawaygolf.jp/mens/bottoms/pants/C25...
[2025-10-25 20:33:29] [23/24] 检查商品: R25926100
[2025-10-25 20:33:29] 🔍 搜索商品ID: R25926100
[2025-10-25 20:33:30]   ✅ 搜索成功，找到 0 条记录 (0.377s)
[2025-10-25 20:33:30] [24/24] 检查商品: H25226110
[2025-10-25 20:33:30] 🔍 搜索商品ID: H25226110
[2025-10-25 20:33:30]   ✅ 搜索成功，找到 0 条记录 (0.459s)
[2025-10-25 20:33:30] 📊 搜索阶段完成:
[2025-10-25 20:33:30]   - 需要创建: 8 条
[2025-10-25 20:33:30]   - 需要更新: 16 条
[2025-10-25 20:33:30]   - 需要删除重复: 0 条
[2025-10-25 20:33:30] 
🔄 第二阶段：批量执行操作
[2025-10-25 20:33:30] 🔄 批量更新 16 条记录
[2025-10-25 20:33:31]   - HTTP状态码: 200
[2025-10-25 20:33:31]   ✅ 批量更新成功 16 条记录 (1.139s)
[2025-10-25 20:33:31] ➕ 批量创建 8 条记录
[2025-10-25 20:33:33]   ✅ 批量创建成功 8 条记录 (1.482s)
[2025-10-25 20:33:33] ✅ 批量创建完成: 批量创建成功8条
[2025-10-25 20:33:33] 
================================================================================
[2025-10-25 20:33:33] 🎯 批量同步完成 - 总耗时: 18.51秒
[2025-10-25 20:33:33] 📊 最终统计:
[2025-10-25 20:33:33]   - 总处理数: 24
[2025-10-25 20:33:33]   - 更新记录: 16
[2025-10-25 20:33:33]   - 创建记录: 8
[2025-10-25 20:33:33]   - 删除重复: 0
[2025-10-25 20:33:33]   - 失败操作: 0
[2025-10-25 20:33:33]   - 搜索操作: 24
[2025-10-25 20:33:33]   - 批量操作: 2
[2025-10-25 20:33:33] ================================================================================
[2025-10-25 20:33:33] 📊 性能报告已保存: CallawayJP/sync_logs/performance_report_v4_20251025_203333.txt
[2025-10-25 20:33:33] 📄 详细结果已保存: CallawayJP/sync_logs/sync_v4_result_20251025_203333.json
[2025-10-25 20:33:33] 📝 详细日志: CallawayJP/sync_logs/sync_v4_performance_20251025_203314.log
[2025-10-25 20:33:33] 
🎯 V4分类同步模式 (mens_bottoms)完成!
[2025-10-25 20:33:33]   - 总处理数: 24
[2025-10-25 20:33:33]   - 总耗时: 18.51秒
[2025-10-25 20:33:33]   - 批量操作: 2次
[2025-10-25 20:33:33]   - 限流处理: 0次
