[2025-10-25 22:15:00] 📦 加载分类数据: mens_footwear
[2025-10-25 22:15:00] ✓ 从 mens_footwear 分类加载了 4 个商品
[2025-10-25 22:15:00] 🎯 开始分类同步模式 (mens_footwear)，共 4 个商品
[2025-10-25 22:15:00] 
================================================================================
[2025-10-25 22:15:00] 🚀 开始批量优化同步 4 个商品
[2025-10-25 22:15:00] ================================================================================
[2025-10-25 22:15:00] 📋 第一阶段：搜索现有记录状态
[2025-10-25 22:15:00] [1/4] 检查商品: C24996110
[2025-10-25 22:15:00] 🔍 搜索商品ID: C24996110
[2025-10-25 22:15:00] ✓ 获取并缓存飞书token成功 (0.206s)
[2025-10-25 22:15:01]   ✅ 搜索成功，找到 0 条记录 (0.705s)
[2025-10-25 22:15:01] [2/4] 检查商品: R24986140
[2025-10-25 22:15:01] 🔍 搜索商品ID: R24986140
[2025-10-25 22:15:01]   ✅ 搜索成功，找到 0 条记录 (0.385s)
[2025-10-25 22:15:02] [3/4] 检查商品: C24986120
[2025-10-25 22:15:02] 🔍 搜索商品ID: C24986120
[2025-10-25 22:15:02]   ✅ 搜索成功，找到 0 条记录 (0.393s)
[2025-10-25 22:15:02] [4/4] 检查商品: C25986120
[2025-10-25 22:15:02] 🔍 搜索商品ID: C25986120
[2025-10-25 22:15:02]   ✅ 搜索成功，找到 0 条记录 (0.345s)
[2025-10-25 22:15:02] 📊 搜索阶段完成:
[2025-10-25 22:15:02]   - 需要创建: 4 条
[2025-10-25 22:15:02]   - 需要更新: 0 条
[2025-10-25 22:15:02]   - 需要删除重复: 0 条
[2025-10-25 22:15:02] 
🔄 第二阶段：批量执行操作
[2025-10-25 22:15:02] ➕ 批量创建 4 条记录
[2025-10-25 22:15:04]   ✅ 批量创建成功 4 条记录 (1.406s)
[2025-10-25 22:15:04] ✅ 批量创建完成: 批量创建成功4条
[2025-10-25 22:15:04] 
================================================================================
[2025-10-25 22:15:04] 🎯 批量同步完成 - 总耗时: 3.87秒
[2025-10-25 22:15:04] 📊 最终统计:
[2025-10-25 22:15:04]   - 总处理数: 4
[2025-10-25 22:15:04]   - 更新记录: 0
[2025-10-25 22:15:04]   - 创建记录: 4
[2025-10-25 22:15:04]   - 删除重复: 0
[2025-10-25 22:15:04]   - 失败操作: 0
[2025-10-25 22:15:04]   - 搜索操作: 4
[2025-10-25 22:15:04]   - 批量操作: 1
[2025-10-25 22:15:04] ================================================================================
[2025-10-25 22:15:04] 📊 性能报告已保存: CallawayJP/sync_logs/performance_report_v4_20251025_221504.txt
[2025-10-25 22:15:04] 📄 详细结果已保存: CallawayJP/sync_logs/sync_v4_result_20251025_221504.json
[2025-10-25 22:15:04] 📝 详细日志: CallawayJP/sync_logs/sync_v4_performance_20251025_221500.log
[2025-10-25 22:15:04] 
🎯 V4分类同步模式 (mens_footwear)完成!
[2025-10-25 22:15:04]   - 总处理数: 4
[2025-10-25 22:15:04]   - 总耗时: 3.87秒
[2025-10-25 22:15:04]   - 批量操作: 1次
[2025-10-25 22:15:04]   - 限流处理: 0次
