[2025-10-25 22:14:09] 📦 加载分类数据: mens_bottoms
[2025-10-25 22:14:09] ✓ 从 mens_bottoms 分类加载了 24 个商品
[2025-10-25 22:14:09] 🎯 开始分类同步模式 (mens_bottoms)，共 24 个商品
[2025-10-25 22:14:09] 
================================================================================
[2025-10-25 22:14:09] 🚀 开始批量优化同步 24 个商品
[2025-10-25 22:14:09] ================================================================================
[2025-10-25 22:14:09] 📋 第一阶段：搜索现有记录状态
[2025-10-25 22:14:09] [1/24] 检查商品: C25226181
[2025-10-25 22:14:09] 🔍 搜索商品ID: C25226181
[2025-10-25 22:14:10] ✓ 获取并缓存飞书token成功 (0.134s)
[2025-10-25 22:14:10]   ✅ 搜索成功，找到 0 条记录 (0.647s)
[2025-10-25 22:14:10] [2/24] 检查商品: C25226180
[2025-10-25 22:14:10] 🔍 搜索商品ID: C25226180
[2025-10-25 22:14:11]   ✅ 搜索成功，找到 0 条记录 (0.399s)
[2025-10-25 22:14:11] [3/24] 检查商品: C25226109
[2025-10-25 22:14:11] 🔍 搜索商品ID: C25226109
[2025-10-25 22:14:11]   ✅ 搜索成功，找到 0 条记录 (0.444s)
[2025-10-25 22:14:12] [4/24] 检查商品: C25226102
[2025-10-25 22:14:12] 🔍 搜索商品ID: C25226102
[2025-10-25 22:14:12]   ✅ 搜索成功，找到 0 条记录 (0.506s)
[2025-10-25 22:14:12] [5/24] 检查商品: C25226110
[2025-10-25 22:14:12] 🔍 搜索商品ID: C25226110
[2025-10-25 22:14:13]   ✅ 搜索成功，找到 0 条记录 (0.406s)
[2025-10-25 22:14:13] [6/24] 检查商品: C25226107
[2025-10-25 22:14:13] 🔍 搜索商品ID: C25226107
[2025-10-25 22:14:13]   ✅ 搜索成功，找到 0 条记录 (0.392s)
[2025-10-25 22:14:13] [7/24] 检查商品: C25226105
[2025-10-25 22:14:13] 🔍 搜索商品ID: C25226105
[2025-10-25 22:14:14]   ✅ 搜索成功，找到 0 条记录 (0.422s)
[2025-10-25 22:14:14] [8/24] 检查商品: C25226108
[2025-10-25 22:14:14] 🔍 搜索商品ID: C25226108
[2025-10-25 22:14:15]   ✅ 搜索成功，找到 0 条记录 (0.565s)
[2025-10-25 22:14:15] [9/24] 检查商品: C25226106
[2025-10-25 22:14:15] 🔍 搜索商品ID: C25226106
[2025-10-25 22:14:15]   ✅ 搜索成功，找到 0 条记录 (0.366s)
[2025-10-25 22:14:15] [10/24] 检查商品: C25226104
[2025-10-25 22:14:15] 🔍 搜索商品ID: C25226104
[2025-10-25 22:14:16]   ✅ 搜索成功，找到 0 条记录 (0.375s)
[2025-10-25 22:14:16] [11/24] 检查商品: C25226101
[2025-10-25 22:14:16] 🔍 搜索商品ID: C25226101
[2025-10-25 22:14:17]   ✅ 搜索成功，找到 0 条记录 (0.520s)
[2025-10-25 22:14:17] [12/24] 检查商品: C25226112
[2025-10-25 22:14:17] 🔍 搜索商品ID: C25226112
[2025-10-25 22:14:17]   ✅ 搜索成功，找到 0 条记录 (0.403s)
[2025-10-25 22:14:17] [13/24] 检查商品: C25226111
[2025-10-25 22:14:17] 🔍 搜索商品ID: C25226111
[2025-10-25 22:14:18]   ✅ 搜索成功，找到 0 条记录 (0.345s)
[2025-10-25 22:14:18] [14/24] 检查商品: C25226103
[2025-10-25 22:14:18] 🔍 搜索商品ID: C25226103
[2025-10-25 22:14:18]   ✅ 搜索成功，找到 0 条记录 (0.465s)
[2025-10-25 22:14:19] [15/24] 检查商品: C25226100
[2025-10-25 22:14:19] 🔍 搜索商品ID: C25226100
[2025-10-25 22:14:19]   ✅ 搜索成功，找到 0 条记录 (0.509s)
[2025-10-25 22:14:19] [16/24] 检查商品: H25226101
[2025-10-25 22:14:19] 🔍 搜索商品ID: H25226101
[2025-10-25 22:14:20]   ✅ 搜索成功，找到 0 条记录 (0.407s)
[2025-10-25 22:14:20] [17/24] 检查商品: H25226100
[2025-10-25 22:14:20] 🔍 搜索商品ID: H25226100
[2025-10-25 22:14:20]   ✅ 搜索成功，找到 0 条记录 (0.403s)
[2025-10-25 22:14:21] [18/24] 检查商品: H25226102
[2025-10-25 22:14:21] 🔍 搜索商品ID: H25226102
[2025-10-25 22:14:21]   ✅ 搜索成功，找到 0 条记录 (0.345s)
[2025-10-25 22:14:21] [19/24] 检查商品: R25226100
[2025-10-25 22:14:21] 🔍 搜索商品ID: R25226100
[2025-10-25 22:14:22]   ✅ 搜索成功，找到 0 条记录 (0.463s)
[2025-10-25 22:14:22] [20/24] 检查商品: R25226101
[2025-10-25 22:14:22] 🔍 搜索商品ID: R25226101
[2025-10-25 22:14:22]   ✅ 搜索成功，找到 0 条记录 (0.513s)
[2025-10-25 22:14:23] [21/24] 检查商品: H25226103
[2025-10-25 22:14:23] 🔍 搜索商品ID: H25226103
[2025-10-25 22:14:23]   ✅ 搜索成功，找到 0 条记录 (0.418s)
[2025-10-25 22:14:23] [22/24] 检查商品: C25226113
[2025-10-25 22:14:23] 🔍 搜索商品ID: C25226113
[2025-10-25 22:14:24]   ✅ 搜索成功，找到 0 条记录 (0.476s)
[2025-10-25 22:14:24] [23/24] 检查商品: R25926100
[2025-10-25 22:14:24] 🔍 搜索商品ID: R25926100
[2025-10-25 22:14:24]   ✅ 搜索成功，找到 0 条记录 (0.422s)
[2025-10-25 22:14:24] [24/24] 检查商品: H25226110
[2025-10-25 22:14:24] 🔍 搜索商品ID: H25226110
[2025-10-25 22:14:25]   ✅ 搜索成功，找到 0 条记录 (0.398s)
[2025-10-25 22:14:25] 📊 搜索阶段完成:
[2025-10-25 22:14:25]   - 需要创建: 24 条
[2025-10-25 22:14:25]   - 需要更新: 0 条
[2025-10-25 22:14:25]   - 需要删除重复: 0 条
[2025-10-25 22:14:25] 
🔄 第二阶段：批量执行操作
[2025-10-25 22:14:25] ➕ 批量创建 24 条记录
[2025-10-25 22:14:26]   ✅ 批量创建成功 24 条记录 (1.444s)
[2025-10-25 22:14:26] ✅ 批量创建完成: 批量创建成功24条
[2025-10-25 22:14:26] 
================================================================================
[2025-10-25 22:14:26] 🎯 批量同步完成 - 总耗时: 16.86秒
[2025-10-25 22:14:26] 📊 最终统计:
[2025-10-25 22:14:26]   - 总处理数: 24
[2025-10-25 22:14:26]   - 更新记录: 0
[2025-10-25 22:14:26]   - 创建记录: 24
[2025-10-25 22:14:26]   - 删除重复: 0
[2025-10-25 22:14:26]   - 失败操作: 0
[2025-10-25 22:14:26]   - 搜索操作: 24
[2025-10-25 22:14:26]   - 批量操作: 1
[2025-10-25 22:14:26] ================================================================================
[2025-10-25 22:14:26] 📊 性能报告已保存: CallawayJP/sync_logs/performance_report_v4_20251025_221426.txt
[2025-10-25 22:14:26] 📄 详细结果已保存: CallawayJP/sync_logs/sync_v4_result_20251025_221426.json
[2025-10-25 22:14:26] 📝 详细日志: CallawayJP/sync_logs/sync_v4_performance_20251025_221409.log
[2025-10-25 22:14:26] 
🎯 V4分类同步模式 (mens_bottoms)完成!
[2025-10-25 22:14:26]   - 总处理数: 24
[2025-10-25 22:14:26]   - 总耗时: 16.86秒
[2025-10-25 22:14:26]   - 批量操作: 1次
[2025-10-25 22:14:26]   - 限流处理: 0次
