[2025-10-25 12:46:04] 步骤1: 加载飞书快照数据...
[2025-10-25 12:46:04] ✓ 加载快照文件: CallawayJP/feishu_snapshot_20251025_1242.json
[2025-10-25 12:46:04] ✓ 构建existing_map完成，共 154 个已存在商品ID
[2025-10-25 12:46:04] 步骤2: 读取商品数据...
[2025-10-25 12:46:04] 🧪 测试模式：只处理前 3 个商品
[2025-10-25 12:46:04] 步骤3: 开始同步 3 个商品到飞书「淘宝商品库」
[2025-10-25 12:46:04] ============================================================
[2025-10-25 12:46:04] [1/3] 处理商品: C25215107
[2025-10-25 12:46:04] 商品 C25215107 已存在，执行更新操作
[2025-10-25 12:46:04] ✓ 获取并缓存飞书token成功
[2025-10-25 12:46:04] ✗ 更新记录异常 C25215107: Extra data: line 1 column 5 (char 4)
[2025-10-25 12:46:04] [2/3] 处理商品: C25215106
[2025-10-25 12:46:04] 商品 C25215106 已存在，执行更新操作
[2025-10-25 12:46:04] ✗ 更新记录异常 C25215106: Extra data: line 1 column 5 (char 4)
[2025-10-25 12:46:05] [3/3] 处理商品: C99999999
[2025-10-25 12:46:05] 商品 C99999999 不存在，执行创建操作
[2025-10-25 12:46:06] ✓ 创建新记录成功 C99999999
[2025-10-25 12:46:06] ============================================================
[2025-10-25 12:46:06] 同步统计:
[2025-10-25 12:46:06] ✅ 新增记录: 1
[2025-10-25 12:46:06] 🔄 更新记录: 0
[2025-10-25 12:46:06] ❌ 失败记录: 2
[2025-10-25 12:46:06] 📊 总处理数: 1
[2025-10-25 12:46:06] 同步结果已保存: CallawayJP/sync_logs/sync_v2_result_20251025_124606.json
