[2025-10-25 12:16:55] ✓ 加载新增商品数据: 130 个待同步商品
[2025-10-25 12:16:55] 开始同步 130 个新增商品到飞书「淘宝商品库」
[2025-10-25 12:16:55] ============================================================
[2025-10-25 12:16:55] [1/130] 同步商品: C25298104
[2025-10-25 12:16:57] ✓ 商品 C25298104 同步成功
[2025-10-25 12:16:58] [2/130] 同步商品: C25226108
[2025-10-25 12:17:00] ✓ 商品 C25226108 同步成功
[2025-10-25 12:17:01] [3/130] 同步商品: C25217103
[2025-10-25 12:17:03] ✓ 商品 C25217103 同步成功
[2025-10-25 12:17:04] [4/130] 同步商品: C25291120
[2025-10-25 12:17:06] ✓ 商品 C25291120 同步成功
[2025-10-25 12:17:07] [5/130] 同步商品: C25291108
[2025-10-25 12:17:08] ✓ 商品 C25291108 同步成功
[2025-10-25 12:17:09] [6/130] 同步商品: C25292104
[2025-10-25 12:17:11] ✓ 商品 C25292104 同步成功
[2025-10-25 12:17:12] [7/130] 同步商品: C25986120
[2025-10-25 12:17:14] ✓ 商品 C25986120 同步成功
[2025-10-25 12:17:15] [8/130] 同步商品: C25233100
[2025-10-25 12:17:17] ✓ 商品 C25233100 同步成功
[2025-10-25 12:17:18] [9/130] 同步商品: C25233103
[2025-10-25 12:17:20] ✓ 商品 C25233103 同步成功
[2025-10-25 12:17:21] [10/130] 同步商品: C24932100
[2025-10-25 12:17:22] ✓ 商品 C24932100 同步成功
[2025-10-25 12:17:23] [11/130] 同步商品: C25226110
[2025-10-25 12:17:26] ✓ 商品 C25226110 同步成功
[2025-10-25 12:17:27] [12/130] 同步商品: C25298103
[2025-10-25 12:17:28] ✓ 商品 C25298103 同步成功
[2025-10-25 12:17:29] [13/130] 同步商品: C25990109
[2025-10-25 12:17:31] ✓ 商品 C25990109 同步成功
[2025-10-25 12:17:32] [14/130] 同步商品: C25218107
[2025-10-25 12:17:34] ✓ 商品 C25218107 同步成功
[2025-10-25 12:17:35] [15/130] 同步商品: C25291152
[2025-10-25 12:17:36] ✓ 商品 C25291152 同步成功
[2025-10-25 12:17:37] [16/130] 同步商品: C25217101
[2025-10-25 12:17:39] ✓ 商品 C25217101 同步成功
[2025-10-25 12:17:40] [17/130] 同步商品: C25219101
[2025-10-25 12:17:42] ✓ 商品 C25219101 同步成功
[2025-10-25 12:17:43] [18/130] 同步商品: C25134183
[2025-10-25 12:17:44] ✓ 商品 C25134183 同步成功
[2025-10-25 12:17:45] [19/130] 同步商品: C25216100
[2025-10-25 12:17:47] ✓ 商品 C25216100 同步成功
[2025-10-25 12:17:48] [20/130] 同步商品: C25226180
[2025-10-25 12:17:50] ✓ 商品 C25226180 同步成功
[2025-10-25 12:17:51] [21/130] 同步商品: C25233110
[2025-10-25 12:17:52] ✓ 商品 C25233110 同步成功
[2025-10-25 12:17:53] [22/130] 同步商品: C25291114
[2025-10-25 12:17:55] ✓ 商品 C25291114 同步成功
[2025-10-25 12:17:56] [23/130] 同步商品: C25291104
[2025-10-25 12:17:58] ✓ 商品 C25291104 同步成功
[2025-10-25 12:17:59] [24/130] 同步商品: C25233113
[2025-10-25 12:18:00] ✓ 商品 C25233113 同步成功
[2025-10-25 12:18:01] [25/130] 同步商品: C25291109
[2025-10-25 12:18:03] ✓ 商品 C25291109 同步成功
[2025-10-25 12:18:04] [26/130] 同步商品: C24986120
[2025-10-25 12:18:06] ✓ 商品 C24986120 同步成功
[2025-10-25 12:18:07] [27/130] 同步商品: C25218103
[2025-10-25 12:18:08] ✓ 商品 C25218103 同步成功
[2025-10-25 12:18:09] [28/130] 同步商品: C25226103
[2025-10-25 12:18:11] ✓ 商品 C25226103 同步成功
[2025-10-25 12:18:12] [29/130] 同步商品: C25298100
[2025-10-25 12:18:14] ✓ 商品 C25298100 同步成功
[2025-10-25 12:18:15] [30/130] 同步商品: C25233107
[2025-10-25 12:18:16] ✓ 商品 C25233107 同步成功
[2025-10-25 12:18:17] [31/130] 同步商品: C25993100
[2025-10-25 12:18:19] ✓ 商品 C25993100 同步成功
[2025-10-25 12:18:20] [32/130] 同步商品: C25293101
[2025-10-25 12:18:21] ✓ 商品 C25293101 同步成功
[2025-10-25 12:18:23] [33/130] 同步商品: C25134182
[2025-10-25 12:18:24] ✓ 商品 C25134182 同步成功
[2025-10-25 12:18:25] [34/130] 同步商品: C25993101
[2025-10-25 12:18:30] ✗ 获取飞书token失败: ('Connection aborted.', ConnectionResetError(54, 'Connection reset by peer'))
[2025-10-25 12:18:30] ✗ 商品 C25993101 同步失败: ('Connection aborted.', ConnectionResetError(54, 'Connection reset by peer'))
[2025-10-25 12:18:31] [35/130] 同步商品: C25291106
[2025-10-25 12:18:33] ✓ 商品 C25291106 同步成功
[2025-10-25 12:18:34] [36/130] 同步商品: C25298102
[2025-10-25 12:18:36] ✓ 商品 C25298102 同步成功
[2025-10-25 12:18:37] [37/130] 同步商品: C25234109
[2025-10-25 12:18:38] ✓ 商品 C25234109 同步成功
[2025-10-25 12:18:39] [38/130] 同步商品: C25226117
[2025-10-25 12:18:41] ✓ 商品 C25226117 同步成功
[2025-10-25 12:18:42] [39/130] 同步商品: C25293108
[2025-10-25 12:18:47] ✗ 获取飞书token失败: ('Connection aborted.', ConnectionResetError(54, 'Connection reset by peer'))
[2025-10-25 12:18:47] ✗ 商品 C25293108 同步失败: ('Connection aborted.', ConnectionResetError(54, 'Connection reset by peer'))
[2025-10-25 12:18:48] [40/130] 同步商品: C25291110
[2025-10-25 12:18:49] ✓ 商品 C25291110 同步成功
[2025-10-25 12:18:50] [41/130] 同步商品: C24932101
[2025-10-25 12:18:52] ✓ 商品 C24932101 同步成功
[2025-10-25 12:18:53] [42/130] 同步商品: C25293104
[2025-10-25 12:18:55] ✓ 商品 C25293104 同步成功
