[2025-10-25 22:22:40] 📦 加载分类数据: mens_accessories
[2025-10-25 22:22:40] ✓ 加载了 75 个商品
[2025-10-25 22:22:40] 🎯 开始分类同步模式 (mens_accessories)，共 75 个商品
[2025-10-25 22:22:40] 
================================================================================
[2025-10-25 22:22:40] 🚀 开始批量优化同步 75 个商品
[2025-10-25 22:22:40] ================================================================================
[2025-10-25 22:22:40] 📋 第一阶段：搜索现有记录状态
[2025-10-25 22:22:40] [1/75] 检查商品: C25293108 (分类: メンズ アクセサリー)
[2025-10-25 22:22:40] 🔍 搜索商品ID: C25293108
[2025-10-25 22:22:40] ✓ 获取并缓存飞书token成功 (0.150s)
[2025-10-25 22:22:41]   ❌ API返回错误: FieldNameNotFound (0.530s)
[2025-10-25 22:22:41] [2/75] 检查商品: C25293108 (分类: メンズ アクセサリー)
[2025-10-25 22:22:41] 🔍 搜索商品ID: C25293108
[2025-10-25 22:22:41]   ❌ API返回错误: FieldNameNotFound (0.256s)
[2025-10-25 22:22:41] [3/75] 检查商品: C25293108 (分类: メンズ アクセサリー)
[2025-10-25 22:22:41] 🔍 搜索商品ID: C25293108
[2025-10-25 22:22:41]   ❌ API返回错误: FieldNameNotFound (0.233s)
[2025-10-25 22:22:42] [4/75] 检查商品: C25291116 (分类: メンズ アクセサリー)
[2025-10-25 22:22:42] 🔍 搜索商品ID: C25291116
[2025-10-25 22:22:42]   ❌ API返回错误: FieldNameNotFound (0.298s)
[2025-10-25 22:22:42] [5/75] 检查商品: C25291116 (分类: メンズ アクセサリー)
[2025-10-25 22:22:42] 🔍 搜索商品ID: C25291116
[2025-10-25 22:22:42]   ❌ API返回错误: FieldNameNotFound (0.306s)
[2025-10-25 22:22:43] [6/75] 检查商品: C25291116 (分类: メンズ アクセサリー)
[2025-10-25 22:22:43] 🔍 搜索商品ID: C25291116
[2025-10-25 22:22:43]   ❌ API返回错误: FieldNameNotFound (0.285s)
[2025-10-25 22:22:43] [7/75] 检查商品: C25291112 (分类: メンズ アクセサリー)
[2025-10-25 22:22:43] 🔍 搜索商品ID: C25291112
[2025-10-25 22:22:43]   ❌ API返回错误: FieldNameNotFound (0.340s)
[2025-10-25 22:22:44] [8/75] 检查商品: C25291112 (分类: メンズ アクセサリー)
[2025-10-25 22:22:44] 🔍 搜索商品ID: C25291112
[2025-10-25 22:22:44]   ❌ API返回错误: FieldNameNotFound (0.231s)
[2025-10-25 22:22:44] [9/75] 检查商品: C25291112 (分类: メンズ アクセサリー)
[2025-10-25 22:22:44] 🔍 搜索商品ID: C25291112
[2025-10-25 22:22:44]   ❌ API返回错误: FieldNameNotFound (0.273s)
[2025-10-25 22:22:45] [10/75] 检查商品: C25292114 (分类: メンズ アクセサリー)
[2025-10-25 22:22:45] 🔍 搜索商品ID: C25292114
[2025-10-25 22:22:45]   ❌ API返回错误: FieldNameNotFound (0.234s)
[2025-10-25 22:22:45] [11/75] 检查商品: C25292114 (分类: メンズ アクセサリー)
[2025-10-25 22:22:45] 🔍 搜索商品ID: C25292114
[2025-10-25 22:22:45]   ❌ API返回错误: FieldNameNotFound (0.376s)
[2025-10-25 22:22:46] [12/75] 检查商品: C25292114 (分类: メンズ アクセサリー)
[2025-10-25 22:22:46] 🔍 搜索商品ID: C25292114
[2025-10-25 22:22:46]   ❌ API返回错误: FieldNameNotFound (0.307s)
[2025-10-25 22:22:46] [13/75] 检查商品: C25293105 (分类: メンズ アクセサリー)
[2025-10-25 22:22:46] 🔍 搜索商品ID: C25293105
[2025-10-25 22:22:46]   ❌ API返回错误: FieldNameNotFound (0.300s)
[2025-10-25 22:22:47] [14/75] 检查商品: C25293105 (分类: メンズ アクセサリー)
[2025-10-25 22:22:47] 🔍 搜索商品ID: C25293105
[2025-10-25 22:22:47]   ❌ API返回错误: FieldNameNotFound (0.246s)
[2025-10-25 22:22:47] [15/75] 检查商品: C25293105 (分类: メンズ アクセサリー)
[2025-10-25 22:22:47] 🔍 搜索商品ID: C25293105
[2025-10-25 22:22:47]   ❌ API返回错误: FieldNameNotFound (0.370s)
[2025-10-25 22:22:48] [16/75] 检查商品: C25293106 (分类: メンズ アクセサリー)
[2025-10-25 22:22:48] 🔍 搜索商品ID: C25293106
[2025-10-25 22:22:48]   ❌ API返回错误: FieldNameNotFound (0.309s)
[2025-10-25 22:22:48] [17/75] 检查商品: C25293106 (分类: メンズ アクセサリー)
[2025-10-25 22:22:48] 🔍 搜索商品ID: C25293106
[2025-10-25 22:22:48]   ❌ API返回错误: FieldNameNotFound (0.304s)
[2025-10-25 22:22:49] [18/75] 检查商品: C25293106 (分类: メンズ アクセサリー)
[2025-10-25 22:22:49] 🔍 搜索商品ID: C25293106
[2025-10-25 22:22:49]   ❌ API返回错误: FieldNameNotFound (0.232s)
[2025-10-25 22:22:49] [19/75] 检查商品: C25293107 (分类: メンズ アクセサリー)
[2025-10-25 22:22:49] 🔍 搜索商品ID: C25293107
[2025-10-25 22:22:49]   ❌ API返回错误: FieldNameNotFound (0.378s)
[2025-10-25 22:22:50] [20/75] 检查商品: C25293107 (分类: メンズ アクセサリー)
[2025-10-25 22:22:50] 🔍 搜索商品ID: C25293107
[2025-10-25 22:22:50]   ❌ API返回错误: FieldNameNotFound (0.474s)
[2025-10-25 22:22:50] [21/75] 检查商品: C25293107 (分类: メンズ アクセサリー)
[2025-10-25 22:22:50] 🔍 搜索商品ID: C25293107
[2025-10-25 22:22:51]   ❌ API返回错误: FieldNameNotFound (0.245s)
[2025-10-25 22:22:51] [22/75] 检查商品: C25291111 (分类: メンズ アクセサリー)
[2025-10-25 22:22:51] 🔍 搜索商品ID: C25291111
[2025-10-25 22:22:51]   ❌ API返回错误: FieldNameNotFound (0.300s)
[2025-10-25 22:22:51] [23/75] 检查商品: C25291111 (分类: メンズ アクセサリー)
[2025-10-25 22:22:51] 🔍 搜索商品ID: C25291111
[2025-10-25 22:22:52]   ❌ API返回错误: FieldNameNotFound (0.308s)
[2025-10-25 22:22:52] [24/75] 检查商品: C25291111 (分类: メンズ アクセサリー)
[2025-10-25 22:22:52] 🔍 搜索商品ID: C25291111
[2025-10-25 22:22:52]   ❌ API返回错误: FieldNameNotFound (0.412s)
[2025-10-25 22:22:52] [25/75] 检查商品: C25291113 (分类: メンズ アクセサリー)
[2025-10-25 22:22:52] 🔍 搜索商品ID: C25291113
[2025-10-25 22:22:53]   ❌ API返回错误: FieldNameNotFound (0.246s)
[2025-10-25 22:22:53] [26/75] 检查商品: C25291113 (分类: メンズ アクセサリー)
[2025-10-25 22:22:53] 🔍 搜索商品ID: C25291113
[2025-10-25 22:22:53]   ❌ API返回错误: FieldNameNotFound (0.365s)
[2025-10-25 22:22:53] [27/75] 检查商品: C25291113 (分类: メンズ アクセサリー)
[2025-10-25 22:22:53] 🔍 搜索商品ID: C25291113
[2025-10-25 22:22:54]   ❌ API返回错误: FieldNameNotFound (0.234s)
[2025-10-25 22:22:54] [28/75] 检查商品: C25291115 (分类: メンズ アクセサリー)
[2025-10-25 22:22:54] 🔍 搜索商品ID: C25291115
[2025-10-25 22:22:54]   ❌ API返回错误: FieldNameNotFound (0.381s)
[2025-10-25 22:22:55] [29/75] 检查商品: C25291115 (分类: メンズ アクセサリー)
[2025-10-25 22:22:55] 🔍 搜索商品ID: C25291115
[2025-10-25 22:22:55]   ❌ API返回错误: FieldNameNotFound (0.241s)
[2025-10-25 22:22:55] [30/75] 检查商品: C25291115 (分类: メンズ アクセサリー)
[2025-10-25 22:22:55] 🔍 搜索商品ID: C25291115
[2025-10-25 22:22:55]   ❌ API返回错误: FieldNameNotFound (0.377s)
[2025-10-25 22:22:56] [31/75] 检查商品: C25292108 (分类: メンズ アクセサリー)
[2025-10-25 22:22:56] 🔍 搜索商品ID: C25292108
[2025-10-25 22:22:56]   ❌ API返回错误: FieldNameNotFound (0.296s)
[2025-10-25 22:22:56] [32/75] 检查商品: C25292108 (分类: メンズ アクセサリー)
[2025-10-25 22:22:56] 🔍 搜索商品ID: C25292108
[2025-10-25 22:22:56]   ❌ API返回错误: FieldNameNotFound (0.410s)
[2025-10-25 22:22:57] [33/75] 检查商品: C25292108 (分类: メンズ アクセサリー)
[2025-10-25 22:22:57] 🔍 搜索商品ID: C25292108
[2025-10-25 22:22:57]   ❌ API返回错误: FieldNameNotFound (0.236s)
[2025-10-25 22:22:57] [34/75] 检查商品: C25292109 (分类: メンズ アクセサリー)
[2025-10-25 22:22:57] 🔍 搜索商品ID: C25292109
[2025-10-25 22:22:57]   ❌ API返回错误: FieldNameNotFound (0.276s)
[2025-10-25 22:22:58] [35/75] 检查商品: C25292109 (分类: メンズ アクセサリー)
[2025-10-25 22:22:58] 🔍 搜索商品ID: C25292109
[2025-10-25 22:22:58]   ❌ API返回错误: FieldNameNotFound (0.272s)
[2025-10-25 22:22:58] [36/75] 检查商品: C25292109 (分类: メンズ アクセサリー)
[2025-10-25 22:22:58] 🔍 搜索商品ID: C25292109
[2025-10-25 22:22:58]   ❌ API返回错误: FieldNameNotFound (0.238s)
[2025-10-25 22:22:58] [37/75] 检查商品: C25292110 (分类: メンズ アクセサリー)
[2025-10-25 22:22:58] 🔍 搜索商品ID: C25292110
[2025-10-25 22:22:59]   ❌ API返回错误: FieldNameNotFound (0.329s)
[2025-10-25 22:22:59] [38/75] 检查商品: C25292110 (分类: メンズ アクセサリー)
[2025-10-25 22:22:59] 🔍 搜索商品ID: C25292110
[2025-10-25 22:22:59]   ❌ API返回错误: FieldNameNotFound (0.283s)
[2025-10-25 22:23:00] [39/75] 检查商品: C25292110 (分类: メンズ アクセサリー)
[2025-10-25 22:23:00] 🔍 搜索商品ID: C25292110
[2025-10-25 22:23:00]   ❌ API返回错误: FieldNameNotFound (0.244s)
[2025-10-25 22:23:00] [40/75] 检查商品: C25292111 (分类: メンズ アクセサリー)
[2025-10-25 22:23:00] 🔍 搜索商品ID: C25292111
[2025-10-25 22:23:00]   ❌ API返回错误: FieldNameNotFound (0.365s)
[2025-10-25 22:23:01] [41/75] 检查商品: C25292111 (分类: メンズ アクセサリー)
[2025-10-25 22:23:01] 🔍 搜索商品ID: C25292111
[2025-10-25 22:23:01]   ❌ API返回错误: FieldNameNotFound (0.279s)
[2025-10-25 22:23:01] [42/75] 检查商品: C25292111 (分类: メンズ アクセサリー)
[2025-10-25 22:23:01] 🔍 搜索商品ID: C25292111
[2025-10-25 22:23:01]   ❌ API返回错误: FieldNameNotFound (0.439s)
[2025-10-25 22:23:02] [43/75] 检查商品: C25292112 (分类: メンズ アクセサリー)
[2025-10-25 22:23:02] 🔍 搜索商品ID: C25292112
[2025-10-25 22:23:02]   ❌ API返回错误: FieldNameNotFound (0.304s)
[2025-10-25 22:23:02] [44/75] 检查商品: C25292112 (分类: メンズ アクセサリー)
[2025-10-25 22:23:02] 🔍 搜索商品ID: C25292112
[2025-10-25 22:23:02]   ❌ API返回错误: FieldNameNotFound (0.305s)
[2025-10-25 22:23:03] [45/75] 检查商品: C25292112 (分类: メンズ アクセサリー)
[2025-10-25 22:23:03] 🔍 搜索商品ID: C25292112
[2025-10-25 22:23:03]   ❌ API返回错误: FieldNameNotFound (0.409s)
[2025-10-25 22:23:03] [46/75] 检查商品: C25295100 (分类: メンズ アクセサリー)
[2025-10-25 22:23:03] 🔍 搜索商品ID: C25295100
[2025-10-25 22:23:04]   ❌ API返回错误: FieldNameNotFound (0.248s)
[2025-10-25 22:23:04] [47/75] 检查商品: C25295100 (分类: メンズ アクセサリー)
[2025-10-25 22:23:04] 🔍 搜索商品ID: C25295100
[2025-10-25 22:23:04]   ❌ API返回错误: FieldNameNotFound (0.237s)
[2025-10-25 22:23:04] [48/75] 检查商品: C25295100 (分类: メンズ アクセサリー)
[2025-10-25 22:23:04] 🔍 搜索商品ID: C25295100
[2025-10-25 22:23:05]   ❌ API返回错误: FieldNameNotFound (0.334s)
[2025-10-25 22:23:05] [49/75] 检查商品: C25295101 (分类: メンズ アクセサリー)
[2025-10-25 22:23:05] 🔍 搜索商品ID: C25295101
[2025-10-25 22:23:05]   ❌ API返回错误: FieldNameNotFound (0.304s)
[2025-10-25 22:23:05] [50/75] 检查商品: C25295101 (分类: メンズ アクセサリー)
[2025-10-25 22:23:05] 🔍 搜索商品ID: C25295101
[2025-10-25 22:23:06]   ❌ API返回错误: FieldNameNotFound (0.305s)
[2025-10-25 22:23:06] [51/75] 检查商品: C25295101 (分类: メンズ アクセサリー)
[2025-10-25 22:23:06] 🔍 搜索商品ID: C25295101
[2025-10-25 22:23:06]   ❌ API返回错误: FieldNameNotFound (0.314s)
[2025-10-25 22:23:06] [52/75] 检查商品: C25296100 (分类: メンズ アクセサリー)
[2025-10-25 22:23:06] 🔍 搜索商品ID: C25296100
[2025-10-25 22:23:07]   ❌ API返回错误: FieldNameNotFound (0.265s)
[2025-10-25 22:23:07] [53/75] 检查商品: C25296100 (分类: メンズ アクセサリー)
[2025-10-25 22:23:07] 🔍 搜索商品ID: C25296100
[2025-10-25 22:23:07]   ❌ API返回错误: FieldNameNotFound (0.344s)
[2025-10-25 22:23:07] [54/75] 检查商品: C25296100 (分类: メンズ アクセサリー)
[2025-10-25 22:23:07] 🔍 搜索商品ID: C25296100
[2025-10-25 22:23:08]   ❌ API返回错误: FieldNameNotFound (0.333s)
[2025-10-25 22:23:08] [55/75] 检查商品: C25296101 (分类: メンズ アクセサリー)
[2025-10-25 22:23:08] 🔍 搜索商品ID: C25296101
[2025-10-25 22:23:08]   ❌ API返回错误: FieldNameNotFound (0.257s)
[2025-10-25 22:23:08] [56/75] 检查商品: C25296101 (分类: メンズ アクセサリー)
[2025-10-25 22:23:08] 🔍 搜索商品ID: C25296101
[2025-10-25 22:23:09]   ❌ API返回错误: FieldNameNotFound (0.252s)
[2025-10-25 22:23:09] [57/75] 检查商品: C25296101 (分类: メンズ アクセサリー)
[2025-10-25 22:23:09] 🔍 搜索商品ID: C25296101
[2025-10-25 22:23:09]   ❌ API返回错误: FieldNameNotFound (0.282s)
[2025-10-25 22:23:09] [58/75] 检查商品: C25296102 (分类: メンズ アクセサリー)
[2025-10-25 22:23:09] 🔍 搜索商品ID: C25296102
[2025-10-25 22:23:10]   ❌ API返回错误: FieldNameNotFound (0.303s)
[2025-10-25 22:23:10] [59/75] 检查商品: C25296102 (分类: メンズ アクセサリー)
[2025-10-25 22:23:10] 🔍 搜索商品ID: C25296102
[2025-10-25 22:23:10]   ❌ API返回错误: FieldNameNotFound (0.305s)
[2025-10-25 22:23:10] [60/75] 检查商品: C25296102 (分类: メンズ アクセサリー)
[2025-10-25 22:23:10] 🔍 搜索商品ID: C25296102
[2025-10-25 22:23:11]   ❌ API返回错误: FieldNameNotFound (0.282s)
[2025-10-25 22:23:11] [61/75] 检查商品: C25293109 (分类: メンズ アクセサリー)
[2025-10-25 22:23:11] 🔍 搜索商品ID: C25293109
[2025-10-25 22:23:11]   ❌ API返回错误: FieldNameNotFound (0.328s)
[2025-10-25 22:23:11] [62/75] 检查商品: C25293110 (分类: メンズ アクセサリー)
[2025-10-25 22:23:11] 🔍 搜索商品ID: C25293110
[2025-10-25 22:23:12]   ❌ API返回错误: FieldNameNotFound (0.292s)
[2025-10-25 22:23:12] [63/75] 检查商品: C25293111 (分类: メンズ アクセサリー)
[2025-10-25 22:23:12] 🔍 搜索商品ID: C25293111
[2025-10-25 22:23:12]   ❌ API返回错误: FieldNameNotFound (0.422s)
[2025-10-25 22:23:12] [64/75] 检查商品: C25293112 (分类: メンズ アクセサリー)
[2025-10-25 22:23:12] 🔍 搜索商品ID: C25293112
[2025-10-25 22:23:13]   ❌ API返回错误: FieldNameNotFound (0.250s)
[2025-10-25 22:23:13] [65/75] 检查商品: C25293113 (分类: メンズ アクセサリー)
[2025-10-25 22:23:13] 🔍 搜索商品ID: C25293113
[2025-10-25 22:23:13]   ❌ API返回错误: FieldNameNotFound (0.262s)
[2025-10-25 22:23:13] [66/75] 检查商品: C25293114 (分类: メンズ アクセサリー)
[2025-10-25 22:23:13] 🔍 搜索商品ID: C25293114
[2025-10-25 22:23:14]   ❌ API返回错误: FieldNameNotFound (0.246s)
[2025-10-25 22:23:14] [67/75] 检查商品: C25293115 (分类: メンズ アクセサリー)
[2025-10-25 22:23:14] 🔍 搜索商品ID: C25293115
[2025-10-25 22:23:14]   ❌ API返回错误: FieldNameNotFound (0.269s)
[2025-10-25 22:23:14] [68/75] 检查商品: C25293116 (分类: メンズ アクセサリー)
[2025-10-25 22:23:14] 🔍 搜索商品ID: C25293116
[2025-10-25 22:23:15]   ❌ API返回错误: FieldNameNotFound (0.292s)
[2025-10-25 22:23:15] [69/75] 检查商品: C25293117 (分类: メンズ アクセサリー)
[2025-10-25 22:23:15] 🔍 搜索商品ID: C25293117
[2025-10-25 22:23:15]   ❌ API返回错误: FieldNameNotFound (0.304s)
[2025-10-25 22:23:15] [70/75] 检查商品: C25293118 (分类: メンズ アクセサリー)
[2025-10-25 22:23:15] 🔍 搜索商品ID: C25293118
[2025-10-25 22:23:16]   ❌ API返回错误: FieldNameNotFound (0.319s)
[2025-10-25 22:23:16] [71/75] 检查商品: C25293119 (分类: メンズ アクセサリー)
[2025-10-25 22:23:16] 🔍 搜索商品ID: C25293119
[2025-10-25 22:23:16]   ❌ API返回错误: FieldNameNotFound (0.306s)
[2025-10-25 22:23:16] [72/75] 检查商品: C25293120 (分类: メンズ アクセサリー)
[2025-10-25 22:23:16] 🔍 搜索商品ID: C25293120
[2025-10-25 22:23:17]   ❌ API返回错误: FieldNameNotFound (0.331s)
[2025-10-25 22:23:17] [73/75] 检查商品: C25293121 (分类: メンズ アクセサリー)
[2025-10-25 22:23:17] 🔍 搜索商品ID: C25293121
[2025-10-25 22:23:17]   ❌ API返回错误: FieldNameNotFound (0.274s)
[2025-10-25 22:23:17] [74/75] 检查商品: C25293122 (分类: メンズ アクセサリー)
[2025-10-25 22:23:17] 🔍 搜索商品ID: C25293122
[2025-10-25 22:23:18]   ❌ API返回错误: FieldNameNotFound (0.314s)
[2025-10-25 22:23:18] [75/75] 检查商品: C25293123 (分类: メンズ アクセサリー)
[2025-10-25 22:23:18] 🔍 搜索商品ID: C25293123
[2025-10-25 22:23:18]   ❌ API返回错误: FieldNameNotFound (0.307s)
[2025-10-25 22:23:18] 📊 搜索阶段完成:
[2025-10-25 22:23:18]   - 需要创建: 0 条
[2025-10-25 22:23:18]   - 需要更新: 0 条
[2025-10-25 22:23:18]   - 需要删除重复: 0 条
[2025-10-25 22:23:18] 
🔄 第二阶段：批量执行操作
[2025-10-25 22:23:18] 
================================================================================
[2025-10-25 22:23:18] 🎯 批量同步完成 - 总耗时: 38.18秒
[2025-10-25 22:23:18] 📊 最终统计:
[2025-10-25 22:23:18]   - 总处理数: 0
[2025-10-25 22:23:18]   - 更新记录: 0
[2025-10-25 22:23:18]   - 创建记录: 0
[2025-10-25 22:23:18]   - 删除重复: 0
[2025-10-25 22:23:18]   - 失败操作: 75
[2025-10-25 22:23:18]   - 搜索操作: 75
[2025-10-25 22:23:18]   - 批量操作: 0
[2025-10-25 22:23:18] ================================================================================
[2025-10-25 22:23:18] 📊 性能报告已保存: CallawayJP/sync_logs/performance_report_v5_20251025_222318.txt
[2025-10-25 22:23:18] 📄 详细结果已保存: CallawayJP/sync_logs/sync_v5_result_20251025_222318.json
[2025-10-25 22:23:18] 📝 详细日志: CallawayJP/sync_logs/sync_v5_performance_20251025_222240.log
[2025-10-25 22:23:18] 
🎯 V5分类同步模式 (mens_accessories)完成!
[2025-10-25 22:23:18]   - 总处理数: 0
[2025-10-25 22:23:18]   - 总耗时: 38.18秒
[2025-10-25 22:23:18]   - 批量操作: 0次
[2025-10-25 22:23:18]   - 限流处理: 0次
