[2025-10-25 15:27:45] 📦 准备加载 25 个测试商品
[2025-10-25 15:27:45] ✓ 加载了 25 个商品 (包含 3 个测试商品)
[2025-10-25 15:27:45] 🎯 开始性能测试，共 25 个商品
[2025-10-25 15:27:45] 
================================================================================
[2025-10-25 15:27:45] 🚀 开始批量优化同步 25 个商品
[2025-10-25 15:27:45] ================================================================================
[2025-10-25 15:27:45] 📋 第一阶段：搜索现有记录状态
[2025-10-25 15:27:45] [1/25] 检查商品: C25215107
[2025-10-25 15:27:45] 🔍 搜索商品ID: C25215107
[2025-10-25 15:27:45] ✓ 获取并缓存飞书token成功 (0.134s)
[2025-10-25 15:27:46]   ✅ 搜索成功，找到 1 条记录 (0.941s)
[2025-10-25 15:27:46]     - Record ID: recv0BkB4taVCc
[2025-10-25 15:27:46]       商品链接: https://www.callawaygolf.jp/test_v4_updated_link_1...
[2025-10-25 15:27:46] [2/25] 检查商品: C25215106
[2025-10-25 15:27:46] 🔍 搜索商品ID: C25215106
[2025-10-25 15:27:47]   ✅ 搜索成功，找到 1 条记录 (0.582s)
[2025-10-25 15:27:47]     - Record ID: recv0BkBLSFoP3
[2025-10-25 15:27:47]       商品链接: https://www.callawaygolf.jp/test_v4_updated_link_2...
[2025-10-25 15:27:47] [3/25] 检查商品: C25215100
[2025-10-25 15:27:47] 🔍 搜索商品ID: C25215100
[2025-10-25 15:27:48]   ✅ 搜索成功，找到 1 条记录 (0.564s)
[2025-10-25 15:27:48]     - Record ID: recv0BkCG1I34z
[2025-10-25 15:27:48]       商品链接: https://www.callawaygolf.jp/mens/tops/outer/C25215...
[2025-10-25 15:27:48] [4/25] 检查商品: C25216103
[2025-10-25 15:27:48] 🔍 搜索商品ID: C25216103
[2025-10-25 15:27:48]   ✅ 搜索成功，找到 1 条记录 (0.555s)
[2025-10-25 15:27:48]     - Record ID: recv0BkDv5Lh0f
[2025-10-25 15:27:48]       商品链接: https://www.callawaygolf.jp/mens/tops/outer/C25216...
[2025-10-25 15:27:49] [5/25] 检查商品: C25215103
[2025-10-25 15:27:49] 🔍 搜索商品ID: C25215103
[2025-10-25 15:27:49]   ✅ 搜索成功，找到 1 条记录 (0.595s)
[2025-10-25 15:27:49]     - Record ID: recv0BkEckboo0
[2025-10-25 15:27:49]       商品链接: https://www.callawaygolf.jp/mens/tops/outer/C25215...
[2025-10-25 15:27:49] [6/25] 检查商品: C25215104
[2025-10-25 15:27:49] 🔍 搜索商品ID: C25215104
[2025-10-25 15:27:50]   ✅ 搜索成功，找到 1 条记录 (0.537s)
[2025-10-25 15:27:50]     - Record ID: recv0BkEVSOHZY
[2025-10-25 15:27:50]       商品链接: https://www.callawaygolf.jp/mens/tops/outer/C25215...
[2025-10-25 15:27:50] [7/25] 检查商品: C25215105
[2025-10-25 15:27:50] 🔍 搜索商品ID: C25215105
[2025-10-25 15:27:51]   ✅ 搜索成功，找到 1 条记录 (0.666s)
[2025-10-25 15:27:51]     - Record ID: recv0BkFG3Uzxt
[2025-10-25 15:27:51]       商品链接: https://www.callawaygolf.jp/mens/tops/outer/C25215...
[2025-10-25 15:27:51] [8/25] 检查商品: C25217104
[2025-10-25 15:27:51] 🔍 搜索商品ID: C25217104
[2025-10-25 15:27:52]   ✅ 搜索成功，找到 1 条记录 (0.533s)
[2025-10-25 15:27:52]     - Record ID: recv0BkGnxb2IQ
[2025-10-25 15:27:52]       商品链接: https://www.callawaygolf.jp/mens/tops/outer/C25217...
[2025-10-25 15:27:52] [9/25] 检查商品: C25216104
[2025-10-25 15:27:52] 🔍 搜索商品ID: C25216104
[2025-10-25 15:27:52]   ✅ 搜索成功，找到 1 条记录 (0.535s)
[2025-10-25 15:27:52]     - Record ID: recv0BkH60N8aI
[2025-10-25 15:27:52]       商品链接: https://www.callawaygolf.jp/mens/tops/outer/C25216...
[2025-10-25 15:27:53] [10/25] 检查商品: C25217107
[2025-10-25 15:27:53] 🔍 搜索商品ID: C25217107
[2025-10-25 15:27:53]   ✅ 搜索成功，找到 1 条记录 (0.561s)
[2025-10-25 15:27:53]     - Record ID: recv0BkHQ34V11
[2025-10-25 15:27:53]       商品链接: https://www.callawaygolf.jp/mens/tops/outer/C25217...
[2025-10-25 15:27:53] [11/25] 检查商品: C25217106
[2025-10-25 15:27:53] 🔍 搜索商品ID: C25217106
[2025-10-25 15:27:54]   ✅ 搜索成功，找到 1 条记录 (0.555s)
[2025-10-25 15:27:54]     - Record ID: recv0BkIASlWZB
[2025-10-25 15:27:54]       商品链接: https://www.callawaygolf.jp/mens/tops/outer/C25217...
[2025-10-25 15:27:54] [12/25] 检查商品: C25216180
[2025-10-25 15:27:54] 🔍 搜索商品ID: C25216180
[2025-10-25 15:27:55]   ✅ 搜索成功，找到 1 条记录 (0.465s)
[2025-10-25 15:27:55]     - Record ID: recv0BkJiQPTrS
[2025-10-25 15:27:55]       商品链接: https://www.callawaygolf.jp/mens/tops/outer/C25216...
[2025-10-25 15:27:55] [13/25] 检查商品: C25233182
[2025-10-25 15:27:55] 🔍 搜索商品ID: C25233182
[2025-10-25 15:27:55]   ✅ 搜索成功，找到 1 条记录 (0.672s)
[2025-10-25 15:27:55]     - Record ID: recv0BkJYSuKJ9
[2025-10-25 15:27:55]       商品链接: https://www.callawaygolf.jp/mens/tops/shirt/C25233...
[2025-10-25 15:27:56] [14/25] 检查商品: C25233183
[2025-10-25 15:27:56] 🔍 搜索商品ID: C25233183
[2025-10-25 15:27:56]   ✅ 搜索成功，找到 1 条记录 (0.515s)
[2025-10-25 15:27:56]     - Record ID: recv0BkKL1SibZ
[2025-10-25 15:27:56]       商品链接: https://www.callawaygolf.jp/mens/tops/shirt/C25233...
[2025-10-25 15:27:56] [15/25] 检查商品: C25226181
[2025-10-25 15:27:56] 🔍 搜索商品ID: C25226181
[2025-10-25 15:27:57]   ✅ 搜索成功，找到 1 条记录 (0.496s)
[2025-10-25 15:27:57]     - Record ID: recv0BkLqcKaO8
[2025-10-25 15:27:57]       商品链接: https://www.callawaygolf.jp/mens/bottoms/pants/C25...
[2025-10-25 15:27:57] [16/25] 检查商品: C25217182
[2025-10-25 15:27:57] 🔍 搜索商品ID: C25217182
[2025-10-25 15:28:01]   ✅ 搜索成功，找到 1 条记录 (3.794s)
[2025-10-25 15:28:01]     - Record ID: recv0BkM827ER8
[2025-10-25 15:28:01]       商品链接: https://www.callawaygolf.jp/mens/tops/outer/C25217...
[2025-10-25 15:28:01] [17/25] 检查商品: C25233180
[2025-10-25 15:28:01] 🔍 搜索商品ID: C25233180
[2025-10-25 15:28:02]   ✅ 搜索成功，找到 1 条记录 (0.699s)
[2025-10-25 15:28:02]     - Record ID: recv0BkMPm3vj5
[2025-10-25 15:28:02]       商品链接: https://www.callawaygolf.jp/mens/tops/shirt/C25233...
[2025-10-25 15:28:02] [18/25] 检查商品: C25215180
[2025-10-25 15:28:02] 🔍 搜索商品ID: C25215180
[2025-10-25 15:28:02]   ✅ 搜索成功，找到 1 条记录 (0.513s)
[2025-10-25 15:28:02]     - Record ID: recv0BkNuCf9Fn
[2025-10-25 15:28:02]       商品链接: https://www.callawaygolf.jp/mens/tops/outer/C25215...
[2025-10-25 15:28:03] [19/25] 检查商品: C25217181
[2025-10-25 15:28:03] 🔍 搜索商品ID: C25217181
[2025-10-25 15:28:03]   ✅ 搜索成功，找到 1 条记录 (0.804s)
[2025-10-25 15:28:03]     - Record ID: recv0BkOcmN9RN
[2025-10-25 15:28:03]       商品链接: https://www.callawaygolf.jp/mens/tops/outer/C25217...
[2025-10-25 15:28:04] [20/25] 检查商品: C25218180
[2025-10-25 15:28:04] 🔍 搜索商品ID: C25218180
[2025-10-25 15:28:04]   ✅ 搜索成功，找到 1 条记录 (0.595s)
[2025-10-25 15:28:04]     - Record ID: recv0BkOSLAPLA
[2025-10-25 15:28:04]       商品链接: https://www.callawaygolf.jp/mens/tops/knit/C252181...
[2025-10-25 15:28:04] [21/25] 检查商品: C25291180
[2025-10-25 15:28:04] 🔍 搜索商品ID: C25291180
[2025-10-25 15:28:05]   ✅ 搜索成功，找到 1 条记录 (0.579s)
[2025-10-25 15:28:05]     - Record ID: recv0BkPAk56zY
[2025-10-25 15:28:05]       商品链接: https://www.callawaygolf.jp/mens/accessories/cap/C...
[2025-10-25 15:28:05] [22/25] 检查商品: C25233181
[2025-10-25 15:28:05] 🔍 搜索商品ID: C25233181
[2025-10-25 15:28:06]   ✅ 搜索成功，找到 1 条记录 (1.227s)
[2025-10-25 15:28:06]     - Record ID: recv0BkQhMYqTD
[2025-10-25 15:28:06]       商品链接: https://www.callawaygolf.jp/mens/tops/shirt/C25233...
[2025-10-25 15:28:07] [23/25] 检查商品: C25215107
[2025-10-25 15:28:07] 🔍 搜索商品ID: C25215107
[2025-10-25 15:28:07]   ✅ 搜索成功，找到 1 条记录 (0.684s)
[2025-10-25 15:28:07]     - Record ID: recv0BkB4taVCc
[2025-10-25 15:28:07]       商品链接: https://www.callawaygolf.jp/test_v4_updated_link_1...
[2025-10-25 15:28:08] [24/25] 检查商品: C25215106
[2025-10-25 15:28:08] 🔍 搜索商品ID: C25215106
[2025-10-25 15:28:08]   ✅ 搜索成功，找到 1 条记录 (0.546s)
[2025-10-25 15:28:08]     - Record ID: recv0BkBLSFoP3
[2025-10-25 15:28:08]       商品链接: https://www.callawaygolf.jp/test_v4_updated_link_2...
[2025-10-25 15:28:08] [25/25] 检查商品: V4TEST152745
[2025-10-25 15:28:08] 🔍 搜索商品ID: V4TEST152745
[2025-10-25 15:28:09]   ✅ 搜索成功，找到 0 条记录 (0.542s)
[2025-10-25 15:28:09] 📊 搜索阶段完成:
[2025-10-25 15:28:09]   - 需要创建: 1 条
[2025-10-25 15:28:09]   - 需要更新: 24 条
[2025-10-25 15:28:09]   - 需要删除重复: 0 条
[2025-10-25 15:28:09] 
🔄 第二阶段：批量执行操作
[2025-10-25 15:28:09] 🔄 批量更新 24 条记录
[2025-10-25 15:28:10]   - HTTP状态码: 200
[2025-10-25 15:28:10]   ✅ 批量更新成功 24 条记录 (0.737s)
[2025-10-25 15:28:10] ➕ 批量创建 1 条记录
[2025-10-25 15:28:11]   ✅ 批量创建成功 1 条记录 (1.674s)
[2025-10-25 15:28:11] ✅ 批量创建完成: 批量创建成功1条
[2025-10-25 15:28:11] 
================================================================================
[2025-10-25 15:28:11] 🎯 批量同步完成 - 总耗时: 26.09秒
[2025-10-25 15:28:11] 📊 最终统计:
[2025-10-25 15:28:11]   - 总处理数: 25
[2025-10-25 15:28:11]   - 更新记录: 24
[2025-10-25 15:28:11]   - 创建记录: 1
[2025-10-25 15:28:11]   - 删除重复: 0
[2025-10-25 15:28:11]   - 失败操作: 0
[2025-10-25 15:28:11]   - 搜索操作: 25
[2025-10-25 15:28:11]   - 批量操作: 2
[2025-10-25 15:28:11] ================================================================================
[2025-10-25 15:28:11] 📊 性能报告已保存: CallawayJP/sync_logs/performance_report_v4_20251025_152811.txt
[2025-10-25 15:28:11] 📄 详细结果已保存: CallawayJP/sync_logs/sync_v4_result_20251025_152811.json
[2025-10-25 15:28:11] 📝 详细日志: CallawayJP/sync_logs/sync_v4_performance_20251025_152745.log
[2025-10-25 15:28:11] 
🎯 V4性能测试完成!
[2025-10-25 15:28:11]   - 总处理数: 25
[2025-10-25 15:28:11]   - 总耗时: 26.09秒
[2025-10-25 15:28:11]   - 批量操作: 2次
[2025-10-25 15:28:11]   - 限流处理: 0次
