[2025-10-25 22:15:29] 📦 准备加载 25 个测试商品
[2025-10-25 22:15:29] ✓ 加载了 25 个商品 (包含 3 个测试商品)
[2025-10-25 22:15:29] 🎯 开始测试模式，共 25 个商品
[2025-10-25 22:15:29] 
================================================================================
[2025-10-25 22:15:29] 🚀 开始批量优化同步 25 个商品
[2025-10-25 22:15:29] ================================================================================
[2025-10-25 22:15:29] 📋 第一阶段：搜索现有记录状态
[2025-10-25 22:15:29] [1/25] 检查商品: C25215107
[2025-10-25 22:15:29] 🔍 搜索商品ID: C25215107
[2025-10-25 22:15:29] ✓ 获取并缓存飞书token成功 (0.115s)
[2025-10-25 22:15:30]   ✅ 搜索成功，找到 1 条记录 (0.737s)
[2025-10-25 22:15:30]     - Record ID: recv0EdNvtj266
[2025-10-25 22:15:30]       商品链接: https://www.callawaygolf.jp/mens/tops/outer/C25215...
[2025-10-25 22:15:30] [2/25] 检查商品: C25215106
[2025-10-25 22:15:30] 🔍 搜索商品ID: C25215106
[2025-10-25 22:15:30]   ✅ 搜索成功，找到 1 条记录 (0.402s)
[2025-10-25 22:15:30]     - Record ID: recv0EdNvtejmF
[2025-10-25 22:15:30]       商品链接: https://www.callawaygolf.jp/mens/tops/outer/C25215...
[2025-10-25 22:15:31] [3/25] 检查商品: C25215100
[2025-10-25 22:15:31] 🔍 搜索商品ID: C25215100
[2025-10-25 22:15:31]   ✅ 搜索成功，找到 1 条记录 (0.376s)
[2025-10-25 22:15:31]     - Record ID: recv0EdNvtQqk9
[2025-10-25 22:15:31]       商品链接: https://www.callawaygolf.jp/mens/tops/outer/C25215...
[2025-10-25 22:15:31] [4/25] 检查商品: C25216103
[2025-10-25 22:15:31] 🔍 搜索商品ID: C25216103
[2025-10-25 22:15:32]   ✅ 搜索成功，找到 1 条记录 (0.546s)
[2025-10-25 22:15:32]     - Record ID: recv0EdNvth8Ul
[2025-10-25 22:15:32]       商品链接: https://www.callawaygolf.jp/mens/tops/outer/C25216...
[2025-10-25 22:15:32] [5/25] 检查商品: C25215103
[2025-10-25 22:15:32] 🔍 搜索商品ID: C25215103
[2025-10-25 22:15:32]   ✅ 搜索成功，找到 1 条记录 (0.365s)
[2025-10-25 22:15:32]     - Record ID: recv0EdNvtvXNn
[2025-10-25 22:15:32]       商品链接: https://www.callawaygolf.jp/mens/tops/outer/C25215...
[2025-10-25 22:15:33] [6/25] 检查商品: C25215104
[2025-10-25 22:15:33] 🔍 搜索商品ID: C25215104
[2025-10-25 22:15:33]   ✅ 搜索成功，找到 1 条记录 (0.369s)
[2025-10-25 22:15:33]     - Record ID: recv0EdNvtLOR0
[2025-10-25 22:15:33]       商品链接: https://www.callawaygolf.jp/mens/tops/outer/C25215...
[2025-10-25 22:15:33] [7/25] 检查商品: C25215105
[2025-10-25 22:15:33] 🔍 搜索商品ID: C25215105
[2025-10-25 22:15:34]   ✅ 搜索成功，找到 0 条记录 (0.387s)
[2025-10-25 22:15:34] [8/25] 检查商品: C25217104
[2025-10-25 22:15:34] 🔍 搜索商品ID: C25217104
[2025-10-25 22:15:34]   ✅ 搜索成功，找到 1 条记录 (0.514s)
[2025-10-25 22:15:34]     - Record ID: recv0EdNvtHEM4
[2025-10-25 22:15:34]       商品链接: https://www.callawaygolf.jp/mens/tops/outer/C25217...
[2025-10-25 22:15:34] [9/25] 检查商品: C25216104
[2025-10-25 22:15:34] 🔍 搜索商品ID: C25216104
[2025-10-25 22:15:35]   ✅ 搜索成功，找到 1 条记录 (0.400s)
[2025-10-25 22:15:35]     - Record ID: recv0EdNvt1rap
[2025-10-25 22:15:35]       商品链接: https://www.callawaygolf.jp/mens/tops/outer/C25216...
[2025-10-25 22:15:35] [10/25] 检查商品: C25217107
[2025-10-25 22:15:35] 🔍 搜索商品ID: C25217107
[2025-10-25 22:15:36]   ✅ 搜索成功，找到 1 条记录 (0.402s)
[2025-10-25 22:15:36]     - Record ID: recv0EdNvtXthr
[2025-10-25 22:15:36]       商品链接: https://www.callawaygolf.jp/mens/tops/outer/C25217...
[2025-10-25 22:15:36] [11/25] 检查商品: C25217106
[2025-10-25 22:15:36] 🔍 搜索商品ID: C25217106
[2025-10-25 22:15:36]   ✅ 搜索成功，找到 0 条记录 (0.505s)
[2025-10-25 22:15:36] [12/25] 检查商品: C25216180
[2025-10-25 22:15:36] 🔍 搜索商品ID: C25216180
[2025-10-25 22:15:37]   ✅ 搜索成功，找到 1 条记录 (0.364s)
[2025-10-25 22:15:37]     - Record ID: recv0EdNvtaLFD
[2025-10-25 22:15:37]       商品链接: https://www.callawaygolf.jp/mens/tops/outer/C25216...
[2025-10-25 22:15:37] [13/25] 检查商品: C25233182
[2025-10-25 22:15:37] 🔍 搜索商品ID: C25233182
[2025-10-25 22:15:37]   ✅ 搜索成功，找到 1 条记录 (0.365s)
[2025-10-25 22:15:37]     - Record ID: recv0EdNvtee6R
[2025-10-25 22:15:37]       商品链接: https://www.callawaygolf.jp/mens/tops/shirt/C25233...
[2025-10-25 22:15:38] [14/25] 检查商品: C25233183
[2025-10-25 22:15:38] 🔍 搜索商品ID: C25233183
[2025-10-25 22:15:38]   ✅ 搜索成功，找到 1 条记录 (0.399s)
[2025-10-25 22:15:38]     - Record ID: recv0EdNvthxNz
[2025-10-25 22:15:38]       商品链接: https://www.callawaygolf.jp/mens/tops/shirt/C25233...
[2025-10-25 22:15:38] [15/25] 检查商品: C25226181
[2025-10-25 22:15:38] 🔍 搜索商品ID: C25226181
[2025-10-25 22:15:39]   ✅ 搜索成功，找到 1 条记录 (0.476s)
[2025-10-25 22:15:39]     - Record ID: recv0EdSX7gi5X
[2025-10-25 22:15:39]       商品链接: https://www.callawaygolf.jp/mens/bottoms/pants/C25...
[2025-10-25 22:15:39] [16/25] 检查商品: C25217182
[2025-10-25 22:15:39] 🔍 搜索商品ID: C25217182
[2025-10-25 22:15:39]   ✅ 搜索成功，找到 1 条记录 (0.428s)
[2025-10-25 22:15:39]     - Record ID: recv0EdNvtf7rJ
[2025-10-25 22:15:39]       商品链接: https://www.callawaygolf.jp/mens/tops/outer/C25217...
[2025-10-25 22:15:40] [17/25] 检查商品: C25233180
[2025-10-25 22:15:40] 🔍 搜索商品ID: C25233180
[2025-10-25 22:15:40]   ✅ 搜索成功，找到 1 条记录 (0.373s)
[2025-10-25 22:15:40]     - Record ID: recv0EdNvtN8zJ
[2025-10-25 22:15:40]       商品链接: https://www.callawaygolf.jp/mens/tops/shirt/C25233...
[2025-10-25 22:15:40] [18/25] 检查商品: C25215180
[2025-10-25 22:15:40] 🔍 搜索商品ID: C25215180
[2025-10-25 22:15:41]   ✅ 搜索成功，找到 1 条记录 (0.431s)
[2025-10-25 22:15:41]     - Record ID: recv0EdNvtXMkd
[2025-10-25 22:15:41]       商品链接: https://www.callawaygolf.jp/mens/tops/outer/C25215...
[2025-10-25 22:15:41] [19/25] 检查商品: C25217181
[2025-10-25 22:15:41] 🔍 搜索商品ID: C25217181
[2025-10-25 22:15:41]   ✅ 搜索成功，找到 1 条记录 (0.368s)
[2025-10-25 22:15:41]     - Record ID: recv0EdNvtERAP
[2025-10-25 22:15:41]       商品链接: https://www.callawaygolf.jp/mens/tops/outer/C25217...
[2025-10-25 22:15:41] [20/25] 检查商品: C25218180
[2025-10-25 22:15:41] 🔍 搜索商品ID: C25218180
[2025-10-25 22:15:42]   ✅ 搜索成功，找到 1 条记录 (0.344s)
[2025-10-25 22:15:42]     - Record ID: recv0EdNvtPs2X
[2025-10-25 22:15:42]       商品链接: https://www.callawaygolf.jp/mens/tops/knit/C252181...
[2025-10-25 22:15:42] [21/25] 检查商品: C25291180
[2025-10-25 22:15:42] 🔍 搜索商品ID: C25291180
[2025-10-25 22:15:42]   ✅ 搜索成功，找到 0 条记录 (0.434s)
[2025-10-25 22:15:43] [22/25] 检查商品: C25233181
[2025-10-25 22:15:43] 🔍 搜索商品ID: C25233181
[2025-10-25 22:15:43]   ✅ 搜索成功，找到 1 条记录 (0.476s)
[2025-10-25 22:15:43]     - Record ID: recv0EdNvt39JV
[2025-10-25 22:15:43]       商品链接: https://www.callawaygolf.jp/mens/tops/shirt/C25233...
[2025-10-25 22:15:43] [23/25] 检查商品: C25215107
[2025-10-25 22:15:43] 🔍 搜索商品ID: C25215107
[2025-10-25 22:15:44]   ✅ 搜索成功，找到 1 条记录 (0.505s)
[2025-10-25 22:15:44]     - Record ID: recv0EdNvtj266
[2025-10-25 22:15:44]       商品链接: https://www.callawaygolf.jp/mens/tops/outer/C25215...
[2025-10-25 22:15:44] [24/25] 检查商品: C25215106
[2025-10-25 22:15:44] 🔍 搜索商品ID: C25215106
[2025-10-25 22:15:44]   ✅ 搜索成功，找到 1 条记录 (0.367s)
[2025-10-25 22:15:44]     - Record ID: recv0EdNvtejmF
[2025-10-25 22:15:44]       商品链接: https://www.callawaygolf.jp/mens/tops/outer/C25215...
[2025-10-25 22:15:44] [25/25] 检查商品: V4TEST221529
[2025-10-25 22:15:44] 🔍 搜索商品ID: V4TEST221529
[2025-10-25 22:15:45]   ✅ 搜索成功，找到 0 条记录 (0.529s)
[2025-10-25 22:15:45] 📊 搜索阶段完成:
[2025-10-25 22:15:45]   - 需要创建: 4 条
[2025-10-25 22:15:45]   - 需要更新: 21 条
[2025-10-25 22:15:45]   - 需要删除重复: 0 条
[2025-10-25 22:15:45] 
🔄 第二阶段：批量执行操作
[2025-10-25 22:15:45] 🔄 批量更新 21 条记录
[2025-10-25 22:15:46]   - HTTP状态码: 200
[2025-10-25 22:15:46]   ✅ 批量更新成功 21 条记录 (1.186s)
[2025-10-25 22:15:46] ➕ 批量创建 4 条记录
[2025-10-25 22:15:48]   ✅ 批量创建成功 4 条记录 (1.495s)
[2025-10-25 22:15:48] ✅ 批量创建完成: 批量创建成功4条
[2025-10-25 22:15:48] 
================================================================================
[2025-10-25 22:15:48] 🎯 批量同步完成 - 总耗时: 18.56秒
[2025-10-25 22:15:48] 📊 最终统计:
[2025-10-25 22:15:48]   - 总处理数: 25
[2025-10-25 22:15:48]   - 更新记录: 21
[2025-10-25 22:15:48]   - 创建记录: 4
[2025-10-25 22:15:48]   - 删除重复: 0
[2025-10-25 22:15:48]   - 失败操作: 0
[2025-10-25 22:15:48]   - 搜索操作: 25
[2025-10-25 22:15:48]   - 批量操作: 2
[2025-10-25 22:15:48] ================================================================================
[2025-10-25 22:15:48] 📊 性能报告已保存: CallawayJP/sync_logs/performance_report_v4_20251025_221548.txt
[2025-10-25 22:15:48] 📄 详细结果已保存: CallawayJP/sync_logs/sync_v4_result_20251025_221548.json
[2025-10-25 22:15:48] 📝 详细日志: CallawayJP/sync_logs/sync_v4_performance_20251025_221529.log
[2025-10-25 22:15:48] 
🎯 V4测试模式完成!
[2025-10-25 22:15:48]   - 总处理数: 25
[2025-10-25 22:15:48]   - 总耗时: 18.56秒
[2025-10-25 22:15:48]   - 批量操作: 2次
[2025-10-25 22:15:48]   - 限流处理: 0次
