[2025-10-25 14:31:43] 📦 准备加载 25 个测试商品
[2025-10-25 14:31:43] ✓ 加载了 25 个商品 (包含 3 个测试商品)
[2025-10-25 14:31:43] 🎯 开始性能测试，共 25 个商品
[2025-10-25 14:31:43] 
================================================================================
[2025-10-25 14:31:43] 🚀 开始批量优化同步 25 个商品
[2025-10-25 14:31:43] ================================================================================
[2025-10-25 14:31:43] 📋 第一阶段：搜索现有记录状态
[2025-10-25 14:31:43] [1/25] 检查商品: C25215107
[2025-10-25 14:31:43] 🔍 搜索商品ID: C25215107
[2025-10-25 14:31:44] ✓ 获取并缓存飞书token成功 (0.178s)
[2025-10-25 14:31:44]   ✅ 搜索成功，找到 1 条记录 (0.949s)
[2025-10-25 14:31:44]     - Record ID: recv0BkB4taVCc
[2025-10-25 14:31:44]       商品链接: https://www.callawaygolf.jp/test_updated_link_1.ht...
[2025-10-25 14:31:45] [2/25] 检查商品: C25215106
[2025-10-25 14:31:45] 🔍 搜索商品ID: C25215106
[2025-10-25 14:31:45]   ✅ 搜索成功，找到 1 条记录 (0.740s)
[2025-10-25 14:31:45]     - Record ID: recv0BkBLSFoP3
[2025-10-25 14:31:45]       商品链接: https://www.callawaygolf.jp/test_updated_link_2.ht...
[2025-10-25 14:31:45] [3/25] 检查商品: C25215100
[2025-10-25 14:31:45] 🔍 搜索商品ID: C25215100
[2025-10-25 14:31:46]   ✅ 搜索成功，找到 1 条记录 (0.947s)
[2025-10-25 14:31:46]     - Record ID: recv0BkCG1I34z
[2025-10-25 14:31:46]       商品链接: https://www.callawaygolf.jp/mens/tops/outer/C25215...
[2025-10-25 14:31:47] [4/25] 检查商品: C25216103
[2025-10-25 14:31:47] 🔍 搜索商品ID: C25216103
[2025-10-25 14:31:50]   ✅ 搜索成功，找到 1 条记录 (3.175s)
[2025-10-25 14:31:50]     - Record ID: recv0BkDv5Lh0f
[2025-10-25 14:31:50]       商品链接: https://www.callawaygolf.jp/mens/tops/outer/C25216...
[2025-10-25 14:31:50] [5/25] 检查商品: C25215103
[2025-10-25 14:31:50] 🔍 搜索商品ID: C25215103
[2025-10-25 14:32:01]   ✅ 搜索成功，找到 1 条记录 (11.314s)
[2025-10-25 14:32:01]     - Record ID: recv0BkEckboo0
[2025-10-25 14:32:01]       商品链接: https://www.callawaygolf.jp/mens/tops/outer/C25215...
[2025-10-25 14:32:02] [6/25] 检查商品: C25215104
[2025-10-25 14:32:02] 🔍 搜索商品ID: C25215104
[2025-10-25 14:32:17] ⚠️ 请求异常，等待 1.88秒后重试: HTTPSConnectionPool(host='open.feishu.cn', port=443): Read timed out. (read timeout=15)
[2025-10-25 14:32:19]   ✅ 搜索成功，找到 1 条记录 (17.989s)
[2025-10-25 14:32:19]     - Record ID: recv0BkEVSOHZY
[2025-10-25 14:32:19]       商品链接: https://www.callawaygolf.jp/mens/tops/outer/C25215...
[2025-10-25 14:32:20] [7/25] 检查商品: C25215105
[2025-10-25 14:32:20] 🔍 搜索商品ID: C25215105
[2025-10-25 14:32:21]   ✅ 搜索成功，找到 1 条记录 (1.049s)
[2025-10-25 14:32:21]     - Record ID: recv0BkFG3Uzxt
[2025-10-25 14:32:21]       商品链接: https://www.callawaygolf.jp/mens/tops/outer/C25215...
[2025-10-25 14:32:21] [8/25] 检查商品: C25217104
[2025-10-25 14:32:21] 🔍 搜索商品ID: C25217104
[2025-10-25 14:32:22]   ✅ 搜索成功，找到 1 条记录 (0.618s)
[2025-10-25 14:32:22]     - Record ID: recv0BkGnxb2IQ
[2025-10-25 14:32:22]       商品链接: https://www.callawaygolf.jp/mens/tops/outer/C25217...
[2025-10-25 14:32:22] [9/25] 检查商品: C25216104
[2025-10-25 14:32:22] 🔍 搜索商品ID: C25216104
[2025-10-25 14:32:22]   ✅ 搜索成功，找到 1 条记录 (0.557s)
[2025-10-25 14:32:22]     - Record ID: recv0BkH60N8aI
[2025-10-25 14:32:22]       商品链接: https://www.callawaygolf.jp/mens/tops/outer/C25216...
[2025-10-25 14:32:23] [10/25] 检查商品: C25217107
[2025-10-25 14:32:23] 🔍 搜索商品ID: C25217107
[2025-10-25 14:32:23]   ✅ 搜索成功，找到 1 条记录 (0.798s)
[2025-10-25 14:32:23]     - Record ID: recv0BkHQ34V11
[2025-10-25 14:32:23]       商品链接: https://www.callawaygolf.jp/mens/tops/outer/C25217...
[2025-10-25 14:32:24] [11/25] 检查商品: C25217106
[2025-10-25 14:32:24] 🔍 搜索商品ID: C25217106
[2025-10-25 14:32:24]   ✅ 搜索成功，找到 1 条记录 (0.677s)
[2025-10-25 14:32:24]     - Record ID: recv0BkIASlWZB
[2025-10-25 14:32:24]       商品链接: https://www.callawaygolf.jp/mens/tops/outer/C25217...
[2025-10-25 14:32:24] [12/25] 检查商品: C25216180
[2025-10-25 14:32:24] 🔍 搜索商品ID: C25216180
[2025-10-25 14:32:25]   ✅ 搜索成功，找到 1 条记录 (0.808s)
[2025-10-25 14:32:25]     - Record ID: recv0BkJiQPTrS
[2025-10-25 14:32:25]       商品链接: https://www.callawaygolf.jp/mens/tops/outer/C25216...
[2025-10-25 14:32:25] [13/25] 检查商品: C25233182
[2025-10-25 14:32:25] 🔍 搜索商品ID: C25233182
[2025-10-25 14:32:27]   ✅ 搜索成功，找到 1 条记录 (1.154s)
[2025-10-25 14:32:27]     - Record ID: recv0BkJYSuKJ9
[2025-10-25 14:32:27]       商品链接: https://www.callawaygolf.jp/mens/tops/shirt/C25233...
[2025-10-25 14:32:27] [14/25] 检查商品: C25233183
[2025-10-25 14:32:27] 🔍 搜索商品ID: C25233183
[2025-10-25 14:32:27]   ✅ 搜索成功，找到 1 条记录 (0.539s)
[2025-10-25 14:32:27]     - Record ID: recv0BkKL1SibZ
[2025-10-25 14:32:27]       商品链接: https://www.callawaygolf.jp/mens/tops/shirt/C25233...
[2025-10-25 14:32:28] [15/25] 检查商品: C25226181
[2025-10-25 14:32:28] 🔍 搜索商品ID: C25226181
[2025-10-25 14:32:43] ⚠️ 请求异常，等待 1.64秒后重试: HTTPSConnectionPool(host='open.feishu.cn', port=443): Read timed out. (read timeout=15)
[2025-10-25 14:32:45]   ✅ 搜索成功，找到 1 条记录 (17.262s)
[2025-10-25 14:32:45]     - Record ID: recv0BkLqcKaO8
[2025-10-25 14:32:45]       商品链接: https://www.callawaygolf.jp/mens/bottoms/pants/C25...
[2025-10-25 14:32:45] [16/25] 检查商品: C25217182
[2025-10-25 14:32:45] 🔍 搜索商品ID: C25217182
[2025-10-25 14:32:45]   ✅ 搜索成功，找到 1 条记录 (0.437s)
[2025-10-25 14:32:45]     - Record ID: recv0BkM827ER8
[2025-10-25 14:32:45]       商品链接: https://www.callawaygolf.jp/mens/tops/outer/C25217...
[2025-10-25 14:32:46] [17/25] 检查商品: C25233180
[2025-10-25 14:32:46] 🔍 搜索商品ID: C25233180
[2025-10-25 14:32:46]   ✅ 搜索成功，找到 1 条记录 (0.671s)
[2025-10-25 14:32:46]     - Record ID: recv0BkMPm3vj5
[2025-10-25 14:32:46]       商品链接: https://www.callawaygolf.jp/mens/tops/shirt/C25233...
[2025-10-25 14:32:47] [18/25] 检查商品: C25215180
[2025-10-25 14:32:47] 🔍 搜索商品ID: C25215180
[2025-10-25 14:32:47]   ✅ 搜索成功，找到 1 条记录 (0.953s)
[2025-10-25 14:32:47]     - Record ID: recv0BkNuCf9Fn
[2025-10-25 14:32:47]       商品链接: https://www.callawaygolf.jp/mens/tops/outer/C25215...
[2025-10-25 14:32:48] [19/25] 检查商品: C25217181
[2025-10-25 14:32:48] 🔍 搜索商品ID: C25217181
[2025-10-25 14:33:01]   ✅ 搜索成功，找到 1 条记录 (13.754s)
[2025-10-25 14:33:01]     - Record ID: recv0BkOcmN9RN
[2025-10-25 14:33:01]       商品链接: https://www.callawaygolf.jp/mens/tops/outer/C25217...
[2025-10-25 14:33:02] [20/25] 检查商品: C25218180
[2025-10-25 14:33:02] 🔍 搜索商品ID: C25218180
[2025-10-25 14:33:16]   ✅ 搜索成功，找到 1 条记录 (14.648s)
[2025-10-25 14:33:16]     - Record ID: recv0BkOSLAPLA
[2025-10-25 14:33:16]       商品链接: https://www.callawaygolf.jp/mens/tops/knit/C252181...
[2025-10-25 14:33:17] [21/25] 检查商品: C25291180
[2025-10-25 14:33:17] 🔍 搜索商品ID: C25291180
[2025-10-25 14:33:32] ⚠️ 请求异常，等待 2.00秒后重试: HTTPSConnectionPool(host='open.feishu.cn', port=443): Read timed out. (read timeout=15)
[2025-10-25 14:33:34]   ✅ 搜索成功，找到 1 条记录 (17.674s)
[2025-10-25 14:33:34]     - Record ID: recv0BkPAk56zY
[2025-10-25 14:33:34]       商品链接: https://www.callawaygolf.jp/mens/accessories/cap/C...
[2025-10-25 14:33:34] [22/25] 检查商品: C25233181
[2025-10-25 14:33:34] 🔍 搜索商品ID: C25233181
[2025-10-25 14:33:36]   ✅ 搜索成功，找到 1 条记录 (1.133s)
[2025-10-25 14:33:36]     - Record ID: recv0BkQhMYqTD
[2025-10-25 14:33:36]       商品链接: https://www.callawaygolf.jp/mens/tops/shirt/C25233...
[2025-10-25 14:33:36] [23/25] 检查商品: C25215107
[2025-10-25 14:33:36] 🔍 搜索商品ID: C25215107
[2025-10-25 14:33:36]   ✅ 搜索成功，找到 1 条记录 (0.577s)
[2025-10-25 14:33:36]     - Record ID: recv0BkB4taVCc
[2025-10-25 14:33:36]       商品链接: https://www.callawaygolf.jp/test_updated_link_1.ht...
[2025-10-25 14:33:37] [24/25] 检查商品: C25215106
[2025-10-25 14:33:37] 🔍 搜索商品ID: C25215106
[2025-10-25 14:33:38]   ✅ 搜索成功，找到 1 条记录 (1.127s)
[2025-10-25 14:33:38]     - Record ID: recv0BkBLSFoP3
[2025-10-25 14:33:38]       商品链接: https://www.callawaygolf.jp/test_updated_link_2.ht...
[2025-10-25 14:33:38] [25/25] 检查商品: V4TEST143143
[2025-10-25 14:33:38] 🔍 搜索商品ID: V4TEST143143
[2025-10-25 14:33:40]   ✅ 搜索成功，找到 0 条记录 (1.718s)
[2025-10-25 14:33:40] 📊 搜索阶段完成:
[2025-10-25 14:33:40]   - 需要创建: 1 条
[2025-10-25 14:33:40]   - 需要更新: 24 条
[2025-10-25 14:33:40]   - 需要删除重复: 0 条
[2025-10-25 14:33:40] 
🔄 第二阶段：批量执行操作
[2025-10-25 14:33:40] 🔄 批量更新 24 条记录
[2025-10-25 14:33:42]   - HTTP状态码: 200
[2025-10-25 14:33:42]   ✅ 批量更新成功 24 条记录 (2.051s)
[2025-10-25 14:33:42] ➕ 批量创建 1 条记录
