[2025-10-25 19:54:07] 📦 准备加载 25 个测试商品
[2025-10-25 19:54:07] ✓ 加载了 25 个商品 (包含 3 个测试商品)
[2025-10-25 19:54:07] 🎯 开始性能测试，共 25 个商品
[2025-10-25 19:54:07] 
================================================================================
[2025-10-25 19:54:07] 🚀 开始批量优化同步 25 个商品
[2025-10-25 19:54:07] ================================================================================
[2025-10-25 19:54:07] 📋 第一阶段：搜索现有记录状态
[2025-10-25 19:54:07] [1/25] 检查商品: C25215107
[2025-10-25 19:54:07] 🔍 搜索商品ID: C25215107
[2025-10-25 19:54:07] ✓ 获取并缓存飞书token成功 (0.137s)
[2025-10-25 19:54:08]   ✅ 搜索成功，找到 1 条记录 (0.831s)
[2025-10-25 19:54:08]     - Record ID: recv0BkB4taVCc
[2025-10-25 19:54:08]       商品链接: https://www.callawaygolf.jp/test_v4_updated_link_1...
[2025-10-25 19:54:08] [2/25] 检查商品: C25215106
[2025-10-25 19:54:08] 🔍 搜索商品ID: C25215106
[2025-10-25 19:54:09]   ✅ 搜索成功，找到 1 条记录 (0.516s)
[2025-10-25 19:54:09]     - Record ID: recv0BkBLSFoP3
[2025-10-25 19:54:09]       商品链接: https://www.callawaygolf.jp/test_v4_updated_link_2...
[2025-10-25 19:54:09] [3/25] 检查商品: C25215100
[2025-10-25 19:54:09] 🔍 搜索商品ID: C25215100
[2025-10-25 19:54:09]   ✅ 搜索成功，找到 1 条记录 (0.413s)
[2025-10-25 19:54:09]     - Record ID: recv0BkCG1I34z
[2025-10-25 19:54:09]       商品链接: https://www.callawaygolf.jp/mens/tops/outer/C25215...
[2025-10-25 19:54:09] [4/25] 检查商品: C25216103
[2025-10-25 19:54:09] 🔍 搜索商品ID: C25216103
[2025-10-25 19:54:10]   ✅ 搜索成功，找到 1 条记录 (0.600s)
[2025-10-25 19:54:10]     - Record ID: recv0BkDv5Lh0f
[2025-10-25 19:54:10]       商品链接: https://www.callawaygolf.jp/mens/tops/outer/C25216...
[2025-10-25 19:54:10] [5/25] 检查商品: C25215103
[2025-10-25 19:54:10] 🔍 搜索商品ID: C25215103
[2025-10-25 19:54:11]   ✅ 搜索成功，找到 1 条记录 (0.484s)
[2025-10-25 19:54:11]     - Record ID: recv0BkEckboo0
[2025-10-25 19:54:11]       商品链接: https://www.callawaygolf.jp/mens/tops/outer/C25215...
[2025-10-25 19:54:11] [6/25] 检查商品: C25215104
[2025-10-25 19:54:11] 🔍 搜索商品ID: C25215104
[2025-10-25 19:54:11]   ✅ 搜索成功，找到 1 条记录 (0.439s)
[2025-10-25 19:54:11]     - Record ID: recv0BkEVSOHZY
[2025-10-25 19:54:11]       商品链接: https://www.callawaygolf.jp/mens/tops/outer/C25215...
[2025-10-25 19:54:12] [7/25] 检查商品: C25215105
[2025-10-25 19:54:12] 🔍 搜索商品ID: C25215105
[2025-10-25 19:54:12]   ✅ 搜索成功，找到 1 条记录 (0.562s)
[2025-10-25 19:54:12]     - Record ID: recv0BkFG3Uzxt
[2025-10-25 19:54:12]       商品链接: https://www.callawaygolf.jp/mens/tops/outer/C25215...
[2025-10-25 19:54:12] [8/25] 检查商品: C25217104
[2025-10-25 19:54:12] 🔍 搜索商品ID: C25217104
[2025-10-25 19:54:13]   ✅ 搜索成功，找到 1 条记录 (0.495s)
[2025-10-25 19:54:13]     - Record ID: recv0BkGnxb2IQ
[2025-10-25 19:54:13]       商品链接: https://www.callawaygolf.jp/mens/tops/outer/C25217...
[2025-10-25 19:54:13] [9/25] 检查商品: C25216104
[2025-10-25 19:54:13] 🔍 搜索商品ID: C25216104
[2025-10-25 19:54:14]   ✅ 搜索成功，找到 1 条记录 (0.564s)
[2025-10-25 19:54:14]     - Record ID: recv0BkH60N8aI
[2025-10-25 19:54:14]       商品链接: https://www.callawaygolf.jp/mens/tops/outer/C25216...
[2025-10-25 19:54:14] [10/25] 检查商品: C25217107
[2025-10-25 19:54:14] 🔍 搜索商品ID: C25217107
[2025-10-25 19:54:14]   ✅ 搜索成功，找到 1 条记录 (0.438s)
[2025-10-25 19:54:14]     - Record ID: recv0BkHQ34V11
[2025-10-25 19:54:14]       商品链接: https://www.callawaygolf.jp/mens/tops/outer/C25217...
[2025-10-25 19:54:14] [11/25] 检查商品: C25217106
[2025-10-25 19:54:14] 🔍 搜索商品ID: C25217106
[2025-10-25 19:54:15]   ✅ 搜索成功，找到 1 条记录 (0.404s)
[2025-10-25 19:54:15]     - Record ID: recv0BkIASlWZB
[2025-10-25 19:54:15]       商品链接: https://www.callawaygolf.jp/mens/tops/outer/C25217...
[2025-10-25 19:54:15] [12/25] 检查商品: C25216180
[2025-10-25 19:54:15] 🔍 搜索商品ID: C25216180
[2025-10-25 19:54:16]   ✅ 搜索成功，找到 1 条记录 (0.470s)
[2025-10-25 19:54:16]     - Record ID: recv0BkJiQPTrS
[2025-10-25 19:54:16]       商品链接: https://www.callawaygolf.jp/mens/tops/outer/C25216...
[2025-10-25 19:54:16] [13/25] 检查商品: C25233182
[2025-10-25 19:54:16] 🔍 搜索商品ID: C25233182
[2025-10-25 19:54:16]   ✅ 搜索成功，找到 1 条记录 (0.613s)
[2025-10-25 19:54:16]     - Record ID: recv0BkJYSuKJ9
[2025-10-25 19:54:16]       商品链接: https://www.callawaygolf.jp/mens/tops/shirt/C25233...
[2025-10-25 19:54:17] [14/25] 检查商品: C25233183
[2025-10-25 19:54:17] 🔍 搜索商品ID: C25233183
[2025-10-25 19:54:17]   ✅ 搜索成功，找到 1 条记录 (0.478s)
[2025-10-25 19:54:17]     - Record ID: recv0BkKL1SibZ
[2025-10-25 19:54:17]       商品链接: https://www.callawaygolf.jp/mens/tops/shirt/C25233...
[2025-10-25 19:54:17] [15/25] 检查商品: C25226181
[2025-10-25 19:54:17] 🔍 搜索商品ID: C25226181
[2025-10-25 19:54:18]   ✅ 搜索成功，找到 1 条记录 (0.431s)
[2025-10-25 19:54:18]     - Record ID: recv0BkLqcKaO8
[2025-10-25 19:54:18]       商品链接: https://www.callawaygolf.jp/mens/bottoms/pants/C25...
[2025-10-25 19:54:18] [16/25] 检查商品: C25217182
[2025-10-25 19:54:18] 🔍 搜索商品ID: C25217182
[2025-10-25 19:54:18]   ✅ 搜索成功，找到 1 条记录 (0.469s)
[2025-10-25 19:54:18]     - Record ID: recv0BkM827ER8
[2025-10-25 19:54:18]       商品链接: https://www.callawaygolf.jp/mens/tops/outer/C25217...
[2025-10-25 19:54:19] [17/25] 检查商品: C25233180
[2025-10-25 19:54:19] 🔍 搜索商品ID: C25233180
[2025-10-25 19:54:19]   ✅ 搜索成功，找到 1 条记录 (0.439s)
[2025-10-25 19:54:19]     - Record ID: recv0BkMPm3vj5
[2025-10-25 19:54:19]       商品链接: https://www.callawaygolf.jp/mens/tops/shirt/C25233...
[2025-10-25 19:54:19] [18/25] 检查商品: C25215180
[2025-10-25 19:54:19] 🔍 搜索商品ID: C25215180
[2025-10-25 19:54:20]   ✅ 搜索成功，找到 1 条记录 (0.436s)
[2025-10-25 19:54:20]     - Record ID: recv0BkNuCf9Fn
[2025-10-25 19:54:20]       商品链接: https://www.callawaygolf.jp/mens/tops/outer/C25215...
[2025-10-25 19:54:20] [19/25] 检查商品: C25217181
[2025-10-25 19:54:20] 🔍 搜索商品ID: C25217181
[2025-10-25 19:54:20]   ✅ 搜索成功，找到 1 条记录 (0.554s)
[2025-10-25 19:54:20]     - Record ID: recv0BkOcmN9RN
[2025-10-25 19:54:20]       商品链接: https://www.callawaygolf.jp/mens/tops/outer/C25217...
[2025-10-25 19:54:21] [20/25] 检查商品: C25218180
[2025-10-25 19:54:21] 🔍 搜索商品ID: C25218180
[2025-10-25 19:54:21]   ✅ 搜索成功，找到 1 条记录 (0.410s)
[2025-10-25 19:54:21]     - Record ID: recv0BkOSLAPLA
[2025-10-25 19:54:21]       商品链接: https://www.callawaygolf.jp/mens/tops/knit/C252181...
[2025-10-25 19:54:21] [21/25] 检查商品: C25291180
[2025-10-25 19:54:21] 🔍 搜索商品ID: C25291180
[2025-10-25 19:54:22]   ✅ 搜索成功，找到 1 条记录 (0.438s)
[2025-10-25 19:54:22]     - Record ID: recv0BkPAk56zY
[2025-10-25 19:54:22]       商品链接: https://www.callawaygolf.jp/mens/accessories/cap/C...
[2025-10-25 19:54:22] [22/25] 检查商品: C25233181
[2025-10-25 19:54:22] 🔍 搜索商品ID: C25233181
[2025-10-25 19:54:22]   ✅ 搜索成功，找到 1 条记录 (0.452s)
[2025-10-25 19:54:22]     - Record ID: recv0BkQhMYqTD
[2025-10-25 19:54:22]       商品链接: https://www.callawaygolf.jp/mens/tops/shirt/C25233...
[2025-10-25 19:54:23] [23/25] 检查商品: C25215107
[2025-10-25 19:54:23] 🔍 搜索商品ID: C25215107
[2025-10-25 19:54:23]   ✅ 搜索成功，找到 1 条记录 (0.492s)
[2025-10-25 19:54:23]     - Record ID: recv0BkB4taVCc
[2025-10-25 19:54:23]       商品链接: https://www.callawaygolf.jp/test_v4_updated_link_1...
[2025-10-25 19:54:23] [24/25] 检查商品: C25215106
[2025-10-25 19:54:23] 🔍 搜索商品ID: C25215106
[2025-10-25 19:54:24]   ✅ 搜索成功，找到 1 条记录 (0.404s)
[2025-10-25 19:54:24]     - Record ID: recv0BkBLSFoP3
[2025-10-25 19:54:24]       商品链接: https://www.callawaygolf.jp/test_v4_updated_link_2...
[2025-10-25 19:54:24] [25/25] 检查商品: V4TEST195407
[2025-10-25 19:54:24] 🔍 搜索商品ID: V4TEST195407
[2025-10-25 19:54:24]   ✅ 搜索成功，找到 0 条记录 (0.561s)
[2025-10-25 19:54:24] 📊 搜索阶段完成:
[2025-10-25 19:54:24]   - 需要创建: 1 条
[2025-10-25 19:54:24]   - 需要更新: 24 条
[2025-10-25 19:54:24]   - 需要删除重复: 0 条
[2025-10-25 19:54:24] 
🔄 第二阶段：批量执行操作
[2025-10-25 19:54:24] 🔄 批量更新 24 条记录
[2025-10-25 19:54:25]   - HTTP状态码: 200
[2025-10-25 19:54:25]   ✅ 批量更新成功 24 条记录 (0.889s)
[2025-10-25 19:54:25] ➕ 批量创建 1 条记录
[2025-10-25 19:54:27]   ✅ 批量创建成功 1 条记录 (1.539s)
[2025-10-25 19:54:27] ✅ 批量创建完成: 批量创建成功1条
[2025-10-25 19:54:27] 
================================================================================
[2025-10-25 19:54:27] 🎯 批量同步完成 - 总耗时: 19.83秒
[2025-10-25 19:54:27] 📊 最终统计:
[2025-10-25 19:54:27]   - 总处理数: 25
[2025-10-25 19:54:27]   - 更新记录: 24
[2025-10-25 19:54:27]   - 创建记录: 1
[2025-10-25 19:54:27]   - 删除重复: 0
[2025-10-25 19:54:27]   - 失败操作: 0
[2025-10-25 19:54:27]   - 搜索操作: 25
[2025-10-25 19:54:27]   - 批量操作: 2
[2025-10-25 19:54:27] ================================================================================
[2025-10-25 19:54:27] 📊 性能报告已保存: CallawayJP/sync_logs/performance_report_v4_20251025_195427.txt
[2025-10-25 19:54:27] 📄 详细结果已保存: CallawayJP/sync_logs/sync_v4_result_20251025_195427.json
[2025-10-25 19:54:27] 📝 详细日志: CallawayJP/sync_logs/sync_v4_performance_20251025_195407.log
[2025-10-25 19:54:27] 
🎯 V4性能测试完成!
[2025-10-25 19:54:27]   - 总处理数: 25
[2025-10-25 19:54:27]   - 总耗时: 19.83秒
[2025-10-25 19:54:27]   - 批量操作: 2次
[2025-10-25 19:54:27]   - 限流处理: 0次
