[2025-10-25 22:22:20] 📦 加载分类数据: mens_bottoms
[2025-10-25 22:22:20] ✓ 加载了 32 个商品
[2025-10-25 22:22:20] 🎯 开始分类同步模式 (mens_bottoms)，共 32 个商品
[2025-10-25 22:22:20] 
================================================================================
[2025-10-25 22:22:20] 🚀 开始批量优化同步 32 个商品
[2025-10-25 22:22:20] ================================================================================
[2025-10-25 22:22:20] 📋 第一阶段：搜索现有记录状态
[2025-10-25 22:22:20] [1/32] 检查商品: C25241301 (分类: メンズ ボトムス)
[2025-10-25 22:22:20] 🔍 搜索商品ID: C25241301
[2025-10-25 22:22:20] ✓ 获取并缓存飞书token成功 (0.126s)
[2025-10-25 22:22:20]   ❌ API返回错误: FieldNameNotFound (0.585s)
[2025-10-25 22:22:20] [2/32] 检查商品: C25241301 (分类: メンズ ボトムス)
[2025-10-25 22:22:20] 🔍 搜索商品ID: C25241301
[2025-10-25 22:22:21]   ❌ API返回错误: FieldNameNotFound (0.254s)
[2025-10-25 22:22:21] [3/32] 检查商品: C25241301 (分类: メンズ ボトムス)
[2025-10-25 22:22:21] 🔍 搜索商品ID: C25241301
[2025-10-25 22:22:21]   ❌ API返回错误: FieldNameNotFound (0.255s)
[2025-10-25 22:22:21] [4/32] 检查商品: C25241301 (分类: メンズ ボトムス)
[2025-10-25 22:22:21] 🔍 搜索商品ID: C25241301
[2025-10-25 22:22:22]   ❌ API返回错误: FieldNameNotFound (0.304s)
[2025-10-25 22:22:22] [5/32] 检查商品: C25241301 (分类: メンズ ボトムス)
[2025-10-25 22:22:22] 🔍 搜索商品ID: C25241301
[2025-10-25 22:22:22]   ❌ API返回错误: FieldNameNotFound (0.311s)
[2025-10-25 22:22:22] [6/32] 检查商品: C25241301 (分类: メンズ ボトムス)
[2025-10-25 22:22:22] 🔍 搜索商品ID: C25241301
[2025-10-25 22:22:23]   ❌ API返回错误: FieldNameNotFound (0.253s)
[2025-10-25 22:22:23] [7/32] 检查商品: C25241301 (分类: メンズ ボトムス)
[2025-10-25 22:22:23] 🔍 搜索商品ID: C25241301
[2025-10-25 22:22:23]   ❌ API返回错误: FieldNameNotFound (0.357s)
[2025-10-25 22:22:23] [8/32] 检查商品: C25241301 (分类: メンズ ボトムス)
[2025-10-25 22:22:23] 🔍 搜索商品ID: C25241301
[2025-10-25 22:22:24]   ❌ API返回错误: FieldNameNotFound (0.310s)
[2025-10-25 22:22:24] [9/32] 检查商品: C25241301 (分类: メンズ ボトムス)
[2025-10-25 22:22:24] 🔍 搜索商品ID: C25241301
[2025-10-25 22:22:24]   ❌ API返回错误: FieldNameNotFound (0.341s)
[2025-10-25 22:22:24] [10/32] 检查商品: C25241301 (分类: メンズ ボトムス)
[2025-10-25 22:22:24] 🔍 搜索商品ID: C25241301
[2025-10-25 22:22:25]   ❌ API返回错误: FieldNameNotFound (0.290s)
[2025-10-25 22:22:25] [11/32] 检查商品: C25241301 (分类: メンズ ボトムス)
[2025-10-25 22:22:25] 🔍 搜索商品ID: C25241301
[2025-10-25 22:22:25]   ❌ API返回错误: FieldNameNotFound (0.291s)
[2025-10-25 22:22:25] [12/32] 检查商品: C25241301 (分类: メンズ ボトムス)
[2025-10-25 22:22:25] 🔍 搜索商品ID: C25241301
[2025-10-25 22:22:26]   ❌ API返回错误: FieldNameNotFound (0.262s)
[2025-10-25 22:22:26] [13/32] 检查商品: C25241301 (分类: メンズ ボトムス)
[2025-10-25 22:22:26] 🔍 搜索商品ID: C25241301
[2025-10-25 22:22:26]   ❌ API返回错误: FieldNameNotFound (0.313s)
[2025-10-25 22:22:26] [14/32] 检查商品: C25241301 (分类: メンズ ボトムス)
[2025-10-25 22:22:26] 🔍 搜索商品ID: C25241301
[2025-10-25 22:22:27]   ❌ API返回错误: FieldNameNotFound (0.282s)
[2025-10-25 22:22:27] [15/32] 检查商品: C25241301 (分类: メンズ ボトムス)
[2025-10-25 22:22:27] 🔍 搜索商品ID: C25241301
[2025-10-25 22:22:27]   ❌ API返回错误: FieldNameNotFound (0.262s)
[2025-10-25 22:22:27] [16/32] 检查商品: C25241301 (分类: メンズ ボトムス)
[2025-10-25 22:22:27] 🔍 搜索商品ID: C25241301
[2025-10-25 22:22:28]   ❌ API返回错误: FieldNameNotFound (0.304s)
[2025-10-25 22:22:28] [17/32] 检查商品: C25241301 (分类: メンズ ボトムス)
[2025-10-25 22:22:28] 🔍 搜索商品ID: C25241301
[2025-10-25 22:22:28]   ❌ API返回错误: FieldNameNotFound (0.231s)
[2025-10-25 22:22:28] [18/32] 检查商品: C25241301 (分类: メンズ ボトムス)
[2025-10-25 22:22:28] 🔍 搜索商品ID: C25241301
[2025-10-25 22:22:28]   ❌ API返回错误: FieldNameNotFound (0.255s)
[2025-10-25 22:22:29] [19/32] 检查商品: C25241301 (分类: メンズ ボトムス)
[2025-10-25 22:22:29] 🔍 搜索商品ID: C25241301
[2025-10-25 22:22:29]   ❌ API返回错误: FieldNameNotFound (0.353s)
[2025-10-25 22:22:29] [20/32] 检查商品: C25241301 (分类: メンズ ボトムス)
[2025-10-25 22:22:29] 🔍 搜索商品ID: C25241301
[2025-10-25 22:22:30]   ❌ API返回错误: FieldNameNotFound (0.392s)
[2025-10-25 22:22:30] [21/32] 检查商品: C25241301 (分类: メンズ ボトムス)
[2025-10-25 22:22:30] 🔍 搜索商品ID: C25241301
[2025-10-25 22:22:30]   ❌ API返回错误: FieldNameNotFound (0.245s)
[2025-10-25 22:22:30] [22/32] 检查商品: C25241301 (分类: メンズ ボトムス)
[2025-10-25 22:22:30] 🔍 搜索商品ID: C25241301
[2025-10-25 22:22:31]   ❌ API返回错误: FieldNameNotFound (0.289s)
[2025-10-25 22:22:31] [23/32] 检查商品: C25241301 (分类: メンズ ボトムス)
[2025-10-25 22:22:31] 🔍 搜索商品ID: C25241301
[2025-10-25 22:22:31]   ❌ API返回错误: FieldNameNotFound (0.284s)
[2025-10-25 22:22:31] [24/32] 检查商品: C25241301 (分类: メンズ ボトムス)
[2025-10-25 22:22:31] 🔍 搜索商品ID: C25241301
[2025-10-25 22:22:32]   ❌ API返回错误: FieldNameNotFound (0.408s)
[2025-10-25 22:22:32] [25/32] 检查商品: C25243300 (分类: メンズ ボトムス)
[2025-10-25 22:22:32] 🔍 搜索商品ID: C25243300
[2025-10-25 22:22:32]   ❌ API返回错误: FieldNameNotFound (0.510s)
[2025-10-25 22:22:33] [26/32] 检查商品: C25243300 (分类: メンズ ボトムス)
[2025-10-25 22:22:33] 🔍 搜索商品ID: C25243300
[2025-10-25 22:22:33]   ❌ API返回错误: FieldNameNotFound (0.253s)
[2025-10-25 22:22:33] [27/32] 检查商品: C25243300 (分类: メンズ ボトムス)
[2025-10-25 22:22:33] 🔍 搜索商品ID: C25243300
[2025-10-25 22:22:33]   ❌ API返回错误: FieldNameNotFound (0.323s)
[2025-10-25 22:22:34] [28/32] 检查商品: C25243300 (分类: メンズ ボトムス)
[2025-10-25 22:22:34] 🔍 搜索商品ID: C25243300
[2025-10-25 22:22:34]   ❌ API返回错误: FieldNameNotFound (0.299s)
[2025-10-25 22:22:34] [29/32] 检查商品: C25243300 (分类: メンズ ボトムス)
[2025-10-25 22:22:34] 🔍 搜索商品ID: C25243300
[2025-10-25 22:22:34]   ❌ API返回错误: FieldNameNotFound (0.354s)
[2025-10-25 22:22:35] [30/32] 检查商品: C25243300 (分类: メンズ ボトムス)
[2025-10-25 22:22:35] 🔍 搜索商品ID: C25243300
[2025-10-25 22:22:35]   ❌ API返回错误: FieldNameNotFound (0.251s)
[2025-10-25 22:22:35] [31/32] 检查商品: C25243300 (分类: メンズ ボトムス)
[2025-10-25 22:22:35] 🔍 搜索商品ID: C25243300
[2025-10-25 22:22:35]   ❌ API返回错误: FieldNameNotFound (0.362s)
[2025-10-25 22:22:36] [32/32] 检查商品: C25243300 (分类: メンズ ボトムス)
[2025-10-25 22:22:36] 🔍 搜索商品ID: C25243300
[2025-10-25 22:22:36]   ❌ API返回错误: FieldNameNotFound (0.314s)
[2025-10-25 22:22:36] 📊 搜索阶段完成:
[2025-10-25 22:22:36]   - 需要创建: 0 条
[2025-10-25 22:22:36]   - 需要更新: 0 条
[2025-10-25 22:22:36]   - 需要删除重复: 0 条
[2025-10-25 22:22:36] 
🔄 第二阶段：批量执行操作
[2025-10-25 22:22:36] 
================================================================================
[2025-10-25 22:22:36] 🎯 批量同步完成 - 总耗时: 16.46秒
[2025-10-25 22:22:36] 📊 最终统计:
[2025-10-25 22:22:36]   - 总处理数: 0
[2025-10-25 22:22:36]   - 更新记录: 0
[2025-10-25 22:22:36]   - 创建记录: 0
[2025-10-25 22:22:36]   - 删除重复: 0
[2025-10-25 22:22:36]   - 失败操作: 32
[2025-10-25 22:22:36]   - 搜索操作: 32
[2025-10-25 22:22:36]   - 批量操作: 0
[2025-10-25 22:22:36] ================================================================================
[2025-10-25 22:22:36] 📊 性能报告已保存: CallawayJP/sync_logs/performance_report_v5_20251025_222236.txt
[2025-10-25 22:22:36] 📄 详细结果已保存: CallawayJP/sync_logs/sync_v5_result_20251025_222236.json
[2025-10-25 22:22:36] 📝 详细日志: CallawayJP/sync_logs/sync_v5_performance_20251025_222220.log
[2025-10-25 22:22:36] 
🎯 V5分类同步模式 (mens_bottoms)完成!
[2025-10-25 22:22:36]   - 总处理数: 0
[2025-10-25 22:22:36]   - 总耗时: 16.46秒
[2025-10-25 22:22:36]   - 批量操作: 0次
[2025-10-25 22:22:36]   - 限流处理: 0次
