[2025-10-25 14:47:29] 📦 准备加载 25 个测试商品
[2025-10-25 14:47:29] ✓ 加载了 25 个商品 (包含 3 个测试商品)
[2025-10-25 14:47:29] 🎯 开始性能测试，共 25 个商品
[2025-10-25 14:47:29] 
================================================================================
[2025-10-25 14:47:29] 🚀 开始批量优化同步 25 个商品
[2025-10-25 14:47:29] ================================================================================
[2025-10-25 14:47:29] 📋 第一阶段：搜索现有记录状态
[2025-10-25 14:47:29] [1/25] 检查商品: C25215107
[2025-10-25 14:47:29] 🔍 搜索商品ID: C25215107
[2025-10-25 14:47:29] ✓ 获取并缓存飞书token成功 (0.130s)
[2025-10-25 14:47:29]   ✅ 搜索成功，找到 1 条记录 (0.761s)
[2025-10-25 14:47:29]     - Record ID: recv0BkB4taVCc
[2025-10-25 14:47:29]       商品链接: https://www.callawaygolf.jp/v4_demo_updated_C25215...
[2025-10-25 14:47:30] [2/25] 检查商品: C25215106
[2025-10-25 14:47:30] 🔍 搜索商品ID: C25215106
[2025-10-25 14:47:30]   ✅ 搜索成功，找到 1 条记录 (0.462s)
[2025-10-25 14:47:30]     - Record ID: recv0BkBLSFoP3
[2025-10-25 14:47:30]       商品链接: https://www.callawaygolf.jp/v4_demo_updated_C25215...
[2025-10-25 14:47:30] [3/25] 检查商品: C25215100
[2025-10-25 14:47:30] 🔍 搜索商品ID: C25215100
[2025-10-25 14:47:31]   ✅ 搜索成功，找到 1 条记录 (0.411s)
[2025-10-25 14:47:31]     - Record ID: recv0BkCG1I34z
[2025-10-25 14:47:31]       商品链接: https://www.callawaygolf.jp/v4_demo_updated_C25215...
[2025-10-25 14:47:31] [4/25] 检查商品: C25216103
[2025-10-25 14:47:31] 🔍 搜索商品ID: C25216103
[2025-10-25 14:47:32]   ✅ 搜索成功，找到 1 条记录 (0.730s)
[2025-10-25 14:47:32]     - Record ID: recv0BkDv5Lh0f
[2025-10-25 14:47:32]       商品链接: https://www.callawaygolf.jp/mens/tops/outer/C25216...
[2025-10-25 14:47:32] [5/25] 检查商品: C25215103
[2025-10-25 14:47:32] 🔍 搜索商品ID: C25215103
[2025-10-25 14:47:32]   ✅ 搜索成功，找到 1 条记录 (0.690s)
[2025-10-25 14:47:32]     - Record ID: recv0BkEckboo0
[2025-10-25 14:47:32]       商品链接: https://www.callawaygolf.jp/mens/tops/outer/C25215...
[2025-10-25 14:47:33] [6/25] 检查商品: C25215104
[2025-10-25 14:47:33] 🔍 搜索商品ID: C25215104
[2025-10-25 14:47:33]   ✅ 搜索成功，找到 1 条记录 (0.434s)
[2025-10-25 14:47:33]     - Record ID: recv0BkEVSOHZY
[2025-10-25 14:47:33]       商品链接: https://www.callawaygolf.jp/mens/tops/outer/C25215...
[2025-10-25 14:47:33] [7/25] 检查商品: C25215105
[2025-10-25 14:47:33] 🔍 搜索商品ID: C25215105
[2025-10-25 14:47:34]   ✅ 搜索成功，找到 1 条记录 (0.781s)
[2025-10-25 14:47:34]     - Record ID: recv0BkFG3Uzxt
[2025-10-25 14:47:34]       商品链接: https://www.callawaygolf.jp/mens/tops/outer/C25215...
[2025-10-25 14:47:34] [8/25] 检查商品: C25217104
[2025-10-25 14:47:34] 🔍 搜索商品ID: C25217104
[2025-10-25 14:47:35]   ✅ 搜索成功，找到 1 条记录 (0.424s)
[2025-10-25 14:47:35]     - Record ID: recv0BkGnxb2IQ
[2025-10-25 14:47:35]       商品链接: https://www.callawaygolf.jp/mens/tops/outer/C25217...
[2025-10-25 14:47:35] [9/25] 检查商品: C25216104
[2025-10-25 14:47:35] 🔍 搜索商品ID: C25216104
[2025-10-25 14:47:35]   ✅ 搜索成功，找到 1 条记录 (0.481s)
[2025-10-25 14:47:35]     - Record ID: recv0BkH60N8aI
[2025-10-25 14:47:35]       商品链接: https://www.callawaygolf.jp/mens/tops/outer/C25216...
[2025-10-25 14:47:36] [10/25] 检查商品: C25217107
[2025-10-25 14:47:36] 🔍 搜索商品ID: C25217107
[2025-10-25 14:47:36]   ✅ 搜索成功，找到 1 条记录 (0.473s)
[2025-10-25 14:47:36]     - Record ID: recv0BkHQ34V11
[2025-10-25 14:47:36]       商品链接: https://www.callawaygolf.jp/mens/tops/outer/C25217...
[2025-10-25 14:47:36] [11/25] 检查商品: C25217106
[2025-10-25 14:47:36] 🔍 搜索商品ID: C25217106
[2025-10-25 14:47:37]   ✅ 搜索成功，找到 1 条记录 (1.073s)
[2025-10-25 14:47:37]     - Record ID: recv0BkIASlWZB
[2025-10-25 14:47:37]       商品链接: https://www.callawaygolf.jp/mens/tops/outer/C25217...
[2025-10-25 14:47:38] [12/25] 检查商品: C25216180
[2025-10-25 14:47:38] 🔍 搜索商品ID: C25216180
[2025-10-25 14:47:38]   ✅ 搜索成功，找到 1 条记录 (0.460s)
[2025-10-25 14:47:38]     - Record ID: recv0BkJiQPTrS
[2025-10-25 14:47:38]       商品链接: https://www.callawaygolf.jp/mens/tops/outer/C25216...
[2025-10-25 14:47:38] [13/25] 检查商品: C25233182
[2025-10-25 14:47:38] 🔍 搜索商品ID: C25233182
[2025-10-25 14:47:39]   ✅ 搜索成功，找到 1 条记录 (0.603s)
[2025-10-25 14:47:39]     - Record ID: recv0BkJYSuKJ9
[2025-10-25 14:47:39]       商品链接: https://www.callawaygolf.jp/mens/tops/shirt/C25233...
[2025-10-25 14:47:39] [14/25] 检查商品: C25233183
[2025-10-25 14:47:39] 🔍 搜索商品ID: C25233183
[2025-10-25 14:47:40]   ✅ 搜索成功，找到 1 条记录 (1.086s)
[2025-10-25 14:47:40]     - Record ID: recv0BkKL1SibZ
[2025-10-25 14:47:40]       商品链接: https://www.callawaygolf.jp/mens/tops/shirt/C25233...
[2025-10-25 14:47:40] [15/25] 检查商品: C25226181
[2025-10-25 14:47:40] 🔍 搜索商品ID: C25226181
[2025-10-25 14:47:42]   ✅ 搜索成功，找到 1 条记录 (1.328s)
[2025-10-25 14:47:42]     - Record ID: recv0BkLqcKaO8
[2025-10-25 14:47:42]       商品链接: https://www.callawaygolf.jp/mens/bottoms/pants/C25...
[2025-10-25 14:47:42] [16/25] 检查商品: C25217182
[2025-10-25 14:47:42] 🔍 搜索商品ID: C25217182
[2025-10-25 14:47:42]   ✅ 搜索成功，找到 1 条记录 (0.453s)
[2025-10-25 14:47:42]     - Record ID: recv0BkM827ER8
[2025-10-25 14:47:42]       商品链接: https://www.callawaygolf.jp/mens/tops/outer/C25217...
[2025-10-25 14:47:43] [17/25] 检查商品: C25233180
[2025-10-25 14:47:43] 🔍 搜索商品ID: C25233180
[2025-10-25 14:47:43]   ✅ 搜索成功，找到 1 条记录 (0.549s)
[2025-10-25 14:47:43]     - Record ID: recv0BkMPm3vj5
[2025-10-25 14:47:43]       商品链接: https://www.callawaygolf.jp/mens/tops/shirt/C25233...
[2025-10-25 14:47:43] [18/25] 检查商品: C25215180
[2025-10-25 14:47:43] 🔍 搜索商品ID: C25215180
[2025-10-25 14:47:44]   ✅ 搜索成功，找到 1 条记录 (0.536s)
[2025-10-25 14:47:44]     - Record ID: recv0BkNuCf9Fn
[2025-10-25 14:47:44]       商品链接: https://www.callawaygolf.jp/mens/tops/outer/C25215...
[2025-10-25 14:47:44] [19/25] 检查商品: C25217181
[2025-10-25 14:47:44] 🔍 搜索商品ID: C25217181
[2025-10-25 14:47:44]   ✅ 搜索成功，找到 1 条记录 (0.404s)
[2025-10-25 14:47:44]     - Record ID: recv0BkOcmN9RN
[2025-10-25 14:47:44]       商品链接: https://www.callawaygolf.jp/mens/tops/outer/C25217...
[2025-10-25 14:47:45] [20/25] 检查商品: C25218180
[2025-10-25 14:47:45] 🔍 搜索商品ID: C25218180
[2025-10-25 14:47:45]   ✅ 搜索成功，找到 1 条记录 (0.517s)
[2025-10-25 14:47:45]     - Record ID: recv0BkOSLAPLA
[2025-10-25 14:47:45]       商品链接: https://www.callawaygolf.jp/mens/tops/knit/C252181...
[2025-10-25 14:47:45] [21/25] 检查商品: C25291180
[2025-10-25 14:47:45] 🔍 搜索商品ID: C25291180
[2025-10-25 14:47:46]   ✅ 搜索成功，找到 1 条记录 (0.357s)
[2025-10-25 14:47:46]     - Record ID: recv0BkPAk56zY
[2025-10-25 14:47:46]       商品链接: https://www.callawaygolf.jp/mens/accessories/cap/C...
[2025-10-25 14:47:46] [22/25] 检查商品: C25233181
[2025-10-25 14:47:46] 🔍 搜索商品ID: C25233181
[2025-10-25 14:47:46]   ✅ 搜索成功，找到 1 条记录 (0.429s)
[2025-10-25 14:47:46]     - Record ID: recv0BkQhMYqTD
[2025-10-25 14:47:46]       商品链接: https://www.callawaygolf.jp/mens/tops/shirt/C25233...
[2025-10-25 14:47:47] [23/25] 检查商品: C25215107
[2025-10-25 14:47:47] 🔍 搜索商品ID: C25215107
[2025-10-25 14:47:47]   ✅ 搜索成功，找到 1 条记录 (0.424s)
[2025-10-25 14:47:47]     - Record ID: recv0BkB4taVCc
[2025-10-25 14:47:47]       商品链接: https://www.callawaygolf.jp/v4_demo_updated_C25215...
[2025-10-25 14:47:47] [24/25] 检查商品: C25215106
[2025-10-25 14:47:47] 🔍 搜索商品ID: C25215106
[2025-10-25 14:47:48]   ✅ 搜索成功，找到 1 条记录 (0.579s)
[2025-10-25 14:47:48]     - Record ID: recv0BkBLSFoP3
[2025-10-25 14:47:48]       商品链接: https://www.callawaygolf.jp/v4_demo_updated_C25215...
[2025-10-25 14:47:48] [25/25] 检查商品: V4TEST144729
[2025-10-25 14:47:48] 🔍 搜索商品ID: V4TEST144729
[2025-10-25 14:47:49]   ✅ 搜索成功，找到 0 条记录 (0.661s)
[2025-10-25 14:47:49] 📊 搜索阶段完成:
[2025-10-25 14:47:49]   - 需要创建: 1 条
[2025-10-25 14:47:49]   - 需要更新: 24 条
[2025-10-25 14:47:49]   - 需要删除重复: 0 条
[2025-10-25 14:47:49] 
🔄 第二阶段：批量执行操作
[2025-10-25 14:47:49] 🔄 批量更新 24 条记录
[2025-10-25 14:47:50]   - HTTP状态码: 200
[2025-10-25 14:47:50]   ✅ 批量更新成功 24 条记录 (1.272s)
[2025-10-25 14:47:50] ➕ 批量创建 1 条记录
[2025-10-25 14:47:52]   ✅ 批量创建成功 1 条记录 (1.852s)
[2025-10-25 14:47:52] ✅ 批量创建完成: 批量创建成功1条
[2025-10-25 14:47:52] 
================================================================================
[2025-10-25 14:47:52] 🎯 批量同步完成 - 总耗时: 23.16秒
[2025-10-25 14:47:52] 📊 最终统计:
[2025-10-25 14:47:52]   - 总处理数: 25
[2025-10-25 14:47:52]   - 更新记录: 24
[2025-10-25 14:47:52]   - 创建记录: 1
[2025-10-25 14:47:52]   - 删除重复: 0
[2025-10-25 14:47:52]   - 失败操作: 0
[2025-10-25 14:47:52]   - 搜索操作: 25
[2025-10-25 14:47:52]   - 批量操作: 2
[2025-10-25 14:47:52] ================================================================================
[2025-10-25 14:47:52] 📊 性能报告已保存: CallawayJP/sync_logs/performance_report_v4_20251025_144752.txt
[2025-10-25 14:47:52] 📄 详细结果已保存: CallawayJP/sync_logs/sync_v4_result_20251025_144752.json
[2025-10-25 14:47:52] 📝 详细日志: CallawayJP/sync_logs/sync_v4_performance_20251025_144729.log
[2025-10-25 14:47:52] 
🎯 V4性能测试完成!
[2025-10-25 14:47:52]   - 总处理数: 25
[2025-10-25 14:47:52]   - 总耗时: 23.16秒
[2025-10-25 14:47:52]   - 批量操作: 2次
[2025-10-25 14:47:52]   - 限流处理: 0次
