[2025-10-25 19:57:47] 📦 准备加载 25 个测试商品
[2025-10-25 19:57:47] ✓ 加载了 25 个商品 (包含 3 个测试商品)
[2025-10-25 19:57:47] 🎯 开始性能测试，共 25 个商品
[2025-10-25 19:57:47] 
================================================================================
[2025-10-25 19:57:47] 🚀 开始批量优化同步 25 个商品
[2025-10-25 19:57:47] ================================================================================
[2025-10-25 19:57:47] 📋 第一阶段：搜索现有记录状态
[2025-10-25 19:57:47] [1/25] 检查商品: C25215107
[2025-10-25 19:57:47] 🔍 搜索商品ID: C25215107
[2025-10-25 19:57:48] ✓ 获取并缓存飞书token成功 (0.128s)
[2025-10-25 19:57:48]   ✅ 搜索成功，找到 1 条记录 (0.705s)
[2025-10-25 19:57:48]     - Record ID: recv0BkB4taVCc
[2025-10-25 19:57:48]       商品链接: https://www.callawaygolf.jp/test_v4_updated_link_1...
[2025-10-25 19:57:48] [2/25] 检查商品: C25215106
[2025-10-25 19:57:48] 🔍 搜索商品ID: C25215106
[2025-10-25 19:57:49]   ✅ 搜索成功，找到 1 条记录 (0.425s)
[2025-10-25 19:57:49]     - Record ID: recv0BkBLSFoP3
[2025-10-25 19:57:49]       商品链接: https://www.callawaygolf.jp/test_v4_updated_link_2...
[2025-10-25 19:57:49] [3/25] 检查商品: C25215100
[2025-10-25 19:57:49] 🔍 搜索商品ID: C25215100
[2025-10-25 19:57:49]   ✅ 搜索成功，找到 1 条记录 (0.366s)
[2025-10-25 19:57:49]     - Record ID: recv0BkCG1I34z
[2025-10-25 19:57:49]       商品链接: https://www.callawaygolf.jp/mens/tops/outer/C25215...
[2025-10-25 19:57:50] [4/25] 检查商品: C25216103
[2025-10-25 19:57:50] 🔍 搜索商品ID: C25216103
[2025-10-25 19:57:50]   ✅ 搜索成功，找到 1 条记录 (0.550s)
[2025-10-25 19:57:50]     - Record ID: recv0BkDv5Lh0f
[2025-10-25 19:57:50]       商品链接: https://www.callawaygolf.jp/mens/tops/outer/C25216...
[2025-10-25 19:57:50] [5/25] 检查商品: C25215103
[2025-10-25 19:57:50] 🔍 搜索商品ID: C25215103
[2025-10-25 19:57:51]   ✅ 搜索成功，找到 1 条记录 (0.400s)
[2025-10-25 19:57:51]     - Record ID: recv0BkEckboo0
[2025-10-25 19:57:51]       商品链接: https://www.callawaygolf.jp/mens/tops/outer/C25215...
[2025-10-25 19:57:51] [6/25] 检查商品: C25215104
[2025-10-25 19:57:51] 🔍 搜索商品ID: C25215104
[2025-10-25 19:57:51]   ✅ 搜索成功，找到 1 条记录 (0.502s)
[2025-10-25 19:57:51]     - Record ID: recv0BkEVSOHZY
[2025-10-25 19:57:51]       商品链接: https://www.callawaygolf.jp/mens/tops/outer/C25215...
[2025-10-25 19:57:52] [7/25] 检查商品: C25215105
[2025-10-25 19:57:52] 🔍 搜索商品ID: C25215105
[2025-10-25 19:57:52]   ✅ 搜索成功，找到 1 条记录 (0.434s)
[2025-10-25 19:57:52]     - Record ID: recv0BkFG3Uzxt
[2025-10-25 19:57:52]       商品链接: https://www.callawaygolf.jp/mens/tops/outer/C25215...
[2025-10-25 19:57:52] [8/25] 检查商品: C25217104
[2025-10-25 19:57:52] 🔍 搜索商品ID: C25217104
[2025-10-25 19:57:53]   ✅ 搜索成功，找到 1 条记录 (0.522s)
[2025-10-25 19:57:53]     - Record ID: recv0BkGnxb2IQ
[2025-10-25 19:57:53]       商品链接: https://www.callawaygolf.jp/mens/tops/outer/C25217...
[2025-10-25 19:57:53] [9/25] 检查商品: C25216104
[2025-10-25 19:57:53] 🔍 搜索商品ID: C25216104
[2025-10-25 19:57:53]   ✅ 搜索成功，找到 1 条记录 (0.393s)
[2025-10-25 19:57:53]     - Record ID: recv0BkH60N8aI
[2025-10-25 19:57:53]       商品链接: https://www.callawaygolf.jp/mens/tops/outer/C25216...
[2025-10-25 19:57:54] [10/25] 检查商品: C25217107
[2025-10-25 19:57:54] 🔍 搜索商品ID: C25217107
[2025-10-25 19:57:54]   ✅ 搜索成功，找到 1 条记录 (0.371s)
[2025-10-25 19:57:54]     - Record ID: recv0BkHQ34V11
[2025-10-25 19:57:54]       商品链接: https://www.callawaygolf.jp/mens/tops/outer/C25217...
[2025-10-25 19:57:54] [11/25] 检查商品: C25217106
[2025-10-25 19:57:54] 🔍 搜索商品ID: C25217106
[2025-10-25 19:57:55]   ✅ 搜索成功，找到 1 条记录 (0.545s)
[2025-10-25 19:57:55]     - Record ID: recv0BkIASlWZB
[2025-10-25 19:57:55]       商品链接: https://www.callawaygolf.jp/mens/tops/outer/C25217...
[2025-10-25 19:57:55] [12/25] 检查商品: C25216180
[2025-10-25 19:57:55] 🔍 搜索商品ID: C25216180
[2025-10-25 19:57:55]   ✅ 搜索成功，找到 1 条记录 (0.391s)
[2025-10-25 19:57:55]     - Record ID: recv0BkJiQPTrS
[2025-10-25 19:57:55]       商品链接: https://www.callawaygolf.jp/mens/tops/outer/C25216...
[2025-10-25 19:57:56] [13/25] 检查商品: C25233182
[2025-10-25 19:57:56] 🔍 搜索商品ID: C25233182
[2025-10-25 19:57:56]   ✅ 搜索成功，找到 1 条记录 (0.495s)
[2025-10-25 19:57:56]     - Record ID: recv0BkJYSuKJ9
[2025-10-25 19:57:56]       商品链接: https://www.callawaygolf.jp/mens/tops/shirt/C25233...
[2025-10-25 19:57:56] [14/25] 检查商品: C25233183
[2025-10-25 19:57:56] 🔍 搜索商品ID: C25233183
[2025-10-25 19:57:57]   ✅ 搜索成功，找到 1 条记录 (0.409s)
[2025-10-25 19:57:57]     - Record ID: recv0BkKL1SibZ
[2025-10-25 19:57:57]       商品链接: https://www.callawaygolf.jp/mens/tops/shirt/C25233...
[2025-10-25 19:57:57] [15/25] 检查商品: C25226181
[2025-10-25 19:57:57] 🔍 搜索商品ID: C25226181
[2025-10-25 19:57:58]   ✅ 搜索成功，找到 1 条记录 (0.914s)
[2025-10-25 19:57:58]     - Record ID: recv0BkLqcKaO8
[2025-10-25 19:57:58]       商品链接: https://www.callawaygolf.jp/mens/bottoms/pants/C25...
[2025-10-25 19:57:58] [16/25] 检查商品: C25217182
[2025-10-25 19:57:58] 🔍 搜索商品ID: C25217182
[2025-10-25 19:57:58]   ✅ 搜索成功，找到 1 条记录 (0.404s)
[2025-10-25 19:57:58]     - Record ID: recv0BkM827ER8
[2025-10-25 19:57:58]       商品链接: https://www.callawaygolf.jp/mens/tops/outer/C25217...
[2025-10-25 19:57:59] [17/25] 检查商品: C25233180
[2025-10-25 19:57:59] 🔍 搜索商品ID: C25233180
[2025-10-25 19:57:59]   ✅ 搜索成功，找到 1 条记录 (0.394s)
[2025-10-25 19:57:59]     - Record ID: recv0BkMPm3vj5
[2025-10-25 19:57:59]       商品链接: https://www.callawaygolf.jp/mens/tops/shirt/C25233...
[2025-10-25 19:57:59] [18/25] 检查商品: C25215180
[2025-10-25 19:57:59] 🔍 搜索商品ID: C25215180
[2025-10-25 19:58:00]   ✅ 搜索成功，找到 1 条记录 (0.519s)
[2025-10-25 19:58:00]     - Record ID: recv0BkNuCf9Fn
[2025-10-25 19:58:00]       商品链接: https://www.callawaygolf.jp/mens/tops/outer/C25215...
[2025-10-25 19:58:00] [19/25] 检查商品: C25217181
[2025-10-25 19:58:00] 🔍 搜索商品ID: C25217181
[2025-10-25 19:58:00]   ✅ 搜索成功，找到 1 条记录 (0.415s)
[2025-10-25 19:58:00]     - Record ID: recv0BkOcmN9RN
[2025-10-25 19:58:00]       商品链接: https://www.callawaygolf.jp/mens/tops/outer/C25217...
[2025-10-25 19:58:01] [20/25] 检查商品: C25218180
[2025-10-25 19:58:01] 🔍 搜索商品ID: C25218180
[2025-10-25 19:58:01]   ✅ 搜索成功，找到 1 条记录 (0.608s)
[2025-10-25 19:58:01]     - Record ID: recv0BkOSLAPLA
[2025-10-25 19:58:01]       商品链接: https://www.callawaygolf.jp/mens/tops/knit/C252181...
[2025-10-25 19:58:01] [21/25] 检查商品: C25291180
[2025-10-25 19:58:01] 🔍 搜索商品ID: C25291180
[2025-10-25 19:58:02]   ✅ 搜索成功，找到 1 条记录 (0.519s)
[2025-10-25 19:58:02]     - Record ID: recv0BkPAk56zY
[2025-10-25 19:58:02]       商品链接: https://www.callawaygolf.jp/mens/accessories/cap/C...
[2025-10-25 19:58:02] [22/25] 检查商品: C25233181
[2025-10-25 19:58:02] 🔍 搜索商品ID: C25233181
[2025-10-25 19:58:03]   ✅ 搜索成功，找到 1 条记录 (0.504s)
[2025-10-25 19:58:03]     - Record ID: recv0BkQhMYqTD
[2025-10-25 19:58:03]       商品链接: https://www.callawaygolf.jp/mens/tops/shirt/C25233...
[2025-10-25 19:58:03] [23/25] 检查商品: C25215107
[2025-10-25 19:58:03] 🔍 搜索商品ID: C25215107
[2025-10-25 19:58:03]   ✅ 搜索成功，找到 1 条记录 (0.410s)
[2025-10-25 19:58:03]     - Record ID: recv0BkB4taVCc
[2025-10-25 19:58:03]       商品链接: https://www.callawaygolf.jp/test_v4_updated_link_1...
[2025-10-25 19:58:03] [24/25] 检查商品: C25215106
[2025-10-25 19:58:03] 🔍 搜索商品ID: C25215106
[2025-10-25 19:58:04]   ✅ 搜索成功，找到 1 条记录 (0.476s)
[2025-10-25 19:58:04]     - Record ID: recv0BkBLSFoP3
[2025-10-25 19:58:04]       商品链接: https://www.callawaygolf.jp/test_v4_updated_link_2...
[2025-10-25 19:58:04] [25/25] 检查商品: V4TEST195747
[2025-10-25 19:58:04] 🔍 搜索商品ID: V4TEST195747
[2025-10-25 19:58:05]   ✅ 搜索成功，找到 0 条记录 (0.443s)
[2025-10-25 19:58:05] 📊 搜索阶段完成:
[2025-10-25 19:58:05]   - 需要创建: 1 条
[2025-10-25 19:58:05]   - 需要更新: 24 条
[2025-10-25 19:58:05]   - 需要删除重复: 0 条
[2025-10-25 19:58:05] 
🔄 第二阶段：批量执行操作
[2025-10-25 19:58:05] 🔄 批量更新 24 条记录
[2025-10-25 19:58:05]   - HTTP状态码: 200
[2025-10-25 19:58:05]   ✅ 批量更新成功 24 条记录 (0.690s)
[2025-10-25 19:58:05] ➕ 批量创建 1 条记录
[2025-10-25 19:58:07]   ✅ 批量创建成功 1 条记录 (1.457s)
[2025-10-25 19:58:07] ✅ 批量创建完成: 批量创建成功1条
[2025-10-25 19:58:07] 
================================================================================
[2025-10-25 19:58:07] 🎯 批量同步完成 - 总耗时: 19.26秒
[2025-10-25 19:58:07] 📊 最终统计:
[2025-10-25 19:58:07]   - 总处理数: 25
[2025-10-25 19:58:07]   - 更新记录: 24
[2025-10-25 19:58:07]   - 创建记录: 1
[2025-10-25 19:58:07]   - 删除重复: 0
[2025-10-25 19:58:07]   - 失败操作: 0
[2025-10-25 19:58:07]   - 搜索操作: 25
[2025-10-25 19:58:07]   - 批量操作: 2
[2025-10-25 19:58:07] ================================================================================
[2025-10-25 19:58:07] 📊 性能报告已保存: CallawayJP/sync_logs/performance_report_v4_20251025_195807.txt
[2025-10-25 19:58:07] 📄 详细结果已保存: CallawayJP/sync_logs/sync_v4_result_20251025_195807.json
[2025-10-25 19:58:07] 📝 详细日志: CallawayJP/sync_logs/sync_v4_performance_20251025_195747.log
[2025-10-25 19:58:07] 
🎯 V4性能测试完成!
[2025-10-25 19:58:07]   - 总处理数: 25
[2025-10-25 19:58:07]   - 总耗时: 19.26秒
[2025-10-25 19:58:07]   - 批量操作: 2次
[2025-10-25 19:58:07]   - 限流处理: 0次
