[2025-10-25 20:32:37] 📦 加载分类数据: mens_tops_large
[2025-10-25 20:32:37] ✓ 从 mens_tops_large 分类加载了 24 个商品
[2025-10-25 20:32:37] 🎯 开始分类同步模式 (mens_tops_large)，共 24 个商品
[2025-10-25 20:32:37] 
================================================================================
[2025-10-25 20:32:37] 🚀 开始批量优化同步 24 个商品
[2025-10-25 20:32:37] ================================================================================
[2025-10-25 20:32:37] 📋 第一阶段：搜索现有记录状态
[2025-10-25 20:32:37] [1/24] 检查商品: C25215107
[2025-10-25 20:32:37] 🔍 搜索商品ID: C25215107
[2025-10-25 20:32:37] ✓ 获取并缓存飞书token成功 (0.225s)
[2025-10-25 20:32:38]   ✅ 搜索成功，找到 1 条记录 (0.856s)
[2025-10-25 20:32:38]     - Record ID: recv0BkB4taVCc
[2025-10-25 20:32:38]       商品链接: https://www.callawaygolf.jp/test_v4_updated_link_1...
[2025-10-25 20:32:38] [2/24] 检查商品: C25215100
[2025-10-25 20:32:38] 🔍 搜索商品ID: C25215100
[2025-10-25 20:32:39]   ✅ 搜索成功，找到 1 条记录 (0.471s)
[2025-10-25 20:32:39]     - Record ID: recv0BkCG1I34z
[2025-10-25 20:32:39]       商品链接: https://www.callawaygolf.jp/mens/tops/outer/C25215...
[2025-10-25 20:32:39] [3/24] 检查商品: C25216103
[2025-10-25 20:32:39] 🔍 搜索商品ID: C25216103
[2025-10-25 20:32:39]   ✅ 搜索成功，找到 1 条记录 (0.413s)
[2025-10-25 20:32:39]     - Record ID: recv0BkDv5Lh0f
[2025-10-25 20:32:39]       商品链接: https://www.callawaygolf.jp/mens/tops/outer/C25216...
[2025-10-25 20:32:40] [4/24] 检查商品: C25233182
[2025-10-25 20:32:40] 🔍 搜索商品ID: C25233182
[2025-10-25 20:32:40]   ✅ 搜索成功，找到 1 条记录 (0.500s)
[2025-10-25 20:32:40]     - Record ID: recv0BkJYSuKJ9
[2025-10-25 20:32:40]       商品链接: https://www.callawaygolf.jp/mens/tops/shirt/C25233...
[2025-10-25 20:32:40] [5/24] 检查商品: C25233183
[2025-10-25 20:32:40] 🔍 搜索商品ID: C25233183
[2025-10-25 20:32:41]   ✅ 搜索成功，找到 1 条记录 (0.511s)
[2025-10-25 20:32:41]     - Record ID: recv0BkKL1SibZ
[2025-10-25 20:32:41]       商品链接: https://www.callawaygolf.jp/mens/tops/shirt/C25233...
[2025-10-25 20:32:41] [6/24] 检查商品: C25216180
[2025-10-25 20:32:41] 🔍 搜索商品ID: C25216180
[2025-10-25 20:32:41]   ✅ 搜索成功，找到 1 条记录 (0.512s)
[2025-10-25 20:32:41]     - Record ID: recv0BkJiQPTrS
[2025-10-25 20:32:41]       商品链接: https://www.callawaygolf.jp/mens/tops/outer/C25216...
[2025-10-25 20:32:42] [7/24] 检查商品: C25217182
[2025-10-25 20:32:42] 🔍 搜索商品ID: C25217182
[2025-10-25 20:32:42]   ✅ 搜索成功，找到 1 条记录 (0.550s)
[2025-10-25 20:32:42]     - Record ID: recv0BkM827ER8
[2025-10-25 20:32:42]       商品链接: https://www.callawaygolf.jp/mens/tops/outer/C25217...
[2025-10-25 20:32:42] [8/24] 检查商品: C25233180
[2025-10-25 20:32:42] 🔍 搜索商品ID: C25233180
[2025-10-25 20:32:43]   ✅ 搜索成功，找到 1 条记录 (0.461s)
[2025-10-25 20:32:43]     - Record ID: recv0BkMPm3vj5
[2025-10-25 20:32:43]       商品链接: https://www.callawaygolf.jp/mens/tops/shirt/C25233...
[2025-10-25 20:32:43] [9/24] 检查商品: C25215180
[2025-10-25 20:32:43] 🔍 搜索商品ID: C25215180
[2025-10-25 20:32:44]   ✅ 搜索成功，找到 1 条记录 (0.517s)
[2025-10-25 20:32:44]     - Record ID: recv0BkNuCf9Fn
[2025-10-25 20:32:44]       商品链接: https://www.callawaygolf.jp/mens/tops/outer/C25215...
[2025-10-25 20:32:44] [10/24] 检查商品: C25217181
[2025-10-25 20:32:44] 🔍 搜索商品ID: C25217181
[2025-10-25 20:32:44]   ✅ 搜索成功，找到 1 条记录 (0.609s)
[2025-10-25 20:32:44]     - Record ID: recv0BkOcmN9RN
[2025-10-25 20:32:44]       商品链接: https://www.callawaygolf.jp/mens/tops/outer/C25217...
[2025-10-25 20:32:45] [11/24] 检查商品: C25218180
[2025-10-25 20:32:45] 🔍 搜索商品ID: C25218180
[2025-10-25 20:32:45]   ✅ 搜索成功，找到 1 条记录 (0.423s)
[2025-10-25 20:32:45]     - Record ID: recv0BkOSLAPLA
[2025-10-25 20:32:45]       商品链接: https://www.callawaygolf.jp/mens/tops/knit/C252181...
[2025-10-25 20:32:45] [12/24] 检查商品: C25233181
[2025-10-25 20:32:45] 🔍 搜索商品ID: C25233181
[2025-10-25 20:32:46]   ✅ 搜索成功，找到 1 条记录 (0.424s)
[2025-10-25 20:32:46]     - Record ID: recv0BkQhMYqTD
[2025-10-25 20:32:46]       商品链接: https://www.callawaygolf.jp/mens/tops/shirt/C25233...
[2025-10-25 20:32:46] [13/24] 检查商品: C25217180
[2025-10-25 20:32:46] 🔍 搜索商品ID: C25217180
[2025-10-25 20:32:46]   ✅ 搜索成功，找到 1 条记录 (0.577s)
[2025-10-25 20:32:46]     - Record ID: recv0BkQZfI48S
[2025-10-25 20:32:46]       商品链接: https://www.callawaygolf.jp/mens/tops/outer/C25217...
[2025-10-25 20:32:47] [14/24] 检查商品: C25217104
[2025-10-25 20:32:47] 🔍 搜索商品ID: C25217104
[2025-10-25 20:32:47]   ✅ 搜索成功，找到 1 条记录 (0.425s)
[2025-10-25 20:32:47]     - Record ID: recv0BkGnxb2IQ
[2025-10-25 20:32:47]       商品链接: https://www.callawaygolf.jp/mens/tops/outer/C25217...
[2025-10-25 20:32:47] [15/24] 检查商品: C25216104
[2025-10-25 20:32:47] 🔍 搜索商品ID: C25216104
[2025-10-25 20:32:48]   ✅ 搜索成功，找到 1 条记录 (0.435s)
[2025-10-25 20:32:48]     - Record ID: recv0BkH60N8aI
[2025-10-25 20:32:48]       商品链接: https://www.callawaygolf.jp/mens/tops/outer/C25216...
[2025-10-25 20:32:48] [16/24] 检查商品: C25215106
[2025-10-25 20:32:48] 🔍 搜索商品ID: C25215106
[2025-10-25 20:32:49]   ✅ 搜索成功，找到 1 条记录 (0.555s)
[2025-10-25 20:32:49]     - Record ID: recv0BkBLSFoP3
[2025-10-25 20:32:49]       商品链接: https://www.callawaygolf.jp/test_v4_updated_link_2...
[2025-10-25 20:32:49] [17/24] 检查商品: C25215103
[2025-10-25 20:32:49] 🔍 搜索商品ID: C25215103
[2025-10-25 20:32:49]   ✅ 搜索成功，找到 1 条记录 (0.387s)
[2025-10-25 20:32:49]     - Record ID: recv0BkEckboo0
[2025-10-25 20:32:49]       商品链接: https://www.callawaygolf.jp/mens/tops/outer/C25215...
[2025-10-25 20:32:49] [18/24] 检查商品: C25215104
[2025-10-25 20:32:49] 🔍 搜索商品ID: C25215104
[2025-10-25 20:32:50]   ✅ 搜索成功，找到 1 条记录 (0.411s)
[2025-10-25 20:32:50]     - Record ID: recv0BkEVSOHZY
[2025-10-25 20:32:50]       商品链接: https://www.callawaygolf.jp/mens/tops/outer/C25215...
[2025-10-25 20:32:50] [19/24] 检查商品: C25217107
[2025-10-25 20:32:50] 🔍 搜索商品ID: C25217107
[2025-10-25 20:32:50]   ✅ 搜索成功，找到 1 条记录 (0.543s)
[2025-10-25 20:32:50]     - Record ID: recv0BkHQ34V11
[2025-10-25 20:32:50]       商品链接: https://www.callawaygolf.jp/mens/tops/outer/C25217...
[2025-10-25 20:32:51] [20/24] 检查商品: C25217103
[2025-10-25 20:32:51] 🔍 搜索商品ID: C25217103
[2025-10-25 20:32:51]   ✅ 搜索成功，找到 1 条记录 (0.419s)
[2025-10-25 20:32:51]     - Record ID: recv0BNutLYVZI
[2025-10-25 20:32:51]       商品链接: https://www.callawaygolf.jp/mens/tops/outer/C25217...
[2025-10-25 20:32:51] [21/24] 检查商品: C25217102
[2025-10-25 20:32:51] 🔍 搜索商品ID: C25217102
[2025-10-25 20:32:52]   ✅ 搜索成功，找到 1 条记录 (0.411s)
[2025-10-25 20:32:52]     - Record ID: recv0BONDB1hZX
[2025-10-25 20:32:52]       商品链接: https://www.callawaygolf.jp/mens/tops/outer/C25217...
[2025-10-25 20:32:52] [22/24] 检查商品: C25215101
[2025-10-25 20:32:52] 🔍 搜索商品ID: C25215101
[2025-10-25 20:32:52]   ✅ 搜索成功，找到 1 条记录 (0.415s)
[2025-10-25 20:32:52]     - Record ID: recv0BP9uuneYk
[2025-10-25 20:32:52]       商品链接: https://www.callawaygolf.jp/mens/tops/outer/C25215...
[2025-10-25 20:32:53] [23/24] 检查商品: C25215102
[2025-10-25 20:32:53] 🔍 搜索商品ID: C25215102
[2025-10-25 20:32:53]   ✅ 搜索成功，找到 1 条记录 (0.451s)
[2025-10-25 20:32:53]     - Record ID: recv0BOKiu0eiN
[2025-10-25 20:32:53]       商品链接: https://www.callawaygolf.jp/mens/tops/outer/C25215...
[2025-10-25 20:32:53] [24/24] 检查商品: C25217100
[2025-10-25 20:32:53] 🔍 搜索商品ID: C25217100
[2025-10-25 20:32:54]   ✅ 搜索成功，找到 1 条记录 (0.418s)
[2025-10-25 20:32:54]     - Record ID: recv0BPvW5HgZZ
[2025-10-25 20:32:54]       商品链接: https://www.callawaygolf.jp/mens/tops/outer/C25217...
[2025-10-25 20:32:54] 📊 搜索阶段完成:
[2025-10-25 20:32:54]   - 需要创建: 0 条
[2025-10-25 20:32:54]   - 需要更新: 24 条
[2025-10-25 20:32:54]   - 需要删除重复: 0 条
[2025-10-25 20:32:54] 
🔄 第二阶段：批量执行操作
[2025-10-25 20:32:54] 🔄 批量更新 24 条记录
[2025-10-25 20:32:55]   - HTTP状态码: 200
[2025-10-25 20:32:55]   ✅ 批量更新成功 24 条记录 (1.231s)
[2025-10-25 20:32:55] 
================================================================================
[2025-10-25 20:32:55] 🎯 批量同步完成 - 总耗时: 17.72秒
[2025-10-25 20:32:55] 📊 最终统计:
[2025-10-25 20:32:55]   - 总处理数: 24
[2025-10-25 20:32:55]   - 更新记录: 24
[2025-10-25 20:32:55]   - 创建记录: 0
[2025-10-25 20:32:55]   - 删除重复: 0
[2025-10-25 20:32:55]   - 失败操作: 0
[2025-10-25 20:32:55]   - 搜索操作: 24
[2025-10-25 20:32:55]   - 批量操作: 1
[2025-10-25 20:32:55] ================================================================================
[2025-10-25 20:32:55] 📊 性能报告已保存: CallawayJP/sync_logs/performance_report_v4_20251025_203255.txt
[2025-10-25 20:32:55] 📄 详细结果已保存: CallawayJP/sync_logs/sync_v4_result_20251025_203255.json
[2025-10-25 20:32:55] 📝 详细日志: CallawayJP/sync_logs/sync_v4_performance_20251025_203237.log
[2025-10-25 20:32:55] 
🎯 V4分类同步模式 (mens_tops_large)完成!
[2025-10-25 20:32:55]   - 总处理数: 24
[2025-10-25 20:32:55]   - 总耗时: 17.72秒
[2025-10-25 20:32:55]   - 批量操作: 1次
[2025-10-25 20:32:55]   - 限流处理: 0次
