[2025-10-25 19:46:19] 📦 准备加载 25 个测试商品
[2025-10-25 19:46:19] ✓ 加载了 25 个商品 (包含 3 个测试商品)
[2025-10-25 19:46:19] 🎯 开始性能测试，共 25 个商品
[2025-10-25 19:46:19] 
================================================================================
[2025-10-25 19:46:19] 🚀 开始批量优化同步 25 个商品
[2025-10-25 19:46:19] ================================================================================
[2025-10-25 19:46:19] 📋 第一阶段：搜索现有记录状态
[2025-10-25 19:46:19] [1/25] 检查商品: C25215107
[2025-10-25 19:46:19] 🔍 搜索商品ID: C25215107
[2025-10-25 19:46:20] ✓ 获取并缓存飞书token成功 (0.165s)
[2025-10-25 19:46:20]   ✅ 搜索成功，找到 1 条记录 (0.770s)
[2025-10-25 19:46:20]     - Record ID: recv0BkB4taVCc
[2025-10-25 19:46:20]       商品链接: https://www.callawaygolf.jp/test_v4_updated_link_1...
[2025-10-25 19:46:20] [2/25] 检查商品: C25215106
[2025-10-25 19:46:20] 🔍 搜索商品ID: C25215106
[2025-10-25 19:46:21]   ✅ 搜索成功，找到 1 条记录 (0.463s)
[2025-10-25 19:46:21]     - Record ID: recv0BkBLSFoP3
[2025-10-25 19:46:21]       商品链接: https://www.callawaygolf.jp/test_v4_updated_link_2...
[2025-10-25 19:46:21] [3/25] 检查商品: C25215100
[2025-10-25 19:46:21] 🔍 搜索商品ID: C25215100
[2025-10-25 19:46:21]   ✅ 搜索成功，找到 1 条记录 (0.427s)
[2025-10-25 19:46:21]     - Record ID: recv0BkCG1I34z
[2025-10-25 19:46:21]       商品链接: https://www.callawaygolf.jp/mens/tops/outer/C25215...
[2025-10-25 19:46:22] [4/25] 检查商品: C25216103
[2025-10-25 19:46:22] 🔍 搜索商品ID: C25216103
[2025-10-25 19:46:22]   ✅ 搜索成功，找到 1 条记录 (0.484s)
[2025-10-25 19:46:22]     - Record ID: recv0BkDv5Lh0f
[2025-10-25 19:46:22]       商品链接: https://www.callawaygolf.jp/mens/tops/outer/C25216...
[2025-10-25 19:46:22] [5/25] 检查商品: C25215103
[2025-10-25 19:46:22] 🔍 搜索商品ID: C25215103
[2025-10-25 19:46:23]   ✅ 搜索成功，找到 1 条记录 (0.457s)
[2025-10-25 19:46:23]     - Record ID: recv0BkEckboo0
[2025-10-25 19:46:23]       商品链接: https://www.callawaygolf.jp/mens/tops/outer/C25215...
[2025-10-25 19:46:23] [6/25] 检查商品: C25215104
[2025-10-25 19:46:23] 🔍 搜索商品ID: C25215104
[2025-10-25 19:46:23]   ✅ 搜索成功，找到 1 条记录 (0.448s)
[2025-10-25 19:46:23]     - Record ID: recv0BkEVSOHZY
[2025-10-25 19:46:23]       商品链接: https://www.callawaygolf.jp/mens/tops/outer/C25215...
[2025-10-25 19:46:24] [7/25] 检查商品: C25215105
[2025-10-25 19:46:24] 🔍 搜索商品ID: C25215105
[2025-10-25 19:46:24]   ✅ 搜索成功，找到 1 条记录 (0.567s)
[2025-10-25 19:46:24]     - Record ID: recv0BkFG3Uzxt
[2025-10-25 19:46:24]       商品链接: https://www.callawaygolf.jp/mens/tops/outer/C25215...
[2025-10-25 19:46:24] [8/25] 检查商品: C25217104
[2025-10-25 19:46:24] 🔍 搜索商品ID: C25217104
[2025-10-25 19:46:25]   ✅ 搜索成功，找到 1 条记录 (0.507s)
[2025-10-25 19:46:25]     - Record ID: recv0BkGnxb2IQ
[2025-10-25 19:46:25]       商品链接: https://www.callawaygolf.jp/mens/tops/outer/C25217...
[2025-10-25 19:46:25] [9/25] 检查商品: C25216104
[2025-10-25 19:46:25] 🔍 搜索商品ID: C25216104
[2025-10-25 19:46:26]   ✅ 搜索成功，找到 1 条记录 (0.506s)
[2025-10-25 19:46:26]     - Record ID: recv0BkH60N8aI
[2025-10-25 19:46:26]       商品链接: https://www.callawaygolf.jp/mens/tops/outer/C25216...
[2025-10-25 19:46:26] [10/25] 检查商品: C25217107
[2025-10-25 19:46:26] 🔍 搜索商品ID: C25217107
[2025-10-25 19:46:26]   ✅ 搜索成功，找到 1 条记录 (0.441s)
[2025-10-25 19:46:26]     - Record ID: recv0BkHQ34V11
[2025-10-25 19:46:26]       商品链接: https://www.callawaygolf.jp/mens/tops/outer/C25217...
[2025-10-25 19:46:27] [11/25] 检查商品: C25217106
[2025-10-25 19:46:27] 🔍 搜索商品ID: C25217106
[2025-10-25 19:46:27]   ✅ 搜索成功，找到 1 条记录 (0.387s)
[2025-10-25 19:46:27]     - Record ID: recv0BkIASlWZB
[2025-10-25 19:46:27]       商品链接: https://www.callawaygolf.jp/mens/tops/outer/C25217...
[2025-10-25 19:46:27] [12/25] 检查商品: C25216180
[2025-10-25 19:46:27] 🔍 搜索商品ID: C25216180
[2025-10-25 19:46:28]   ✅ 搜索成功，找到 1 条记录 (0.404s)
[2025-10-25 19:46:28]     - Record ID: recv0BkJiQPTrS
[2025-10-25 19:46:28]       商品链接: https://www.callawaygolf.jp/mens/tops/outer/C25216...
[2025-10-25 19:46:28] [13/25] 检查商品: C25233182
[2025-10-25 19:46:28] 🔍 搜索商品ID: C25233182
[2025-10-25 19:46:28]   ✅ 搜索成功，找到 1 条记录 (0.583s)
[2025-10-25 19:46:28]     - Record ID: recv0BkJYSuKJ9
[2025-10-25 19:46:28]       商品链接: https://www.callawaygolf.jp/mens/tops/shirt/C25233...
[2025-10-25 19:46:29] [14/25] 检查商品: C25233183
[2025-10-25 19:46:29] 🔍 搜索商品ID: C25233183
[2025-10-25 19:46:29]   ✅ 搜索成功，找到 1 条记录 (0.416s)
[2025-10-25 19:46:29]     - Record ID: recv0BkKL1SibZ
[2025-10-25 19:46:29]       商品链接: https://www.callawaygolf.jp/mens/tops/shirt/C25233...
[2025-10-25 19:46:29] [15/25] 检查商品: C25226181
[2025-10-25 19:46:29] 🔍 搜索商品ID: C25226181
[2025-10-25 19:46:30]   ✅ 搜索成功，找到 1 条记录 (0.505s)
[2025-10-25 19:46:30]     - Record ID: recv0BkLqcKaO8
[2025-10-25 19:46:30]       商品链接: https://www.callawaygolf.jp/mens/bottoms/pants/C25...
[2025-10-25 19:46:30] [16/25] 检查商品: C25217182
[2025-10-25 19:46:30] 🔍 搜索商品ID: C25217182
[2025-10-25 19:46:30]   ✅ 搜索成功，找到 1 条记录 (0.508s)
[2025-10-25 19:46:30]     - Record ID: recv0BkM827ER8
[2025-10-25 19:46:30]       商品链接: https://www.callawaygolf.jp/mens/tops/outer/C25217...
[2025-10-25 19:46:31] [17/25] 检查商品: C25233180
[2025-10-25 19:46:31] 🔍 搜索商品ID: C25233180
[2025-10-25 19:46:31]   ✅ 搜索成功，找到 1 条记录 (0.400s)
[2025-10-25 19:46:31]     - Record ID: recv0BkMPm3vj5
[2025-10-25 19:46:31]       商品链接: https://www.callawaygolf.jp/mens/tops/shirt/C25233...
[2025-10-25 19:46:31] [18/25] 检查商品: C25215180
[2025-10-25 19:46:31] 🔍 搜索商品ID: C25215180
[2025-10-25 19:46:32]   ✅ 搜索成功，找到 1 条记录 (0.410s)
[2025-10-25 19:46:32]     - Record ID: recv0BkNuCf9Fn
[2025-10-25 19:46:32]       商品链接: https://www.callawaygolf.jp/mens/tops/outer/C25215...
[2025-10-25 19:46:32] [19/25] 检查商品: C25217181
[2025-10-25 19:46:32] 🔍 搜索商品ID: C25217181
[2025-10-25 19:46:32]   ✅ 搜索成功，找到 1 条记录 (0.534s)
[2025-10-25 19:46:32]     - Record ID: recv0BkOcmN9RN
[2025-10-25 19:46:32]       商品链接: https://www.callawaygolf.jp/mens/tops/outer/C25217...
[2025-10-25 19:46:33] [20/25] 检查商品: C25218180
[2025-10-25 19:46:33] 🔍 搜索商品ID: C25218180
[2025-10-25 19:46:33]   ✅ 搜索成功，找到 1 条记录 (0.679s)
[2025-10-25 19:46:33]     - Record ID: recv0BkOSLAPLA
[2025-10-25 19:46:33]       商品链接: https://www.callawaygolf.jp/mens/tops/knit/C252181...
[2025-10-25 19:46:33] [21/25] 检查商品: C25291180
[2025-10-25 19:46:33] 🔍 搜索商品ID: C25291180
[2025-10-25 19:46:34]   ✅ 搜索成功，找到 1 条记录 (0.619s)
[2025-10-25 19:46:34]     - Record ID: recv0BkPAk56zY
[2025-10-25 19:46:34]       商品链接: https://www.callawaygolf.jp/mens/accessories/cap/C...
[2025-10-25 19:46:34] [22/25] 检查商品: C25233181
[2025-10-25 19:46:34] 🔍 搜索商品ID: C25233181
[2025-10-25 19:46:35]   ✅ 搜索成功，找到 1 条记录 (0.444s)
[2025-10-25 19:46:35]     - Record ID: recv0BkQhMYqTD
[2025-10-25 19:46:35]       商品链接: https://www.callawaygolf.jp/mens/tops/shirt/C25233...
[2025-10-25 19:46:35] [23/25] 检查商品: C25215107
[2025-10-25 19:46:35] 🔍 搜索商品ID: C25215107
[2025-10-25 19:46:35]   ✅ 搜索成功，找到 1 条记录 (0.453s)
[2025-10-25 19:46:35]     - Record ID: recv0BkB4taVCc
[2025-10-25 19:46:35]       商品链接: https://www.callawaygolf.jp/test_v4_updated_link_1...
[2025-10-25 19:46:36] [24/25] 检查商品: C25215106
[2025-10-25 19:46:36] 🔍 搜索商品ID: C25215106
[2025-10-25 19:46:36]   ✅ 搜索成功，找到 1 条记录 (0.630s)
[2025-10-25 19:46:36]     - Record ID: recv0BkBLSFoP3
[2025-10-25 19:46:36]       商品链接: https://www.callawaygolf.jp/test_v4_updated_link_2...
[2025-10-25 19:46:36] [25/25] 检查商品: V4TEST194619
[2025-10-25 19:46:36] 🔍 搜索商品ID: V4TEST194619
[2025-10-25 19:46:37]   ✅ 搜索成功，找到 0 条记录 (0.472s)
[2025-10-25 19:46:37] 📊 搜索阶段完成:
[2025-10-25 19:46:37]   - 需要创建: 1 条
[2025-10-25 19:46:37]   - 需要更新: 24 条
[2025-10-25 19:46:37]   - 需要删除重复: 0 条
[2025-10-25 19:46:37] 
🔄 第二阶段：批量执行操作
[2025-10-25 19:46:37] 🔄 批量更新 24 条记录
[2025-10-25 19:46:38]   - HTTP状态码: 200
[2025-10-25 19:46:38]   ✅ 批量更新成功 24 条记录 (0.707s)
[2025-10-25 19:46:38] ➕ 批量创建 1 条记录
[2025-10-25 19:46:39]   ✅ 批量创建成功 1 条记录 (1.421s)
[2025-10-25 19:46:39] ✅ 批量创建完成: 批量创建成功1条
[2025-10-25 19:46:39] 
================================================================================
[2025-10-25 19:46:39] 🎯 批量同步完成 - 总耗时: 19.67秒
[2025-10-25 19:46:39] 📊 最终统计:
[2025-10-25 19:46:39]   - 总处理数: 25
[2025-10-25 19:46:39]   - 更新记录: 24
[2025-10-25 19:46:39]   - 创建记录: 1
[2025-10-25 19:46:39]   - 删除重复: 0
[2025-10-25 19:46:39]   - 失败操作: 0
[2025-10-25 19:46:39]   - 搜索操作: 25
[2025-10-25 19:46:39]   - 批量操作: 2
[2025-10-25 19:46:39] ================================================================================
[2025-10-25 19:46:39] 📊 性能报告已保存: CallawayJP/sync_logs/performance_report_v4_20251025_194639.txt
[2025-10-25 19:46:39] 📄 详细结果已保存: CallawayJP/sync_logs/sync_v4_result_20251025_194639.json
[2025-10-25 19:46:39] 📝 详细日志: CallawayJP/sync_logs/sync_v4_performance_20251025_194619.log
[2025-10-25 19:46:39] 
🎯 V4性能测试完成!
[2025-10-25 19:46:39]   - 总处理数: 25
[2025-10-25 19:46:39]   - 总耗时: 19.67秒
[2025-10-25 19:46:39]   - 批量操作: 2次
[2025-10-25 19:46:39]   - 限流处理: 0次
