[2025-10-25 20:33:44] 📦 加载分类数据: mens_accessories
[2025-10-25 20:33:44] ✓ 从 mens_accessories 分类加载了 24 个商品
[2025-10-25 20:33:44] 🎯 开始分类同步模式 (mens_accessories)，共 24 个商品
[2025-10-25 20:33:44] 
================================================================================
[2025-10-25 20:33:44] 🚀 开始批量优化同步 24 个商品
[2025-10-25 20:33:44] ================================================================================
[2025-10-25 20:33:44] 📋 第一阶段：搜索现有记录状态
[2025-10-25 20:33:44] [1/24] 检查商品: C25293108
[2025-10-25 20:33:44] 🔍 搜索商品ID: C25293108
[2025-10-25 20:33:44] ✓ 获取并缓存飞书token成功 (0.157s)
[2025-10-25 20:33:45]   ✅ 搜索成功，找到 1 条记录 (0.734s)
[2025-10-25 20:33:45]     - Record ID: recv0BOwgZXRoS
[2025-10-25 20:33:45]       商品链接: https://www.callawaygolf.jp/mens/accessories/socks...
[2025-10-25 20:33:45] [2/24] 检查商品: C25291116
[2025-10-25 20:33:45] 🔍 搜索商品ID: C25291116
[2025-10-25 20:33:45]   ✅ 搜索成功，找到 1 条记录 (0.459s)
[2025-10-25 20:33:45]     - Record ID: recv0BPfK5TcSn
[2025-10-25 20:33:45]       商品链接: https://www.callawaygolf.jp/mens/accessories/cap/C...
[2025-10-25 20:33:45] [3/24] 检查商品: C25291112
[2025-10-25 20:33:45] 🔍 搜索商品ID: C25291112
[2025-10-25 20:33:46]   ✅ 搜索成功，找到 1 条记录 (0.381s)
[2025-10-25 20:33:46]     - Record ID: recv0BOR2Kqxrx
[2025-10-25 20:33:46]       商品链接: https://www.callawaygolf.jp/mens/accessories/cap/C...
[2025-10-25 20:33:46] [4/24] 检查商品: C25291106
[2025-10-25 20:33:46] 🔍 搜索商品ID: C25291106
[2025-10-25 20:33:47]   ✅ 搜索成功，找到 1 条记录 (0.912s)
[2025-10-25 20:33:47]     - Record ID: recv0BNRTSmKYV
[2025-10-25 20:33:47]       商品链接: https://www.callawaygolf.jp/mens/accessories/cap/C...
[2025-10-25 20:33:47] [5/24] 检查商品: C25291101
[2025-10-25 20:33:47] 🔍 搜索商品ID: C25291101
[2025-10-25 20:33:48]   ✅ 搜索成功，找到 1 条记录 (0.453s)
[2025-10-25 20:33:48]     - Record ID: recv0BPcWtWRMP
[2025-10-25 20:33:48]       商品链接: https://www.callawaygolf.jp/mens/accessories/cap/C...
[2025-10-25 20:33:48] [6/24] 检查商品: C25291104
[2025-10-25 20:33:48] 🔍 搜索商品ID: C25291104
[2025-10-25 20:33:48]   ✅ 搜索成功，找到 1 条记录 (0.425s)
[2025-10-25 20:33:48]     - Record ID: recv0BNILunxFV
[2025-10-25 20:33:48]       商品链接: https://www.callawaygolf.jp/mens/accessories/cap/C...
[2025-10-25 20:33:48] [7/24] 检查商品: C25291105
[2025-10-25 20:33:48] 🔍 搜索商品ID: C25291105
[2025-10-25 20:33:49]   ✅ 搜索成功，找到 1 条记录 (0.378s)
[2025-10-25 20:33:49]     - Record ID: recv0BP0wtSPl2
[2025-10-25 20:33:49]       商品链接: https://www.callawaygolf.jp/mens/accessories/cap/C...
[2025-10-25 20:33:49] [8/24] 检查商品: C25291111
[2025-10-25 20:33:49] 🔍 搜索商品ID: C25291111
[2025-10-25 20:33:50]   ✅ 搜索成功，找到 1 条记录 (0.665s)
[2025-10-25 20:33:50]     - Record ID: recv0BPuzJ8djt
[2025-10-25 20:33:50]       商品链接: https://www.callawaygolf.jp/mens/accessories/cap/C...
[2025-10-25 20:33:50] [9/24] 检查商品: C25291107
[2025-10-25 20:33:50] 🔍 搜索商品ID: C25291107
[2025-10-25 20:33:50]   ✅ 搜索成功，找到 1 条记录 (0.363s)
[2025-10-25 20:33:50]     - Record ID: recv0BOIbfjcjr
[2025-10-25 20:33:50]       商品链接: https://www.callawaygolf.jp/mens/accessories/cap/C...
[2025-10-25 20:33:50] [10/24] 检查商品: C25291100
[2025-10-25 20:33:50] 🔍 搜索商品ID: C25291100
[2025-10-25 20:33:51]   ✅ 搜索成功，找到 1 条记录 (0.516s)
[2025-10-25 20:33:51]     - Record ID: recv0BOB44QiXP
[2025-10-25 20:33:51]       商品链接: https://www.callawaygolf.jp/mens/accessories/cap/C...
[2025-10-25 20:33:51] [11/24] 检查商品: C25291102
[2025-10-25 20:33:51] 🔍 搜索商品ID: C25291102
[2025-10-25 20:33:52]   ✅ 搜索成功，找到 1 条记录 (0.418s)
[2025-10-25 20:33:52]     - Record ID: recv0BOBMOWpvK
[2025-10-25 20:33:52]       商品链接: https://www.callawaygolf.jp/mens/accessories/cap/C...
[2025-10-25 20:33:52] [12/24] 检查商品: C25291114
[2025-10-25 20:33:52] 🔍 搜索商品ID: C25291114
[2025-10-25 20:33:52]   ✅ 搜索成功，找到 1 条记录 (0.493s)
[2025-10-25 20:33:52]     - Record ID: recv0BNI10ZnQm
[2025-10-25 20:33:52]       商品链接: https://www.callawaygolf.jp/mens/accessories/cap/C...
[2025-10-25 20:33:53] [13/24] 检查商品: C25291117
[2025-10-25 20:33:53] 🔍 搜索商品ID: C25291117
[2025-10-25 20:33:53]   ✅ 搜索成功，找到 1 条记录 (0.512s)
[2025-10-25 20:33:53]     - Record ID: recv0BPabLKVvZ
[2025-10-25 20:33:53]       商品链接: https://www.callawaygolf.jp/mens/accessories/cap/C...
[2025-10-25 20:33:53] [14/24] 检查商品: C25291122
[2025-10-25 20:33:53] 🔍 搜索商品ID: C25291122
[2025-10-25 20:33:54]   ✅ 搜索成功，找到 1 条记录 (0.548s)
[2025-10-25 20:33:54]     - Record ID: recv0BOLYuLr44
[2025-10-25 20:33:54]       商品链接: https://www.callawaygolf.jp/mens/accessories/cap/C...
[2025-10-25 20:33:54] [15/24] 检查商品: C25291103
[2025-10-25 20:33:54] 🔍 搜索商品ID: C25291103
[2025-10-25 20:33:54]   ✅ 搜索成功，找到 1 条记录 (0.359s)
[2025-10-25 20:33:54]     - Record ID: recv0BPf4vnVAw
[2025-10-25 20:33:54]       商品链接: https://www.callawaygolf.jp/mens/accessories/cap/C...
[2025-10-25 20:33:55] [16/24] 检查商品: C25292104
[2025-10-25 20:33:55] 🔍 搜索商品ID: C25292104
[2025-10-25 20:33:55]   ✅ 搜索成功，找到 1 条记录 (0.423s)
[2025-10-25 20:33:55]     - Record ID: recv0BNwHqq7E7
[2025-10-25 20:33:55]       商品链接: https://www.callawaygolf.jp/mens/accessories/other...
[2025-10-25 20:33:55] [17/24] 检查商品: C25992100
[2025-10-25 20:33:55] 🔍 搜索商品ID: C25992100
[2025-10-25 20:33:56]   ✅ 搜索成功，找到 1 条记录 (0.510s)
[2025-10-25 20:33:56]     - Record ID: recv0BOZ7Lyfvh
[2025-10-25 20:33:56]       商品链接: https://www.callawaygolf.jp/mens/accessories/other...
[2025-10-25 20:33:56] [18/24] 检查商品: R25192100
[2025-10-25 20:33:56] 🔍 搜索商品ID: R25192100
[2025-10-25 20:33:56]   ✅ 搜索成功，找到 0 条记录 (0.396s)
[2025-10-25 20:33:56] [19/24] 检查商品: C25992101
[2025-10-25 20:33:56] 🔍 搜索商品ID: C25992101
[2025-10-25 20:33:57]   ✅ 搜索成功，找到 1 条记录 (0.420s)
[2025-10-25 20:33:57]     - Record ID: recv0BPm7J2Wtw
[2025-10-25 20:33:57]       商品链接: https://www.callawaygolf.jp/mens/accessories/other...
[2025-10-25 20:33:57] [20/24] 检查商品: C25292103
[2025-10-25 20:33:57] 🔍 搜索商品ID: C25292103
[2025-10-25 20:33:57]   ✅ 搜索成功，找到 1 条记录 (0.359s)
[2025-10-25 20:33:57]     - Record ID: recv0BOOjCI63v
[2025-10-25 20:33:57]       商品链接: https://www.callawaygolf.jp/mens/accessories/other...
[2025-10-25 20:33:58] [21/24] 检查商品: C25292102
[2025-10-25 20:33:58] 🔍 搜索商品ID: C25292102
[2025-10-25 20:33:58]   ✅ 搜索成功，找到 1 条记录 (0.559s)
[2025-10-25 20:33:58]     - Record ID: recv0BOZP7CJmB
[2025-10-25 20:33:58]       商品链接: https://www.callawaygolf.jp/mens/accessories/other...
[2025-10-25 20:33:58] [22/24] 检查商品: C25292100
[2025-10-25 20:33:58] 🔍 搜索商品ID: C25292100
[2025-10-25 20:33:59]   ✅ 搜索成功，找到 1 条记录 (0.410s)
[2025-10-25 20:33:59]     - Record ID: recv0BPsl2CCSG
[2025-10-25 20:33:59]       商品链接: https://www.callawaygolf.jp/mens/accessories/other...
[2025-10-25 20:33:59] [23/24] 检查商品: C25293102
[2025-10-25 20:33:59] 🔍 搜索商品ID: C25293102
[2025-10-25 20:33:59]   ✅ 搜索成功，找到 1 条记录 (0.411s)
[2025-10-25 20:33:59]     - Record ID: recv0BOYsZp6Xj
[2025-10-25 20:33:59]       商品链接: https://www.callawaygolf.jp/mens/accessories/socks...
[2025-10-25 20:34:00] [24/24] 检查商品: C25293106
[2025-10-25 20:34:00] 🔍 搜索商品ID: C25293106
[2025-10-25 20:34:00]   ✅ 搜索成功，找到 1 条记录 (0.612s)
[2025-10-25 20:34:00]     - Record ID: recv0BOKYLOYCv
[2025-10-25 20:34:00]       商品链接: https://www.callawaygolf.jp/mens/accessories/socks...
[2025-10-25 20:34:00] 📊 搜索阶段完成:
[2025-10-25 20:34:00]   - 需要创建: 1 条
[2025-10-25 20:34:00]   - 需要更新: 23 条
[2025-10-25 20:34:00]   - 需要删除重复: 0 条
[2025-10-25 20:34:00] 
🔄 第二阶段：批量执行操作
[2025-10-25 20:34:00] 🔄 批量更新 23 条记录
[2025-10-25 20:34:02]   - HTTP状态码: 200
[2025-10-25 20:34:02]   ✅ 批量更新成功 23 条记录 (1.226s)
[2025-10-25 20:34:02] ➕ 批量创建 1 条记录
[2025-10-25 20:34:03]   ✅ 批量创建成功 1 条记录 (1.433s)
[2025-10-25 20:34:03] ✅ 批量创建完成: 批量创建成功1条
[2025-10-25 20:34:03] 
================================================================================
[2025-10-25 20:34:03] 🎯 批量同步完成 - 总耗时: 19.11秒
[2025-10-25 20:34:03] 📊 最终统计:
[2025-10-25 20:34:03]   - 总处理数: 24
[2025-10-25 20:34:03]   - 更新记录: 23
[2025-10-25 20:34:03]   - 创建记录: 1
[2025-10-25 20:34:03]   - 删除重复: 0
[2025-10-25 20:34:03]   - 失败操作: 0
[2025-10-25 20:34:03]   - 搜索操作: 24
[2025-10-25 20:34:03]   - 批量操作: 2
[2025-10-25 20:34:03] ================================================================================
[2025-10-25 20:34:03] 📊 性能报告已保存: CallawayJP/sync_logs/performance_report_v4_20251025_203403.txt
[2025-10-25 20:34:03] 📄 详细结果已保存: CallawayJP/sync_logs/sync_v4_result_20251025_203403.json
[2025-10-25 20:34:03] 📝 详细日志: CallawayJP/sync_logs/sync_v4_performance_20251025_203344.log
[2025-10-25 20:34:03] 
🎯 V4分类同步模式 (mens_accessories)完成!
[2025-10-25 20:34:03]   - 总处理数: 24
[2025-10-25 20:34:03]   - 总耗时: 19.11秒
[2025-10-25 20:34:03]   - 批量操作: 2次
[2025-10-25 20:34:03]   - 限流处理: 0次
