[2025-10-25 22:21:20] 📦 加载分类数据: mens_tops_large
[2025-10-25 22:21:20] ✓ 加载了 109 个商品
[2025-10-25 22:21:20] 🎯 开始分类同步模式 (mens_tops_large)，共 109 个商品
[2025-10-25 22:21:20] 
================================================================================
[2025-10-25 22:21:20] 🚀 开始批量优化同步 109 个商品
[2025-10-25 22:21:20] ================================================================================
[2025-10-25 22:21:20] 📋 第一阶段：搜索现有记录状态
[2025-10-25 22:21:20] [1/109] 检查商品: C25215107 (分类: メンズ トップス (大きいサイズ))
[2025-10-25 22:21:20] 🔍 搜索商品ID: C25215107
[2025-10-25 22:21:20] ✓ 获取并缓存飞书token成功 (0.143s)
[2025-10-25 22:21:20]   ❌ API返回错误: FieldNameNotFound (0.521s)
[2025-10-25 22:21:20] [2/109] 检查商品: C25215107 (分类: メンズ トップス (大きいサイズ))
[2025-10-25 22:21:20] 🔍 搜索商品ID: C25215107
[2025-10-25 22:21:21]   ❌ API返回错误: FieldNameNotFound (0.250s)
[2025-10-25 22:21:21] [3/109] 检查商品: C25215107 (分类: メンズ トップス (大きいサイズ))
[2025-10-25 22:21:21] 🔍 搜索商品ID: C25215107
[2025-10-25 22:21:21]   ❌ API返回错误: FieldNameNotFound (0.360s)
[2025-10-25 22:21:21] [4/109] 检查商品: C25215107 (分类: メンズ トップス (大きいサイズ))
[2025-10-25 22:21:21] 🔍 搜索商品ID: C25215107
[2025-10-25 22:21:22]   ❌ API返回错误: FieldNameNotFound (0.333s)
[2025-10-25 22:21:22] [5/109] 检查商品: C25215107 (分类: メンズ トップス (大きいサイズ))
[2025-10-25 22:21:22] 🔍 搜索商品ID: C25215107
[2025-10-25 22:21:22]   ❌ API返回错误: FieldNameNotFound (0.386s)
[2025-10-25 22:21:22] [6/109] 检查商品: C25215107 (分类: メンズ トップス (大きいサイズ))
[2025-10-25 22:21:22] 🔍 搜索商品ID: C25215107
[2025-10-25 22:21:23]   ❌ API返回错误: FieldNameNotFound (0.261s)
[2025-10-25 22:21:23] [7/109] 检查商品: C25215107 (分类: メンズ トップス (大きいサイズ))
[2025-10-25 22:21:23] 🔍 搜索商品ID: C25215107
[2025-10-25 22:21:23]   ❌ API返回错误: FieldNameNotFound (0.453s)
[2025-10-25 22:21:24] [8/109] 检查商品: C25215107 (分类: メンズ トップス (大きいサイズ))
[2025-10-25 22:21:24] 🔍 搜索商品ID: C25215107
[2025-10-25 22:21:24]   ❌ API返回错误: FieldNameNotFound (0.406s)
[2025-10-25 22:21:24] [9/109] 检查商品: C25215107 (分类: メンズ トップス (大きいサイズ))
[2025-10-25 22:21:24] 🔍 搜索商品ID: C25215107
[2025-10-25 22:21:25]   ❌ API返回错误: FieldNameNotFound (0.304s)
[2025-10-25 22:21:25] [10/109] 检查商品: C25215107 (分类: メンズ トップス (大きいサイズ))
[2025-10-25 22:21:25] 🔍 搜索商品ID: C25215107
[2025-10-25 22:21:25]   ❌ API返回错误: FieldNameNotFound (0.264s)
[2025-10-25 22:21:25] [11/109] 检查商品: C25215107 (分类: メンズ トップス (大きいサイズ))
[2025-10-25 22:21:25] 🔍 搜索商品ID: C25215107
[2025-10-25 22:21:25]   ❌ API返回错误: FieldNameNotFound (0.265s)
[2025-10-25 22:21:26] [12/109] 检查商品: C25215107 (分类: メンズ トップス (大きいサイズ))
[2025-10-25 22:21:26] 🔍 搜索商品ID: C25215107
[2025-10-25 22:21:26]   ❌ API返回错误: FieldNameNotFound (0.391s)
[2025-10-25 22:21:26] [13/109] 检查商品: C25215100 (分类: メンズ トップス (大きいサイズ))
[2025-10-25 22:21:26] 🔍 搜索商品ID: C25215100
[2025-10-25 22:21:27]   ❌ API返回错误: FieldNameNotFound (0.303s)
[2025-10-25 22:21:27] [14/109] 检查商品: C25215100 (分类: メンズ トップス (大きいサイズ))
[2025-10-25 22:21:27] 🔍 搜索商品ID: C25215100
[2025-10-25 22:21:27]   ❌ API返回错误: FieldNameNotFound (0.304s)
[2025-10-25 22:21:27] [15/109] 检查商品: C25215100 (分类: メンズ トップス (大きいサイズ))
[2025-10-25 22:21:27] 🔍 搜索商品ID: C25215100
[2025-10-25 22:21:28]   ❌ API返回错误: FieldNameNotFound (0.306s)
[2025-10-25 22:21:28] [16/109] 检查商品: C25215100 (分类: メンズ トップス (大きいサイズ))
[2025-10-25 22:21:28] 🔍 搜索商品ID: C25215100
[2025-10-25 22:21:28]   ❌ API返回错误: FieldNameNotFound (0.341s)
[2025-10-25 22:21:28] [17/109] 检查商品: C25215100 (分类: メンズ トップス (大きいサイズ))
[2025-10-25 22:21:28] 🔍 搜索商品ID: C25215100
[2025-10-25 22:21:29]   ❌ API返回错误: FieldNameNotFound (0.332s)
[2025-10-25 22:21:29] [18/109] 检查商品: C25215100 (分类: メンズ トップス (大きいサイズ))
[2025-10-25 22:21:29] 🔍 搜索商品ID: C25215100
[2025-10-25 22:21:29]   ❌ API返回错误: FieldNameNotFound (0.248s)
[2025-10-25 22:21:29] [19/109] 检查商品: C25215100 (分类: メンズ トップス (大きいサイズ))
[2025-10-25 22:21:29] 🔍 搜索商品ID: C25215100
[2025-10-25 22:21:30]   ❌ API返回错误: FieldNameNotFound (0.305s)
[2025-10-25 22:21:30] [20/109] 检查商品: C25215100 (分类: メンズ トップス (大きいサイズ))
[2025-10-25 22:21:30] 🔍 搜索商品ID: C25215100
[2025-10-25 22:21:30]   ❌ API返回错误: FieldNameNotFound (0.306s)
[2025-10-25 22:21:30] [21/109] 检查商品: C25215100 (分类: メンズ トップス (大きいサイズ))
[2025-10-25 22:21:30] 🔍 搜索商品ID: C25215100
[2025-10-25 22:21:31]   ❌ API返回错误: FieldNameNotFound (0.288s)
[2025-10-25 22:21:31] [22/109] 检查商品: C25215100 (分类: メンズ トップス (大きいサイズ))
[2025-10-25 22:21:31] 🔍 搜索商品ID: C25215100
[2025-10-25 22:21:31]   ❌ API返回错误: FieldNameNotFound (0.325s)
[2025-10-25 22:21:31] [23/109] 检查商品: C25215100 (分类: メンズ トップス (大きいサイズ))
[2025-10-25 22:21:31] 🔍 搜索商品ID: C25215100
[2025-10-25 22:21:32]   ❌ API返回错误: FieldNameNotFound (0.263s)
[2025-10-25 22:21:32] [24/109] 检查商品: C25215100 (分类: メンズ トップス (大きいサイズ))
[2025-10-25 22:21:32] 🔍 搜索商品ID: C25215100
[2025-10-25 22:21:32]   ❌ API返回错误: FieldNameNotFound (0.259s)
[2025-10-25 22:21:32] [25/109] 检查商品: C25216103 (分类: メンズ トップス (大きいサイズ))
[2025-10-25 22:21:32] 🔍 搜索商品ID: C25216103
[2025-10-25 22:21:33]   ❌ API返回错误: FieldNameNotFound (0.376s)
[2025-10-25 22:21:33] [26/109] 检查商品: C25216103 (分类: メンズ トップス (大きいサイズ))
[2025-10-25 22:21:33] 🔍 搜索商品ID: C25216103
[2025-10-25 22:21:33]   ❌ API返回错误: FieldNameNotFound (0.257s)
[2025-10-25 22:21:33] [27/109] 检查商品: C25216103 (分类: メンズ トップス (大きいサイズ))
[2025-10-25 22:21:33] 🔍 搜索商品ID: C25216103
[2025-10-25 22:21:34]   ❌ API返回错误: FieldNameNotFound (0.277s)
[2025-10-25 22:21:34] [28/109] 检查商品: C25216103 (分类: メンズ トップス (大きいサイズ))
[2025-10-25 22:21:34] 🔍 搜索商品ID: C25216103
[2025-10-25 22:21:34]   ❌ API返回错误: FieldNameNotFound (0.307s)
[2025-10-25 22:21:34] [29/109] 检查商品: C25216103 (分类: メンズ トップス (大きいサイズ))
[2025-10-25 22:21:34] 🔍 搜索商品ID: C25216103
[2025-10-25 22:21:35]   ❌ API返回错误: FieldNameNotFound (0.305s)
[2025-10-25 22:21:35] [30/109] 检查商品: C25216103 (分类: メンズ トップス (大きいサイズ))
[2025-10-25 22:21:35] 🔍 搜索商品ID: C25216103
[2025-10-25 22:21:35]   ❌ API返回错误: FieldNameNotFound (0.303s)
[2025-10-25 22:21:35] [31/109] 检查商品: C25216103 (分类: メンズ トップス (大きいサイズ))
[2025-10-25 22:21:35] 🔍 搜索商品ID: C25216103
[2025-10-25 22:21:36]   ❌ API返回错误: FieldNameNotFound (0.307s)
[2025-10-25 22:21:36] [32/109] 检查商品: C25216103 (分类: メンズ トップス (大きいサイズ))
[2025-10-25 22:21:36] 🔍 搜索商品ID: C25216103
[2025-10-25 22:21:36]   ❌ API返回错误: FieldNameNotFound (0.309s)
[2025-10-25 22:21:36] [33/109] 检查商品: C25216103 (分类: メンズ トップス (大きいサイズ))
[2025-10-25 22:21:36] 🔍 搜索商品ID: C25216103
[2025-10-25 22:21:37]   ❌ API返回错误: FieldNameNotFound (0.611s)
[2025-10-25 22:21:37] [34/109] 检查商品: C25216103 (分类: メンズ トップス (大きいサイズ))
[2025-10-25 22:21:37] 🔍 搜索商品ID: C25216103
[2025-10-25 22:21:38]   ❌ API返回错误: FieldNameNotFound (0.336s)
[2025-10-25 22:21:38] [35/109] 检查商品: C25216103 (分类: メンズ トップス (大きいサイズ))
[2025-10-25 22:21:38] 🔍 搜索商品ID: C25216103
[2025-10-25 22:21:38]   ❌ API返回错误: FieldNameNotFound (0.380s)
[2025-10-25 22:21:38] [36/109] 检查商品: C25216103 (分类: メンズ トップス (大きいサイズ))
[2025-10-25 22:21:38] 🔍 搜索商品ID: C25216103
[2025-10-25 22:21:39]   ❌ API返回错误: FieldNameNotFound (0.247s)
[2025-10-25 22:21:39] [37/109] 检查商品: C25233182 (分类: メンズ トップス (大きいサイズ))
[2025-10-25 22:21:39] 🔍 搜索商品ID: C25233182
[2025-10-25 22:21:39]   ❌ API返回错误: FieldNameNotFound (0.315s)
[2025-10-25 22:21:39] [38/109] 检查商品: C25233182 (分类: メンズ トップス (大きいサイズ))
[2025-10-25 22:21:39] 🔍 搜索商品ID: C25233182
[2025-10-25 22:21:40]   ❌ API返回错误: FieldNameNotFound (0.358s)
[2025-10-25 22:21:40] [39/109] 检查商品: C25233182 (分类: メンズ トップス (大きいサイズ))
[2025-10-25 22:21:40] 🔍 搜索商品ID: C25233182
[2025-10-25 22:21:40]   ❌ API返回错误: FieldNameNotFound (0.302s)
[2025-10-25 22:21:40] [40/109] 检查商品: C25233182 (分类: メンズ トップス (大きいサイズ))
[2025-10-25 22:21:40] 🔍 搜索商品ID: C25233182
[2025-10-25 22:21:41]   ❌ API返回错误: FieldNameNotFound (0.259s)
[2025-10-25 22:21:41] [41/109] 检查商品: C25233182 (分类: メンズ トップス (大きいサイズ))
[2025-10-25 22:21:41] 🔍 搜索商品ID: C25233182
[2025-10-25 22:21:41]   ❌ API返回错误: FieldNameNotFound (0.353s)
[2025-10-25 22:21:41] [42/109] 检查商品: C25233182 (分类: メンズ トップス (大きいサイズ))
[2025-10-25 22:21:41] 🔍 搜索商品ID: C25233182
[2025-10-25 22:21:42]   ❌ API返回错误: FieldNameNotFound (0.331s)
[2025-10-25 22:21:42] [43/109] 检查商品: C25233182 (分类: メンズ トップス (大きいサイズ))
[2025-10-25 22:21:42] 🔍 搜索商品ID: C25233182
[2025-10-25 22:21:42]   ❌ API返回错误: FieldNameNotFound (0.286s)
[2025-10-25 22:21:42] [44/109] 检查商品: C25233182 (分类: メンズ トップス (大きいサイズ))
[2025-10-25 22:21:42] 🔍 搜索商品ID: C25233182
[2025-10-25 22:21:43]   ❌ API返回错误: FieldNameNotFound (0.222s)
[2025-10-25 22:21:43] [45/109] 检查商品: C25233182 (分类: メンズ トップス (大きいサイズ))
[2025-10-25 22:21:43] 🔍 搜索商品ID: C25233182
[2025-10-25 22:21:43]   ❌ API返回错误: FieldNameNotFound (0.287s)
[2025-10-25 22:21:43] [46/109] 检查商品: C25233182 (分类: メンズ トップス (大きいサイズ))
[2025-10-25 22:21:43] 🔍 搜索商品ID: C25233182
[2025-10-25 22:21:44]   ❌ API返回错误: FieldNameNotFound (0.252s)
[2025-10-25 22:21:44] [47/109] 检查商品: C25233182 (分类: メンズ トップス (大きいサイズ))
[2025-10-25 22:21:44] 🔍 搜索商品ID: C25233182
[2025-10-25 22:21:44]   ❌ API返回错误: FieldNameNotFound (0.331s)
[2025-10-25 22:21:44] [48/109] 检查商品: C25233182 (分类: メンズ トップス (大きいサイズ))
[2025-10-25 22:21:44] 🔍 搜索商品ID: C25233182
[2025-10-25 22:21:45]   ❌ API返回错误: FieldNameNotFound (0.257s)
[2025-10-25 22:21:45] [49/109] 检查商品: C25233183 (分类: メンズ トップス (大きいサイズ))
[2025-10-25 22:21:45] 🔍 搜索商品ID: C25233183
[2025-10-25 22:21:45]   ❌ API返回错误: FieldNameNotFound (0.256s)
[2025-10-25 22:21:45] [50/109] 检查商品: C25233183 (分类: メンズ トップス (大きいサイズ))
[2025-10-25 22:21:45] 🔍 搜索商品ID: C25233183
[2025-10-25 22:21:45]   ❌ API返回错误: FieldNameNotFound (0.224s)
[2025-10-25 22:21:46] [51/109] 检查商品: C25233183 (分类: メンズ トップス (大きいサイズ))
[2025-10-25 22:21:46] 🔍 搜索商品ID: C25233183
[2025-10-25 22:21:46]   ❌ API返回错误: FieldNameNotFound (0.319s)
[2025-10-25 22:21:46] [52/109] 检查商品: C25233183 (分类: メンズ トップス (大きいサイズ))
[2025-10-25 22:21:46] 🔍 搜索商品ID: C25233183
[2025-10-25 22:21:47]   ❌ API返回错误: FieldNameNotFound (0.356s)
[2025-10-25 22:21:47] [53/109] 检查商品: C25233183 (分类: メンズ トップス (大きいサイズ))
[2025-10-25 22:21:47] 🔍 搜索商品ID: C25233183
[2025-10-25 22:21:47]   ❌ API返回错误: FieldNameNotFound (0.250s)
[2025-10-25 22:21:47] [54/109] 检查商品: C25233183 (分类: メンズ トップス (大きいサイズ))
[2025-10-25 22:21:47] 🔍 搜索商品ID: C25233183
[2025-10-25 22:21:48]   ❌ API返回错误: FieldNameNotFound (0.304s)
[2025-10-25 22:21:48] [55/109] 检查商品: C25233183 (分类: メンズ トップス (大きいサイズ))
[2025-10-25 22:21:48] 🔍 搜索商品ID: C25233183
[2025-10-25 22:21:48]   ❌ API返回错误: FieldNameNotFound (0.309s)
[2025-10-25 22:21:48] [56/109] 检查商品: C25233183 (分类: メンズ トップス (大きいサイズ))
[2025-10-25 22:21:48] 🔍 搜索商品ID: C25233183
[2025-10-25 22:21:49]   ❌ API返回错误: FieldNameNotFound (0.315s)
[2025-10-25 22:21:49] [57/109] 检查商品: C25233183 (分类: メンズ トップス (大きいサイズ))
[2025-10-25 22:21:49] 🔍 搜索商品ID: C25233183
[2025-10-25 22:21:49]   ❌ API返回错误: FieldNameNotFound (0.218s)
[2025-10-25 22:21:49] [58/109] 检查商品: C25233183 (分类: メンズ トップス (大きいサイズ))
[2025-10-25 22:21:49] 🔍 搜索商品ID: C25233183
[2025-10-25 22:21:49]   ❌ API返回错误: FieldNameNotFound (0.278s)
[2025-10-25 22:21:50] [59/109] 检查商品: C25233183 (分类: メンズ トップス (大きいサイズ))
[2025-10-25 22:21:50] 🔍 搜索商品ID: C25233183
[2025-10-25 22:21:50]   ❌ API返回错误: FieldNameNotFound (0.308s)
[2025-10-25 22:21:50] [60/109] 检查商品: C25233183 (分类: メンズ トップス (大きいサイズ))
[2025-10-25 22:21:50] 🔍 搜索商品ID: C25233183
[2025-10-25 22:21:51]   ❌ API返回错误: FieldNameNotFound (0.302s)
[2025-10-25 22:21:51] [61/109] 检查商品: C25216180 (分类: メンズ トップス (大きいサイズ))
[2025-10-25 22:21:51] 🔍 搜索商品ID: C25216180
[2025-10-25 22:21:51]   ❌ API返回错误: FieldNameNotFound (0.413s)
[2025-10-25 22:21:51] [62/109] 检查商品: C25216180 (分类: メンズ トップス (大きいサイズ))
[2025-10-25 22:21:51] 🔍 搜索商品ID: C25216180
[2025-10-25 22:21:52]   ❌ API返回错误: FieldNameNotFound (0.305s)
[2025-10-25 22:21:52] [63/109] 检查商品: C25216180 (分类: メンズ トップス (大きいサイズ))
[2025-10-25 22:21:52] 🔍 搜索商品ID: C25216180
[2025-10-25 22:21:52]   ❌ API返回错误: FieldNameNotFound (0.310s)
[2025-10-25 22:21:52] [64/109] 检查商品: C25216180 (分类: メンズ トップス (大きいサイズ))
[2025-10-25 22:21:52] 🔍 搜索商品ID: C25216180
[2025-10-25 22:21:53]   ❌ API返回错误: FieldNameNotFound (0.302s)
[2025-10-25 22:21:53] [65/109] 检查商品: C25216180 (分类: メンズ トップス (大きいサイズ))
[2025-10-25 22:21:53] 🔍 搜索商品ID: C25216180
[2025-10-25 22:21:53]   ❌ API返回错误: FieldNameNotFound (0.405s)
[2025-10-25 22:21:53] [66/109] 检查商品: C25216180 (分类: メンズ トップス (大きいサイズ))
[2025-10-25 22:21:53] 🔍 搜索商品ID: C25216180
[2025-10-25 22:21:54]   ❌ API返回错误: FieldNameNotFound (0.305s)
[2025-10-25 22:21:54] [67/109] 检查商品: C25216180 (分类: メンズ トップス (大きいサイズ))
[2025-10-25 22:21:54] 🔍 搜索商品ID: C25216180
[2025-10-25 22:21:54]   ❌ API返回错误: FieldNameNotFound (0.305s)
[2025-10-25 22:21:55] [68/109] 检查商品: C25216180 (分类: メンズ トップス (大きいサイズ))
[2025-10-25 22:21:55] 🔍 搜索商品ID: C25216180
[2025-10-25 22:21:55]   ❌ API返回错误: FieldNameNotFound (0.246s)
[2025-10-25 22:21:55] [69/109] 检查商品: C25216180 (分类: メンズ トップス (大きいサイズ))
[2025-10-25 22:21:55] 🔍 搜索商品ID: C25216180
[2025-10-25 22:21:55]   ❌ API返回错误: FieldNameNotFound (0.469s)
[2025-10-25 22:21:56] [70/109] 检查商品: C25216180 (分类: メンズ トップス (大きいサイズ))
[2025-10-25 22:21:56] 🔍 搜索商品ID: C25216180
[2025-10-25 22:21:56]   ❌ API返回错误: FieldNameNotFound (0.305s)
[2025-10-25 22:21:56] [71/109] 检查商品: C25216180 (分类: メンズ トップス (大きいサイズ))
[2025-10-25 22:21:56] 🔍 搜索商品ID: C25216180
[2025-10-25 22:21:56]   ❌ API返回错误: FieldNameNotFound (0.284s)
[2025-10-25 22:21:57] [72/109] 检查商品: C25216180 (分类: メンズ トップス (大きいサイズ))
[2025-10-25 22:21:57] 🔍 搜索商品ID: C25216180
[2025-10-25 22:21:57]   ❌ API返回错误: FieldNameNotFound (0.326s)
[2025-10-25 22:21:57] [73/109] 检查商品: C25217182 (分类: メンズ トップス (大きいサイズ))
[2025-10-25 22:21:57] 🔍 搜索商品ID: C25217182
[2025-10-25 22:21:57]   ❌ API返回错误: FieldNameNotFound (0.307s)
[2025-10-25 22:21:58] [74/109] 检查商品: C25217182 (分类: メンズ トップス (大きいサイズ))
[2025-10-25 22:21:58] 🔍 搜索商品ID: C25217182
[2025-10-25 22:21:58]   ❌ API返回错误: FieldNameNotFound (0.230s)
[2025-10-25 22:21:58] [75/109] 检查商品: C25217182 (分类: メンズ トップス (大きいサイズ))
[2025-10-25 22:21:58] 🔍 搜索商品ID: C25217182
[2025-10-25 22:21:58]   ❌ API返回错误: FieldNameNotFound (0.259s)
[2025-10-25 22:21:59] [76/109] 检查商品: C25217182 (分类: メンズ トップス (大きいサイズ))
[2025-10-25 22:21:59] 🔍 搜索商品ID: C25217182
[2025-10-25 22:21:59]   ❌ API返回错误: FieldNameNotFound (0.265s)
[2025-10-25 22:21:59] [77/109] 检查商品: C25217182 (分类: メンズ トップス (大きいサイズ))
[2025-10-25 22:21:59] 🔍 搜索商品ID: C25217182
[2025-10-25 22:21:59]   ❌ API返回错误: FieldNameNotFound (0.265s)
[2025-10-25 22:22:00] [78/109] 检查商品: C25217182 (分类: メンズ トップス (大きいサイズ))
[2025-10-25 22:22:00] 🔍 搜索商品ID: C25217182
[2025-10-25 22:22:00]   ❌ API返回错误: FieldNameNotFound (0.412s)
[2025-10-25 22:22:00] [79/109] 检查商品: C25217182 (分类: メンズ トップス (大きいサイズ))
[2025-10-25 22:22:00] 🔍 搜索商品ID: C25217182
[2025-10-25 22:22:00]   ❌ API返回错误: FieldNameNotFound (0.272s)
[2025-10-25 22:22:01] [80/109] 检查商品: C25217182 (分类: メンズ トップス (大きいサイズ))
[2025-10-25 22:22:01] 🔍 搜索商品ID: C25217182
[2025-10-25 22:22:01]   ❌ API返回错误: FieldNameNotFound (0.240s)
[2025-10-25 22:22:01] [81/109] 检查商品: C25217182 (分类: メンズ トップス (大きいサイズ))
[2025-10-25 22:22:01] 🔍 搜索商品ID: C25217182
[2025-10-25 22:22:01]   ❌ API返回错误: FieldNameNotFound (0.300s)
[2025-10-25 22:22:02] [82/109] 检查商品: C25217182 (分类: メンズ トップス (大きいサイズ))
[2025-10-25 22:22:02] 🔍 搜索商品ID: C25217182
[2025-10-25 22:22:02]   ❌ API返回错误: FieldNameNotFound (0.409s)
[2025-10-25 22:22:02] [83/109] 检查商品: C25217182 (分类: メンズ トップス (大きいサイズ))
[2025-10-25 22:22:02] 🔍 搜索商品ID: C25217182
[2025-10-25 22:22:02]   ❌ API返回错误: FieldNameNotFound (0.233s)
[2025-10-25 22:22:03] [84/109] 检查商品: C25217182 (分类: メンズ トップス (大きいサイズ))
[2025-10-25 22:22:03] 🔍 搜索商品ID: C25217182
[2025-10-25 22:22:03]   ❌ API返回错误: FieldNameNotFound (0.278s)
[2025-10-25 22:22:03] [85/109] 检查商品: C25233180 (分类: メンズ トップス (大きいサイズ))
[2025-10-25 22:22:03] 🔍 搜索商品ID: C25233180
[2025-10-25 22:22:03]   ❌ API返回错误: FieldNameNotFound (0.263s)
[2025-10-25 22:22:04] [86/109] 检查商品: C25233180 (分类: メンズ トップス (大きいサイズ))
[2025-10-25 22:22:04] 🔍 搜索商品ID: C25233180
[2025-10-25 22:22:04]   ❌ API返回错误: FieldNameNotFound (0.320s)
[2025-10-25 22:22:04] [87/109] 检查商品: C25233180 (分类: メンズ トップス (大きいサイズ))
[2025-10-25 22:22:04] 🔍 搜索商品ID: C25233180
[2025-10-25 22:22:04]   ❌ API返回错误: FieldNameNotFound (0.379s)
[2025-10-25 22:22:05] [88/109] 检查商品: C25233180 (分类: メンズ トップス (大きいサイズ))
[2025-10-25 22:22:05] 🔍 搜索商品ID: C25233180
[2025-10-25 22:22:05]   ❌ API返回错误: FieldNameNotFound (0.269s)
[2025-10-25 22:22:05] [89/109] 检查商品: C25233180 (分类: メンズ トップス (大きいサイズ))
[2025-10-25 22:22:05] 🔍 搜索商品ID: C25233180
[2025-10-25 22:22:05]   ❌ API返回错误: FieldNameNotFound (0.305s)
[2025-10-25 22:22:06] [90/109] 检查商品: C25233180 (分类: メンズ トップス (大きいサイズ))
[2025-10-25 22:22:06] 🔍 搜索商品ID: C25233180
[2025-10-25 22:22:06]   ❌ API返回错误: FieldNameNotFound (0.304s)
[2025-10-25 22:22:06] [91/109] 检查商品: C25233180 (分类: メンズ トップス (大きいサイズ))
[2025-10-25 22:22:06] 🔍 搜索商品ID: C25233180
[2025-10-25 22:22:06]   ❌ API返回错误: FieldNameNotFound (0.302s)
[2025-10-25 22:22:07] [92/109] 检查商品: C25233180 (分类: メンズ トップス (大きいサイズ))
[2025-10-25 22:22:07] 🔍 搜索商品ID: C25233180
[2025-10-25 22:22:07]   ❌ API返回错误: FieldNameNotFound (0.308s)
[2025-10-25 22:22:07] [93/109] 检查商品: C25233180 (分类: メンズ トップス (大きいサイズ))
[2025-10-25 22:22:07] 🔍 搜索商品ID: C25233180
[2025-10-25 22:22:07]   ❌ API返回错误: FieldNameNotFound (0.293s)
[2025-10-25 22:22:08] [94/109] 检查商品: C25233180 (分类: メンズ トップス (大きいサイズ))
[2025-10-25 22:22:08] 🔍 搜索商品ID: C25233180
[2025-10-25 22:22:08]   ❌ API返回错误: FieldNameNotFound (0.341s)
[2025-10-25 22:22:08] [95/109] 检查商品: C25233180 (分类: メンズ トップス (大きいサイズ))
[2025-10-25 22:22:08] 🔍 搜索商品ID: C25233180
[2025-10-25 22:22:09]   ❌ API返回错误: FieldNameNotFound (0.427s)
[2025-10-25 22:22:09] [96/109] 检查商品: C25233180 (分类: メンズ トップス (大きいサイズ))
[2025-10-25 22:22:09] 🔍 搜索商品ID: C25233180
[2025-10-25 22:22:09]   ❌ API返回错误: FieldNameNotFound (0.269s)
[2025-10-25 22:22:09] [97/109] 检查商品: C25215180 (分类: メンズ トップス (大きいサイズ))
[2025-10-25 22:22:09] 🔍 搜索商品ID: C25215180
[2025-10-25 22:22:10]   ❌ API返回错误: FieldNameNotFound (0.312s)
[2025-10-25 22:22:10] [98/109] 检查商品: C25215180 (分类: メンズ トップス (大きいサイズ))
[2025-10-25 22:22:10] 🔍 搜索商品ID: C25215180
[2025-10-25 22:22:10]   ❌ API返回错误: FieldNameNotFound (0.222s)
[2025-10-25 22:22:10] [99/109] 检查商品: C25215180 (分类: メンズ トップス (大きいサイズ))
[2025-10-25 22:22:10] 🔍 搜索商品ID: C25215180
[2025-10-25 22:22:11]   ❌ API返回错误: FieldNameNotFound (0.238s)
[2025-10-25 22:22:11] [100/109] 检查商品: C25215180 (分类: メンズ トップス (大きいサイズ))
[2025-10-25 22:22:11] 🔍 搜索商品ID: C25215180
[2025-10-25 22:22:11]   ❌ API返回错误: FieldNameNotFound (0.352s)
[2025-10-25 22:22:11] [101/109] 检查商品: C25215180 (分类: メンズ トップス (大きいサイズ))
[2025-10-25 22:22:11] 🔍 搜索商品ID: C25215180
[2025-10-25 22:22:12]   ❌ API返回错误: FieldNameNotFound (0.306s)
[2025-10-25 22:22:12] [102/109] 检查商品: C25215180 (分类: メンズ トップス (大きいサイズ))
[2025-10-25 22:22:12] 🔍 搜索商品ID: C25215180
[2025-10-25 22:22:12]   ❌ API返回错误: FieldNameNotFound (0.307s)
[2025-10-25 22:22:12] [103/109] 检查商品: C25215180 (分类: メンズ トップス (大きいサイズ))
[2025-10-25 22:22:12] 🔍 搜索商品ID: C25215180
[2025-10-25 22:22:13]   ❌ API返回错误: FieldNameNotFound (0.251s)
[2025-10-25 22:22:13] [104/109] 检查商品: C25215180 (分类: メンズ トップス (大きいサイズ))
[2025-10-25 22:22:13] 🔍 搜索商品ID: C25215180
[2025-10-25 22:22:13]   ❌ API返回错误: FieldNameNotFound (0.360s)
[2025-10-25 22:22:13] [105/109] 检查商品: C25215180 (分类: メンズ トップス (大きいサイズ))
[2025-10-25 22:22:13] 🔍 搜索商品ID: C25215180
[2025-10-25 22:22:14]   ❌ API返回错误: FieldNameNotFound (0.250s)
[2025-10-25 22:22:14] [106/109] 检查商品: C25215180 (分类: メンズ トップス (大きいサイズ))
[2025-10-25 22:22:14] 🔍 搜索商品ID: C25215180
[2025-10-25 22:22:14]   ❌ API返回错误: FieldNameNotFound (0.247s)
[2025-10-25 22:22:14] [107/109] 检查商品: C25215180 (分类: メンズ トップス (大きいサイズ))
[2025-10-25 22:22:14] 🔍 搜索商品ID: C25215180
[2025-10-25 22:22:14]   ❌ API返回错误: FieldNameNotFound (0.251s)
[2025-10-25 22:22:15] [108/109] 检查商品: C25215180 (分类: メンズ トップス (大きいサイズ))
[2025-10-25 22:22:15] 🔍 搜索商品ID: C25215180
[2025-10-25 22:22:15]   ❌ API返回错误: FieldNameNotFound (0.278s)
[2025-10-25 22:22:15] [109/109] 检查商品: C25217181 (分类: メンズ トップス (大きいサイズ))
[2025-10-25 22:22:15] 🔍 搜索商品ID: C25217181
[2025-10-25 22:22:16]   ❌ API返回错误: FieldNameNotFound (0.409s)
[2025-10-25 22:22:16] 📊 搜索阶段完成:
[2025-10-25 22:22:16]   - 需要创建: 0 条
[2025-10-25 22:22:16]   - 需要更新: 0 条
[2025-10-25 22:22:16]   - 需要删除重复: 0 条
[2025-10-25 22:22:16] 
🔄 第二阶段：批量执行操作
[2025-10-25 22:22:16] 
================================================================================
[2025-10-25 22:22:16] 🎯 批量同步完成 - 总耗时: 56.02秒
[2025-10-25 22:22:16] 📊 最终统计:
[2025-10-25 22:22:16]   - 总处理数: 0
[2025-10-25 22:22:16]   - 更新记录: 0
[2025-10-25 22:22:16]   - 创建记录: 0
[2025-10-25 22:22:16]   - 删除重复: 0
[2025-10-25 22:22:16]   - 失败操作: 109
[2025-10-25 22:22:16]   - 搜索操作: 109
[2025-10-25 22:22:16]   - 批量操作: 0
[2025-10-25 22:22:16] ================================================================================
[2025-10-25 22:22:16] 📊 性能报告已保存: CallawayJP/sync_logs/performance_report_v5_20251025_222216.txt
[2025-10-25 22:22:16] 📄 详细结果已保存: CallawayJP/sync_logs/sync_v5_result_20251025_222216.json
[2025-10-25 22:22:16] 📝 详细日志: CallawayJP/sync_logs/sync_v5_performance_20251025_222120.log
[2025-10-25 22:22:16] 
🎯 V5分类同步模式 (mens_tops_large)完成!
[2025-10-25 22:22:16]   - 总处理数: 0
[2025-10-25 22:22:16]   - 总耗时: 56.02秒
[2025-10-25 22:22:16]   - 批量操作: 0次
[2025-10-25 22:22:16]   - 限流处理: 0次
