[2025-10-25 22:14:30] 📦 加载分类数据: mens_accessories
[2025-10-25 22:14:30] ✓ 从 mens_accessories 分类加载了 24 个商品
[2025-10-25 22:14:30] 🎯 开始分类同步模式 (mens_accessories)，共 24 个商品
[2025-10-25 22:14:30] 
================================================================================
[2025-10-25 22:14:30] 🚀 开始批量优化同步 24 个商品
[2025-10-25 22:14:30] ================================================================================
[2025-10-25 22:14:30] 📋 第一阶段：搜索现有记录状态
[2025-10-25 22:14:30] [1/24] 检查商品: C25293108
[2025-10-25 22:14:30] 🔍 搜索商品ID: C25293108
[2025-10-25 22:14:31] ✓ 获取并缓存飞书token成功 (0.126s)
[2025-10-25 22:14:31]   ✅ 搜索成功，找到 0 条记录 (0.640s)
[2025-10-25 22:14:31] [2/24] 检查商品: C25291116
[2025-10-25 22:14:31] 🔍 搜索商品ID: C25291116
[2025-10-25 22:14:32]   ✅ 搜索成功，找到 0 条记录 (0.363s)
[2025-10-25 22:14:32] [3/24] 检查商品: C25291112
[2025-10-25 22:14:32] 🔍 搜索商品ID: C25291112
[2025-10-25 22:14:32]   ✅ 搜索成功，找到 0 条记录 (0.559s)
[2025-10-25 22:14:33] [4/24] 检查商品: C25291106
[2025-10-25 22:14:33] 🔍 搜索商品ID: C25291106
[2025-10-25 22:14:33]   ✅ 搜索成功，找到 0 条记录 (0.427s)
[2025-10-25 22:14:33] [5/24] 检查商品: C25291101
[2025-10-25 22:14:33] 🔍 搜索商品ID: C25291101
[2025-10-25 22:14:34]   ✅ 搜索成功，找到 0 条记录 (0.521s)
[2025-10-25 22:14:34] [6/24] 检查商品: C25291104
[2025-10-25 22:14:34] 🔍 搜索商品ID: C25291104
[2025-10-25 22:14:35]   ✅ 搜索成功，找到 0 条记录 (0.607s)
[2025-10-25 22:14:35] [7/24] 检查商品: C25291105
[2025-10-25 22:14:35] 🔍 搜索商品ID: C25291105
[2025-10-25 22:14:35]   ✅ 搜索成功，找到 0 条记录 (0.520s)
[2025-10-25 22:14:36] [8/24] 检查商品: C25291111
[2025-10-25 22:14:36] 🔍 搜索商品ID: C25291111
[2025-10-25 22:14:36]   ✅ 搜索成功，找到 0 条记录 (0.373s)
[2025-10-25 22:14:36] [9/24] 检查商品: C25291107
[2025-10-25 22:14:36] 🔍 搜索商品ID: C25291107
[2025-10-25 22:14:36]   ✅ 搜索成功，找到 0 条记录 (0.369s)
[2025-10-25 22:14:37] [10/24] 检查商品: C25291100
[2025-10-25 22:14:37] 🔍 搜索商品ID: C25291100
[2025-10-25 22:14:37]   ✅ 搜索成功，找到 0 条记录 (0.383s)
[2025-10-25 22:14:37] [11/24] 检查商品: C25291102
[2025-10-25 22:14:37] 🔍 搜索商品ID: C25291102
[2025-10-25 22:14:38]   ✅ 搜索成功，找到 0 条记录 (0.492s)
[2025-10-25 22:14:38] [12/24] 检查商品: C25291114
[2025-10-25 22:14:38] 🔍 搜索商品ID: C25291114
[2025-10-25 22:14:38]   ✅ 搜索成功，找到 0 条记录 (0.378s)
[2025-10-25 22:14:39] [13/24] 检查商品: C25291117
[2025-10-25 22:14:39] 🔍 搜索商品ID: C25291117
[2025-10-25 22:14:39]   ✅ 搜索成功，找到 0 条记录 (0.395s)
[2025-10-25 22:14:39] [14/24] 检查商品: C25291122
[2025-10-25 22:14:39] 🔍 搜索商品ID: C25291122
[2025-10-25 22:14:40]   ✅ 搜索成功，找到 0 条记录 (0.461s)
[2025-10-25 22:14:40] [15/24] 检查商品: C25291103
[2025-10-25 22:14:40] 🔍 搜索商品ID: C25291103
[2025-10-25 22:14:40]   ✅ 搜索成功，找到 0 条记录 (0.420s)
[2025-10-25 22:14:40] [16/24] 检查商品: C25292104
[2025-10-25 22:14:40] 🔍 搜索商品ID: C25292104
[2025-10-25 22:14:41]   ✅ 搜索成功，找到 0 条记录 (0.392s)
[2025-10-25 22:14:41] [17/24] 检查商品: C25992100
[2025-10-25 22:14:41] 🔍 搜索商品ID: C25992100
[2025-10-25 22:14:42]   ✅ 搜索成功，找到 0 条记录 (0.488s)
[2025-10-25 22:14:42] [18/24] 检查商品: R25192100
[2025-10-25 22:14:42] 🔍 搜索商品ID: R25192100
[2025-10-25 22:14:42]   ✅ 搜索成功，找到 0 条记录 (0.402s)
[2025-10-25 22:14:42] [19/24] 检查商品: C25992101
[2025-10-25 22:14:42] 🔍 搜索商品ID: C25992101
[2025-10-25 22:14:43]   ✅ 搜索成功，找到 0 条记录 (0.379s)
[2025-10-25 22:14:43] [20/24] 检查商品: C25292103
[2025-10-25 22:14:43] 🔍 搜索商品ID: C25292103
[2025-10-25 22:14:43]   ✅ 搜索成功，找到 0 条记录 (0.352s)
[2025-10-25 22:14:44] [21/24] 检查商品: C25292102
[2025-10-25 22:14:44] 🔍 搜索商品ID: C25292102
[2025-10-25 22:14:44]   ✅ 搜索成功，找到 0 条记录 (0.496s)
[2025-10-25 22:14:44] [22/24] 检查商品: C25292100
[2025-10-25 22:14:44] 🔍 搜索商品ID: C25292100
[2025-10-25 22:14:45]   ✅ 搜索成功，找到 0 条记录 (0.505s)
[2025-10-25 22:14:45] [23/24] 检查商品: C25293102
[2025-10-25 22:14:45] 🔍 搜索商品ID: C25293102
[2025-10-25 22:14:45]   ✅ 搜索成功，找到 0 条记录 (0.403s)
[2025-10-25 22:14:46] [24/24] 检查商品: C25293106
[2025-10-25 22:14:46] 🔍 搜索商品ID: C25293106
[2025-10-25 22:14:46]   ✅ 搜索成功，找到 0 条记录 (0.353s)
[2025-10-25 22:14:46] 📊 搜索阶段完成:
[2025-10-25 22:14:46]   - 需要创建: 24 条
[2025-10-25 22:14:46]   - 需要更新: 0 条
[2025-10-25 22:14:46]   - 需要删除重复: 0 条
[2025-10-25 22:14:46] 
🔄 第二阶段：批量执行操作
[2025-10-25 22:14:46] ➕ 批量创建 24 条记录
[2025-10-25 22:14:47]   ✅ 批量创建成功 24 条记录 (1.397s)
[2025-10-25 22:14:47] ✅ 批量创建完成: 批量创建成功24条
[2025-10-25 22:14:47] 
================================================================================
[2025-10-25 22:14:47] 🎯 批量同步完成 - 总耗时: 16.87秒
[2025-10-25 22:14:47] 📊 最终统计:
[2025-10-25 22:14:47]   - 总处理数: 24
[2025-10-25 22:14:47]   - 更新记录: 0
[2025-10-25 22:14:47]   - 创建记录: 24
[2025-10-25 22:14:47]   - 删除重复: 0
[2025-10-25 22:14:47]   - 失败操作: 0
[2025-10-25 22:14:47]   - 搜索操作: 24
[2025-10-25 22:14:47]   - 批量操作: 1
[2025-10-25 22:14:47] ================================================================================
[2025-10-25 22:14:47] 📊 性能报告已保存: CallawayJP/sync_logs/performance_report_v4_20251025_221447.txt
[2025-10-25 22:14:47] 📄 详细结果已保存: CallawayJP/sync_logs/sync_v4_result_20251025_221447.json
[2025-10-25 22:14:47] 📝 详细日志: CallawayJP/sync_logs/sync_v4_performance_20251025_221430.log
[2025-10-25 22:14:47] 
🎯 V4分类同步模式 (mens_accessories)完成!
[2025-10-25 22:14:47]   - 总处理数: 24
[2025-10-25 22:14:47]   - 总耗时: 16.87秒
[2025-10-25 22:14:47]   - 批量操作: 1次
[2025-10-25 22:14:47]   - 限流处理: 0次
