[2025-10-25 12:19:22] ✓ 加载新增商品数据: 130 个待同步商品
[2025-10-25 12:19:22] 开始同步 130 个新增商品到飞书「淘宝商品库」
[2025-10-25 12:19:22] ============================================================
[2025-10-25 12:19:22] [1/130] 同步商品: C25298104
[2025-10-25 12:19:24] ✓ 商品 C25298104 同步成功
[2025-10-25 12:19:25] [2/130] 同步商品: C25226108
[2025-10-25 12:19:26] ✓ 商品 C25226108 同步成功
[2025-10-25 12:19:27] [3/130] 同步商品: C25217103
[2025-10-25 12:19:29] ✓ 商品 C25217103 同步成功
[2025-10-25 12:19:30] [4/130] 同步商品: C25291120
[2025-10-25 12:19:32] ✓ 商品 C25291120 同步成功
[2025-10-25 12:19:33] [5/130] 同步商品: C25291108
[2025-10-25 12:19:34] ✓ 商品 C25291108 同步成功
[2025-10-25 12:19:35] [6/130] 同步商品: C25292104
[2025-10-25 12:19:37] ✓ 商品 C25292104 同步成功
[2025-10-25 12:19:38] [7/130] 同步商品: C25986120
[2025-10-25 12:19:40] ✓ 商品 C25986120 同步成功
[2025-10-25 12:19:41] [8/130] 同步商品: C25233100
[2025-10-25 12:19:42] ✓ 商品 C25233100 同步成功
[2025-10-25 12:19:43] [9/130] 同步商品: C25233103
[2025-10-25 12:19:45] ✓ 商品 C25233103 同步成功
[2025-10-25 12:19:46] [10/130] 同步商品: C24932100
[2025-10-25 12:19:48] ✓ 商品 C24932100 同步成功
[2025-10-25 12:19:49] [11/130] 同步商品: C25226110
[2025-10-25 12:19:50] ✓ 商品 C25226110 同步成功
[2025-10-25 12:19:51] [12/130] 同步商品: C25298103
[2025-10-25 12:19:53] ✓ 商品 C25298103 同步成功
[2025-10-25 12:19:54] [13/130] 同步商品: C25990109
[2025-10-25 12:19:56] ✓ 商品 C25990109 同步成功
[2025-10-25 12:19:57] [14/130] 同步商品: C25218107
[2025-10-25 12:19:58] ✓ 商品 C25218107 同步成功
[2025-10-25 12:19:59] [15/130] 同步商品: C25291152
[2025-10-25 12:20:01] ✓ 商品 C25291152 同步成功
[2025-10-25 12:20:02] [16/130] 同步商品: C25217101
[2025-10-25 12:20:07] ✗ 获取飞书token失败: ('Connection aborted.', ConnectionResetError(54, 'Connection reset by peer'))
[2025-10-25 12:20:07] ✗ 商品 C25217101 同步失败: ('Connection aborted.', ConnectionResetError(54, 'Connection reset by peer'))
[2025-10-25 12:20:08] [17/130] 同步商品: C25219101
[2025-10-25 12:20:10] ✓ 商品 C25219101 同步成功
[2025-10-25 12:20:11] [18/130] 同步商品: C25134183
[2025-10-25 12:20:12] ✓ 商品 C25134183 同步成功
[2025-10-25 12:20:13] [19/130] 同步商品: C25216100
[2025-10-25 12:20:15] ✓ 商品 C25216100 同步成功
[2025-10-25 12:20:16] [20/130] 同步商品: C25226180
[2025-10-25 12:20:18] ✓ 商品 C25226180 同步成功
[2025-10-25 12:20:19] [21/130] 同步商品: C25233110
[2025-10-25 12:20:20] ✓ 商品 C25233110 同步成功
[2025-10-25 12:20:21] [22/130] 同步商品: C25291114
[2025-10-25 12:20:23] ✓ 商品 C25291114 同步成功
[2025-10-25 12:20:24] [23/130] 同步商品: C25291104
[2025-10-25 12:20:25] ✓ 商品 C25291104 同步成功
[2025-10-25 12:20:26] [24/130] 同步商品: C25233113
[2025-10-25 12:20:28] ✓ 商品 C25233113 同步成功
[2025-10-25 12:20:29] [25/130] 同步商品: C25291109
[2025-10-25 12:20:31] ✓ 商品 C25291109 同步成功
[2025-10-25 12:20:32] [26/130] 同步商品: C24986120
[2025-10-25 12:20:34] ✓ 商品 C24986120 同步成功
[2025-10-25 12:20:35] [27/130] 同步商品: C25218103
[2025-10-25 12:20:36] ✓ 商品 C25218103 同步成功
[2025-10-25 12:20:37] [28/130] 同步商品: C25226103
[2025-10-25 12:20:39] ✓ 商品 C25226103 同步成功
[2025-10-25 12:20:40] [29/130] 同步商品: C25298100
[2025-10-25 12:20:42] ✓ 商品 C25298100 同步成功
[2025-10-25 12:20:43] [30/130] 同步商品: C25233107
[2025-10-25 12:20:44] ✓ 商品 C25233107 同步成功
[2025-10-25 12:20:45] [31/130] 同步商品: C25993100
[2025-10-25 12:20:47] ✓ 商品 C25993100 同步成功
[2025-10-25 12:20:48] [32/130] 同步商品: C25293101
[2025-10-25 12:20:50] ✓ 商品 C25293101 同步成功
[2025-10-25 12:20:51] [33/130] 同步商品: C25134182
[2025-10-25 12:20:52] ✓ 商品 C25134182 同步成功
[2025-10-25 12:20:53] [34/130] 同步商品: C25993101
[2025-10-25 12:20:55] ✓ 商品 C25993101 同步成功
[2025-10-25 12:20:56] [35/130] 同步商品: C25291106
[2025-10-25 12:20:58] ✓ 商品 C25291106 同步成功
[2025-10-25 12:20:59] [36/130] 同步商品: C25298102
[2025-10-25 12:21:00] ✓ 商品 C25298102 同步成功
[2025-10-25 12:21:01] [37/130] 同步商品: C25234109
[2025-10-25 12:21:03] ✓ 商品 C25234109 同步成功
[2025-10-25 12:21:04] [38/130] 同步商品: C25226117
[2025-10-25 12:21:05] ✓ 商品 C25226117 同步成功
[2025-10-25 12:21:06] [39/130] 同步商品: C25293108
[2025-10-25 12:21:08] ✓ 商品 C25293108 同步成功
[2025-10-25 12:21:09] [40/130] 同步商品: C25291110
[2025-10-25 12:21:11] ✓ 商品 C25291110 同步成功
[2025-10-25 12:21:12] [41/130] 同步商品: C24932101
[2025-10-25 12:21:13] ✓ 商品 C24932101 同步成功
[2025-10-25 12:21:14] [42/130] 同步商品: C25293104
[2025-10-25 12:21:16] ✓ 商品 C25293104 同步成功
[2025-10-25 12:21:17] [43/130] 同步商品: C25993102
[2025-10-25 12:21:19] ✓ 商品 C25993102 同步成功
[2025-10-25 12:21:20] [44/130] 同步商品: C25233108
[2025-10-25 12:21:21] ✓ 商品 C25233108 同步成功
[2025-10-25 12:21:22] [45/130] 同步商品: C25233106
[2025-10-25 12:21:24] ✓ 商品 C25233106 同步成功
[2025-10-25 12:21:25] [46/130] 同步商品: C25291100
[2025-10-25 12:21:27] ✓ 商品 C25291100 同步成功
[2025-10-25 12:21:28] [47/130] 同步商品: C25291102
[2025-10-25 12:21:29] ✓ 商品 C25291102 同步成功
[2025-10-25 12:21:30] [48/130] 同步商品: C25218105
[2025-10-25 12:21:32] ✓ 商品 C25218105 同步成功
[2025-10-25 12:21:33] [49/130] 同步商品: C25218106
[2025-10-25 12:21:34] ✓ 商品 C25218106 同步成功
[2025-10-25 12:21:35] [50/130] 同步商品: C25233115
[2025-10-25 12:21:37] ✓ 商品 C25233115 同步成功
[2025-10-25 12:21:38] [51/130] 同步商品: C25291153
[2025-10-25 12:21:40] ✓ 商品 C25291153 同步成功
[2025-10-25 12:21:41] [52/130] 同步商品: C25298101
[2025-10-25 12:21:43] ✓ 商品 C25298101 同步成功
[2025-10-25 12:21:44] [53/130] 同步商品: C25226106
[2025-10-25 12:21:46] ✓ 商品 C25226106 同步成功
[2025-10-25 12:21:47] [54/130] 同步商品: C25191181
[2025-10-25 12:21:49] ✓ 商品 C25191181 同步成功
[2025-10-25 12:21:50] [55/130] 同步商品: C25233104
[2025-10-25 12:21:51] ✓ 商品 C25233104 同步成功
[2025-10-25 12:21:52] [56/130] 同步商品: C25291107
[2025-10-25 12:21:54] ✓ 商品 C25291107 同步成功
[2025-10-25 12:21:55] [57/130] 同步商品: C25134181
[2025-10-25 12:21:57] ✓ 商品 C25134181 同步成功
[2025-10-25 12:21:58] [58/130] 同步商品: C25194180
[2025-10-25 12:21:59] ✓ 商品 C25194180 同步成功
[2025-10-25 12:22:00] [59/130] 同步商品: C25215102
[2025-10-25 12:22:02] ✓ 商品 C25215102 同步成功
[2025-10-25 12:22:03] [60/130] 同步商品: C25293106
[2025-10-25 12:22:05] ✓ 商品 C25293106 同步成功
[2025-10-25 12:22:06] [61/130] 同步商品: C25291122
[2025-10-25 12:22:08] ✓ 商品 C25291122 同步成功
[2025-10-25 12:22:10] [62/130] 同步商品: C25293109
[2025-10-25 12:22:11] ✓ 商品 C25293109 同步成功
[2025-10-25 12:22:12] [63/130] 同步商品: C25217102
[2025-10-25 12:22:15] ✓ 商品 C25217102 同步成功
[2025-10-25 12:22:16] [64/130] 同步商品: C25292103
[2025-10-25 12:22:17] ✓ 商品 C25292103 同步成功
[2025-10-25 12:22:18] [65/130] 同步商品: C25219100
[2025-10-25 12:22:20] ✓ 商品 C25219100 同步成功
[2025-10-25 12:22:21] [66/130] 同步商品: C23988100
[2025-10-25 12:22:23] ✓ 商品 C23988100 同步成功
[2025-10-25 12:22:24] [67/130] 同步商品: C25233101
[2025-10-25 12:22:25] ✓ 商品 C25233101 同步成功
[2025-10-25 12:22:26] [68/130] 同步商品: C25291112
[2025-10-25 12:22:28] ✓ 商品 C25291112 同步成功
[2025-10-25 12:22:29] [69/130] 同步商品: C25234153
[2025-10-25 12:22:31] ✓ 商品 C25234153 同步成功
[2025-10-25 12:22:32] [70/130] 同步商品: C25234107
[2025-10-25 12:22:33] ✓ 商品 C25234107 同步成功
[2025-10-25 12:22:34] [71/130] 同步商品: C25990110
[2025-10-25 12:22:36] ✓ 商品 C25990110 同步成功
[2025-10-25 12:22:37] [72/130] 同步商品: C25226104
[2025-10-25 12:22:39] ✓ 商品 C25226104 同步成功
[2025-10-25 12:22:40] [73/130] 同步商品: C23988101
[2025-10-25 12:22:41] ✓ 商品 C23988101 同步成功
[2025-10-25 12:22:42] [74/130] 同步商品: C25233109
[2025-10-25 12:22:44] ✓ 商品 C25233109 同步成功
[2025-10-25 12:22:45] [75/130] 同步商品: C25226114
[2025-10-25 12:22:46] ✓ 商品 C25226114 同步成功
[2025-10-25 12:22:47] [76/130] 同步商品: C25291121
[2025-10-25 12:22:49] ✓ 商品 C25291121 同步成功
[2025-10-25 12:22:50] [77/130] 同步商品: C25233112
[2025-10-25 12:22:54] ✓ 商品 C25233112 同步成功
[2025-10-25 12:22:55] [78/130] 同步商品: C25293102
[2025-10-25 12:22:56] ✓ 商品 C25293102 同步成功
[2025-10-25 12:22:57] [79/130] 同步商品: C25992100
[2025-10-25 12:22:59] ✓ 商品 C25992100 同步成功
[2025-10-25 12:23:00] [80/130] 同步商品: C25292102
[2025-10-25 12:23:02] ✓ 商品 C25292102 同步成功
[2025-10-25 12:23:03] [81/130] 同步商品: C25291105
[2025-10-25 12:23:04] ✓ 商品 C25291105 同步成功
[2025-10-25 12:23:05] [82/130] 同步商品: C25233105
[2025-10-25 12:23:07] ✓ 商品 C25233105 同步成功
[2025-10-25 12:23:08] [83/130] 同步商品: C25293103
[2025-10-25 12:23:10] ✓ 商品 C25293103 同步成功
[2025-10-25 12:23:11] [84/130] 同步商品: C25233102
[2025-10-25 12:23:12] ✓ 商品 C25233102 同步成功
[2025-10-25 12:23:13] [85/130] 同步商品: C25234108
[2025-10-25 12:23:15] ✓ 商品 C25234108 同步成功
[2025-10-25 12:23:16] [86/130] 同步商品: C25990100
[2025-10-25 12:23:18] ✓ 商品 C25990100 同步成功
[2025-10-25 12:23:19] [87/130] 同步商品: C25990108
[2025-10-25 12:23:21] ✓ 商品 C25990108 同步成功
[2025-10-25 12:23:22] [88/130] 同步商品: C25226100
[2025-10-25 12:23:23] ✓ 商品 C25226100 同步成功
[2025-10-25 12:23:24] [89/130] 同步商品: C25226107
[2025-10-25 12:23:26] ✓ 商品 C25226107 同步成功
[2025-10-25 12:23:27] [90/130] 同步商品: C24993100
[2025-10-25 12:23:28] ✓ 商品 C24993100 同步成功
[2025-10-25 12:23:29] [91/130] 同步商品: C25134180
[2025-10-25 12:23:31] ✓ 商品 C25134180 同步成功
[2025-10-25 12:23:32] [92/130] 同步商品: C25291113
[2025-10-25 12:23:33] ✓ 商品 C25291113 同步成功
[2025-10-25 12:23:34] [93/130] 同步商品: C25226115
[2025-10-25 12:23:36] ✓ 商品 C25226115 同步成功
[2025-10-25 12:23:37] [94/130] 同步商品: C25215101
[2025-10-25 12:23:39] ✓ 商品 C25215101 同步成功
[2025-10-25 12:23:40] [95/130] 同步商品: C25291117
[2025-10-25 12:23:42] ✓ 商品 C25291117 同步成功
[2025-10-25 12:23:43] [96/130] 同步商品: C25234155
[2025-10-25 12:23:44] ✓ 商品 C25234155 同步成功
[2025-10-25 12:23:45] [97/130] 同步商品: C25234106
[2025-10-25 12:23:47] ✓ 商品 C25234106 同步成功
[2025-10-25 12:23:48] [98/130] 同步商品: C25216101
[2025-10-25 12:23:49] ✓ 商品 C25216101 同步成功
[2025-10-25 12:23:50] [99/130] 同步商品: C25291101
[2025-10-25 12:23:52] ✓ 商品 C25291101 同步成功
[2025-10-25 12:23:53] [100/130] 同步商品: C23989100
[2025-10-25 12:23:55] ✓ 商品 C23989100 同步成功
[2025-10-25 12:23:56] [101/130] 同步商品: C25226113
[2025-10-25 12:23:58] ✓ 商品 C25226113 同步成功
[2025-10-25 12:23:59] [102/130] 同步商品: C25291103
[2025-10-25 12:24:00] ✓ 商品 C25291103 同步成功
[2025-10-25 12:24:01] [103/130] 同步商品: C25291116
[2025-10-25 12:24:03] ✓ 商品 C25291116 同步成功
[2025-10-25 12:24:04] [104/130] 同步商品: C25226109
[2025-10-25 12:24:05] ✓ 商品 C25226109 同步成功
[2025-10-25 12:24:06] [105/130] 同步商品: C25226102
[2025-10-25 12:24:08] ✓ 商品 C25226102 同步成功
[2025-10-25 12:24:09] [106/130] 同步商品: C25291123
[2025-10-25 12:24:11] ✓ 商品 C25291123 同步成功
[2025-10-25 12:24:12] [107/130] 同步商品: C25218102
[2025-10-25 12:24:13] ✓ 商品 C25218102 同步成功
[2025-10-25 12:24:14] [108/130] 同步商品: C25990101
[2025-10-25 12:24:16] ✓ 商品 C25990101 同步成功
[2025-10-25 12:24:17] [109/130] 同步商品: C25226101
[2025-10-25 12:24:20] ✓ 商品 C25226101 同步成功
[2025-10-25 12:24:21] [110/130] 同步商品: C25234154
[2025-10-25 12:24:22] ✓ 商品 C25234154 同步成功
[2025-10-25 12:24:23] [111/130] 同步商品: C25226116
[2025-10-25 12:24:25] ✓ 商品 C25226116 同步成功
[2025-10-25 12:24:26] [112/130] 同步商品: C25992101
[2025-10-25 12:24:27] ✓ 商品 C25992101 同步成功
[2025-10-25 12:24:28] [113/130] 同步商品: C25218100
[2025-10-25 12:24:30] ✓ 商品 C25218100 同步成功
[2025-10-25 12:24:31] [114/130] 同步商品: C25293105
[2025-10-25 12:24:33] ✓ 商品 C25293105 同步成功
[2025-10-25 12:24:34] [115/130] 同步商品: C25226111
[2025-10-25 12:24:35] ✓ 商品 C25226111 同步成功
[2025-10-25 12:24:36] [116/130] 同步商品: C25293100
[2025-10-25 12:24:38] ✓ 商品 C25293100 同步成功
[2025-10-25 12:24:39] [117/130] 同步商品: C25293107
[2025-10-25 12:24:41] ✓ 商品 C25293107 同步成功
[2025-10-25 12:24:42] [118/130] 同步商品: C25233114
[2025-10-25 12:24:44] ✓ 商品 C25233114 同步成功
[2025-10-25 12:24:45] [119/130] 同步商品: C25218104
[2025-10-25 12:24:47] ✓ 商品 C25218104 同步成功
[2025-10-25 12:24:48] [120/130] 同步商品: C25292100
[2025-10-25 12:24:51] ✓ 商品 C25292100 同步成功
[2025-10-25 12:24:52] [121/130] 同步商品: C25234150
[2025-10-25 12:24:55] ✓ 商品 C25234150 同步成功
[2025-10-25 12:24:56] [122/130] 同步商品: C23989101
[2025-10-25 12:24:57] ✓ 商品 C23989101 同步成功
[2025-10-25 12:24:58] [123/130] 同步商品: C25291111
[2025-10-25 12:25:00] ✓ 商品 C25291111 同步成功
[2025-10-25 12:25:01] [124/130] 同步商品: C25226105
[2025-10-25 12:25:03] ✓ 商品 C25226105 同步成功
[2025-10-25 12:25:04] [125/130] 同步商品: C25217100
[2025-10-25 12:25:05] ✓ 商品 C25217100 同步成功
[2025-10-25 12:25:06] [126/130] 同步商品: C24996110
[2025-10-25 12:25:08] ✓ 商品 C24996110 同步成功
[2025-10-25 12:25:09] [127/130] 同步商品: C25226112
[2025-10-25 12:25:11] ✓ 商品 C25226112 同步成功
[2025-10-25 12:25:12] [128/130] 同步商品: C24993101
[2025-10-25 12:25:13] ✓ 商品 C24993101 同步成功
[2025-10-25 12:25:14] [129/130] 同步商品: C25191180
[2025-10-25 12:25:17] ✓ 商品 C25191180 同步成功
[2025-10-25 12:25:18] [130/130] 同步商品: C25233111
[2025-10-25 12:25:20] ✓ 商品 C25233111 同步成功
[2025-10-25 12:25:20] ============================================================
[2025-10-25 12:25:20] 同步完成！成功: 129, 失败: 1
[2025-10-25 12:25:20] 同步结果已保存: CallawayJP/sync_logs/sync_result_new_only_20251025_122520.json
