[2025-10-25 22:14:51] 📦 加载分类数据: mens_rainwear
[2025-10-25 22:14:51] ✓ 从 mens_rainwear 分类加载了 4 个商品
[2025-10-25 22:14:51] 🎯 开始分类同步模式 (mens_rainwear)，共 4 个商品
[2025-10-25 22:14:51] 
================================================================================
[2025-10-25 22:14:51] 🚀 开始批量优化同步 4 个商品
[2025-10-25 22:14:51] ================================================================================
[2025-10-25 22:14:51] 📋 第一阶段：搜索现有记录状态
[2025-10-25 22:14:51] [1/4] 检查商品: C23988101
[2025-10-25 22:14:51] 🔍 搜索商品ID: C23988101
[2025-10-25 22:14:52] ✓ 获取并缓存飞书token成功 (0.152s)
[2025-10-25 22:14:52]   ✅ 搜索成功，找到 0 条记录 (0.675s)
[2025-10-25 22:14:52] [2/4] 检查商品: C23989101
[2025-10-25 22:14:52] 🔍 搜索商品ID: C23989101
[2025-10-25 22:14:53]   ✅ 搜索成功，找到 0 条记录 (0.431s)
[2025-10-25 22:14:53] [3/4] 检查商品: C23988100
[2025-10-25 22:14:53] 🔍 搜索商品ID: C23988100
[2025-10-25 22:14:53]   ✅ 搜索成功，找到 0 条记录 (0.434s)
[2025-10-25 22:14:54] [4/4] 检查商品: C23989100
[2025-10-25 22:14:54] 🔍 搜索商品ID: C23989100
[2025-10-25 22:14:54]   ✅ 搜索成功，找到 0 条记录 (0.460s)
[2025-10-25 22:14:54] 📊 搜索阶段完成:
[2025-10-25 22:14:54]   - 需要创建: 4 条
[2025-10-25 22:14:54]   - 需要更新: 0 条
[2025-10-25 22:14:54]   - 需要删除重复: 0 条
[2025-10-25 22:14:54] 
🔄 第二阶段：批量执行操作
[2025-10-25 22:14:54] ➕ 批量创建 4 条记录
[2025-10-25 22:14:56]   ✅ 批量创建成功 4 条记录 (1.586s)
[2025-10-25 22:14:56] ✅ 批量创建完成: 批量创建成功4条
[2025-10-25 22:14:56] 
================================================================================
[2025-10-25 22:14:56] 🎯 批量同步完成 - 总耗时: 4.22秒
[2025-10-25 22:14:56] 📊 最终统计:
[2025-10-25 22:14:56]   - 总处理数: 4
[2025-10-25 22:14:56]   - 更新记录: 0
[2025-10-25 22:14:56]   - 创建记录: 4
[2025-10-25 22:14:56]   - 删除重复: 0
[2025-10-25 22:14:56]   - 失败操作: 0
[2025-10-25 22:14:56]   - 搜索操作: 4
[2025-10-25 22:14:56]   - 批量操作: 1
[2025-10-25 22:14:56] ================================================================================
[2025-10-25 22:14:56] 📊 性能报告已保存: CallawayJP/sync_logs/performance_report_v4_20251025_221456.txt
[2025-10-25 22:14:56] 📄 详细结果已保存: CallawayJP/sync_logs/sync_v4_result_20251025_221456.json
[2025-10-25 22:14:56] 📝 详细日志: CallawayJP/sync_logs/sync_v4_performance_20251025_221451.log
[2025-10-25 22:14:56] 
🎯 V4分类同步模式 (mens_rainwear)完成!
[2025-10-25 22:14:56]   - 总处理数: 4
[2025-10-25 22:14:56]   - 总耗时: 4.22秒
[2025-10-25 22:14:56]   - 批量操作: 1次
[2025-10-25 22:14:56]   - 限流处理: 0次
