[2025-10-25 19:29:08] 📦 准备加载 25 个测试商品
[2025-10-25 19:29:08] ✓ 加载了 25 个商品 (包含 3 个测试商品)
[2025-10-25 19:29:08] 🎯 开始性能测试，共 25 个商品
[2025-10-25 19:29:08] 
================================================================================
[2025-10-25 19:29:08] 🚀 开始批量优化同步 25 个商品
[2025-10-25 19:29:08] ================================================================================
[2025-10-25 19:29:08] 📋 第一阶段：搜索现有记录状态
[2025-10-25 19:29:08] [1/25] 检查商品: C25215107
[2025-10-25 19:29:08] 🔍 搜索商品ID: C25215107
[2025-10-25 19:29:08] ✓ 获取并缓存飞书token成功 (0.134s)
[2025-10-25 19:29:09]   ✅ 搜索成功，找到 1 条记录 (0.742s)
[2025-10-25 19:29:09]     - Record ID: recv0BkB4taVCc
[2025-10-25 19:29:09]       商品链接: https://www.callawaygolf.jp/test_v4_updated_link_1...
[2025-10-25 19:29:09] [2/25] 检查商品: C25215106
[2025-10-25 19:29:09] 🔍 搜索商品ID: C25215106
[2025-10-25 19:29:09]   ✅ 搜索成功，找到 1 条记录 (0.463s)
[2025-10-25 19:29:09]     - Record ID: recv0BkBLSFoP3
[2025-10-25 19:29:09]       商品链接: https://www.callawaygolf.jp/test_v4_updated_link_2...
[2025-10-25 19:29:10] [3/25] 检查商品: C25215100
[2025-10-25 19:29:10] 🔍 搜索商品ID: C25215100
[2025-10-25 19:29:10]   ✅ 搜索成功，找到 1 条记录 (0.423s)
[2025-10-25 19:29:10]     - Record ID: recv0BkCG1I34z
[2025-10-25 19:29:10]       商品链接: https://www.callawaygolf.jp/mens/tops/outer/C25215...
[2025-10-25 19:29:10] [4/25] 检查商品: C25216103
[2025-10-25 19:29:10] 🔍 搜索商品ID: C25216103
[2025-10-25 19:29:11]   ✅ 搜索成功，找到 1 条记录 (0.592s)
[2025-10-25 19:29:11]     - Record ID: recv0BkDv5Lh0f
[2025-10-25 19:29:11]       商品链接: https://www.callawaygolf.jp/mens/tops/outer/C25216...
[2025-10-25 19:29:11] [5/25] 检查商品: C25215103
[2025-10-25 19:29:11] 🔍 搜索商品ID: C25215103
[2025-10-25 19:29:12]   ✅ 搜索成功，找到 1 条记录 (0.509s)
[2025-10-25 19:29:12]     - Record ID: recv0BkEckboo0
[2025-10-25 19:29:12]       商品链接: https://www.callawaygolf.jp/mens/tops/outer/C25215...
[2025-10-25 19:29:12] [6/25] 检查商品: C25215104
[2025-10-25 19:29:12] 🔍 搜索商品ID: C25215104
[2025-10-25 19:29:12]   ✅ 搜索成功，找到 1 条记录 (0.437s)
[2025-10-25 19:29:12]     - Record ID: recv0BkEVSOHZY
[2025-10-25 19:29:12]       商品链接: https://www.callawaygolf.jp/mens/tops/outer/C25215...
[2025-10-25 19:29:12] [7/25] 检查商品: C25215105
[2025-10-25 19:29:12] 🔍 搜索商品ID: C25215105
[2025-10-25 19:29:13]   ✅ 搜索成功，找到 1 条记录 (0.509s)
[2025-10-25 19:29:13]     - Record ID: recv0BkFG3Uzxt
[2025-10-25 19:29:13]       商品链接: https://www.callawaygolf.jp/mens/tops/outer/C25215...
[2025-10-25 19:29:13] [8/25] 检查商品: C25217104
[2025-10-25 19:29:13] 🔍 搜索商品ID: C25217104
[2025-10-25 19:29:14]   ✅ 搜索成功，找到 1 条记录 (0.474s)
[2025-10-25 19:29:14]     - Record ID: recv0BkGnxb2IQ
[2025-10-25 19:29:14]       商品链接: https://www.callawaygolf.jp/mens/tops/outer/C25217...
[2025-10-25 19:29:14] [9/25] 检查商品: C25216104
[2025-10-25 19:29:14] 🔍 搜索商品ID: C25216104
[2025-10-25 19:29:14]   ✅ 搜索成功，找到 1 条记录 (0.442s)
[2025-10-25 19:29:14]     - Record ID: recv0BkH60N8aI
[2025-10-25 19:29:14]       商品链接: https://www.callawaygolf.jp/mens/tops/outer/C25216...
[2025-10-25 19:29:15] [10/25] 检查商品: C25217107
[2025-10-25 19:29:15] 🔍 搜索商品ID: C25217107
[2025-10-25 19:29:15]   ✅ 搜索成功，找到 1 条记录 (0.475s)
[2025-10-25 19:29:15]     - Record ID: recv0BkHQ34V11
[2025-10-25 19:29:15]       商品链接: https://www.callawaygolf.jp/mens/tops/outer/C25217...
[2025-10-25 19:29:15] [11/25] 检查商品: C25217106
[2025-10-25 19:29:15] 🔍 搜索商品ID: C25217106
[2025-10-25 19:29:16]   ✅ 搜索成功，找到 1 条记录 (0.423s)
[2025-10-25 19:29:16]     - Record ID: recv0BkIASlWZB
[2025-10-25 19:29:16]       商品链接: https://www.callawaygolf.jp/mens/tops/outer/C25217...
[2025-10-25 19:29:16] [12/25] 检查商品: C25216180
[2025-10-25 19:29:16] 🔍 搜索商品ID: C25216180
[2025-10-25 19:29:16]   ✅ 搜索成功，找到 1 条记录 (0.395s)
[2025-10-25 19:29:16]     - Record ID: recv0BkJiQPTrS
[2025-10-25 19:29:16]       商品链接: https://www.callawaygolf.jp/mens/tops/outer/C25216...
[2025-10-25 19:29:16] [13/25] 检查商品: C25233182
[2025-10-25 19:29:16] 🔍 搜索商品ID: C25233182
[2025-10-25 19:29:17]   ✅ 搜索成功，找到 1 条记录 (0.416s)
[2025-10-25 19:29:17]     - Record ID: recv0BkJYSuKJ9
[2025-10-25 19:29:17]       商品链接: https://www.callawaygolf.jp/mens/tops/shirt/C25233...
[2025-10-25 19:29:17] [14/25] 检查商品: C25233183
[2025-10-25 19:29:17] 🔍 搜索商品ID: C25233183
[2025-10-25 19:29:18]   ✅ 搜索成功，找到 1 条记录 (0.507s)
[2025-10-25 19:29:18]     - Record ID: recv0BkKL1SibZ
[2025-10-25 19:29:18]       商品链接: https://www.callawaygolf.jp/mens/tops/shirt/C25233...
[2025-10-25 19:29:18] [15/25] 检查商品: C25226181
[2025-10-25 19:29:18] 🔍 搜索商品ID: C25226181
[2025-10-25 19:29:18]   ✅ 搜索成功，找到 1 条记录 (0.440s)
[2025-10-25 19:29:18]     - Record ID: recv0BkLqcKaO8
[2025-10-25 19:29:18]       商品链接: https://www.callawaygolf.jp/mens/bottoms/pants/C25...
[2025-10-25 19:29:18] [16/25] 检查商品: C25217182
[2025-10-25 19:29:18] 🔍 搜索商品ID: C25217182
[2025-10-25 19:29:19]   ✅ 搜索成功，找到 1 条记录 (0.454s)
[2025-10-25 19:29:19]     - Record ID: recv0BkM827ER8
[2025-10-25 19:29:19]       商品链接: https://www.callawaygolf.jp/mens/tops/outer/C25217...
[2025-10-25 19:29:19] [17/25] 检查商品: C25233180
[2025-10-25 19:29:19] 🔍 搜索商品ID: C25233180
[2025-10-25 19:29:20]   ✅ 搜索成功，找到 1 条记录 (0.509s)
[2025-10-25 19:29:20]     - Record ID: recv0BkMPm3vj5
[2025-10-25 19:29:20]       商品链接: https://www.callawaygolf.jp/mens/tops/shirt/C25233...
[2025-10-25 19:29:20] [18/25] 检查商品: C25215180
[2025-10-25 19:29:20] 🔍 搜索商品ID: C25215180
[2025-10-25 19:29:20]   ✅ 搜索成功，找到 1 条记录 (0.437s)
[2025-10-25 19:29:20]     - Record ID: recv0BkNuCf9Fn
[2025-10-25 19:29:20]       商品链接: https://www.callawaygolf.jp/mens/tops/outer/C25215...
[2025-10-25 19:29:20] [19/25] 检查商品: C25217181
[2025-10-25 19:29:20] 🔍 搜索商品ID: C25217181
[2025-10-25 19:29:21]   ✅ 搜索成功，找到 1 条记录 (0.477s)
[2025-10-25 19:29:21]     - Record ID: recv0BkOcmN9RN
[2025-10-25 19:29:21]       商品链接: https://www.callawaygolf.jp/mens/tops/outer/C25217...
[2025-10-25 19:29:21] [20/25] 检查商品: C25218180
[2025-10-25 19:29:21] 🔍 搜索商品ID: C25218180
[2025-10-25 19:29:22]   ✅ 搜索成功，找到 1 条记录 (0.714s)
[2025-10-25 19:29:22]     - Record ID: recv0BkOSLAPLA
[2025-10-25 19:29:22]       商品链接: https://www.callawaygolf.jp/mens/tops/knit/C252181...
[2025-10-25 19:29:22] [21/25] 检查商品: C25291180
[2025-10-25 19:29:22] 🔍 搜索商品ID: C25291180
[2025-10-25 19:29:22]   ✅ 搜索成功，找到 1 条记录 (0.406s)
[2025-10-25 19:29:22]     - Record ID: recv0BkPAk56zY
[2025-10-25 19:29:22]       商品链接: https://www.callawaygolf.jp/mens/accessories/cap/C...
[2025-10-25 19:29:23] [22/25] 检查商品: C25233181
[2025-10-25 19:29:23] 🔍 搜索商品ID: C25233181
[2025-10-25 19:29:23]   ✅ 搜索成功，找到 1 条记录 (0.404s)
[2025-10-25 19:29:23]     - Record ID: recv0BkQhMYqTD
[2025-10-25 19:29:23]       商品链接: https://www.callawaygolf.jp/mens/tops/shirt/C25233...
[2025-10-25 19:29:23] [23/25] 检查商品: C25215107
[2025-10-25 19:29:23] 🔍 搜索商品ID: C25215107
[2025-10-25 19:29:24]   ✅ 搜索成功，找到 1 条记录 (0.506s)
[2025-10-25 19:29:24]     - Record ID: recv0BkB4taVCc
[2025-10-25 19:29:24]       商品链接: https://www.callawaygolf.jp/test_v4_updated_link_1...
[2025-10-25 19:29:24] [24/25] 检查商品: C25215106
[2025-10-25 19:29:24] 🔍 搜索商品ID: C25215106
[2025-10-25 19:29:25]   ✅ 搜索成功，找到 1 条记录 (0.507s)
[2025-10-25 19:29:25]     - Record ID: recv0BkBLSFoP3
[2025-10-25 19:29:25]       商品链接: https://www.callawaygolf.jp/test_v4_updated_link_2...
[2025-10-25 19:29:25] [25/25] 检查商品: V4TEST192908
[2025-10-25 19:29:25] 🔍 搜索商品ID: V4TEST192908
[2025-10-25 19:29:25]   ✅ 搜索成功，找到 0 条记录 (0.390s)
[2025-10-25 19:29:25] 📊 搜索阶段完成:
[2025-10-25 19:29:25]   - 需要创建: 1 条
[2025-10-25 19:29:25]   - 需要更新: 24 条
[2025-10-25 19:29:25]   - 需要删除重复: 0 条
[2025-10-25 19:29:25] 
🔄 第二阶段：批量执行操作
[2025-10-25 19:29:25] 🔄 批量更新 24 条记录
[2025-10-25 19:29:26]   - HTTP状态码: 200
[2025-10-25 19:29:26]   ✅ 批量更新成功 24 条记录 (0.728s)
[2025-10-25 19:29:26] ➕ 批量创建 1 条记录
[2025-10-25 19:29:27]   ✅ 批量创建成功 1 条记录 (1.534s)
[2025-10-25 19:29:27] ✅ 批量创建完成: 批量创建成功1条
[2025-10-25 19:29:27] 
================================================================================
[2025-10-25 19:29:27] 🎯 批量同步完成 - 总耗时: 19.34秒
[2025-10-25 19:29:27] 📊 最终统计:
[2025-10-25 19:29:27]   - 总处理数: 25
[2025-10-25 19:29:27]   - 更新记录: 24
[2025-10-25 19:29:27]   - 创建记录: 1
[2025-10-25 19:29:27]   - 删除重复: 0
[2025-10-25 19:29:27]   - 失败操作: 0
[2025-10-25 19:29:27]   - 搜索操作: 25
[2025-10-25 19:29:27]   - 批量操作: 2
[2025-10-25 19:29:27] ================================================================================
[2025-10-25 19:29:27] 📊 性能报告已保存: CallawayJP/sync_logs/performance_report_v4_20251025_192927.txt
[2025-10-25 19:29:27] 📄 详细结果已保存: CallawayJP/sync_logs/sync_v4_result_20251025_192927.json
[2025-10-25 19:29:27] 📝 详细日志: CallawayJP/sync_logs/sync_v4_performance_20251025_192908.log
[2025-10-25 19:29:27] 
🎯 V4性能测试完成!
[2025-10-25 19:29:27]   - 总处理数: 25
[2025-10-25 19:29:27]   - 总耗时: 19.34秒
[2025-10-25 19:29:27]   - 批量操作: 2次
[2025-10-25 19:29:27]   - 限流处理: 0次
