[2025-10-25 22:13:48] 📦 加载分类数据: mens_tops_large
[2025-10-25 22:13:48] ✓ 从 mens_tops_large 分类加载了 24 个商品
[2025-10-25 22:13:48] 🎯 开始分类同步模式 (mens_tops_large)，共 24 个商品
[2025-10-25 22:13:48] 
================================================================================
[2025-10-25 22:13:48] 🚀 开始批量优化同步 24 个商品
[2025-10-25 22:13:48] ================================================================================
[2025-10-25 22:13:48] 📋 第一阶段：搜索现有记录状态
[2025-10-25 22:13:48] [1/24] 检查商品: C25215107
[2025-10-25 22:13:48] 🔍 搜索商品ID: C25215107
[2025-10-25 22:13:48] ✓ 获取并缓存飞书token成功 (0.170s)
[2025-10-25 22:13:49]   ✅ 搜索成功，找到 0 条记录 (0.631s)
[2025-10-25 22:13:49] [2/24] 检查商品: C25215100
[2025-10-25 22:13:49] 🔍 搜索商品ID: C25215100
[2025-10-25 22:13:49]   ✅ 搜索成功，找到 0 条记录 (0.451s)
[2025-10-25 22:13:49] [3/24] 检查商品: C25216103
[2025-10-25 22:13:49] 🔍 搜索商品ID: C25216103
[2025-10-25 22:13:50]   ✅ 搜索成功，找到 0 条记录 (0.457s)
[2025-10-25 22:13:50] [4/24] 检查商品: C25233182
[2025-10-25 22:13:50] 🔍 搜索商品ID: C25233182
[2025-10-25 22:13:51]   ✅ 搜索成功，找到 0 条记录 (0.503s)
[2025-10-25 22:13:51] [5/24] 检查商品: C25233183
[2025-10-25 22:13:51] 🔍 搜索商品ID: C25233183
[2025-10-25 22:13:51]   ✅ 搜索成功，找到 0 条记录 (0.508s)
[2025-10-25 22:13:51] [6/24] 检查商品: C25216180
[2025-10-25 22:13:51] 🔍 搜索商品ID: C25216180
[2025-10-25 22:13:52]   ✅ 搜索成功，找到 0 条记录 (0.497s)
[2025-10-25 22:13:52] [7/24] 检查商品: C25217182
[2025-10-25 22:13:52] 🔍 搜索商品ID: C25217182
[2025-10-25 22:13:53]   ✅ 搜索成功，找到 0 条记录 (0.423s)
[2025-10-25 22:13:53] [8/24] 检查商品: C25233180
[2025-10-25 22:13:53] 🔍 搜索商品ID: C25233180
[2025-10-25 22:13:53]   ✅ 搜索成功，找到 0 条记录 (0.407s)
[2025-10-25 22:13:53] [9/24] 检查商品: C25215180
[2025-10-25 22:13:53] 🔍 搜索商品ID: C25215180
[2025-10-25 22:13:54]   ✅ 搜索成功，找到 0 条记录 (0.501s)
[2025-10-25 22:13:54] [10/24] 检查商品: C25217181
[2025-10-25 22:13:54] 🔍 搜索商品ID: C25217181
[2025-10-25 22:13:55]   ✅ 搜索成功，找到 0 条记录 (0.403s)
[2025-10-25 22:13:55] [11/24] 检查商品: C25218180
[2025-10-25 22:13:55] 🔍 搜索商品ID: C25218180
[2025-10-25 22:13:55]   ✅ 搜索成功，找到 0 条记录 (0.517s)
[2025-10-25 22:13:55] [12/24] 检查商品: C25233181
[2025-10-25 22:13:55] 🔍 搜索商品ID: C25233181
[2025-10-25 22:13:56]   ✅ 搜索成功，找到 0 条记录 (0.502s)
[2025-10-25 22:13:56] [13/24] 检查商品: C25217180
[2025-10-25 22:13:56] 🔍 搜索商品ID: C25217180
[2025-10-25 22:13:57]   ✅ 搜索成功，找到 0 条记录 (0.499s)
[2025-10-25 22:13:57] [14/24] 检查商品: C25217104
[2025-10-25 22:13:57] 🔍 搜索商品ID: C25217104
[2025-10-25 22:13:57]   ✅ 搜索成功，找到 0 条记录 (0.515s)
[2025-10-25 22:13:58] [15/24] 检查商品: C25216104
[2025-10-25 22:13:58] 🔍 搜索商品ID: C25216104
[2025-10-25 22:13:58]   ✅ 搜索成功，找到 0 条记录 (0.385s)
[2025-10-25 22:13:58] [16/24] 检查商品: C25215106
[2025-10-25 22:13:58] 🔍 搜索商品ID: C25215106
[2025-10-25 22:13:59]   ✅ 搜索成功，找到 0 条记录 (0.398s)
[2025-10-25 22:13:59] [17/24] 检查商品: C25215103
[2025-10-25 22:13:59] 🔍 搜索商品ID: C25215103
[2025-10-25 22:13:59]   ✅ 搜索成功，找到 0 条记录 (0.438s)
[2025-10-25 22:13:59] [18/24] 检查商品: C25215104
[2025-10-25 22:13:59] 🔍 搜索商品ID: C25215104
[2025-10-25 22:14:00]   ✅ 搜索成功，找到 0 条记录 (0.461s)
[2025-10-25 22:14:00] [19/24] 检查商品: C25217107
[2025-10-25 22:14:00] 🔍 搜索商品ID: C25217107
[2025-10-25 22:14:01]   ✅ 搜索成功，找到 0 条记录 (0.460s)
[2025-10-25 22:14:01] [20/24] 检查商品: C25217103
[2025-10-25 22:14:01] 🔍 搜索商品ID: C25217103
[2025-10-25 22:14:01]   ✅ 搜索成功，找到 0 条记录 (0.604s)
[2025-10-25 22:14:02] [21/24] 检查商品: C25217102
[2025-10-25 22:14:02] 🔍 搜索商品ID: C25217102
[2025-10-25 22:14:02]   ✅ 搜索成功，找到 0 条记录 (0.366s)
[2025-10-25 22:14:02] [22/24] 检查商品: C25215101
[2025-10-25 22:14:02] 🔍 搜索商品ID: C25215101
[2025-10-25 22:14:03]   ✅ 搜索成功，找到 0 条记录 (0.356s)
[2025-10-25 22:14:03] [23/24] 检查商品: C25215102
[2025-10-25 22:14:03] 🔍 搜索商品ID: C25215102
[2025-10-25 22:14:03]   ✅ 搜索成功，找到 0 条记录 (0.500s)
[2025-10-25 22:14:03] [24/24] 检查商品: C25217100
[2025-10-25 22:14:03] 🔍 搜索商品ID: C25217100
[2025-10-25 22:14:04]   ✅ 搜索成功，找到 0 条记录 (0.419s)
[2025-10-25 22:14:04] 📊 搜索阶段完成:
[2025-10-25 22:14:04]   - 需要创建: 24 条
[2025-10-25 22:14:04]   - 需要更新: 0 条
[2025-10-25 22:14:04]   - 需要删除重复: 0 条
[2025-10-25 22:14:04] 
🔄 第二阶段：批量执行操作
[2025-10-25 22:14:04] ➕ 批量创建 24 条记录
[2025-10-25 22:14:05]   ✅ 批量创建成功 24 条记录 (1.521s)
[2025-10-25 22:14:05] ✅ 批量创建完成: 批量创建成功24条
[2025-10-25 22:14:05] 
================================================================================
[2025-10-25 22:14:05] 🎯 批量同步完成 - 总耗时: 17.52秒
[2025-10-25 22:14:05] 📊 最终统计:
[2025-10-25 22:14:05]   - 总处理数: 24
[2025-10-25 22:14:05]   - 更新记录: 0
[2025-10-25 22:14:05]   - 创建记录: 24
[2025-10-25 22:14:05]   - 删除重复: 0
[2025-10-25 22:14:05]   - 失败操作: 0
[2025-10-25 22:14:05]   - 搜索操作: 24
[2025-10-25 22:14:05]   - 批量操作: 1
[2025-10-25 22:14:05] ================================================================================
[2025-10-25 22:14:05] 📊 性能报告已保存: CallawayJP/sync_logs/performance_report_v4_20251025_221405.txt
[2025-10-25 22:14:05] 📄 详细结果已保存: CallawayJP/sync_logs/sync_v4_result_20251025_221405.json
[2025-10-25 22:14:05] 📝 详细日志: CallawayJP/sync_logs/sync_v4_performance_20251025_221348.log
[2025-10-25 22:14:05] 
🎯 V4分类同步模式 (mens_tops_large)完成!
[2025-10-25 22:14:05]   - 总处理数: 24
[2025-10-25 22:14:05]   - 总耗时: 17.52秒
[2025-10-25 22:14:05]   - 批量操作: 1次
[2025-10-25 22:14:05]   - 限流处理: 0次
