[2025-10-25 20:34:12] 📦 加载分类数据: mens_rainwear
[2025-10-25 20:34:12] ✓ 从 mens_rainwear 分类加载了 4 个商品
[2025-10-25 20:34:12] 🎯 开始分类同步模式 (mens_rainwear)，共 4 个商品
[2025-10-25 20:34:12] 
================================================================================
[2025-10-25 20:34:12] 🚀 开始批量优化同步 4 个商品
[2025-10-25 20:34:12] ================================================================================
[2025-10-25 20:34:12] 📋 第一阶段：搜索现有记录状态
[2025-10-25 20:34:12] [1/4] 检查商品: C23988101
[2025-10-25 20:34:12] 🔍 搜索商品ID: C23988101
[2025-10-25 20:34:12] ✓ 获取并缓存飞书token成功 (0.158s)
[2025-10-25 20:34:13]   ✅ 搜索成功，找到 1 条记录 (0.738s)
[2025-10-25 20:34:13]     - Record ID: recv0BOUv4s1dP
[2025-10-25 20:34:13]       商品链接: https://www.callawaygolf.jp/mens/rainwear/rainwear...
[2025-10-25 20:34:13] [2/4] 检查商品: C23989101
[2025-10-25 20:34:13] 🔍 搜索商品ID: C23989101
[2025-10-25 20:34:13]   ✅ 搜索成功，找到 1 条记录 (0.367s)
[2025-10-25 20:34:13]     - Record ID: recv0BPtTJIgVi
[2025-10-25 20:34:13]       商品链接: https://www.callawaygolf.jp/mens/rainwear/rainwear...
[2025-10-25 20:34:13] [3/4] 检查商品: C23988100
[2025-10-25 20:34:13] 🔍 搜索商品ID: C23988100
[2025-10-25 20:34:14]   ✅ 搜索成功，找到 1 条记录 (0.408s)
[2025-10-25 20:34:14]     - Record ID: recv0BOPGcZfQS
[2025-10-25 20:34:14]       商品链接: https://www.callawaygolf.jp/mens/rainwear/rainwear...
[2025-10-25 20:34:14] [4/4] 检查商品: C23989100
[2025-10-25 20:34:14] 🔍 搜索商品ID: C23989100
[2025-10-25 20:34:14]   ✅ 搜索成功，找到 1 条记录 (0.416s)
[2025-10-25 20:34:14]     - Record ID: recv0BPdC0jcPr
[2025-10-25 20:34:14]       商品链接: https://www.callawaygolf.jp/mens/rainwear/rainwear...
[2025-10-25 20:34:14] 📊 搜索阶段完成:
[2025-10-25 20:34:14]   - 需要创建: 0 条
[2025-10-25 20:34:14]   - 需要更新: 4 条
[2025-10-25 20:34:14]   - 需要删除重复: 0 条
[2025-10-25 20:34:14] 
🔄 第二阶段：批量执行操作
[2025-10-25 20:34:14] 🔄 批量更新 4 条记录
[2025-10-25 20:34:16]   - HTTP状态码: 200
[2025-10-25 20:34:16]   ✅ 批量更新成功 4 条记录 (1.087s)
[2025-10-25 20:34:16] 
================================================================================
[2025-10-25 20:34:16] 🎯 批量同步完成 - 总耗时: 3.64秒
[2025-10-25 20:34:16] 📊 最终统计:
[2025-10-25 20:34:16]   - 总处理数: 4
[2025-10-25 20:34:16]   - 更新记录: 4
[2025-10-25 20:34:16]   - 创建记录: 0
[2025-10-25 20:34:16]   - 删除重复: 0
[2025-10-25 20:34:16]   - 失败操作: 0
[2025-10-25 20:34:16]   - 搜索操作: 4
[2025-10-25 20:34:16]   - 批量操作: 1
[2025-10-25 20:34:16] ================================================================================
[2025-10-25 20:34:16] 📊 性能报告已保存: CallawayJP/sync_logs/performance_report_v4_20251025_203416.txt
[2025-10-25 20:34:16] 📄 详细结果已保存: CallawayJP/sync_logs/sync_v4_result_20251025_203416.json
[2025-10-25 20:34:16] 📝 详细日志: CallawayJP/sync_logs/sync_v4_performance_20251025_203412.log
[2025-10-25 20:34:16] 
🎯 V4分类同步模式 (mens_rainwear)完成!
[2025-10-25 20:34:16]   - 总处理数: 4
[2025-10-25 20:34:16]   - 总耗时: 3.64秒
[2025-10-25 20:34:16]   - 批量操作: 1次
[2025-10-25 20:34:16]   - 限流处理: 0次
