2025-10-25 09:41:36,211 - INFO - === 开始Callaway男装抓取流程 ===
2025-10-25 09:41:36,452 - INFO - 开始加载页面: https://www.callawaygolf.jp/apparel/mens
2025-10-25 09:41:39,759 - INFO - 页面DOM加载完成
2025-10-25 09:41:59,767 - INFO - 网络等待超时，继续处理
2025-10-25 09:42:04,771 - INFO - 开始处理懒加载...
2025-10-25 09:42:06,292 - INFO - 当前检测到 2 个商品链接
2025-10-25 09:42:07,803 - INFO - 当前检测到 2 个商品链接
2025-10-25 09:42:09,312 - INFO - 当前检测到 2 个商品链接
2025-10-25 09:42:10,821 - INFO - 当前检测到 2 个商品链接
2025-10-25 09:42:13,826 - INFO - 页面完全加载完成，最终检测到 2 个商品链接
2025-10-25 09:42:13,826 - INFO - 开始提取商品信息...
2025-10-25 09:42:13,837 - INFO - 提取到 2 个商品
2025-10-25 09:42:13,837 - INFO - 开始验证 2 个商品链接...
2025-10-25 09:42:13,837 - INFO - 验证链接 1/2: https://www.callawaygolf.jp/apparel/starwarscollection
2025-10-25 09:42:21,121 - INFO - ✅ 链接可访问: スペシャルページを見る
2025-10-25 09:42:21,646 - INFO - 验证链接 2/2: https://www.callawaygolf.jp/apparel/04_onlinelimitedsize
2025-10-25 09:42:28,592 - INFO - ✅ 链接可访问: 4Lサイズのトップス
2025-10-25 09:42:28,638 - INFO - 验证完成: 2 个成功, 0 个失败
2025-10-25 09:42:28,639 - INFO - 保存输出文件...
2025-10-25 09:42:28,684 - INFO - 保存HTML: CallawayJP/latest_run/2025-10-25_09-41-36/callaway_mens_full.html
2025-10-25 09:42:29,307 - INFO - 保存截图: CallawayJP/latest_run/2025-10-25_09-41-36/callaway_mens_full.png
2025-10-25 09:42:29,307 - INFO - 保存JSON数据: CallawayJP/latest_run/2025-10-25_09-41-36/callaway_mens_products.json
2025-10-25 09:42:29,308 - INFO - 保存有效URL: CallawayJP/latest_run/2025-10-25_09-41-36/callaway_mens_valid_urls.txt
2025-10-25 09:42:29,308 - INFO - === 抓取完成 ===
2025-10-25 09:42:29,308 - INFO - 总商品数: 2
2025-10-25 09:42:29,308 - INFO - 验证成功: 2
2025-10-25 09:42:29,308 - INFO - 验证失败: 0
2025-10-25 09:42:29,308 - INFO - 示例链接: https://www.callawaygolf.jp/apparel/starwarscollection
